Flutter crash report.
Please report a bug at https://github.com/flutter/flutter/issues.

## command

flutter --no-color run --machine --track-widget-creation --device-id=RZ8N30H06DV --start-paused --dart-define=flutter.inspector.structuredErrors=true --devtools-server-address=http://127.0.0.1:9100 lib\main.dart

## exception

OutOfMemoryError: Out of Memory

```
#0      new Uint8List (dart:typed_data-patch/typed_data_patch.dart:2393:3)
#1      Uint8Buffer._createBuffer (package:typed_data/src/typed_buffer.dart:322:40)
#2      TypedDataBuffer._createBiggerBuffer (package:typed_data/src/typed_buffer.dart:253:12)
#3      TypedDataBuffer._ensureCapacity (package:typed_data/src/typed_buffer.dart:235:21)
#4      TypedDataBuffer._insertKnownLength (package:typed_data/src/typed_buffer.dart:203:5)
#5      TypedDataBuffer._addAll (package:typed_data/src/typed_buffer.dart:180:7)
#6      TypedDataBuffer.addAll (package:typed_data/src/typed_buffer.dart:85:5)
#7      HashSink.add (package:crypto/src/hash_sink.dart:79:18)
#8      _ByteAdapterSink.add (dart:convert/byte_conversion.dart:50:11)
#9      Hash.convert (package:crypto/src/hash.dart:28:15)
#10     _calculateSha (package:flutter_tools/src/android/gradle.dart:1051:20)
#11     AndroidGradleBuilder.buildGradleApp (package:flutter_tools/src/android/gradle.dart:637:36)
#12     _rootRunUnary (dart:async/zone.dart:1538:47)
#13     _CustomZone.runUnary (dart:async/zone.dart:1429:19)
#14     _FutureListener.handleValue (dart:async/future_impl.dart:224:18)
#15     Future._propagateToListeners.handleValueCallback (dart:async/future_impl.dart:951:45)
#16     Future._propagateToListeners (dart:async/future_impl.dart:980:13)
#17     Future._completeWithValue (dart:async/future_impl.dart:723:5)
#18     _rootRunUnary (dart:async/zone.dart:1538:47)
#19     _CustomZone.runUnary (dart:async/zone.dart:1429:19)
#20     _FutureListener.handleValue (dart:async/future_impl.dart:224:18)
#21     Future._propagateToListeners.handleValueCallback (dart:async/future_impl.dart:951:45)
#22     Future._propagateToListeners (dart:async/future_impl.dart:980:13)
#23     Future._completeWithValue (dart:async/future_impl.dart:723:5)
#24     Future._asyncCompleteWithValue.<anonymous closure> (dart:async/future_impl.dart:807:7)
#25     _rootRun (dart:async/zone.dart:1525:13)
#26     _CustomZone.run (dart:async/zone.dart:1422:19)
#27     _CustomZone.runGuarded (dart:async/zone.dart:1321:7)
#28     _CustomZone.bindCallbackGuarded.<anonymous closure> (dart:async/zone.dart:1362:23)
#29     _microtaskLoop (dart:async/schedule_microtask.dart:40:21)
#30     _startMicrotaskLoop (dart:async/schedule_microtask.dart:49:5)
#31     _RawReceivePort._handleMessage (dart:isolate-patch/isolate_patch.dart:194:5)
```

## flutter doctor

```
[✓] Flutter (Channel stable, 3.32.6, on Microsoft Windows [Version 10.0.26100.6584], locale en-IN) [1,494ms]
    • Flutter version 3.32.6 on channel stable at C:\flutter_windows_3.32.6-stable\flutter
    • Upstream repository https://github.com/flutter/flutter.git
    • Framework revision 077b4a4ce1 (3 months ago), 2025-07-08 13:31:08 -0700
    • Engine revision 72f2b18bb0
    • Dart version 3.8.1
    • DevTools version 2.45.1

[✓] Windows Version (11 Home Single Language 64-bit, 24H2, 2009) [4.9s]

[!] Android toolchain - develop for Android devices (Android SDK version 35.0.0) [9.4s]
    • Android SDK at C:\Users\91723\AppData\Local\Android\sdk
    • Platform android-36, build-tools 35.0.0
    • Java binary at: C:\Program Files\Android\Android Studio1\jbr\bin\java
      This is the JDK bundled with the latest Android Studio installation on this machine.
      To manually set the JDK path, use: `flutter config --jdk-dir="path/to/jdk"`.
    • Java version OpenJDK Runtime Environment (build 21.0.6+-13391695-b895.109)
    ! Some Android licenses not accepted. To resolve this, run: flutter doctor --android-licenses

[✓] Chrome - develop for the web [749ms]
    • Chrome at C:\Program Files\Google\Chrome\Application\chrome.exe

[!] Visual Studio - develop Windows apps (Visual Studio Build Tools 2019 16.11.49) [747ms]
    • Visual Studio at C:\Program Files (x86)\Microsoft Visual Studio\2019\BuildTools
    • Visual Studio Build Tools 2019 version 16.11.36227.6
    • Windows 10 SDK version 10.0.19041.0
    ✗ The current Visual Studio installation is incomplete.
      Please use Visual Studio Installer to complete the installation or reinstall Visual Studio.

[✓] Android Studio (version 2025.1.1) [12ms]
    • Android Studio at C:\Program Files\Android\Android Studio1
    • Flutter plugin can be installed from:
      🔨 https://plugins.jetbrains.com/plugin/9212-flutter
    • Dart plugin can be installed from:
      🔨 https://plugins.jetbrains.com/plugin/6351-dart
    • Java version OpenJDK Runtime Environment (build 21.0.6+-13391695-b895.109)

[✓] VS Code (version 1.103.1) [8ms]
    • VS Code at C:\Users\91723\AppData\Local\Programs\Microsoft VS Code
    • Flutter extension can be installed from:
      🔨 https://marketplace.visualstudio.com/items?itemName=Dart-Code.flutter

[✓] Connected device (4 available) [636ms]
    • SM M215F (mobile) • RZ8N30H06DV • android-arm64  • Android 12 (API 31)
    • Windows (desktop) • windows     • windows-x64    • Microsoft Windows [Version 10.0.26100.6584]
    • Chrome (web)      • chrome      • web-javascript • Google Chrome 140.0.7339.129
    • Edge (web)        • edge        • web-javascript • Microsoft Edge 140.0.3485.81

[✓] Network resources [486ms]
    • All expected network resources are available.

! Doctor found issues in 2 categories.
```
