#
# There is insufficient memory for the Java Runtime Environment to continue.
# Native memory allocation (mmap) failed to map 134217728 bytes. Error detail: G1 virtual space
# Possible reasons:
#   The system is out of physical RAM or swap space
#   This process is running with CompressedOops enabled, and the Java Heap may be blocking the growth of the native heap
# Possible solutions:
#   Reduce memory load on the system
#   Increase physical memory or swap space
#   Check if swap backing store is full
#   Decrease Java heap size (-Xmx/-Xms)
#   Decrease number of Java threads
#   Decrease Java thread stack sizes (-Xss)
#   Set larger code cache with -XX:ReservedCodeCacheSize=
#   JVM is running with Unscaled Compressed Oops mode in which the Java heap is
#     placed in the first 4GB address space. The Java Heap base address is the
#     maximum limit for the native heap growth. Please use -XX:HeapBaseMinAddress
#     to set the Java Heap base and to place the Java Heap above 4GB virtual address.
# This output file may be truncated or incomplete.
#
#  Out of Memory Error (os_windows.cpp:3925), pid=22512, tid=15864
#
# JRE version:  (21.0.8) (build )
# Java VM: OpenJDK 64-Bit Server VM (21.0.8+-14196175-b1038.72, mixed mode, sharing, tiered, compressed oops, compressed class ptrs, g1 gc, windows-amd64)
# No core dump will be written. Minidumps are not enabled by default on client versions of Windows
#

---------------  S U M M A R Y ------------

Command Line: 

Host: Intel(R) Core(TM) i5-8250U CPU @ 1.60GHz, 8 cores, 7G,  Windows 11 , 64 bit Build 26100 (10.0.26100.7623)
Time: Thu Jan 29 21:42:39 2026 India Standard Time elapsed time: 2.072128 seconds (0d 0h 0m 2s)

---------------  T H R E A D  ---------------

Current thread (0x000001b5662d4ae0):  JavaThread "Unknown thread" [_thread_in_vm, id=15864, stack(0x000000a971d00000,0x000000a971e00000) (1024K)]

Stack: [0x000000a971d00000,0x000000a971e00000]
Native frames: (J=compiled Java code, j=interpreted, Vv=VM code, C=native code)
V  [jvm.dll+0x6d68d9]
V  [jvm.dll+0x866693]
V  [jvm.dll+0x868c4e]
V  [jvm.dll+0x869333]
V  [jvm.dll+0x280566]
V  [jvm.dll+0x6d3195]
V  [jvm.dll+0x6c69ea]
V  [jvm.dll+0x3586db]
V  [jvm.dll+0x360336]
V  [jvm.dll+0x3b23f6]
V  [jvm.dll+0x3b26c8]
V  [jvm.dll+0x32ae6c]
V  [jvm.dll+0x32bb5b]
V  [jvm.dll+0x82e109]
V  [jvm.dll+0x3bf5c8]
V  [jvm.dll+0x817388]
V  [jvm.dll+0x453b6e]
V  [jvm.dll+0x4552d1]
C  [jli.dll+0x52ab]
C  [ucrtbase.dll+0x37b0]
C  [KERNEL32.DLL+0x2e8d7]
C  [ntdll.dll+0x8c53c]


---------------  P R O C E S S  ---------------

Threads class SMR info:
_java_thread_list=0x00007ffcc6b3b988, length=0, elements={
}

Java Threads: ( => current thread )
Total: 0

Other Threads:
  0x000001b56861e6d0 WorkerThread "GC Thread#0"                     [id=21128, stack(0x000000a971e00000,0x000000a971f00000) (1024K)]
  0x000001b56862f370 ConcurrentGCThread "G1 Main Marker"            [id=21592, stack(0x000000a971f00000,0x000000a972000000) (1024K)]
  0x000001b56862fe70 WorkerThread "G1 Conc#0"                       [id=13020, stack(0x000000a972000000,0x000000a972100000) (1024K)]

[error occurred during error reporting (printing all threads), id 0xc0000005, EXCEPTION_ACCESS_VIOLATION (0xc0000005) at pc=0x00007ffcc632ddd7]
VM state: not at safepoint (not fully initialized)

VM Mutex/Monitor currently owned by a thread:  ([mutex/lock_event])
[0x00007ffcc6ba86b8] Heap_lock - owner thread: 0x000001b5662d4ae0

Heap address: 0x0000000081a00000, size: 2022 MB, Compressed Oops mode: 32-bit

CDS archive(s) mapped at: [0x0000000000000000-0x0000000000000000-0x0000000000000000), size 0, SharedBaseAddress: 0x0000000800000000, ArchiveRelocationMode: 1.
Narrow klass base: 0x0000000000000000, Narrow klass shift: 0, Narrow klass range: 0x0

GC Precious Log:
 CardTable entry size: 512
 Card Set container configuration: InlinePtr #cards 5 size 8 Array Of Cards #cards 12 size 40 Howl #buckets 4 coarsen threshold 1843 Howl Bitmap #cards 512 size 80 coarsen threshold 460 Card regions per heap region 1 cards per card region 2048

Heap:
 garbage-first heap   total 0K, used 0K [0x0000000081a00000, 0x0000000100000000)
  region size 1024K, 0 young (0K), 0 survivors (0K)
 Metaspace       used 0K, committed 0K, reserved 0K
  class space    used 0K, committed 0K, reserved 0K

Heap Regions: E=young(eden), S=young(survivor), O=old, HS=humongous(starts), HC=humongous(continues), CS=collection set, F=free, TAMS=top-at-mark-start, PB=parsable bottom

Card table byte_map: [0x000001b57ae50000,0x000001b57b250000] _byte_map_base: 0x000001b57aa43000

Marking Bits: (CMBitMap*) 0x000001b56861edd0
 Bits: [0x000001b57b250000, 0x000001b57d1e8000)

GC Heap History (0 events):
No events

Dll operation events (1 events):
Event: 0.041 Loaded shared library C:\Program Files\Android\Android Studio1\jbr\bin\java.dll

Deoptimization events (0 events):
No events

Classes loaded (0 events):
No events

Classes unloaded (0 events):
No events

Classes redefined (0 events):
No events

Internal exceptions (0 events):
No events

ZGC Phase Switch (0 events):
No events

VM Operations (0 events):
No events

Memory protections (0 events):
No events

Nmethod flushes (0 events):
No events

Events (0 events):
No events


Dynamic libraries:
0x00007ff7ee580000 - 0x00007ff7ee58a000 	C:\Program Files\Android\Android Studio1\jbr\bin\java.EXE
0x00007ffcfd6c0000 - 0x00007ffcfd927000 	C:\WINDOWS\SYSTEM32\ntdll.dll
0x00007ffcfc330000 - 0x00007ffcfc3f9000 	C:\WINDOWS\System32\KERNEL32.DLL
0x00007ffcfad80000 - 0x00007ffcfb16f000 	C:\WINDOWS\System32\KERNELBASE.dll
0x00007ffcfab80000 - 0x00007ffcfaccb000 	C:\WINDOWS\System32\ucrtbase.dll
0x00007ffcd0840000 - 0x00007ffcd0858000 	C:\Program Files\Android\Android Studio1\jbr\bin\jli.dll
0x00007ffcfcca0000 - 0x00007ffcfce65000 	C:\WINDOWS\System32\USER32.dll
0x00007ffccfde0000 - 0x00007ffccfdfb000 	C:\Program Files\Android\Android Studio1\jbr\bin\VCRUNTIME140.dll
0x00007ffcfa810000 - 0x00007ffcfa837000 	C:\WINDOWS\System32\win32u.dll
0x00007ffcfc9e0000 - 0x00007ffcfca0b000 	C:\WINDOWS\System32\GDI32.dll
0x00007ffce18d0000 - 0x00007ffce1b63000 	C:\WINDOWS\WinSxS\amd64_microsoft.windows.common-controls_6595b64144ccf1df_6.0.26100.7309_none_3e05feeae336a044\COMCTL32.dll
0x00007ffcfaa50000 - 0x00007ffcfab7c000 	C:\WINDOWS\System32\gdi32full.dll
0x00007ffcfcab0000 - 0x00007ffcfcb59000 	C:\WINDOWS\System32\msvcrt.dll
0x00007ffcfb180000 - 0x00007ffcfb223000 	C:\WINDOWS\System32\msvcp_win.dll
0x00007ffcfc1d0000 - 0x00007ffcfc201000 	C:\WINDOWS\System32\IMM32.DLL
0x00007ffceb140000 - 0x00007ffceb14c000 	C:\Program Files\Android\Android Studio1\jbr\bin\vcruntime140_1.dll
0x00007ffcc6c90000 - 0x00007ffcc6d1d000 	C:\Program Files\Android\Android Studio1\jbr\bin\msvcp140.dll
0x00007ffcc5ff0000 - 0x00007ffcc6c86000 	C:\Program Files\Android\Android Studio1\jbr\bin\server\jvm.dll
0x00007ffcfb510000 - 0x00007ffcfb5c4000 	C:\WINDOWS\System32\ADVAPI32.dll
0x00007ffcfb460000 - 0x00007ffcfb506000 	C:\WINDOWS\System32\sechost.dll
0x00007ffcfc210000 - 0x00007ffcfc328000 	C:\WINDOWS\System32\RPCRT4.dll
0x00007ffcfd030000 - 0x00007ffcfd0a4000 	C:\WINDOWS\System32\WS2_32.dll
0x00007ffcfa670000 - 0x00007ffcfa6ce000 	C:\WINDOWS\SYSTEM32\POWRPROF.dll
0x00007ffce3950000 - 0x00007ffce3985000 	C:\WINDOWS\SYSTEM32\WINMM.dll
0x00007ffce84d0000 - 0x00007ffce84db000 	C:\WINDOWS\SYSTEM32\VERSION.dll
0x00007ffcfa650000 - 0x00007ffcfa664000 	C:\WINDOWS\SYSTEM32\UMPDC.dll
0x00007ffcf95c0000 - 0x00007ffcf95db000 	C:\WINDOWS\SYSTEM32\kernel.appcore.dll
0x00007ffcdfb00000 - 0x00007ffcdfb0a000 	C:\Program Files\Android\Android Studio1\jbr\bin\jimage.dll
0x00007ffcf7c50000 - 0x00007ffcf7e92000 	C:\WINDOWS\SYSTEM32\DBGHELP.DLL
0x00007ffcfc560000 - 0x00007ffcfc8e6000 	C:\WINDOWS\System32\combase.dll
0x00007ffcfcb60000 - 0x00007ffcfcc36000 	C:\WINDOWS\System32\OLEAUT32.dll
0x00007ffcca350000 - 0x00007ffcca38c000 	C:\WINDOWS\SYSTEM32\dbgcore.DLL
0x00007ffcfacd0000 - 0x00007ffcfad75000 	C:\WINDOWS\System32\bcryptPrimitives.dll
0x00007ffcce060000 - 0x00007ffcce080000 	C:\Program Files\Android\Android Studio1\jbr\bin\java.dll

JVMTI agents: none

dbghelp: loaded successfully - version: 4.0.5 - missing functions: none
symbol engine: initialized successfully - sym options: 0x614 - pdb path: .;C:\Program Files\Android\Android Studio1\jbr\bin;C:\WINDOWS\SYSTEM32;C:\WINDOWS\WinSxS\amd64_microsoft.windows.common-controls_6595b64144ccf1df_6.0.26100.7309_none_3e05feeae336a044;C:\Program Files\Android\Android Studio1\jbr\bin\server

VM Arguments:
java_command: <unknown>
java_class_path (initial): <not set>
Launcher Type: SUN_STANDARD

[Global flags]
     intx CICompilerCount                          = 4                                         {product} {ergonomic}
     uint ConcGCThreads                            = 2                                         {product} {ergonomic}
     uint G1ConcRefinementThreads                  = 8                                         {product} {ergonomic}
   size_t G1HeapRegionSize                         = 1048576                                   {product} {ergonomic}
    uintx GCDrainStackTargetSize                   = 64                                        {product} {ergonomic}
   size_t InitialHeapSize                          = 134217728                                 {product} {ergonomic}
   size_t MarkStackSize                            = 4194304                                   {product} {ergonomic}
   size_t MaxHeapSize                              = 2120220672                                {product} {ergonomic}
   size_t MinHeapDeltaBytes                        = 1048576                                   {product} {ergonomic}
   size_t MinHeapSize                              = 8388608                                   {product} {ergonomic}
    uintx NonNMethodCodeHeapSize                   = 5839372                                {pd product} {ergonomic}
    uintx NonProfiledCodeHeapSize                  = 122909434                              {pd product} {ergonomic}
    uintx ProfiledCodeHeapSize                     = 122909434                              {pd product} {ergonomic}
    uintx ReservedCodeCacheSize                    = 251658240                              {pd product} {ergonomic}
     bool SegmentedCodeCache                       = true                                      {product} {ergonomic}
   size_t SoftMaxHeapSize                          = 2120220672                             {manageable} {ergonomic}
     bool UseCompressedOops                        = true                           {product lp64_product} {ergonomic}
     bool UseG1GC                                  = true                                      {product} {ergonomic}
     bool UseLargePagesIndividualAllocation        = false                                  {pd product} {ergonomic}

Logging:
Log output configuration:
 #0: stdout all=warning uptime,level,tags foldmultilines=false
 #1: stderr all=off uptime,level,tags foldmultilines=false

Environment Variables:
PATH=C:\Python313\Scripts\;C:\Python313\;C:\Program Files\Common Files\Oracle\Java\javapath;C:\Program Files (x86)\Intel\iCLS Client\;C:\Program Files\Intel\iCLS Client\;C:\windows\system32;C:\windows;C:\windows\System32\Wbem;C:\windows\System32\WindowsPowerShell\v1.0\;C:\Program Files (x86)\NVIDIA Corporation\PhysX\Common;C:\Program Files\Intel\WiFi\bin\;C:\Program Files\Common Files\Intel\WirelessCommon\;C:\Program Files (x86)\Intel\Intel(R) Management Engine Components\DAL;C:\Program Files\Intel\Intel(R) Management Engine Components\DAL;C:\Program Files (x86)\Intel\Intel(R) Management Engine Components\IPT;C:\Program Files\Intel\Intel(R) Management Engine Components\IPT;C:\WINDOWS\system32;C:\WINDOWS;C:\WINDOWS\System32\Wbem;C:\WINDOWS\System32\WindowsPowerShell\v1.0\;C:\WINDOWS\System32\OpenSSH\;C:\flutter\flutter_windows_3.22.1-stable\flutter\bin;C:\Program Files\Git\cmd;C:\flutter\bin;C:\Program Files\Java\jdk-24\bin;C:\flutter_windows_3.32.6-stable\flutter\bin;C:\Program Files\nodejs\;C:\ProgramData\chocolatey\bin;C:\Program Files\nodejs;C:\Program Files (x86)\Google\Cloud SDK\google-cloud-sdk\bin;C:\Program Files\OpenSSL-Win64\bin;;C:\Program Files\Docker\Docker\resources\bin;C:\Users\91723\AppData\Local\Microsoft\WindowsApps;C:\Users\91723\AppData\Local\Programs\Microsoft VS Code\bin;C:\Users\91723\AppData\Roaming\npm;C:\Users\91723\AppData\Local\Programs\Antigravity\bin;C:\flutter_windows_3.32.6-stable\flutter\bin\mingit\cmd
USERNAME=91723
OS=Windows_NT
PROCESSOR_IDENTIFIER=Intel64 Family 6 Model 142 Stepping 10, GenuineIntel
TMP=C:\Users\91723\AppData\Local\Temp
TEMP=C:\Users\91723\AppData\Local\Temp




Periodic native trim disabled

JNI global refs:
JNI global refs: 0, weak refs: 0

JNI global refs memory usage: 0, weak refs: 0

Process memory usage:
Resident Set Size: 12264K (0% of 8277212K total physical memory with 294664K free physical memory)

OOME stack traces (most recent first):
Classloader memory used:

---------------  S Y S T E M  ---------------

OS:
 Windows 11 , 64 bit Build 26100 (10.0.26100.7623)
OS uptime: 0 days 0:44 hours
Hyper-V role detected

CPU: total 8 (initial active 8) (4 cores per cpu, 2 threads per core) family 6 model 142 stepping 10 microcode 0xe0, cx8, cmov, fxsr, ht, mmx, 3dnowpref, sse, sse2, sse3, ssse3, sse4.1, sse4.2, popcnt, lzcnt, tsc, tscinvbit, avx, avx2, aes, erms, clmul, bmi1, bmi2, adx, fma, vzeroupper, clflush, clflushopt, hv, rdtscp, f16c
Processor Information for the first 8 processors :
  Max Mhz: 1800, Current Mhz: 1600, Mhz Limit: 1584

Memory: 4k page, system-wide physical 8083M (287M free)
TotalPageFile size 20974M (AvailPageFile size 2M)
current process WorkingSet (physical memory assigned to process): 12M, peak: 12M
current process commit charge ("private bytes"): 60M, peak: 188M

vm_info: OpenJDK 64-Bit Server VM (21.0.8+-14196175-b1038.72) for windows-amd64 JRE (21.0.8+-14196175-b1038.72), built on 2025-10-01T10:24:33Z by "builder" with MS VC++ 16.10 / 16.11 (VS2019)

END.
