#
# There is insufficient memory for the Java Runtime Environment to continue.
# Native memory allocation (malloc) failed to allocate 1048576 bytes. Error detail: AllocateHeap
# Possible reasons:
#   The system is out of physical RAM or swap space
#   This process is running with CompressedOops enabled, and the Java Heap may be blocking the growth of the native heap
# Possible solutions:
#   Reduce memory load on the system
#   Increase physical memory or swap space
#   Check if swap backing store is full
#   Decrease Java heap size (-Xmx/-Xms)
#   Decrease number of Java threads
#   Decrease Java thread stack sizes (-Xss)
#   Set larger code cache with -XX:ReservedCodeCacheSize=
#   JVM is running with Unscaled Compressed Oops mode in which the Java heap is
#     placed in the first 4GB address space. The Java Heap base address is the
#     maximum limit for the native heap growth. Please use -XX:HeapBaseMinAddress
#     to set the Java Heap base and to place the Java Heap above 4GB virtual address.
# This output file may be truncated or incomplete.
#
#  Out of Memory Error (allocation.cpp:44), pid=16592, tid=9016
#
# JRE version: OpenJDK Runtime Environment Temurin-21.0.9+10 (21.0.9+10) (build 21.0.9+10-LTS)
# Java VM: OpenJDK 64-Bit Server VM Temurin-21.0.9+10 (21.0.9+10-LTS, mixed mode, sharing, tiered, compressed oops, compressed class ptrs, parallel gc, windows-amd64)
# No core dump will be written. Minidumps are not enabled by default on client versions of Windows
#

---------------  S U M M A R Y ------------

Command Line: --add-modules=ALL-SYSTEM --add-opens=java.base/java.util=ALL-UNNAMED --add-opens=java.base/java.lang=ALL-UNNAMED --add-opens=java.base/sun.nio.fs=ALL-UNNAMED -Declipse.application=org.eclipse.jdt.ls.core.id1 -Dosgi.bundles.defaultStartLevel=4 -Declipse.product=org.eclipse.jdt.ls.core.product -Djava.import.generatesMetadataFilesAtProjectRoot=false -DDetectVMInstallationsJob.disabled=true -Dfile.encoding=utf8 -XX:+UseParallelGC -XX:GCTimeRatio=4 -XX:AdaptiveSizePolicyWeight=90 -Dsun.zip.disableMemoryMapping=true -Xmx2G -Xms100m -Xlog:disable -javaagent:c:\Users\91723\.antigravity\extensions\redhat.java-1.51.0-win32-x64\lombok\lombok-1.18.39-4050.jar -XX:+HeapDumpOnOutOfMemoryError -XX:HeapDumpPath=c:\Users\91723\AppData\Roaming\Antigravity\User\workspaceStorage\080a43fa2e46671ef9a202cfadfb1fad\redhat.java -Daether.dependencyCollector.impl=bf c:\Users\91723\.antigravity\extensions\redhat.java-1.51.0-win32-x64\server\plugins\org.eclipse.equinox.launcher_1.7.100.v20251111-0406.jar -configuration c:\Users\91723\AppData\Roaming\Antigravity\User\globalStorage\redhat.java\1.51.0\config_win -data c:\Users\91723\AppData\Roaming\Antigravity\User\workspaceStorage\080a43fa2e46671ef9a202cfadfb1fad\redhat.java\jdt_ws --pipe=\\.\pipe\lsp-b509cf7bf482d4c4309ec60a19d3014e-sock

Host: Intel(R) Core(TM) i5-8250U CPU @ 1.60GHz, 8 cores, 7G,  Windows 11 , 64 bit Build 26100 (10.0.26100.7309)
Time: Sat Jan 10 10:42:57 2026 India Standard Time elapsed time: 9372.930975 seconds (0d 2h 36m 12s)

---------------  T H R E A D  ---------------

Current thread (0x000001bf8d4d58d0):  JavaThread "Attach Listener" daemon [_thread_in_vm, id=9016, stack(0x0000006888b00000,0x0000006888c00000) (1024K)]

Stack: [0x0000006888b00000,0x0000006888c00000]
Native frames: (J=compiled Java code, j=interpreted, Vv=VM code, C=native code)
V  [jvm.dll+0x6d6e29]
V  [jvm.dll+0x8b4b76]
V  [jvm.dll+0x8b712e]
V  [jvm.dll+0x8b7813]
V  [jvm.dll+0x283d86]
V  [jvm.dll+0xc1277]
V  [jvm.dll+0x6d76d9]
V  [jvm.dll+0x133466]
V  [jvm.dll+0x3f7ea6]
V  [jvm.dll+0x85e9ad]
V  [jvm.dll+0x6d565d]
C  [ucrtbase.dll+0x37b0]
C  [KERNEL32.DLL+0x2e8d7]
C  [ntdll.dll+0x8c53c]


---------------  P R O C E S S  ---------------

Threads class SMR info:
_java_thread_list=0x000001bfeff57230, length=63, elements={
0x000001bf8d55c920, 0x000001bf8d619690, 0x000001bf8d61cc40, 0x000001bf8d4d4d80,
0x000001bf8d4d58d0, 0x000001bf8d4d8740, 0x000001bf8d4d9190, 0x000001bf8d4de480,
0x000001bf8d50e3a0, 0x000001bfe6b14c30, 0x000001bfe6b9d0a0, 0x000001bfeb7ef710,
0x000001bfe6ba63e0, 0x000001bfe6936660, 0x000001bfe69213a0, 0x000001bfeb8ece60,
0x000001bfeb20a1f0, 0x000001bfeb8a3330, 0x000001bfebc27ad0, 0x000001bfebc016c0,
0x000001bfebbffc80, 0x000001bfebc00310, 0x000001bfebbfe8d0, 0x000001bfebbff5f0,
0x000001bfee6327f0, 0x000001bfee630db0, 0x000001bfee632e80, 0x000001bfee62fa00,
0x000001bfee633510, 0x000001bfee631440, 0x000001bfee632160, 0x000001bfee631ad0,
0x000001bfee630090, 0x000001bfee633ba0, 0x000001bfee6355e0, 0x000001bfee630720,
0x000001bfee635c70, 0x000001bfee636300, 0x000001bfee634230, 0x000001bfebc009a0,
0x000001bfebc01030, 0x000001bfebbfe240, 0x000001bfebbfef60, 0x000001bfee637020,
0x000001bfed4a2190, 0x000001bfed4a4260, 0x000001bfed4a3540, 0x000001bfed4a0de0,
0x000001bfed4a2820, 0x000001bfed4a48f0, 0x000001bfed4a2eb0, 0x000001bfed4a1470,
0x000001bfed4a4f80, 0x000001bfed4a1b00, 0x000001bfed4a5ca0, 0x000001bfed4a7050,
0x000001bfed4a69c0, 0x000001bfed4a76e0, 0x000001bfed4a5610, 0x000001bfed4a7d70,
0x000001bfed4a8400, 0x000001bfefea8420, 0x000001bfefea8ab0
}

Java Threads: ( => current thread )
  0x000001bf8d55c920 JavaThread "main"                              [_thread_blocked, id=19216, stack(0x0000006888400000,0x0000006888500000) (1024K)]
  0x000001bf8d619690 JavaThread "Reference Handler"          daemon [_thread_blocked, id=19388, stack(0x0000006888800000,0x0000006888900000) (1024K)]
  0x000001bf8d61cc40 JavaThread "Finalizer"                  daemon [_thread_blocked, id=19180, stack(0x0000006888900000,0x0000006888a00000) (1024K)]
  0x000001bf8d4d4d80 JavaThread "Signal Dispatcher"          daemon [_thread_blocked, id=18800, stack(0x0000006888a00000,0x0000006888b00000) (1024K)]
=>0x000001bf8d4d58d0 JavaThread "Attach Listener"            daemon [_thread_in_vm, id=9016, stack(0x0000006888b00000,0x0000006888c00000) (1024K)]
  0x000001bf8d4d8740 JavaThread "Service Thread"             daemon [_thread_blocked, id=12204, stack(0x0000006888c00000,0x0000006888d00000) (1024K)]
  0x000001bf8d4d9190 JavaThread "Monitor Deflation Thread"   daemon [_thread_blocked, id=15836, stack(0x0000006888d00000,0x0000006888e00000) (1024K)]
  0x000001bf8d4de480 JavaThread "C2 CompilerThread0"         daemon [_thread_blocked, id=19352, stack(0x0000006888e00000,0x0000006888f00000) (1024K)]
  0x000001bf8d50e3a0 JavaThread "C1 CompilerThread0"         daemon [_thread_blocked, id=1956, stack(0x0000006888f00000,0x0000006889000000) (1024K)]
  0x000001bfe6b14c30 JavaThread "Common-Cleaner"             daemon [_thread_blocked, id=17260, stack(0x0000006889000000,0x0000006889100000) (1024K)]
  0x000001bfe6b9d0a0 JavaThread "Notification Thread"        daemon [_thread_blocked, id=16840, stack(0x0000006889200000,0x0000006889300000) (1024K)]
  0x000001bfeb7ef710 JavaThread "Active Thread: Equinox Container: 0d406fec-2866-45b6-b806-d6e6a8393b3a"        [_thread_blocked, id=18844, stack(0x0000006889100000,0x0000006889200000) (1024K)]
  0x000001bfe6ba63e0 JavaThread "Refresh Thread: Equinox Container: 0d406fec-2866-45b6-b806-d6e6a8393b3a" daemon [_thread_blocked, id=15860, stack(0x0000006889900000,0x0000006889a00000) (1024K)]
  0x000001bfe6936660 JavaThread "Framework Event Dispatcher: Equinox Container: 0d406fec-2866-45b6-b806-d6e6a8393b3a" daemon [_thread_blocked, id=9400, stack(0x0000006889a00000,0x0000006889b00000) (1024K)]
  0x000001bfe69213a0 JavaThread "Start Level: Equinox Container: 0d406fec-2866-45b6-b806-d6e6a8393b3a" daemon [_thread_blocked, id=1632, stack(0x0000006889b00000,0x0000006889c00000) (1024K)]
  0x000001bfeb8ece60 JavaThread "Bundle File Closer"         daemon [_thread_blocked, id=15272, stack(0x0000006889d00000,0x0000006889e00000) (1024K)]
  0x000001bfeb20a1f0 JavaThread "SCR Component Actor"        daemon [_thread_blocked, id=17812, stack(0x0000006888200000,0x0000006888300000) (1024K)]
  0x000001bfeb8a3330 JavaThread "Worker-JM"                         [_thread_blocked, id=19412, stack(0x0000006889f00000,0x000000688a000000) (1024K)]
  0x000001bfebc27ad0 JavaThread "JNA Cleaner"                daemon [_thread_blocked, id=7480, stack(0x0000006889c00000,0x0000006889d00000) (1024K)]
  0x000001bfebc016c0 JavaThread "Worker-0"                          [_thread_blocked, id=19112, stack(0x000000688a000000,0x000000688a100000) (1024K)]
  0x000001bfebbffc80 JavaThread "Worker-3: Synchronize Gradle projects with workspace"        [_thread_blocked, id=20072, stack(0x000000688a300000,0x000000688a400000) (1024K)]
  0x000001bfebc00310 JavaThread "Java indexing"              daemon [_thread_blocked, id=18980, stack(0x000000688a500000,0x000000688a600000) (1024K)]
  0x000001bfebbfe8d0 JavaThread "Thread-1"                   daemon [_thread_in_native, id=19616, stack(0x000000688ab00000,0x000000688ac00000) (1024K)]
  0x000001bfebbff5f0 JavaThread "Thread-2"                   daemon [_thread_in_native, id=18768, stack(0x000000688ac00000,0x000000688ad00000) (1024K)]
  0x000001bfee6327f0 JavaThread "Thread-3"                   daemon [_thread_in_native, id=18156, stack(0x000000688ad00000,0x000000688ae00000) (1024K)]
  0x000001bfee630db0 JavaThread "Thread-4"                   daemon [_thread_in_native, id=19224, stack(0x000000688ae00000,0x000000688af00000) (1024K)]
  0x000001bfee632e80 JavaThread "Thread-5"                   daemon [_thread_in_native, id=18796, stack(0x000000688af00000,0x000000688b000000) (1024K)]
  0x000001bfee62fa00 JavaThread "Thread-6"                   daemon [_thread_in_native, id=19244, stack(0x000000688b000000,0x000000688b100000) (1024K)]
  0x000001bfee633510 JavaThread "Thread-7"                   daemon [_thread_in_native, id=20368, stack(0x000000688b100000,0x000000688b200000) (1024K)]
  0x000001bfee631440 JavaThread "Thread-8"                   daemon [_thread_in_native, id=20152, stack(0x000000688b200000,0x000000688b300000) (1024K)]
  0x000001bfee632160 JavaThread "Thread-9"                   daemon [_thread_in_native, id=12572, stack(0x000000688b300000,0x000000688b400000) (1024K)]
  0x000001bfee631ad0 JavaThread "pool-2-thread-1"                   [_thread_blocked, id=20100, stack(0x000000688b400000,0x000000688b500000) (1024K)]
  0x000001bfee630090 JavaThread "WorkspaceEventsHandler"            [_thread_blocked, id=20040, stack(0x000000688b600000,0x000000688b700000) (1024K)]
  0x000001bfee633ba0 JavaThread "pool-1-thread-1"                   [_thread_blocked, id=20380, stack(0x000000688b700000,0x000000688b800000) (1024K)]
  0x000001bfee6355e0 JavaThread "Timer-0"                           [_thread_blocked, id=1028, stack(0x0000006889e00000,0x0000006889f00000) (1024K)]
  0x000001bfee630720 JavaThread "Timer-1"                           [_thread_blocked, id=22964, stack(0x000000688a100000,0x000000688a200000) (1024K)]
  0x000001bfee635c70 JavaThread "Worker-6: Updating workspace"        [_thread_blocked, id=9080, stack(0x000000688a200000,0x000000688a300000) (1024K)]
  0x000001bfee636300 JavaThread "Timer-2"                           [_thread_blocked, id=22620, stack(0x000000688a400000,0x000000688a500000) (1024K)]
  0x000001bfee634230 JavaThread "Timer-3"                           [_thread_blocked, id=12168, stack(0x000000688a700000,0x000000688a800000) (1024K)]
  0x000001bfebc009a0 JavaThread "Connection worker"                 [_thread_in_native, id=13404, stack(0x000000688a800000,0x000000688a900000) (1024K)]
  0x000001bfebc01030 JavaThread "Exec process"                      [_thread_blocked, id=11104, stack(0x000000688a900000,0x000000688aa00000) (1024K)]
  0x000001bfebbfe240 JavaThread "Exec process Thread 2"             [_thread_blocked, id=22816, stack(0x000000688aa00000,0x000000688ab00000) (1024K)]
  0x000001bfebbfef60 JavaThread "Exec process Thread 3"             [_thread_blocked, id=8000, stack(0x000000688b500000,0x000000688b600000) (1024K)]
  0x000001bfee637020 JavaThread "Timer-4"                           [_thread_blocked, id=4672, stack(0x000000688a600000,0x000000688a700000) (1024K)]
  0x000001bfed4a2190 JavaThread "pool-3-thread-1"                   [_thread_blocked, id=17952, stack(0x000000688b800000,0x000000688b900000) (1024K)]
  0x000001bfed4a4260 JavaThread "Timer-5"                           [_thread_blocked, id=10536, stack(0x000000688b900000,0x000000688ba00000) (1024K)]
  0x000001bfed4a3540 JavaThread "Timer-6"                           [_thread_blocked, id=6716, stack(0x000000688ba00000,0x000000688bb00000) (1024K)]
  0x000001bfed4a0de0 JavaThread "Timer-7"                           [_thread_blocked, id=17772, stack(0x000000688bc00000,0x000000688bd00000) (1024K)]
  0x000001bfed4a2820 JavaThread "Timer-8"                           [_thread_blocked, id=11996, stack(0x000000688bd00000,0x000000688be00000) (1024K)]
  0x000001bfed4a48f0 JavaThread "Timer-9"                           [_thread_blocked, id=22920, stack(0x000000688be00000,0x000000688bf00000) (1024K)]
  0x000001bfed4a2eb0 JavaThread "Timer-10"                          [_thread_blocked, id=22292, stack(0x000000688bf00000,0x000000688c000000) (1024K)]
  0x000001bfed4a1470 JavaThread "Timer-11"                          [_thread_blocked, id=15380, stack(0x000000688c100000,0x000000688c200000) (1024K)]
  0x000001bfed4a4f80 JavaThread "Timer-12"                          [_thread_blocked, id=20328, stack(0x000000688c000000,0x000000688c100000) (1024K)]
  0x000001bfed4a1b00 JavaThread "Timer-13"                          [_thread_blocked, id=23136, stack(0x000000688c200000,0x000000688c300000) (1024K)]
  0x000001bfed4a5ca0 JavaThread "Timer-14"                          [_thread_blocked, id=22940, stack(0x000000688c300000,0x000000688c400000) (1024K)]
  0x000001bfed4a7050 JavaThread "Timer-15"                          [_thread_blocked, id=9632, stack(0x000000688c400000,0x000000688c500000) (1024K)]
  0x000001bfed4a69c0 JavaThread "Timer-16"                          [_thread_blocked, id=9280, stack(0x000000688c500000,0x000000688c600000) (1024K)]
  0x000001bfed4a76e0 JavaThread "Timer-17"                          [_thread_blocked, id=8124, stack(0x000000688c600000,0x000000688c700000) (1024K)]
  0x000001bfed4a5610 JavaThread "Timer-18"                          [_thread_blocked, id=22800, stack(0x000000688c700000,0x000000688c800000) (1024K)]
  0x000001bfed4a7d70 JavaThread "Timer-19"                          [_thread_blocked, id=12832, stack(0x000000688c800000,0x000000688c900000) (1024K)]
  0x000001bfed4a8400 JavaThread "Timer-20"                          [_thread_blocked, id=5932, stack(0x000000688c900000,0x000000688ca00000) (1024K)]
  0x000001bfefea8420 JavaThread "Timer-21"                          [_thread_blocked, id=9540, stack(0x000000688ca00000,0x000000688cb00000) (1024K)]
  0x000001bfefea8ab0 JavaThread "Connection worker"                 [_thread_blocked, id=21348, stack(0x000000688cb00000,0x000000688cc00000) (1024K)]
Total: 63

Other Threads:
  0x000001bf8d4d1db0 VMThread "VM Thread"                           [id=18160, stack(0x0000006888700000,0x0000006888800000) (1024K)] _threads_hazard_ptr=0x000001bfeff57230
  0x000001bf8d3eca00 WatcherThread "VM Periodic Task Thread"        [id=15056, stack(0x0000006888600000,0x0000006888700000) (1024K)]
  0x000001bf8d57bdd0 WorkerThread "GC Thread#0"                     [id=10064, stack(0x0000006888500000,0x0000006888600000) (1024K)]
  0x000001bfeb3b55c0 WorkerThread "GC Thread#1"                     [id=17992, stack(0x0000006889300000,0x0000006889400000) (1024K)]
  0x000001bfeb4aece0 WorkerThread "GC Thread#2"                     [id=19092, stack(0x0000006889400000,0x0000006889500000) (1024K)]
  0x000001bfeb4af080 WorkerThread "GC Thread#3"                     [id=19164, stack(0x0000006889500000,0x0000006889600000) (1024K)]
  0x000001bfeb4af420 WorkerThread "GC Thread#4"                     [id=18352, stack(0x0000006889600000,0x0000006889700000) (1024K)]
  0x000001bfeb4af7c0 WorkerThread "GC Thread#5"                     [id=16884, stack(0x0000006889700000,0x0000006889800000) (1024K)]
  0x000001bfeb4afb60 WorkerThread "GC Thread#6"                     [id=16672, stack(0x0000006889800000,0x0000006889900000) (1024K)]
  0x000001bf8d50cc00 WorkerThread "GC Thread#7"                     [id=19172, stack(0x0000006888100000,0x0000006888200000) (1024K)]
Total: 10

Threads with active compile tasks:
C2 CompilerThread0  9373006 9770       4       jdk.internal.org.objectweb.asm.Frame::push (109 bytes)
C1 CompilerThread0  9373006 9773       3       java.io.ObjectStreamClass::hasReadObjectMethod (17 bytes)
Total: 2

VM state: synchronizing (normal execution)

VM Mutex/Monitor currently owned by a thread:  ([mutex/lock_event])
[0x00007ffbd0b5d570] Threads_lock - owner thread: 0x000001bf8d4d1db0

Heap address: 0x0000000080000000, size: 2048 MB, Compressed Oops mode: 32-bit

CDS archive(s) mapped at: [0x000001bfa4000000-0x000001bfa4ba0000-0x000001bfa4ba0000), size 12189696, SharedBaseAddress: 0x000001bfa4000000, ArchiveRelocationMode: 1.
Compressed class space mapped at: 0x000001bfa5000000-0x000001bfe5000000, reserved size: 1073741824
Narrow klass base: 0x000001bfa4000000, Narrow klass shift: 0, Narrow klass range: 0x100000000

GC Precious Log:
 CardTable entry size: 512
 CPUs: 8 total, 8 available
 Memory: 8083M
 Large Page Support: Disabled
 NUMA Support: Disabled
 Compressed Oops: Enabled (32-bit)
 Alignments: Space 512K, Generation 512K, Heap 2M
 Heap Min Capacity: 100M
 Heap Initial Capacity: 100M
 Heap Max Capacity: 2G
 Pre-touch: Disabled
 Parallel Workers: 8

Heap:
 PSYoungGen      total 19456K, used 5826K [0x00000000d5580000, 0x00000000d6f00000, 0x0000000100000000)
  eden space 18432K, 28% used [0x00000000d5580000,0x00000000d5aa8990,0x00000000d6780000)
  from space 1024K, 53% used [0x00000000d6d00000,0x00000000d6d88000,0x00000000d6e00000)
  to   space 1024K, 0% used [0x00000000d6e00000,0x00000000d6e00000,0x00000000d6f00000)
 ParOldGen       total 75264K, used 75157K [0x0000000080000000, 0x0000000084980000, 0x00000000d5580000)
  object space 75264K, 99% used [0x0000000080000000,0x0000000084965498,0x0000000084980000)
 Metaspace       used 79157K, committed 80768K, reserved 1179648K
  class space    used 10114K, committed 10816K, reserved 1048576K

Card table byte_map: [0x000001bf8cf00000,0x000001bf8d310000] _byte_map_base: 0x000001bf8cb00000

Marking Bits: (ParMarkBitMap*) 0x00007ffbd0b62460
 Begin Bits: [0x000001bf9fa10000, 0x000001bfa1a10000)
 End Bits:   [0x000001bfa1a10000, 0x000001bfa3a10000)

Polling page: 0x000001bf8b5a0000

Metaspace:

Usage:
  Non-class:     67.42 MB used.
      Class:      9.88 MB used.
       Both:     77.30 MB used.

Virtual space:
  Non-class space:      128.00 MB reserved,      68.31 MB ( 53%) committed,  2 nodes.
      Class space:        1.00 GB reserved,      10.56 MB (  1%) committed,  1 nodes.
             Both:        1.12 GB reserved,      78.88 MB (  7%) committed. 

Chunk freelists:
   Non-Class:  11.53 MB
       Class:  5.44 MB
        Both:  16.97 MB

MaxMetaspaceSize: unlimited
CompressedClassSpaceSize: 1.00 GB
Initial GC threshold: 21.00 MB
Current GC threshold: 97.31 MB
CDS: on
 - commit_granule_bytes: 65536.
 - commit_granule_words: 8192.
 - virtual_space_node_default_size: 8388608.
 - enlarge_chunks_in_place: 1.
 - use_allocation_guard: 0.


Internal statistics:

num_allocs_failed_limit: 9.
num_arena_births: 1384.
num_arena_deaths: 16.
num_vsnodes_births: 3.
num_vsnodes_deaths: 0.
num_space_committed: 1262.
num_space_uncommitted: 0.
num_chunks_returned_to_freelist: 25.
num_chunks_taken_from_freelist: 4731.
num_chunk_merges: 14.
num_chunk_splits: 3050.
num_chunks_enlarged: 1894.
num_inconsistent_stats: 0.

CodeHeap 'non-profiled nmethods': size=120000Kb used=6251Kb max_used=6251Kb free=113748Kb
 bounds [0x000001bf98230000, 0x000001bf98850000, 0x000001bf9f760000]
CodeHeap 'profiled nmethods': size=120000Kb used=17980Kb max_used=17980Kb free=102019Kb
 bounds [0x000001bf90760000, 0x000001bf918f0000, 0x000001bf97c90000]
CodeHeap 'non-nmethods': size=5760Kb used=1439Kb max_used=1527Kb free=4320Kb
 bounds [0x000001bf97c90000, 0x000001bf97f00000, 0x000001bf98230000]
CodeCache: size=245760Kb, used=25670Kb, max_used=25758Kb, free=220087Kb
 total_blobs=9693, nmethods=8944, adapters=655, full_count=0
Compilation: enabled, stopped_count=0, restarted_count=0

Compilation events (20 events):
Event: 9371.705 Thread 0x000001bf8d4de480 nmethod 9764 0x000001bf98849b10 code [0x000001bf98849ce0, 0x000001bf9884a3e8]
Event: 9371.865 Thread 0x000001bf8d50e3a0 9765       3       org.gradle.internal.logging.sink.GroupingProgressLogEventGenerator::onUpdateNow (54 bytes)
Event: 9371.866 Thread 0x000001bf8d50e3a0 nmethod 9765 0x000001bf918e8910 code [0x000001bf918e8b20, 0x000001bf918e9208]
Event: 9371.917 Thread 0x000001bf8d50e3a0 9766   !   3       org.gradle.internal.serialize.kryo.KryoBackedDecoder::readSmallInt (16 bytes)
Event: 9371.918 Thread 0x000001bf8d50e3a0 nmethod 9766 0x000001bf918e9490 code [0x000001bf918e96c0, 0x000001bf918e9d18]
Event: 9371.918 Thread 0x000001bf8d50e3a0 9767       3       com.esotericsoftware.kryo.io.Input::readInt (6 bytes)
Event: 9371.918 Thread 0x000001bf8d4de480 9770       4       jdk.internal.org.objectweb.asm.Frame::push (109 bytes)
Event: 9371.918 Thread 0x000001bf8d50e3a0 nmethod 9767 0x000001bf918e9f90 code [0x000001bf918ea140, 0x000001bf918ea280]
Event: 9371.918 Thread 0x000001bf8d50e3a0 9768       1       org.gradle.internal.dispatch.MethodInvocation::getMethod (5 bytes)
Event: 9371.919 Thread 0x000001bf8d50e3a0 nmethod 9768 0x000001bf9884a810 code [0x000001bf9884a9a0, 0x000001bf9884aa68]
Event: 9371.919 Thread 0x000001bf8d50e3a0 9769       1       org.gradle.internal.dispatch.MethodInvocation::getArguments (5 bytes)
Event: 9371.919 Thread 0x000001bf8d50e3a0 nmethod 9769 0x000001bf9884ab10 code [0x000001bf9884aca0, 0x000001bf9884ad68]
Event: 9371.920 Thread 0x000001bf8d50e3a0 9771       3       sun.nio.ch.SocketDispatcher::read (8 bytes)
Event: 9371.921 Thread 0x000001bf8d50e3a0 nmethod 9771 0x000001bf918ea310 code [0x000001bf918ea4c0, 0x000001bf918ea600]
Event: 9371.954 Thread 0x000001bf8d50e3a0 9772   !   3       java.io.ObjectInputStream::readSerialData (474 bytes)
Event: 9371.959 Thread 0x000001bf8d50e3a0 nmethod 9772 0x000001bf918ea690 code [0x000001bf918eab80, 0x000001bf918ed370]
Event: 9371.960 Thread 0x000001bf8d50e3a0 9774       3       java.io.ObjectInputStream$BlockDataInputStream::readFully (42 bytes)
Event: 9371.960 Thread 0x000001bf8d50e3a0 nmethod 9774 0x000001bf918ee610 code [0x000001bf918ee7e0, 0x000001bf918eeb10]
Event: 9371.960 Thread 0x000001bf8d50e3a0 9773       3       java.io.ObjectStreamClass::hasReadObjectMethod (17 bytes)
Event: 9372.921 Thread 0x000001bf8d50e3a0 nmethod 9773 0x000001bf918eec90 code [0x000001bf918eee60, 0x000001bf918ef120]

GC Heap History (20 events):
Event: 9350.838 GC heap before
{Heap before GC invocations=57 (full 3):
 PSYoungGen      total 18944K, used 18912K [0x00000000d5580000, 0x00000000d7100000, 0x0000000100000000)
  eden space 18432K, 100% used [0x00000000d5580000,0x00000000d6780000,0x00000000d6780000)
  from space 512K, 93% used [0x00000000d7000000,0x00000000d7078000,0x00000000d7080000)
  to   space 512K, 0% used [0x00000000d7080000,0x00000000d7080000,0x00000000d7100000)
 ParOldGen       total 73216K, used 72878K [0x0000000080000000, 0x0000000084780000, 0x00000000d5580000)
  object space 73216K, 99% used [0x0000000080000000,0x000000008472b8f0,0x0000000084780000)
 Metaspace       used 78105K, committed 79680K, reserved 1179648K
  class space    used 10004K, committed 10688K, reserved 1048576K
}
Event: 9350.840 GC heap after
{Heap after GC invocations=57 (full 3):
 PSYoungGen      total 18944K, used 504K [0x00000000d5580000, 0x00000000d7100000, 0x0000000100000000)
  eden space 18432K, 0% used [0x00000000d5580000,0x00000000d5580000,0x00000000d6780000)
  from space 512K, 98% used [0x00000000d7080000,0x00000000d70fe248,0x00000000d7100000)
  to   space 1536K, 0% used [0x00000000d6e00000,0x00000000d6e00000,0x00000000d6f80000)
 ParOldGen       total 73728K, used 73608K [0x0000000080000000, 0x0000000084800000, 0x00000000d5580000)
  object space 73728K, 99% used [0x0000000080000000,0x00000000847e2148,0x0000000084800000)
 Metaspace       used 78105K, committed 79680K, reserved 1179648K
  class space    used 10004K, committed 10688K, reserved 1048576K
}
Event: 9351.395 GC heap before
{Heap before GC invocations=58 (full 3):
 PSYoungGen      total 18944K, used 18936K [0x00000000d5580000, 0x00000000d7100000, 0x0000000100000000)
  eden space 18432K, 100% used [0x00000000d5580000,0x00000000d6780000,0x00000000d6780000)
  from space 512K, 98% used [0x00000000d7080000,0x00000000d70fe248,0x00000000d7100000)
  to   space 1536K, 0% used [0x00000000d6e00000,0x00000000d6e00000,0x00000000d6f80000)
 ParOldGen       total 73728K, used 73608K [0x0000000080000000, 0x0000000084800000, 0x00000000d5580000)
  object space 73728K, 99% used [0x0000000080000000,0x00000000847e2148,0x0000000084800000)
 Metaspace       used 78105K, committed 79680K, reserved 1179648K
  class space    used 10004K, committed 10688K, reserved 1048576K
}
Event: 9351.398 GC heap after
{Heap after GC invocations=58 (full 3):
 PSYoungGen      total 19968K, used 1224K [0x00000000d5580000, 0x00000000d7100000, 0x0000000100000000)
  eden space 18432K, 0% used [0x00000000d5580000,0x00000000d5580000,0x00000000d6780000)
  from space 1536K, 79% used [0x00000000d6e00000,0x00000000d6f32090,0x00000000d6f80000)
  to   space 1536K, 0% used [0x00000000d6f80000,0x00000000d6f80000,0x00000000d7100000)
 ParOldGen       total 73728K, used 73656K [0x0000000080000000, 0x0000000084800000, 0x00000000d5580000)
  object space 73728K, 99% used [0x0000000080000000,0x00000000847ee158,0x0000000084800000)
 Metaspace       used 78105K, committed 79680K, reserved 1179648K
  class space    used 10004K, committed 10688K, reserved 1048576K
}
Event: 9351.668 GC heap before
{Heap before GC invocations=59 (full 3):
 PSYoungGen      total 19968K, used 19656K [0x00000000d5580000, 0x00000000d7100000, 0x0000000100000000)
  eden space 18432K, 100% used [0x00000000d5580000,0x00000000d6780000,0x00000000d6780000)
  from space 1536K, 79% used [0x00000000d6e00000,0x00000000d6f32090,0x00000000d6f80000)
  to   space 1536K, 0% used [0x00000000d6f80000,0x00000000d6f80000,0x00000000d7100000)
 ParOldGen       total 73728K, used 73656K [0x0000000080000000, 0x0000000084800000, 0x00000000d5580000)
  object space 73728K, 99% used [0x0000000080000000,0x00000000847ee158,0x0000000084800000)
 Metaspace       used 78105K, committed 79680K, reserved 1179648K
  class space    used 10004K, committed 10688K, reserved 1048576K
}
Event: 9351.670 GC heap after
{Heap after GC invocations=59 (full 3):
 PSYoungGen      total 19456K, used 749K [0x00000000d5580000, 0x00000000d7080000, 0x0000000100000000)
  eden space 18432K, 0% used [0x00000000d5580000,0x00000000d5580000,0x00000000d6780000)
  from space 1024K, 73% used [0x00000000d6f80000,0x00000000d703b4e8,0x00000000d7080000)
  to   space 1024K, 0% used [0x00000000d6e80000,0x00000000d6e80000,0x00000000d6f80000)
 ParOldGen       total 73728K, used 73712K [0x0000000080000000, 0x0000000084800000, 0x00000000d5580000)
  object space 73728K, 99% used [0x0000000080000000,0x00000000847fc158,0x0000000084800000)
 Metaspace       used 78105K, committed 79680K, reserved 1179648K
  class space    used 10004K, committed 10688K, reserved 1048576K
}
Event: 9351.956 GC heap before
{Heap before GC invocations=60 (full 3):
 PSYoungGen      total 19456K, used 19181K [0x00000000d5580000, 0x00000000d7080000, 0x0000000100000000)
  eden space 18432K, 100% used [0x00000000d5580000,0x00000000d6780000,0x00000000d6780000)
  from space 1024K, 73% used [0x00000000d6f80000,0x00000000d703b4e8,0x00000000d7080000)
  to   space 1024K, 0% used [0x00000000d6e80000,0x00000000d6e80000,0x00000000d6f80000)
 ParOldGen       total 73728K, used 73712K [0x0000000080000000, 0x0000000084800000, 0x00000000d5580000)
  object space 73728K, 99% used [0x0000000080000000,0x00000000847fc158,0x0000000084800000)
 Metaspace       used 78105K, committed 79680K, reserved 1179648K
  class space    used 10004K, committed 10688K, reserved 1048576K
}
Event: 9351.957 GC heap after
{Heap after GC invocations=60 (full 3):
 PSYoungGen      total 19456K, used 160K [0x00000000d5580000, 0x00000000d7000000, 0x0000000100000000)
  eden space 18432K, 0% used [0x00000000d5580000,0x00000000d5580000,0x00000000d6780000)
  from space 1024K, 15% used [0x00000000d6e80000,0x00000000d6ea8000,0x00000000d6f80000)
  to   space 512K, 0% used [0x00000000d6f80000,0x00000000d6f80000,0x00000000d7000000)
 ParOldGen       total 74240K, used 73736K [0x0000000080000000, 0x0000000084880000, 0x00000000d5580000)
  object space 74240K, 99% used [0x0000000080000000,0x0000000084802158,0x0000000084880000)
 Metaspace       used 78105K, committed 79680K, reserved 1179648K
  class space    used 10004K, committed 10688K, reserved 1048576K
}
Event: 9352.193 GC heap before
{Heap before GC invocations=61 (full 3):
 PSYoungGen      total 19456K, used 18592K [0x00000000d5580000, 0x00000000d7000000, 0x0000000100000000)
  eden space 18432K, 100% used [0x00000000d5580000,0x00000000d6780000,0x00000000d6780000)
  from space 1024K, 15% used [0x00000000d6e80000,0x00000000d6ea8000,0x00000000d6f80000)
  to   space 512K, 0% used [0x00000000d6f80000,0x00000000d6f80000,0x00000000d7000000)
 ParOldGen       total 74240K, used 73736K [0x0000000080000000, 0x0000000084880000, 0x00000000d5580000)
  object space 74240K, 99% used [0x0000000080000000,0x0000000084802158,0x0000000084880000)
 Metaspace       used 78105K, committed 79680K, reserved 1179648K
  class space    used 10004K, committed 10688K, reserved 1048576K
}
Event: 9352.194 GC heap after
{Heap after GC invocations=61 (full 3):
 PSYoungGen      total 18944K, used 224K [0x00000000d5580000, 0x00000000d7000000, 0x0000000100000000)
  eden space 18432K, 0% used [0x00000000d5580000,0x00000000d5580000,0x00000000d6780000)
  from space 512K, 43% used [0x00000000d6f80000,0x00000000d6fb8000,0x00000000d7000000)
  to   space 512K, 0% used [0x00000000d6f00000,0x00000000d6f00000,0x00000000d6f80000)
 ParOldGen       total 74240K, used 73833K [0x0000000080000000, 0x0000000084880000, 0x00000000d5580000)
  object space 74240K, 99% used [0x0000000080000000,0x000000008481a720,0x0000000084880000)
 Metaspace       used 78105K, committed 79680K, reserved 1179648K
  class space    used 10004K, committed 10688K, reserved 1048576K
}
Event: 9352.408 GC heap before
{Heap before GC invocations=62 (full 3):
 PSYoungGen      total 18944K, used 18656K [0x00000000d5580000, 0x00000000d7000000, 0x0000000100000000)
  eden space 18432K, 100% used [0x00000000d5580000,0x00000000d6780000,0x00000000d6780000)
  from space 512K, 43% used [0x00000000d6f80000,0x00000000d6fb8000,0x00000000d7000000)
  to   space 512K, 0% used [0x00000000d6f00000,0x00000000d6f00000,0x00000000d6f80000)
 ParOldGen       total 74240K, used 73833K [0x0000000080000000, 0x0000000084880000, 0x00000000d5580000)
  object space 74240K, 99% used [0x0000000080000000,0x000000008481a720,0x0000000084880000)
 Metaspace       used 78105K, committed 79680K, reserved 1179648K
  class space    used 10004K, committed 10688K, reserved 1048576K
}
Event: 9352.411 GC heap after
{Heap after GC invocations=62 (full 3):
 PSYoungGen      total 18944K, used 506K [0x00000000d5580000, 0x00000000d7000000, 0x0000000100000000)
  eden space 18432K, 0% used [0x00000000d5580000,0x00000000d5580000,0x00000000d6780000)
  from space 512K, 98% used [0x00000000d6f00000,0x00000000d6f7e8b8,0x00000000d6f80000)
  to   space 512K, 0% used [0x00000000d6f80000,0x00000000d6f80000,0x00000000d7000000)
 ParOldGen       total 74240K, used 74216K [0x0000000080000000, 0x0000000084880000, 0x00000000d5580000)
  object space 74240K, 99% used [0x0000000080000000,0x000000008487a0f0,0x0000000084880000)
 Metaspace       used 78105K, committed 79680K, reserved 1179648K
  class space    used 10004K, committed 10688K, reserved 1048576K
}
Event: 9352.831 GC heap before
{Heap before GC invocations=63 (full 3):
 PSYoungGen      total 18944K, used 18938K [0x00000000d5580000, 0x00000000d7000000, 0x0000000100000000)
  eden space 18432K, 100% used [0x00000000d5580000,0x00000000d6780000,0x00000000d6780000)
  from space 512K, 98% used [0x00000000d6f00000,0x00000000d6f7e8b8,0x00000000d6f80000)
  to   space 512K, 0% used [0x00000000d6f80000,0x00000000d6f80000,0x00000000d7000000)
 ParOldGen       total 74240K, used 74216K [0x0000000080000000, 0x0000000084880000, 0x00000000d5580000)
  object space 74240K, 99% used [0x0000000080000000,0x000000008487a0f0,0x0000000084880000)
 Metaspace       used 78106K, committed 79680K, reserved 1179648K
  class space    used 10004K, committed 10688K, reserved 1048576K
}
Event: 9352.833 GC heap after
{Heap after GC invocations=63 (full 3):
 PSYoungGen      total 18944K, used 511K [0x00000000d5580000, 0x00000000d7000000, 0x0000000100000000)
  eden space 18432K, 0% used [0x00000000d5580000,0x00000000d5580000,0x00000000d6780000)
  from space 512K, 99% used [0x00000000d6f80000,0x00000000d6ffff50,0x00000000d7000000)
  to   space 1536K, 0% used [0x00000000d6d00000,0x00000000d6d00000,0x00000000d6e80000)
 ParOldGen       total 75264K, used 74965K [0x0000000080000000, 0x0000000084980000, 0x00000000d5580000)
  object space 75264K, 99% used [0x0000000080000000,0x0000000084935498,0x0000000084980000)
 Metaspace       used 78106K, committed 79680K, reserved 1179648K
  class space    used 10004K, committed 10688K, reserved 1048576K
}
Event: 9353.080 GC heap before
{Heap before GC invocations=64 (full 3):
 PSYoungGen      total 18944K, used 18943K [0x00000000d5580000, 0x00000000d7000000, 0x0000000100000000)
  eden space 18432K, 100% used [0x00000000d5580000,0x00000000d6780000,0x00000000d6780000)
  from space 512K, 99% used [0x00000000d6f80000,0x00000000d6ffff50,0x00000000d7000000)
  to   space 1536K, 0% used [0x00000000d6d00000,0x00000000d6d00000,0x00000000d6e80000)
 ParOldGen       total 75264K, used 74965K [0x0000000080000000, 0x0000000084980000, 0x00000000d5580000)
  object space 75264K, 99% used [0x0000000080000000,0x0000000084935498,0x0000000084980000)
 Metaspace       used 78107K, committed 79680K, reserved 1179648K
  class space    used 10004K, committed 10688K, reserved 1048576K
}
Event: 9353.082 GC heap after
{Heap after GC invocations=64 (full 3):
 PSYoungGen      total 19968K, used 928K [0x00000000d5580000, 0x00000000d7000000, 0x0000000100000000)
  eden space 18432K, 0% used [0x00000000d5580000,0x00000000d5580000,0x00000000d6780000)
  from space 1536K, 60% used [0x00000000d6d00000,0x00000000d6de8040,0x00000000d6e80000)
  to   space 1536K, 0% used [0x00000000d6e80000,0x00000000d6e80000,0x00000000d7000000)
 ParOldGen       total 75264K, used 75029K [0x0000000080000000, 0x0000000084980000, 0x00000000d5580000)
  object space 75264K, 99% used [0x0000000080000000,0x0000000084945498,0x0000000084980000)
 Metaspace       used 78107K, committed 79680K, reserved 1179648K
  class space    used 10004K, committed 10688K, reserved 1048576K
}
Event: 9353.440 GC heap before
{Heap before GC invocations=65 (full 3):
 PSYoungGen      total 19968K, used 19360K [0x00000000d5580000, 0x00000000d7000000, 0x0000000100000000)
  eden space 18432K, 100% used [0x00000000d5580000,0x00000000d6780000,0x00000000d6780000)
  from space 1536K, 60% used [0x00000000d6d00000,0x00000000d6de8040,0x00000000d6e80000)
  to   space 1536K, 0% used [0x00000000d6e80000,0x00000000d6e80000,0x00000000d7000000)
 ParOldGen       total 75264K, used 75029K [0x0000000080000000, 0x0000000084980000, 0x00000000d5580000)
  object space 75264K, 99% used [0x0000000080000000,0x0000000084945498,0x0000000084980000)
 Metaspace       used 78147K, committed 79808K, reserved 1179648K
  class space    used 10009K, committed 10688K, reserved 1048576K
}
Event: 9353.442 GC heap after
{Heap after GC invocations=65 (full 3):
 PSYoungGen      total 18944K, used 256K [0x00000000d5580000, 0x00000000d6f00000, 0x0000000100000000)
  eden space 18432K, 0% used [0x00000000d5580000,0x00000000d5580000,0x00000000d6780000)
  from space 512K, 50% used [0x00000000d6e80000,0x00000000d6ec0000,0x00000000d6f00000)
  to   space 1024K, 0% used [0x00000000d6d00000,0x00000000d6d00000,0x00000000d6e00000)
 ParOldGen       total 75264K, used 75093K [0x0000000080000000, 0x0000000084980000, 0x00000000d5580000)
  object space 75264K, 99% used [0x0000000080000000,0x0000000084955498,0x0000000084980000)
 Metaspace       used 78147K, committed 79808K, reserved 1179648K
  class space    used 10009K, committed 10688K, reserved 1048576K
}
Event: 9369.841 GC heap before
{Heap before GC invocations=66 (full 3):
 PSYoungGen      total 18944K, used 18688K [0x00000000d5580000, 0x00000000d6f00000, 0x0000000100000000)
  eden space 18432K, 100% used [0x00000000d5580000,0x00000000d6780000,0x00000000d6780000)
  from space 512K, 50% used [0x00000000d6e80000,0x00000000d6ec0000,0x00000000d6f00000)
  to   space 1024K, 0% used [0x00000000d6d00000,0x00000000d6d00000,0x00000000d6e00000)
 ParOldGen       total 75264K, used 75093K [0x0000000080000000, 0x0000000084980000, 0x00000000d5580000)
  object space 75264K, 99% used [0x0000000080000000,0x0000000084955498,0x0000000084980000)
 Metaspace       used 79050K, committed 80640K, reserved 1179648K
  class space    used 10113K, committed 10816K, reserved 1048576K
}
Event: 9369.863 GC heap after
{Heap after GC invocations=66 (full 3):
 PSYoungGen      total 19456K, used 544K [0x00000000d5580000, 0x00000000d6f00000, 0x0000000100000000)
  eden space 18432K, 0% used [0x00000000d5580000,0x00000000d5580000,0x00000000d6780000)
  from space 1024K, 53% used [0x00000000d6d00000,0x00000000d6d88000,0x00000000d6e00000)
  to   space 1024K, 0% used [0x00000000d6e00000,0x00000000d6e00000,0x00000000d6f00000)
 ParOldGen       total 75264K, used 75157K [0x0000000080000000, 0x0000000084980000, 0x00000000d5580000)
  object space 75264K, 99% used [0x0000000080000000,0x0000000084965498,0x0000000084980000)
 Metaspace       used 79050K, committed 80640K, reserved 1179648K
  class space    used 10113K, committed 10816K, reserved 1048576K
}

Dll operation events (16 events):
Event: 0.026 Loaded shared library c:\Users\91723\.antigravity\extensions\redhat.java-1.51.0-win32-x64\jre\21.0.9-win32-x86_64\bin\java.dll
Event: 0.301 Loaded shared library c:\Users\91723\.antigravity\extensions\redhat.java-1.51.0-win32-x64\jre\21.0.9-win32-x86_64\bin\zip.dll
Event: 0.362 Loaded shared library C:\Users\91723\.antigravity\extensions\redhat.java-1.51.0-win32-x64\jre\21.0.9-win32-x86_64\bin\instrument.dll
Event: 0.382 Loaded shared library C:\Users\91723\.antigravity\extensions\redhat.java-1.51.0-win32-x64\jre\21.0.9-win32-x86_64\bin\net.dll
Event: 0.394 Loaded shared library C:\Users\91723\.antigravity\extensions\redhat.java-1.51.0-win32-x64\jre\21.0.9-win32-x86_64\bin\nio.dll
Event: 0.400 Loaded shared library C:\Users\91723\.antigravity\extensions\redhat.java-1.51.0-win32-x64\jre\21.0.9-win32-x86_64\bin\zip.dll
Event: 0.461 Loaded shared library C:\Users\91723\.antigravity\extensions\redhat.java-1.51.0-win32-x64\jre\21.0.9-win32-x86_64\bin\jimage.dll
Event: 0.664 Loaded shared library c:\Users\91723\.antigravity\extensions\redhat.java-1.51.0-win32-x64\jre\21.0.9-win32-x86_64\bin\verify.dll
Event: 36.577 Loaded shared library C:\Users\91723\AppData\Roaming\Antigravity\User\globalStorage\redhat.java\1.51.0\config_win\org.eclipse.equinox.launcher\org.eclipse.equinox.launcher.win32.win32.x86_64_1.2.1400.v20250801-0854\eclipse_11916.dll
Event: 62.641 Loaded shared library C:\Users\91723\AppData\Local\Temp\jna-54154912\jna4485236162857647530.dll
Event: 67.823 Loaded shared library C:\Users\91723\.antigravity\extensions\redhat.java-1.51.0-win32-x64\jre\21.0.9-win32-x86_64\bin\sunmscapi.dll
Event: 68.820 Loaded shared library C:\Users\91723\.antigravity\extensions\redhat.java-1.51.0-win32-x64\jre\21.0.9-win32-x86_64\bin\extnet.dll
Event: 76.219 Loaded shared library C:\Users\91723\.gradle\native\c067742578af261105cb4f569cf0c3c89f3d7b1fecec35dd04571415982c5e48\windows-amd64\native-platform.dll
Event: 80.043 Loaded shared library C:\Users\91723\.antigravity\extensions\redhat.java-1.51.0-win32-x64\jre\21.0.9-win32-x86_64\bin\management.dll
Event: 80.055 Loaded shared library C:\Users\91723\.antigravity\extensions\redhat.java-1.51.0-win32-x64\jre\21.0.9-win32-x86_64\bin\management_ext.dll
Event: 9341.988 Loaded shared library C:\Users\91723\.gradle\native\c067742578af261105cb4f569cf0c3c89f3d7b1fecec35dd04571415982c5e48\windows-amd64-min\native-platform.dll

Deoptimization events (20 events):
Event: 9366.486 Thread 0x000001bfebc009a0 DEOPT PACKING pc=0x000001bf984d38f0 sp=0x000000688a8fe200
Event: 9366.486 Thread 0x000001bfebc009a0 DEOPT UNPACKING pc=0x000001bf97ce3aa2 sp=0x000000688a8fe1a8 mode 2
Event: 9368.281 Thread 0x000001bfed4a4f80 Uncommon trap: trap_request=0xffffffc6 fr.pc=0x000001bf98788d84 relative=0x0000000000000424
Event: 9368.281 Thread 0x000001bfed4a4f80 Uncommon trap: reason=bimorphic_or_optimized_type_check action=maybe_recompile pc=0x000001bf98788d84 method=java.lang.Throwable.<init>(Ljava/lang/String;Ljava/lang/Throwable;)V @ 24 c2
Event: 9368.281 Thread 0x000001bfed4a4f80 DEOPT PACKING pc=0x000001bf98788d84 sp=0x000000688c0ff020
Event: 9368.281 Thread 0x000001bfed4a4f80 DEOPT UNPACKING pc=0x000001bf97ce3aa2 sp=0x000000688c0ff000 mode 2
Event: 9369.835 Thread 0x000001bfed4a76e0 Uncommon trap: trap_request=0xffffffc6 fr.pc=0x000001bf98788d84 relative=0x0000000000000424
Event: 9369.835 Thread 0x000001bfed4a76e0 Uncommon trap: reason=bimorphic_or_optimized_type_check action=maybe_recompile pc=0x000001bf98788d84 method=java.lang.Throwable.<init>(Ljava/lang/String;Ljava/lang/Throwable;)V @ 24 c2
Event: 9369.835 Thread 0x000001bfed4a76e0 DEOPT PACKING pc=0x000001bf98788d84 sp=0x000000688c6ff140
Event: 9369.835 Thread 0x000001bfed4a76e0 DEOPT UNPACKING pc=0x000001bf97ce3aa2 sp=0x000000688c6ff120 mode 2
Event: 9369.891 Thread 0x000001bfebc016c0 DEOPT PACKING pc=0x000001bf911f662a sp=0x000000688a0fe6c0
Event: 9369.891 Thread 0x000001bfebc016c0 DEOPT UNPACKING pc=0x000001bf97ce4242 sp=0x000000688a0fdbc8 mode 0
Event: 9369.898 Thread 0x000001bfebc016c0 DEOPT PACKING pc=0x000001bf9181d396 sp=0x000000688a0fded0
Event: 9369.898 Thread 0x000001bfebc016c0 DEOPT UNPACKING pc=0x000001bf97ce4242 sp=0x000000688a0fd3d8 mode 0
Event: 9371.632 Thread 0x000001bfefea8ab0 DEOPT PACKING pc=0x000001bf908159c8 sp=0x000000688cbfe610
Event: 9371.632 Thread 0x000001bfefea8ab0 DEOPT UNPACKING pc=0x000001bf97ce4242 sp=0x000000688cbfdab8 mode 0
Event: 9371.958 Thread 0x000001bfefea8ab0 Uncommon trap: trap_request=0xffffffc6 fr.pc=0x000001bf98788d84 relative=0x0000000000000424
Event: 9371.958 Thread 0x000001bfefea8ab0 Uncommon trap: reason=bimorphic_or_optimized_type_check action=maybe_recompile pc=0x000001bf98788d84 method=java.lang.Throwable.<init>(Ljava/lang/String;Ljava/lang/Throwable;)V @ 24 c2
Event: 9371.958 Thread 0x000001bfefea8ab0 DEOPT PACKING pc=0x000001bf98788d84 sp=0x000000688cbfec50
Event: 9371.958 Thread 0x000001bfefea8ab0 DEOPT UNPACKING pc=0x000001bf97ce3aa2 sp=0x000000688cbfec30 mode 2

Classes loaded (20 events):
Event: 9358.368 Loading class java/lang/UnsupportedClassVersionError
Event: 9358.369 Loading class java/lang/UnsupportedClassVersionError done
Event: 9358.376 Loading class java/io/ObjectStreamClass$1
Event: 9358.379 Loading class java/io/ObjectStreamClass$1 done
Event: 9358.379 Loading class java/io/ObjectStreamClass$MemberSignature
Event: 9358.380 Loading class java/io/ObjectStreamClass$MemberSignature done
Event: 9358.380 Loading class java/io/ObjectStreamClass$3
Event: 9358.380 Loading class java/io/ObjectStreamClass$3 done
Event: 9358.381 Loading class java/io/ObjectStreamClass$4
Event: 9358.381 Loading class java/io/ObjectStreamClass$4 done
Event: 9358.381 Loading class java/io/ObjectStreamClass$5
Event: 9358.381 Loading class java/io/ObjectStreamClass$5 done
Event: 9366.074 Loading class java/lang/Throwable$PrintStreamOrWriter
Event: 9366.075 Loading class java/lang/Throwable$PrintStreamOrWriter done
Event: 9366.168 Loading class sun/misc/SharedSecrets
Event: 9366.169 Loading class sun/misc/SharedSecrets done
Event: 9366.169 Loading class java/lang/Throwable$WrappedPrintWriter
Event: 9366.169 Loading class java/lang/Throwable$WrappedPrintWriter done
Event: 9367.656 Loading class java/util/ArrayDeque$DeqSpliterator
Event: 9367.657 Loading class java/util/ArrayDeque$DeqSpliterator done

Classes unloaded (8 events):
Event: 64.486 Thread 0x000001bf8d4d1db0 Unloading class 0x000001bfa51a4800 'java/lang/invoke/LambdaForm$MH+0x000001bfa51a4800'
Event: 64.487 Thread 0x000001bf8d4d1db0 Unloading class 0x000001bfa51a4400 'java/lang/invoke/LambdaForm$MH+0x000001bfa51a4400'
Event: 64.487 Thread 0x000001bf8d4d1db0 Unloading class 0x000001bfa51a4000 'java/lang/invoke/LambdaForm$MH+0x000001bfa51a4000'
Event: 64.487 Thread 0x000001bf8d4d1db0 Unloading class 0x000001bfa51a3c00 'java/lang/invoke/LambdaForm$MH+0x000001bfa51a3c00'
Event: 64.487 Thread 0x000001bf8d4d1db0 Unloading class 0x000001bfa51a3800 'java/lang/invoke/LambdaForm$BMH+0x000001bfa51a3800'
Event: 64.487 Thread 0x000001bf8d4d1db0 Unloading class 0x000001bfa51a3400 'java/lang/invoke/LambdaForm$DMH+0x000001bfa51a3400'
Event: 64.487 Thread 0x000001bf8d4d1db0 Unloading class 0x000001bfa51a2000 'java/lang/invoke/LambdaForm$DMH+0x000001bfa51a2000'
Event: 67.720 Thread 0x000001bf8d4d1db0 Unloading class 0x000001bfa5301400 'java/lang/invoke/LambdaForm$MH+0x000001bfa5301400'

Classes redefined (0 events):
No events

Internal exceptions (20 events):
Event: 9347.305 Thread 0x000001bfebc009a0 Exception <a 'java/lang/NoSuchMethodError'{0x00000000d59ffac0}: 'long java.lang.invoke.DelegatingMethodHandle$Holder.reinvoke_L(java.lang.Object, java.lang.Object)'> (0x00000000d59ffac0) 
thrown [s\src\hotspot\share\interpreter\linkResolver.cpp, line 773]
Event: 9358.380 Thread 0x000001bfebc009a0 Exception <a 'java/lang/NoSuchMethodError'{0x00000000d5a42dc8}: static Lorg/gradle/internal/build/event/types/AbstractProgressEvent;.<clinit>()V> (0x00000000d5a42dc8) 
thrown [s\src\hotspot\share\prims\jni.cpp, line 1111]
Event: 9358.397 Thread 0x000001bfebc009a0 Exception <a 'java/lang/NoSuchMethodError'{0x00000000d5a572e8}: static Lorg/gradle/internal/build/event/types/DefaultOperationStartedProgressEvent;.<clinit>()V> (0x00000000d5a572e8) 
thrown [s\src\hotspot\share\prims\jni.cpp, line 1111]
Event: 9358.402 Thread 0x000001bfebc009a0 Exception <a 'java/lang/NoSuchMethodError'{0x00000000d5a6d6e0}: static Lorg/gradle/internal/build/event/types/DefaultOperationDescriptor;.<clinit>()V> (0x00000000d5a6d6e0) 
thrown [s\src\hotspot\share\prims\jni.cpp, line 1111]
Event: 9358.405 Thread 0x000001bfebc009a0 Exception <a 'java/lang/NoSuchMethodError'{0x00000000d5a7c160}: static Lorg/gradle/internal/operations/OperationIdentifier;.<clinit>()V> (0x00000000d5a7c160) 
thrown [s\src\hotspot\share\prims\jni.cpp, line 1111]
Event: 9362.952 Thread 0x000001bfebc009a0 Exception <a 'java/lang/NoSuchMethodError'{0x00000000d5abb918}: static Lorg/gradle/internal/build/event/types/DefaultOperationFinishedProgressEvent;.<clinit>()V> (0x00000000d5abb918) 
thrown [s\src\hotspot\share\prims\jni.cpp, line 1111]
Event: 9362.955 Thread 0x000001bfebc009a0 Exception <a 'java/lang/NoSuchMethodError'{0x00000000d5ad26b0}: static Lorg/gradle/internal/build/event/types/AbstractResult;.<clinit>()V> (0x00000000d5ad26b0) 
thrown [s\src\hotspot\share\prims\jni.cpp, line 1111]
Event: 9362.958 Thread 0x000001bfebc009a0 Exception <a 'java/lang/NoSuchMethodError'{0x00000000d5ae0350}: static Lorg/gradle/internal/build/event/types/AbstractOperationResult;.<clinit>()V> (0x00000000d5ae0350) 
thrown [s\src\hotspot\share\prims\jni.cpp, line 1111]
Event: 9362.960 Thread 0x000001bfebc009a0 Exception <a 'java/lang/NoSuchMethodError'{0x00000000d5aee580}: static Lorg/gradle/internal/build/event/types/DefaultSuccessResult;.<clinit>()V> (0x00000000d5aee580) 
thrown [s\src\hotspot\share\prims\jni.cpp, line 1111]
Event: 9365.238 Thread 0x000001bfed4a2eb0 Exception <a 'java/lang/NoSuchMethodError'{0x00000000d57282e8}: static Lorg/gradle/tooling/internal/provider/serialization/ClassLoaderDetails;.<clinit>()V> (0x00000000d57282e8) 
thrown [s\src\hotspot\share\prims\jni.cpp, line 1111]
Event: 9365.241 Thread 0x000001bfed4a2eb0 Exception <a 'java/lang/NoSuchMethodError'{0x00000000d5745148}: static Lorg/gradle/tooling/internal/provider/serialization/WellKnownClassLoaderRegistry$KnownClassLoaderSpec;.<clinit>()V> (0x00000000d5745148) 
thrown [s\src\hotspot\share\prims\jni.cpp, line 1111]
Event: 9365.241 Thread 0x000001bfed4a2eb0 Exception <a 'java/lang/NoSuchMethodError'{0x00000000d57469f0}: static Lorg/gradle/internal/classloader/ClassLoaderSpec;.<clinit>()V> (0x00000000d57469f0) 
thrown [s\src\hotspot\share\prims\jni.cpp, line 1111]
Event: 9365.245 Thread 0x000001bfed4a2eb0 Exception <a 'java/lang/NoSuchMethodError'{0x00000000d5b1dbd8}: static Lorg/gradle/tooling/internal/provider/serialization/ClientOwnedClassLoaderSpec;.<clinit>()V> (0x00000000d5b1dbd8) 
thrown [s\src\hotspot\share\prims\jni.cpp, line 1111]
Event: 9365.273 Thread 0x000001bfed4a2eb0 Exception <a 'java/lang/NoSuchMethodError'{0x00000000d5b5b3b0}: static [Ljava/lang/Object;.<clinit>()V> (0x00000000d5b5b3b0) 
thrown [s\src\hotspot\share\prims\jni.cpp, line 1111]
Event: 9366.080 Thread 0x000001bfed4a2eb0 Exception <a 'java/lang/NoSuchMethodError'{0x00000000d5bdf0b8}: static Lorg/gradle/api/GradleException;.<clinit>()V> (0x00000000d5bdf0b8) 
thrown [s\src\hotspot\share\prims\jni.cpp, line 1111]
Event: 9366.086 Thread 0x000001bfed4a2eb0 Exception <a 'java/lang/NoSuchMethodError'{0x00000000d5c01ea0}: static Lorg/gradle/internal/exceptions/ContextAwareException;.<clinit>()V> (0x00000000d5c01ea0) 
thrown [s\src\hotspot\share\prims\jni.cpp, line 1111]
Event: 9366.090 Thread 0x000001bfed4a2eb0 Exception <a 'java/lang/NoSuchMethodError'{0x00000000d5c1b248}: static Lorg/gradle/internal/exceptions/LocationAwareException;.<clinit>()V> (0x00000000d5c1b248) 
thrown [s\src\hotspot\share\prims\jni.cpp, line 1111]
Event: 9366.169 Thread 0x000001bfebc016c0 Exception <a 'java/lang/ClassNotFoundException'{0x00000000d5cdd7e0}: sun/misc/SharedSecrets> (0x00000000d5cdd7e0) 
thrown [s\src\hotspot\share\classfile\systemDictionary.cpp, line 312]
Event: 9366.191 Thread 0x000001bfebc016c0 Exception <a 'java/lang/NoSuchMethodError'{0x00000000d5cf8718}: 'void java.lang.invoke.DirectMethodHandle$Holder.invokeStatic(java.lang.Object, int, java.lang.Object)'> (0x00000000d5cf8718) 
thrown [s\src\hotspot\share\interpreter\linkResolver.cpp, line 773]
Event: 9366.195 Thread 0x000001bfebc016c0 Exception <a 'java/lang/NoSuchMethodError'{0x00000000d5d065b0}: 'void java.lang.invoke.DirectMethodHandle$Holder.invokeSpecialIFC(java.lang.Object, java.lang.Object, java.lang.Object, java.lang.Object)'> (0x00000000d5d065b0) 
thrown [s\src\hotspot\share\interpreter\linkResolver.cpp, line 773]

ZGC Phase Switch (0 events):
No events

VM Operations (20 events):
Event: 9357.250 Executing VM operation: RendezvousGCThreads done
Event: 9359.250 Executing VM operation: Cleanup
Event: 9359.250 Executing VM operation: Cleanup done
Event: 9364.253 Executing VM operation: Cleanup
Event: 9364.253 Executing VM operation: Cleanup done
Event: 9365.253 Executing VM operation: Cleanup
Event: 9365.262 Executing VM operation: Cleanup done
Event: 9366.263 Executing VM operation: Cleanup
Event: 9366.264 Executing VM operation: Cleanup done
Event: 9368.277 Executing VM operation: Cleanup
Event: 9368.277 Executing VM operation: Cleanup done
Event: 9369.278 Executing VM operation: Cleanup
Event: 9369.278 Executing VM operation: Cleanup done
Event: 9369.841 Executing VM operation: ParallelGCFailedAllocation (Allocation Failure)
Event: 9369.863 Executing VM operation: ParallelGCFailedAllocation (Allocation Failure) done
Event: 9370.865 Executing VM operation: Cleanup
Event: 9370.865 Executing VM operation: Cleanup done
Event: 9371.879 Executing VM operation: Cleanup
Event: 9371.879 Executing VM operation: Cleanup done
Event: 9372.889 Executing VM operation: Cleanup

Memory protections (0 events):
No events

Nmethod flushes (20 events):
Event: 79.875 Thread 0x000001bf8d4d1db0 flushing  nmethod 0x000001bf9107fa10
Event: 79.875 Thread 0x000001bf8d4d1db0 flushing  nmethod 0x000001bf91083490
Event: 79.875 Thread 0x000001bf8d4d1db0 flushing  nmethod 0x000001bf9108e690
Event: 79.875 Thread 0x000001bf8d4d1db0 flushing  nmethod 0x000001bf91091c90
Event: 79.875 Thread 0x000001bf8d4d1db0 flushing  nmethod 0x000001bf91092990
Event: 79.875 Thread 0x000001bf8d4d1db0 flushing  nmethod 0x000001bf91093f90
Event: 79.875 Thread 0x000001bf8d4d1db0 flushing  nmethod 0x000001bf9109bc90
Event: 79.875 Thread 0x000001bf8d4d1db0 flushing  nmethod 0x000001bf910c8710
Event: 79.875 Thread 0x000001bf8d4d1db0 flushing  nmethod 0x000001bf910e6690
Event: 79.875 Thread 0x000001bf8d4d1db0 flushing  nmethod 0x000001bf910e6d90
Event: 79.875 Thread 0x000001bf8d4d1db0 flushing  nmethod 0x000001bf910e7c90
Event: 79.875 Thread 0x000001bf8d4d1db0 flushing  nmethod 0x000001bf910e8910
Event: 79.875 Thread 0x000001bf8d4d1db0 flushing  nmethod 0x000001bf910e9610
Event: 79.875 Thread 0x000001bf8d4d1db0 flushing  nmethod 0x000001bf910eb710
Event: 79.875 Thread 0x000001bf8d4d1db0 flushing  nmethod 0x000001bf910ec110
Event: 79.875 Thread 0x000001bf8d4d1db0 flushing  nmethod 0x000001bf910eef10
Event: 79.875 Thread 0x000001bf8d4d1db0 flushing  nmethod 0x000001bf910f2610
Event: 79.875 Thread 0x000001bf8d4d1db0 flushing  nmethod 0x000001bf910f2a90
Event: 79.875 Thread 0x000001bf8d4d1db0 flushing  nmethod 0x000001bf910f3490
Event: 79.875 Thread 0x000001bf8d4d1db0 flushing  nmethod 0x000001bf91101310

Events (20 events):
Event: 9369.514 Thread 0x000001bfed4a6330 Thread exited: 0x000001bfed4a6330
Event: 9369.515 Thread 0x000001bfebc016c0 Thread added: 0x000001bfed4a69c0
Event: 9369.516 Thread 0x000001bfebc016c0 Thread added: 0x000001bfed4a76e0
Event: 9369.629 Thread 0x000001bfed4a76e0 Thread added: 0x000001bfed4a7d70
Event: 9369.836 Thread 0x000001bfed4a76e0 Thread exited: 0x000001bfed4a76e0
Event: 9369.865 Thread 0x000001bf8d4de480 Thread added: 0x000001bfeda8df60
Event: 9369.896 Thread 0x000001bfed4a7d70 Thread exited: 0x000001bfed4a7d70
Event: 9370.468 Thread 0x000001bfeda8df60 Thread exited: 0x000001bfeda8df60
Event: 9370.981 Thread 0x000001bfebbffc80 Thread added: 0x000001bfed4a76e0
Event: 9371.037 Thread 0x000001bfebbffc80 Thread added: 0x000001bfed4a5610
Event: 9371.067 Thread 0x000001bfebbffc80 Thread added: 0x000001bfed4a8400
Event: 9371.170 Thread 0x000001bfed4a8400 Thread exited: 0x000001bfed4a8400
Event: 9371.172 Thread 0x000001bfebbffc80 Thread added: 0x000001bfed4a7d70
Event: 9371.529 Thread 0x000001bfebbffc80 Thread added: 0x000001bfed4a8400
Event: 9371.531 Thread 0x000001bfebbffc80 Thread added: 0x000001bfefea7070
Event: 9371.581 Thread 0x000001bfefea7070 Thread exited: 0x000001bfefea7070
Event: 9371.582 Thread 0x000001bfebbffc80 Thread added: 0x000001bfefea8420
Event: 9371.583 Thread 0x000001bfebbffc80 Thread added: 0x000001bfefea8ab0
Event: 9371.652 Thread 0x000001bfefea8ab0 Thread added: 0x000001bfefea5630
Event: 9371.958 Thread 0x000001bfefea5630 Thread exited: 0x000001bfefea5630


Dynamic libraries:
0x00007ff6f2480000 - 0x00007ff6f248e000 	c:\Users\91723\.antigravity\extensions\redhat.java-1.51.0-win32-x64\jre\21.0.9-win32-x86_64\bin\java.exe
0x00007ffc1e800000 - 0x00007ffc1ea67000 	C:\WINDOWS\SYSTEM32\ntdll.dll
0x00007ffc1ca90000 - 0x00007ffc1cb59000 	C:\WINDOWS\System32\KERNEL32.DLL
0x00007ffc1be40000 - 0x00007ffc1c22f000 	C:\WINDOWS\System32\KERNELBASE.dll
0x00007ffc1c240000 - 0x00007ffc1c38b000 	C:\WINDOWS\System32\ucrtbase.dll
0x00007ffbf5280000 - 0x00007ffbf5298000 	c:\Users\91723\.antigravity\extensions\redhat.java-1.51.0-win32-x64\jre\21.0.9-win32-x86_64\bin\jli.dll
0x00007ffc1ccb0000 - 0x00007ffc1ce75000 	C:\WINDOWS\System32\USER32.dll
0x00007ffc1c440000 - 0x00007ffc1c467000 	C:\WINDOWS\System32\win32u.dll
0x00007ffc1d990000 - 0x00007ffc1d9bb000 	C:\WINDOWS\System32\GDI32.dll
0x00007ffc1c470000 - 0x00007ffc1c59c000 	C:\WINDOWS\System32\gdi32full.dll
0x00007ffc1baa0000 - 0x00007ffc1bb43000 	C:\WINDOWS\System32\msvcp_win.dll
0x00007ffc02310000 - 0x00007ffc0232e000 	c:\Users\91723\.antigravity\extensions\redhat.java-1.51.0-win32-x64\jre\21.0.9-win32-x86_64\bin\VCRUNTIME140.dll
0x00007ffc01cc0000 - 0x00007ffc01f53000 	C:\WINDOWS\WinSxS\amd64_microsoft.windows.common-controls_6595b64144ccf1df_6.0.26100.7309_none_3e05feeae336a044\COMCTL32.dll
0x00007ffc1d8d0000 - 0x00007ffc1d979000 	C:\WINDOWS\System32\msvcrt.dll
0x00007ffc1c970000 - 0x00007ffc1c9a1000 	C:\WINDOWS\System32\IMM32.DLL
0x00007ffc18650000 - 0x00007ffc1865c000 	c:\Users\91723\.antigravity\extensions\redhat.java-1.51.0-win32-x64\jre\21.0.9-win32-x86_64\bin\vcruntime140_1.dll
0x00007ffbdf640000 - 0x00007ffbdf6cd000 	c:\Users\91723\.antigravity\extensions\redhat.java-1.51.0-win32-x64\jre\21.0.9-win32-x86_64\bin\msvcp140.dll
0x00007ffbcfea0000 - 0x00007ffbd0c40000 	c:\Users\91723\.antigravity\extensions\redhat.java-1.51.0-win32-x64\jre\21.0.9-win32-x86_64\bin\server\jvm.dll
0x00007ffc1d010000 - 0x00007ffc1d0c4000 	C:\WINDOWS\System32\ADVAPI32.dll
0x00007ffc1c740000 - 0x00007ffc1c7e6000 	C:\WINDOWS\System32\sechost.dll
0x00007ffc1d0d0000 - 0x00007ffc1d1e8000 	C:\WINDOWS\System32\RPCRT4.dll
0x00007ffc1d580000 - 0x00007ffc1d5f4000 	C:\WINDOWS\System32\WS2_32.dll
0x00007ffc1b7b0000 - 0x00007ffc1b80e000 	C:\WINDOWS\SYSTEM32\POWRPROF.dll
0x00007ffc06cf0000 - 0x00007ffc06d25000 	C:\WINDOWS\SYSTEM32\WINMM.dll
0x00007ffc0f240000 - 0x00007ffc0f24b000 	C:\WINDOWS\SYSTEM32\VERSION.dll
0x00007ffc1b790000 - 0x00007ffc1b7a4000 	C:\WINDOWS\SYSTEM32\UMPDC.dll
0x00007ffc1a6e0000 - 0x00007ffc1a6fb000 	C:\WINDOWS\SYSTEM32\kernel.appcore.dll
0x00007ffc0f250000 - 0x00007ffc0f25a000 	c:\Users\91723\.antigravity\extensions\redhat.java-1.51.0-win32-x64\jre\21.0.9-win32-x86_64\bin\jimage.dll
0x00007ffc18d90000 - 0x00007ffc18fd2000 	C:\WINDOWS\SYSTEM32\DBGHELP.DLL
0x00007ffc1d1f0000 - 0x00007ffc1d575000 	C:\WINDOWS\System32\combase.dll
0x00007ffc1d600000 - 0x00007ffc1d6d6000 	C:\WINDOWS\System32\OLEAUT32.dll
0x00007ffc05f90000 - 0x00007ffc05fcc000 	C:\WINDOWS\SYSTEM32\dbgcore.DLL
0x00007ffc1c390000 - 0x00007ffc1c435000 	C:\WINDOWS\System32\bcryptPrimitives.dll
0x00007ffc0bc80000 - 0x00007ffc0bc8f000 	c:\Users\91723\.antigravity\extensions\redhat.java-1.51.0-win32-x64\jre\21.0.9-win32-x86_64\bin\instrument.dll
0x00007ffbf4e80000 - 0x00007ffbf4ea0000 	c:\Users\91723\.antigravity\extensions\redhat.java-1.51.0-win32-x64\jre\21.0.9-win32-x86_64\bin\java.dll
0x00007ffc1df50000 - 0x00007ffc1e6a3000 	C:\WINDOWS\System32\SHELL32.dll
0x00007ffc1bcd0000 - 0x00007ffc1be3a000 	C:\WINDOWS\System32\wintypes.dll
0x00007ffc19530000 - 0x00007ffc19d8e000 	C:\WINDOWS\SYSTEM32\windows.storage.dll
0x00007ffc1de50000 - 0x00007ffc1df45000 	C:\WINDOWS\System32\SHCORE.dll
0x00007ffc1c9d0000 - 0x00007ffc1ca36000 	C:\WINDOWS\System32\shlwapi.dll
0x00007ffc1b870000 - 0x00007ffc1b899000 	C:\WINDOWS\SYSTEM32\profapi.dll
0x00007ffc0b7c0000 - 0x00007ffc0b7d8000 	c:\Users\91723\.antigravity\extensions\redhat.java-1.51.0-win32-x64\jre\21.0.9-win32-x86_64\bin\zip.dll
0x00007ffc07540000 - 0x00007ffc07550000 	C:\Users\91723\.antigravity\extensions\redhat.java-1.51.0-win32-x64\jre\21.0.9-win32-x86_64\bin\net.dll
0x00007ffc0b150000 - 0x00007ffc0b278000 	C:\WINDOWS\SYSTEM32\WINHTTP.dll
0x00007ffc1ac70000 - 0x00007ffc1acdb000 	C:\WINDOWS\system32\mswsock.dll
0x00007ffc05ca0000 - 0x00007ffc05cb6000 	C:\Users\91723\.antigravity\extensions\redhat.java-1.51.0-win32-x64\jre\21.0.9-win32-x86_64\bin\nio.dll
0x00007ffc05c90000 - 0x00007ffc05ca0000 	c:\Users\91723\.antigravity\extensions\redhat.java-1.51.0-win32-x64\jre\21.0.9-win32-x86_64\bin\verify.dll
0x00007ffbf4e30000 - 0x00007ffbf4e74000 	C:\Users\91723\AppData\Roaming\Antigravity\User\globalStorage\redhat.java\1.51.0\config_win\org.eclipse.equinox.launcher\org.eclipse.equinox.launcher.win32.win32.x86_64_1.2.1400.v20250801-0854\eclipse_11916.dll
0x00007ffc1c5a0000 - 0x00007ffc1c737000 	C:\WINDOWS\System32\ole32.dll
0x00007ffc1af40000 - 0x00007ffc1af5b000 	C:\WINDOWS\SYSTEM32\CRYPTSP.dll
0x00007ffc1a640000 - 0x00007ffc1a67a000 	C:\WINDOWS\system32\rsaenh.dll
0x00007ffc1ad20000 - 0x00007ffc1ad4b000 	C:\WINDOWS\SYSTEM32\USERENV.dll
0x00007ffc1b840000 - 0x00007ffc1b86a000 	C:\WINDOWS\SYSTEM32\bcrypt.dll
0x00007ffc1af30000 - 0x00007ffc1af3c000 	C:\WINDOWS\SYSTEM32\CRYPTBASE.dll
0x00007ffc1a100000 - 0x00007ffc1a134000 	C:\WINDOWS\SYSTEM32\IPHLPAPI.DLL
0x00007ffc1c7f0000 - 0x00007ffc1c7fa000 	C:\WINDOWS\System32\NSI.dll
0x00007ffbf29b0000 - 0x00007ffbf29f9000 	C:\Users\91723\AppData\Local\Temp\jna-54154912\jna4485236162857647530.dll
0x00007ffc1e7b0000 - 0x00007ffc1e7b8000 	C:\WINDOWS\System32\PSAPI.DLL
0x00007ffc0b030000 - 0x00007ffc0b04e000 	C:\WINDOWS\SYSTEM32\dhcpcsvc6.DLL
0x00007ffc0ad10000 - 0x00007ffc0ad33000 	C:\WINDOWS\SYSTEM32\dhcpcsvc.DLL
0x00007ffc05d10000 - 0x00007ffc05d1e000 	C:\Users\91723\.antigravity\extensions\redhat.java-1.51.0-win32-x64\jre\21.0.9-win32-x86_64\bin\sunmscapi.dll
0x00007ffc1bb50000 - 0x00007ffc1bcc7000 	C:\WINDOWS\System32\CRYPT32.dll
0x00007ffc1b150000 - 0x00007ffc1b180000 	C:\WINDOWS\SYSTEM32\ncrypt.dll
0x00007ffc1b100000 - 0x00007ffc1b13f000 	C:\WINDOWS\SYSTEM32\NTASN1.dll
0x00007ffc1a1a0000 - 0x00007ffc1a2cc000 	C:\WINDOWS\SYSTEM32\DNSAPI.dll
0x00007ffc05670000 - 0x00007ffc0567b000 	C:\Windows\System32\rasadhlp.dll
0x00007ffc0a160000 - 0x00007ffc0a1e6000 	C:\WINDOWS\System32\fwpuclnt.dll
0x00007ffc05cd0000 - 0x00007ffc05cd9000 	C:\Users\91723\.antigravity\extensions\redhat.java-1.51.0-win32-x64\jre\21.0.9-win32-x86_64\bin\extnet.dll
0x00007ffc0b860000 - 0x00007ffc0b887000 	C:\Users\91723\.gradle\native\c067742578af261105cb4f569cf0c3c89f3d7b1fecec35dd04571415982c5e48\windows-amd64\native-platform.dll
0x00007ffc0bb40000 - 0x00007ffc0bb4a000 	C:\Users\91723\.antigravity\extensions\redhat.java-1.51.0-win32-x64\jre\21.0.9-win32-x86_64\bin\management.dll
0x00007ffc0bb30000 - 0x00007ffc0bb3c000 	C:\Users\91723\.antigravity\extensions\redhat.java-1.51.0-win32-x64\jre\21.0.9-win32-x86_64\bin\management_ext.dll
0x00007ffc086a0000 - 0x00007ffc086c7000 	C:\Users\91723\.gradle\native\c067742578af261105cb4f569cf0c3c89f3d7b1fecec35dd04571415982c5e48\windows-amd64-min\native-platform.dll
0x00007ffc05ce0000 - 0x00007ffc05ce8000 	C:\WINDOWS\system32\wshunix.dll

JVMTI agents:
c:\Users\91723\.antigravity\extensions\redhat.java-1.51.0-win32-x64\lombok\lombok-1.18.39-4050.jar path:c:\Users\91723\.antigravity\extensions\redhat.java-1.51.0-win32-x64\jre\21.0.9-win32-x86_64\bin\instrument.dll, loaded, initialized, instrumentlib options:none

dbghelp: loaded successfully - version: 4.0.5 - missing functions: none
symbol engine: initialized successfully - sym options: 0x614 - pdb path: .;c:\Users\91723\.antigravity\extensions\redhat.java-1.51.0-win32-x64\jre\21.0.9-win32-x86_64\bin;C:\WINDOWS\SYSTEM32;C:\WINDOWS\WinSxS\amd64_microsoft.windows.common-controls_6595b64144ccf1df_6.0.26100.7309_none_3e05feeae336a044;c:\Users\91723\.antigravity\extensions\redhat.java-1.51.0-win32-x64\jre\21.0.9-win32-x86_64\bin\server;C:\Users\91723\AppData\Roaming\Antigravity\User\globalStorage\redhat.java\1.51.0\config_win\org.eclipse.equinox.launcher\org.eclipse.equinox.launcher.win32.win32.x86_64_1.2.1400.v20250801-0854;C:\Users\91723\AppData\Local\Temp\jna-54154912;C:\Users\91723\.gradle\native\c067742578af261105cb4f569cf0c3c89f3d7b1fecec35dd04571415982c5e48\windows-amd64;C:\Users\91723\.gradle\native\c067742578af261105cb4f569cf0c3c89f3d7b1fecec35dd04571415982c5e48\windows-amd64-min

VM Arguments:
jvm_args: --add-modules=ALL-SYSTEM --add-opens=java.base/java.util=ALL-UNNAMED --add-opens=java.base/java.lang=ALL-UNNAMED --add-opens=java.base/sun.nio.fs=ALL-UNNAMED -Declipse.application=org.eclipse.jdt.ls.core.id1 -Dosgi.bundles.defaultStartLevel=4 -Declipse.product=org.eclipse.jdt.ls.core.product -Djava.import.generatesMetadataFilesAtProjectRoot=false -DDetectVMInstallationsJob.disabled=true -Dfile.encoding=utf8 -XX:+UseParallelGC -XX:GCTimeRatio=4 -XX:AdaptiveSizePolicyWeight=90 -Dsun.zip.disableMemoryMapping=true -Xmx2G -Xms100m -Xlog:disable -javaagent:c:\Users\91723\.antigravity\extensions\redhat.java-1.51.0-win32-x64\lombok\lombok-1.18.39-4050.jar -XX:+HeapDumpOnOutOfMemoryError -XX:HeapDumpPath=c:\Users\91723\AppData\Roaming\Antigravity\User\workspaceStorage\080a43fa2e46671ef9a202cfadfb1fad\redhat.java -Daether.dependencyCollector.impl=bf 
java_command: c:\Users\91723\.antigravity\extensions\redhat.java-1.51.0-win32-x64\server\plugins\org.eclipse.equinox.launcher_1.7.100.v20251111-0406.jar -configuration c:\Users\91723\AppData\Roaming\Antigravity\User\globalStorage\redhat.java\1.51.0\config_win -data c:\Users\91723\AppData\Roaming\Antigravity\User\workspaceStorage\080a43fa2e46671ef9a202cfadfb1fad\redhat.java\jdt_ws --pipe=\\.\pipe\lsp-b509cf7bf482d4c4309ec60a19d3014e-sock
java_class_path (initial): c:\Users\91723\.antigravity\extensions\redhat.java-1.51.0-win32-x64\server\plugins\org.eclipse.equinox.launcher_1.7.100.v20251111-0406.jar
Launcher Type: SUN_STANDARD

[Global flags]
    uintx AdaptiveSizePolicyWeight                 = 90                                        {product} {command line}
     intx CICompilerCount                          = 4                                         {product} {ergonomic}
    uintx GCTimeRatio                              = 4                                         {product} {command line}
     bool HeapDumpOnOutOfMemoryError               = true                                   {manageable} {command line}
    ccstr HeapDumpPath                             = c:\Users\91723\AppData\Roaming\Antigravity\User\workspaceStorage\080a43fa2e46671ef9a202cfadfb1fad\redhat.java         {manageable} {command line}
   size_t InitialHeapSize                          = 104857600                                 {product} {command line}
   size_t MaxHeapSize                              = 2147483648                                {product} {command line}
   size_t MaxNewSize                               = 715653120                                 {product} {ergonomic}
   size_t MinHeapDeltaBytes                        = 524288                                    {product} {ergonomic}
   size_t MinHeapSize                              = 104857600                                 {product} {command line}
   size_t NewSize                                  = 34603008                                  {product} {ergonomic}
    uintx NonNMethodCodeHeapSize                   = 5839372                                {pd product} {ergonomic}
    uintx NonProfiledCodeHeapSize                  = 122909434                              {pd product} {ergonomic}
   size_t OldSize                                  = 70254592                                  {product} {ergonomic}
    uintx ProfiledCodeHeapSize                     = 122909434                              {pd product} {ergonomic}
    uintx ReservedCodeCacheSize                    = 251658240                              {pd product} {ergonomic}
     bool SegmentedCodeCache                       = true                                      {product} {ergonomic}
   size_t SoftMaxHeapSize                          = 2147483648                             {manageable} {ergonomic}
     bool UseCompressedOops                        = true                           {product lp64_product} {ergonomic}
     bool UseLargePagesIndividualAllocation        = false                                  {pd product} {ergonomic}
     bool UseParallelGC                            = true                                      {product} {command line}

Logging:
Log output configuration:
 #0: stdout all=off uptime,level,tags foldmultilines=false
 #1: stderr all=off uptime,level,tags foldmultilines=false

Release file:
JAVA_VERSION="21.0.9" 
MODULES="java.base java.compiler java.datatransfer java.xml java.prefs java.desktop java.instrument java.logging java.management java.security.sasl java.naming java.rmi java.management.rmi java.net.http java.scripting java.security.jgss java.transaction.xa java.sql java.sql.rowset java.xml.crypto java.se java.smartcardio jdk.accessibility jdk.internal.jvmstat jdk.attach jdk.charsets jdk.internal.opt jdk.zipfs jdk.compiler jdk.crypto.ec jdk.crypto.cryptoki jdk.crypto.mscapi jdk.dynalink jdk.internal.ed jdk.editpad jdk.hotspot.agent jdk.httpserver jdk.internal.le jdk.internal.vm.ci jdk.internal.vm.compiler jdk.internal.vm.compiler.management jdk.jartool jdk.javadoc jdk.jcmd jdk.management jdk.management.agent jdk.jconsole jdk.jdeps jdk.jdwp.agent jdk.jdi jdk.jfr jdk.jshell jdk.jsobject jdk.jstatd jdk.localedata jdk.management.jfr jdk.naming.dns jdk.naming.rmi jdk.net jdk.nio.mapmode jdk.random jdk.sctp jdk.security.auth jdk.security.jgss jdk.unsupported jdk.unsupported.desktop jdk.xml.dom" 

Environment Variables:
PATH=C:\Python313\Scripts\;C:\Python313\;C:\Program Files\Common Files\Oracle\Java\javapath;C:\Program Files (x86)\Intel\iCLS Client\;C:\Program Files\Intel\iCLS Client\;C:\windows\system32;C:\windows;C:\windows\System32\Wbem;C:\windows\System32\WindowsPowerShell\v1.0\;C:\Program Files (x86)\NVIDIA Corporation\PhysX\Common;C:\Program Files\Intel\WiFi\bin\;C:\Program Files\Common Files\Intel\WirelessCommon\;C:\Program Files (x86)\Intel\Intel(R) Management Engine Components\DAL;C:\Program Files\Intel\Intel(R) Management Engine Components\DAL;C:\Program Files (x86)\Intel\Intel(R) Management Engine Components\IPT;C:\Program Files\Intel\Intel(R) Management Engine Components\IPT;C:\WINDOWS\system32;C:\WINDOWS;C:\WINDOWS\System32\Wbem;C:\WINDOWS\System32\WindowsPowerShell\v1.0\;C:\WINDOWS\System32\OpenSSH\;C:\flutter\flutter_windows_3.22.1-stable\flutter\bin;C:\Program Files\Git\cmd;C:\flutter\bin;C:\Program Files\Java\jdk-24\bin;C:\flutter_windows_3.32.6-stable\flutter\bin;C:\Program Files\nodejs\;C:\ProgramData\chocolatey\bin;C:\Program Files\nodejs;C:\Program Files (x86)\Google\Cloud SDK\google-cloud-sdk\bin;C:\Program Files\OpenSSL-Win64\bin;;C:\Program Files\Docker\Docker\resources\bin;C:\Users\91723\AppData\Local\Microsoft\WindowsApps;C:\Users\91723\AppData\Local\Programs\Microsoft VS Code\bin;C:\Users\91723\AppData\Roaming\npm;C:\Users\91723\AppData\Local\Programs\Antigravity\bin
USERNAME=91723
OS=Windows_NT
PROCESSOR_IDENTIFIER=Intel64 Family 6 Model 142 Stepping 10, GenuineIntel
TMP=C:\Users\91723\AppData\Local\Temp
TEMP=C:\Users\91723\AppData\Local\Temp




Periodic native trim disabled

---------------  S Y S T E M  ---------------

OS:
 Windows 11 , 64 bit Build 26100 (10.0.26100.7309)
OS uptime: 0 days 2:39 hours
Hyper-V role detected

CPU: total 8 (initial active 8) (4 cores per cpu, 2 threads per core) family 6 model 142 stepping 10 microcode 0xe0, cx8, cmov, fxsr, ht, mmx, 3dnowpref, sse, sse2, sse3, ssse3, sse4.1, sse4.2, popcnt, lzcnt, tsc, tscinvbit, avx, avx2, aes, erms, clmul, bmi1, bmi2, adx, fma, vzeroupper, clflush, clflushopt, hv, rdtscp, f16c
Processor Information for the first 8 processors :
  Max Mhz: 1800, Current Mhz: 1600, Mhz Limit: 1584

Memory: 4k page, system-wide physical 8083M (514M free)
TotalPageFile size 20974M (AvailPageFile size 116M)
current process WorkingSet (physical memory assigned to process): 128M, peak: 256M
current process commit charge ("private bytes"): 401M, peak: 407M

vm_info: OpenJDK 64-Bit Server VM (21.0.9+10-LTS) for windows-amd64 JRE (21.0.9+10-LTS), built on 2025-10-21T00:00:00Z by "admin" with unknown MS VC++:1942

END.
