#
# There is insufficient memory for the Java Runtime Environment to continue.
# Native memory allocation (malloc) failed to allocate 1048576 bytes. Error detail: AllocateHeap
# Possible reasons:
#   The system is out of physical RAM or swap space
#   This process is running with CompressedOops enabled, and the Java Heap may be blocking the growth of the native heap
# Possible solutions:
#   Reduce memory load on the system
#   Increase physical memory or swap space
#   Check if swap backing store is full
#   Decrease Java heap size (-Xmx/-Xms)
#   Decrease number of Java threads
#   Decrease Java thread stack sizes (-Xss)
#   Set larger code cache with -XX:ReservedCodeCacheSize=
#   JVM is running with Unscaled Compressed Oops mode in which the Java heap is
#     placed in the first 4GB address space. The Java Heap base address is the
#     maximum limit for the native heap growth. Please use -XX:HeapBaseMinAddress
#     to set the Java Heap base and to place the Java Heap above 4GB virtual address.
# This output file may be truncated or incomplete.
#
#  Out of Memory Error (allocation.cpp:44), pid=17124, tid=4504
#
# JRE version: OpenJDK Runtime Environment Temurin-21.0.9+10 (21.0.9+10) (build 21.0.9+10-LTS)
# Java VM: OpenJDK 64-Bit Server VM Temurin-21.0.9+10 (21.0.9+10-LTS, mixed mode, sharing, tiered, compressed oops, compressed class ptrs, parallel gc, windows-amd64)
# No core dump will be written. Minidumps are not enabled by default on client versions of Windows
#

---------------  S U M M A R Y ------------

Command Line: --add-modules=ALL-SYSTEM --add-opens=java.base/java.util=ALL-UNNAMED --add-opens=java.base/java.lang=ALL-UNNAMED --add-opens=java.base/sun.nio.fs=ALL-UNNAMED -Declipse.application=org.eclipse.jdt.ls.core.id1 -Dosgi.bundles.defaultStartLevel=4 -Declipse.product=org.eclipse.jdt.ls.core.product -Djava.import.generatesMetadataFilesAtProjectRoot=false -DDetectVMInstallationsJob.disabled=true -Dfile.encoding=utf8 -XX:+UseParallelGC -XX:GCTimeRatio=4 -XX:AdaptiveSizePolicyWeight=90 -Dsun.zip.disableMemoryMapping=true -Xmx2G -Xms100m -Xlog:disable -javaagent:c:\Users\91723\.antigravity\extensions\redhat.java-1.51.0-win32-x64\lombok\lombok-1.18.39-4050.jar -XX:+HeapDumpOnOutOfMemoryError -XX:HeapDumpPath=c:\Users\91723\AppData\Roaming\Antigravity\User\workspaceStorage\080a43fa2e46671ef9a202cfadfb1fad\redhat.java -Daether.dependencyCollector.impl=bf c:\Users\91723\.antigravity\extensions\redhat.java-1.51.0-win32-x64\server\plugins\org.eclipse.equinox.launcher_1.7.100.v20251111-0406.jar -configuration c:\Users\91723\AppData\Roaming\Antigravity\User\globalStorage\redhat.java\1.51.0\config_win -data c:\Users\91723\AppData\Roaming\Antigravity\User\workspaceStorage\080a43fa2e46671ef9a202cfadfb1fad\redhat.java\jdt_ws --pipe=\\.\pipe\lsp-335a267b2cc251649f31e588db67a773-sock

Host: Intel(R) Core(TM) i5-8250U CPU @ 1.60GHz, 8 cores, 7G,  Windows 11 , 64 bit Build 26100 (10.0.26100.7309)
Time: Mon Jan 12 06:00:48 2026 India Standard Time elapsed time: 36017.710871 seconds (0d 10h 0m 17s)

---------------  T H R E A D  ---------------

Current thread (0x000001a45bb28070):  JavaThread "Attach Listener" daemon [_thread_in_vm, id=4504, stack(0x00000063e4500000,0x00000063e4600000) (1024K)]

Stack: [0x00000063e4500000,0x00000063e4600000]
Native frames: (J=compiled Java code, j=interpreted, Vv=VM code, C=native code)
V  [jvm.dll+0x6d6e29]
V  [jvm.dll+0x8b4b76]
V  [jvm.dll+0x8b712e]
V  [jvm.dll+0x8b7813]
V  [jvm.dll+0x283d86]
V  [jvm.dll+0xc1277]
V  [jvm.dll+0x6d76d9]
V  [jvm.dll+0x133466]
V  [jvm.dll+0x3f7ea6]
V  [jvm.dll+0x85e9ad]
V  [jvm.dll+0x6d565d]
C  [ucrtbase.dll+0x37b0]
C  [KERNEL32.DLL+0x2e8d7]
C  [ntdll.dll+0x8c53c]


---------------  P R O C E S S  ---------------

Threads class SMR info:
_java_thread_list=0x000001a47f21c070, length=72, elements={
0x000001a45bbae600, 0x000001a45bc6a0e0, 0x000001a45bc6d560, 0x000001a45bb24e90,
0x000001a45bb28070, 0x000001a45bb29f80, 0x000001a45bb2ab00, 0x000001a45bb2fe10,
0x000001a478048220, 0x000001a478253510, 0x000001a4782fbcf0, 0x000001a478b01c40,
0x000001a47894bce0, 0x000001a4789e6f50, 0x000001a478064c90, 0x000001a4790221e0,
0x000001a4780384e0, 0x000001a478b9c1d0, 0x000001a4791982d0, 0x000001a4795b59d0,
0x000001a4795b6d80, 0x000001a4795b7410, 0x000001a47b12a300, 0x000001a47b12a990,
0x000001a47b12b020, 0x000001a47b129c70, 0x000001a47b12d780, 0x000001a47b12bd40,
0x000001a47b12b6b0, 0x000001a47b12d0f0, 0x000001a47b12de10, 0x000001a47b12ca60,
0x000001a47b12f1c0, 0x000001a47b130570, 0x000001a47b130c00, 0x000001a4790867c0,
0x000001a4790874e0, 0x000001a479087b70, 0x000001a479085410, 0x000001a479086130,
0x000001a479086e50, 0x000001a479084060, 0x000001a4790846f0, 0x000001a479088200,
0x000001a479088890, 0x000001a479085aa0, 0x000001a479089c40, 0x000001a47908a2d0,
0x000001a47908a960, 0x000001a47908aff0, 0x000001a47b12c3d0, 0x000001a47b12eb30,
0x000001a47b12e4a0, 0x000001a47b131290, 0x000001a4795b5340, 0x000001a4795b4620,
0x000001a4795b6060, 0x000001a4795b66f0, 0x000001a47908b680, 0x000001a47bf01240,
0x000001a47bf00bb0, 0x000001a47bf01f60, 0x000001a47bf02c80, 0x000001a47bf018d0,
0x000001a47bf03310, 0x000001a47bf039a0, 0x000001a47bf00520, 0x000001a47bf053e0,
0x000001a47bf06790, 0x000001a47bf06100, 0x000001a47bf05a70, 0x000001a479088f20
}

Java Threads: ( => current thread )
  0x000001a45bbae600 JavaThread "main"                              [_thread_blocked, id=17192, stack(0x00000063e3e00000,0x00000063e3f00000) (1024K)]
  0x000001a45bc6a0e0 JavaThread "Reference Handler"          daemon [_thread_blocked, id=5084, stack(0x00000063e4200000,0x00000063e4300000) (1024K)]
  0x000001a45bc6d560 JavaThread "Finalizer"                  daemon [_thread_blocked, id=16828, stack(0x00000063e4300000,0x00000063e4400000) (1024K)]
  0x000001a45bb24e90 JavaThread "Signal Dispatcher"          daemon [_thread_blocked, id=16816, stack(0x00000063e4400000,0x00000063e4500000) (1024K)]
=>0x000001a45bb28070 JavaThread "Attach Listener"            daemon [_thread_in_vm, id=4504, stack(0x00000063e4500000,0x00000063e4600000) (1024K)]
  0x000001a45bb29f80 JavaThread "Service Thread"             daemon [_thread_blocked, id=16920, stack(0x00000063e4600000,0x00000063e4700000) (1024K)]
  0x000001a45bb2ab00 JavaThread "Monitor Deflation Thread"   daemon [_thread_blocked, id=16864, stack(0x00000063e4700000,0x00000063e4800000) (1024K)]
  0x000001a45bb2fe10 JavaThread "C2 CompilerThread0"         daemon [_thread_blocked, id=16752, stack(0x00000063e4800000,0x00000063e4900000) (1024K)]
  0x000001a478048220 JavaThread "C1 CompilerThread0"         daemon [_thread_blocked, id=17036, stack(0x00000063e4900000,0x00000063e4a00000) (1024K)]
  0x000001a478253510 JavaThread "Common-Cleaner"             daemon [_thread_blocked, id=16940, stack(0x00000063e4a00000,0x00000063e4b00000) (1024K)]
  0x000001a4782fbcf0 JavaThread "Notification Thread"        daemon [_thread_blocked, id=17340, stack(0x00000063e4b00000,0x00000063e4c00000) (1024K)]
  0x000001a478b01c40 JavaThread "Active Thread: Equinox Container: 59116c7c-e03c-4971-9d53-0dbf708c793a"        [_thread_blocked, id=2580, stack(0x00000063e4c00000,0x00000063e4d00000) (1024K)]
  0x000001a47894bce0 JavaThread "Refresh Thread: Equinox Container: 59116c7c-e03c-4971-9d53-0dbf708c793a" daemon [_thread_blocked, id=16760, stack(0x00000063e5300000,0x00000063e5400000) (1024K)]
  0x000001a4789e6f50 JavaThread "Framework Event Dispatcher: Equinox Container: 59116c7c-e03c-4971-9d53-0dbf708c793a" daemon [_thread_blocked, id=4276, stack(0x00000063e5500000,0x00000063e5600000) (1024K)]
  0x000001a478064c90 JavaThread "Start Level: Equinox Container: 59116c7c-e03c-4971-9d53-0dbf708c793a" daemon [_thread_blocked, id=15616, stack(0x00000063e5600000,0x00000063e5700000) (1024K)]
  0x000001a4790221e0 JavaThread "Bundle File Closer"         daemon [_thread_blocked, id=14012, stack(0x00000063e5800000,0x00000063e5900000) (1024K)]
  0x000001a4780384e0 JavaThread "SCR Component Actor"        daemon [_thread_blocked, id=18408, stack(0x00000063e5700000,0x00000063e5800000) (1024K)]
  0x000001a478b9c1d0 JavaThread "Worker-JM"                         [_thread_blocked, id=17480, stack(0x00000063e5900000,0x00000063e5a00000) (1024K)]
  0x000001a4791982d0 JavaThread "JNA Cleaner"                daemon [_thread_blocked, id=17972, stack(0x00000063e5a00000,0x00000063e5b00000) (1024K)]
  0x000001a4795b59d0 JavaThread "Java indexing"              daemon [_thread_blocked, id=14236, stack(0x00000063e6100000,0x00000063e6200000) (1024K)]
  0x000001a4795b6d80 JavaThread "Thread-1"                   daemon [_thread_in_native, id=17016, stack(0x00000063e6500000,0x00000063e6600000) (1024K)]
  0x000001a4795b7410 JavaThread "Thread-2"                   daemon [_thread_in_native, id=17744, stack(0x00000063e6600000,0x00000063e6700000) (1024K)]
  0x000001a47b12a300 JavaThread "Thread-3"                   daemon [_thread_in_native, id=14156, stack(0x00000063e6700000,0x00000063e6800000) (1024K)]
  0x000001a47b12a990 JavaThread "Thread-4"                   daemon [_thread_in_native, id=16932, stack(0x00000063e6800000,0x00000063e6900000) (1024K)]
  0x000001a47b12b020 JavaThread "Thread-5"                   daemon [_thread_in_native, id=4904, stack(0x00000063e6900000,0x00000063e6a00000) (1024K)]
  0x000001a47b129c70 JavaThread "Thread-6"                   daemon [_thread_in_native, id=9848, stack(0x00000063e6a00000,0x00000063e6b00000) (1024K)]
  0x000001a47b12d780 JavaThread "Thread-7"                   daemon [_thread_in_native, id=18376, stack(0x00000063e6b00000,0x00000063e6c00000) (1024K)]
  0x000001a47b12bd40 JavaThread "Thread-8"                   daemon [_thread_in_native, id=9532, stack(0x00000063e6c00000,0x00000063e6d00000) (1024K)]
  0x000001a47b12b6b0 JavaThread "Thread-9"                   daemon [_thread_in_native, id=15696, stack(0x00000063e6d00000,0x00000063e6e00000) (1024K)]
  0x000001a47b12d0f0 JavaThread "pool-2-thread-1"                   [_thread_blocked, id=15856, stack(0x00000063e6e00000,0x00000063e6f00000) (1024K)]
  0x000001a47b12de10 JavaThread "WorkspaceEventsHandler"            [_thread_blocked, id=5796, stack(0x00000063e6f00000,0x00000063e7000000) (1024K)]
  0x000001a47b12ca60 JavaThread "pool-1-thread-1"                   [_thread_blocked, id=18380, stack(0x00000063e7000000,0x00000063e7100000) (1024K)]
  0x000001a47b12f1c0 JavaThread "Timer-0"                           [_thread_blocked, id=14432, stack(0x00000063e5e00000,0x00000063e5f00000) (1024K)]
  0x000001a47b130570 JavaThread "Timer-1"                           [_thread_blocked, id=17832, stack(0x00000063e7500000,0x00000063e7600000) (1024K)]
  0x000001a47b130c00 JavaThread "Timer-2"                           [_thread_blocked, id=16200, stack(0x00000063e7600000,0x00000063e7700000) (1024K)]
  0x000001a4790867c0 JavaThread "Timer-3"                           [_thread_blocked, id=8728, stack(0x00000063e7700000,0x00000063e7800000) (1024K)]
  0x000001a4790874e0 JavaThread "Timer-4"                           [_thread_blocked, id=8696, stack(0x00000063e7800000,0x00000063e7900000) (1024K)]
  0x000001a479087b70 JavaThread "Timer-5"                           [_thread_blocked, id=13276, stack(0x00000063e7900000,0x00000063e7a00000) (1024K)]
  0x000001a479085410 JavaThread "Timer-6"                           [_thread_blocked, id=780, stack(0x00000063e3b00000,0x00000063e3c00000) (1024K)]
  0x000001a479086130 JavaThread "Timer-7"                           [_thread_blocked, id=18180, stack(0x00000063e3d00000,0x00000063e3e00000) (1024K)]
  0x000001a479086e50 JavaThread "Worker-6"                          [_thread_blocked, id=9008, stack(0x00000063e5b00000,0x00000063e5c00000) (1024K)]
  0x000001a479084060 JavaThread "Timer-8"                           [_thread_blocked, id=9888, stack(0x00000063e5f00000,0x00000063e6000000) (1024K)]
  0x000001a4790846f0 JavaThread "Timer-9"                           [_thread_blocked, id=8808, stack(0x00000063e5400000,0x00000063e5500000) (1024K)]
  0x000001a479088200 JavaThread "Timer-10"                          [_thread_blocked, id=9408, stack(0x00000063e6200000,0x00000063e6300000) (1024K)]
  0x000001a479088890 JavaThread "Timer-11"                          [_thread_blocked, id=16624, stack(0x00000063e6300000,0x00000063e6400000) (1024K)]
  0x000001a479085aa0 JavaThread "Timer-12"                          [_thread_blocked, id=2276, stack(0x00000063e7200000,0x00000063e7300000) (1024K)]
  0x000001a479089c40 JavaThread "Timer-13"                          [_thread_blocked, id=18948, stack(0x00000063e7300000,0x00000063e7400000) (1024K)]
  0x000001a47908a2d0 JavaThread "Timer-14"                          [_thread_blocked, id=6424, stack(0x00000063e7400000,0x00000063e7500000) (1024K)]
  0x000001a47908a960 JavaThread "Timer-15"                          [_thread_blocked, id=21476, stack(0x00000063e7a00000,0x00000063e7b00000) (1024K)]
  0x000001a47908aff0 JavaThread "Timer-16"                          [_thread_blocked, id=8636, stack(0x00000063e7b00000,0x00000063e7c00000) (1024K)]
  0x000001a47b12c3d0 JavaThread "Timer-17"                          [_thread_blocked, id=7764, stack(0x00000063e7c00000,0x00000063e7d00000) (1024K)]
  0x000001a47b12eb30 JavaThread "Timer-18"                          [_thread_blocked, id=9840, stack(0x00000063e7d00000,0x00000063e7e00000) (1024K)]
  0x000001a47b12e4a0 JavaThread "Timer-19"                          [_thread_blocked, id=12516, stack(0x00000063e7f00000,0x00000063e8000000) (1024K)]
  0x000001a47b131290 JavaThread "Timer-20"                          [_thread_blocked, id=3128, stack(0x00000063e7e00000,0x00000063e7f00000) (1024K)]
  0x000001a4795b5340 JavaThread "Timer-21"                          [_thread_blocked, id=7312, stack(0x00000063e8000000,0x00000063e8100000) (1024K)]
  0x000001a4795b4620 JavaThread "Timer-22"                          [_thread_blocked, id=11952, stack(0x00000063e8100000,0x00000063e8200000) (1024K)]
  0x000001a4795b6060 JavaThread "Timer-23"                          [_thread_blocked, id=13784, stack(0x00000063e8200000,0x00000063e8300000) (1024K)]
  0x000001a4795b66f0 JavaThread "Timer-24"                          [_thread_blocked, id=13760, stack(0x00000063e8300000,0x00000063e8400000) (1024K)]
  0x000001a47908b680 JavaThread "Timer-25"                          [_thread_blocked, id=7252, stack(0x00000063e8400000,0x00000063e8500000) (1024K)]
  0x000001a47bf01240 JavaThread "Timer-26"                          [_thread_blocked, id=3820, stack(0x00000063e8500000,0x00000063e8600000) (1024K)]
  0x000001a47bf00bb0 JavaThread "Timer-27"                          [_thread_blocked, id=9744, stack(0x00000063e6000000,0x00000063e6100000) (1024K)]
  0x000001a47bf01f60 JavaThread "Timer-28"                          [_thread_blocked, id=12444, stack(0x00000063e8600000,0x00000063e8700000) (1024K)]
  0x000001a47bf02c80 JavaThread "Timer-29"                          [_thread_blocked, id=4768, stack(0x00000063e8700000,0x00000063e8800000) (1024K)]
  0x000001a47bf018d0 JavaThread "Timer-30"                          [_thread_blocked, id=12148, stack(0x00000063e8800000,0x00000063e8900000) (1024K)]
  0x000001a47bf03310 JavaThread "Timer-31"                          [_thread_blocked, id=18300, stack(0x00000063e8a00000,0x00000063e8b00000) (1024K)]
  0x000001a47bf039a0 JavaThread "Timer-32"                          [_thread_blocked, id=19428, stack(0x00000063e6400000,0x00000063e6500000) (1024K)]
  0x000001a47bf00520 JavaThread "Timer-33"                          [_thread_blocked, id=9828, stack(0x00000063e8900000,0x00000063e8a00000) (1024K)]
  0x000001a47bf053e0 JavaThread "Timer-34"                          [_thread_blocked, id=20396, stack(0x00000063e8c00000,0x00000063e8d00000) (1024K)]
  0x000001a47bf06790 JavaThread "Timer-35"                          [_thread_blocked, id=6004, stack(0x00000063e8b00000,0x00000063e8c00000) (1024K)]
  0x000001a47bf06100 JavaThread "Timer-36"                          [_thread_blocked, id=5420, stack(0x00000063e8f00000,0x00000063e9000000) (1024K)]
  0x000001a47bf05a70 JavaThread "Timer-37"                          [_thread_blocked, id=19752, stack(0x00000063e9000000,0x00000063e9100000) (1024K)]
  0x000001a479088f20 JavaThread "Worker-7"                          [_thread_blocked, id=18692, stack(0x00000063e5c00000,0x00000063e5d00000) (1024K)]
Total: 72

Other Threads:
  0x000001a45bb23550 VMThread "VM Thread"                           [id=16996, stack(0x00000063e4100000,0x00000063e4200000) (1024K)]
  0x000001a45ba3ca00 WatcherThread "VM Periodic Task Thread"        [id=16988, stack(0x00000063e4000000,0x00000063e4100000) (1024K)]
  0x000001a45bbcd000 WorkerThread "GC Thread#0"                     [id=13620, stack(0x00000063e3f00000,0x00000063e4000000) (1024K)]
  0x000001a4786537e0 WorkerThread "GC Thread#1"                     [id=14496, stack(0x00000063e4d00000,0x00000063e4e00000) (1024K)]
  0x000001a4789c59b0 WorkerThread "GC Thread#2"                     [id=4244, stack(0x00000063e4e00000,0x00000063e4f00000) (1024K)]
  0x000001a4789c5d50 WorkerThread "GC Thread#3"                     [id=2120, stack(0x00000063e4f00000,0x00000063e5000000) (1024K)]
  0x000001a4789c60f0 WorkerThread "GC Thread#4"                     [id=16152, stack(0x00000063e5000000,0x00000063e5100000) (1024K)]
  0x000001a478478ca0 WorkerThread "GC Thread#5"                     [id=11816, stack(0x00000063e5100000,0x00000063e5200000) (1024K)]
  0x000001a478479040 WorkerThread "GC Thread#6"                     [id=1868, stack(0x00000063e5200000,0x00000063e5300000) (1024K)]
  0x000001a478cd9560 WorkerThread "GC Thread#7"                     [id=4120, stack(0x00000063e3c00000,0x00000063e3d00000) (1024K)]
Total: 10

Threads with active compile tasks:
Total: 0

VM state: not at safepoint (normal execution)

VM Mutex/Monitor currently owned by a thread: None

Heap address: 0x0000000080000000, size: 2048 MB, Compressed Oops mode: 32-bit

CDS archive(s) mapped at: [0x000001a400000000-0x000001a400ba0000-0x000001a400ba0000), size 12189696, SharedBaseAddress: 0x000001a400000000, ArchiveRelocationMode: 1.
Compressed class space mapped at: 0x000001a401000000-0x000001a441000000, reserved size: 1073741824
Narrow klass base: 0x000001a400000000, Narrow klass shift: 0, Narrow klass range: 0x100000000

GC Precious Log:
 CardTable entry size: 512
 CPUs: 8 total, 8 available
 Memory: 8083M
 Large Page Support: Disabled
 NUMA Support: Disabled
 Compressed Oops: Enabled (32-bit)
 Alignments: Space 512K, Generation 512K, Heap 2M
 Heap Min Capacity: 100M
 Heap Initial Capacity: 100M
 Heap Max Capacity: 2G
 Pre-touch: Disabled
 Parallel Workers: 8

Heap:
 PSYoungGen      total 9216K, used 1233K [0x00000000d5580000, 0x00000000d6100000, 0x0000000100000000)
  eden space 8704K, 10% used [0x00000000d5580000,0x00000000d566c648,0x00000000d5e00000)
  from space 512K, 56% used [0x00000000d6000000,0x00000000d6048000,0x00000000d6080000)
  to   space 512K, 0% used [0x00000000d6080000,0x00000000d6080000,0x00000000d6100000)
 ParOldGen       total 83456K, used 82990K [0x0000000080000000, 0x0000000085180000, 0x00000000d5580000)
  object space 83456K, 99% used [0x0000000080000000,0x000000008510b940,0x0000000085180000)
 Metaspace       used 80832K, committed 82432K, reserved 1179648K
  class space    used 10132K, committed 10816K, reserved 1048576K

Card table byte_map: [0x000001a45b550000,0x000001a45b960000] _byte_map_base: 0x000001a45b150000

Marking Bits: (ParMarkBitMap*) 0x00007ffe37412460
 Begin Bits: [0x000001a46e060000, 0x000001a470060000)
 End Bits:   [0x000001a470060000, 0x000001a472060000)

Polling page: 0x000001a459c50000

Metaspace:

Usage:
  Non-class:     69.04 MB used.
      Class:      9.90 MB used.
       Both:     78.94 MB used.

Virtual space:
  Non-class space:      128.00 MB reserved,      69.94 MB ( 55%) committed,  2 nodes.
      Class space:        1.00 GB reserved,      10.56 MB (  1%) committed,  1 nodes.
             Both:        1.12 GB reserved,      80.50 MB (  7%) committed. 

Chunk freelists:
   Non-Class:  9.25 MB
       Class:  5.38 MB
        Both:  14.63 MB

MaxMetaspaceSize: unlimited
CompressedClassSpaceSize: 1.00 GB
Initial GC threshold: 21.00 MB
Current GC threshold: 98.12 MB
CDS: on
 - commit_granule_bytes: 65536.
 - commit_granule_words: 8192.
 - virtual_space_node_default_size: 8388608.
 - enlarge_chunks_in_place: 1.
 - use_allocation_guard: 0.


Internal statistics:

num_allocs_failed_limit: 15.
num_arena_births: 1460.
num_arena_deaths: 26.
num_vsnodes_births: 3.
num_vsnodes_deaths: 0.
num_space_committed: 1288.
num_space_uncommitted: 0.
num_chunks_returned_to_freelist: 43.
num_chunks_taken_from_freelist: 5039.
num_chunk_merges: 22.
num_chunk_splits: 3281.
num_chunks_enlarged: 2092.
num_inconsistent_stats: 0.

CodeHeap 'non-profiled nmethods': size=120000Kb used=7167Kb max_used=7167Kb free=112832Kb
 bounds [0x000001a466880000, 0x000001a466f80000, 0x000001a46ddb0000]
CodeHeap 'profiled nmethods': size=120000Kb used=20151Kb max_used=20151Kb free=99849Kb
 bounds [0x000001a45edb0000, 0x000001a460160000, 0x000001a4662e0000]
CodeHeap 'non-nmethods': size=5760Kb used=1427Kb max_used=1497Kb free=4332Kb
 bounds [0x000001a4662e0000, 0x000001a466550000, 0x000001a466880000]
CodeCache: size=245760Kb, used=28745Kb, max_used=28815Kb, free=217013Kb
 total_blobs=10259, nmethods=9516, adapters=649, full_count=0
Compilation: enabled, stopped_count=0, restarted_count=0

Compilation events (20 events):
Event: 35763.663 Thread 0x000001a478048220 10353  s    3       org.eclipse.core.internal.jobs.OrderedLock::doRelease (39 bytes)
Event: 35763.681 Thread 0x000001a478048220 nmethod 10353 0x000001a460156e90 code [0x000001a4601570a0, 0x000001a460157650]
Event: 35763.792 Thread 0x000001a478048220 10354       3       org.eclipse.lsp4j.jsonrpc.messages.Either::forLeft (10 bytes)
Event: 35763.803 Thread 0x000001a478048220 nmethod 10354 0x000001a460157890 code [0x000001a460157a40, 0x000001a460157c68]
Event: 35763.803 Thread 0x000001a478048220 10355       3       java.lang.String::getBytes (16 bytes)
Event: 35763.812 Thread 0x000001a478048220 nmethod 10355 0x000001a460157d90 code [0x000001a460157fc0, 0x000001a460158610]
Event: 35763.836 Thread 0x000001a478048220 10356   !   3       org.eclipse.core.internal.dtree.DataTreeNode::asReverseComparisonNode (138 bytes)
Event: 35763.860 Thread 0x000001a478048220 nmethod 10356 0x000001a460158910 code [0x000001a460158b60, 0x000001a4601595e0]
Event: 35763.860 Thread 0x000001a478048220 10357       3       org.eclipse.core.internal.dtree.NodeComparison::asReverseComparison (67 bytes)
Event: 35763.862 Thread 0x000001a478048220 nmethod 10357 0x000001a460159a10 code [0x000001a460159bc0, 0x000001a460159e70]
Event: 35763.862 Thread 0x000001a478048220 10358       3       org.eclipse.core.internal.events.NodeIDMap::isEmpty (11 bytes)
Event: 35763.864 Thread 0x000001a478048220 nmethod 10358 0x000001a460159f90 code [0x000001a46015a140, 0x000001a46015a2b0]
Event: 35763.923 Thread 0x000001a478048220 10359       3       java.util.AbstractMap$1$1::next (18 bytes)
Event: 35763.926 Thread 0x000001a478048220 nmethod 10359 0x000001a46015a390 code [0x000001a46015a560, 0x000001a46015a908]
Event: 35763.937 Thread 0x000001a478048220 10360       3       org.eclipse.jdt.ls.core.internal.handlers.ProgressReporterManager$ProgressReporter::isDone (29 bytes)
Event: 35763.940 Thread 0x000001a478048220 nmethod 10360 0x000001a46015aa10 code [0x000001a46015abc0, 0x000001a46015adb0]
Event: 35763.940 Thread 0x000001a478048220 10361       3       org.eclipse.core.internal.dtree.AbstractDataTreeNode::compareWith (364 bytes)
Event: 35763.957 Thread 0x000001a478048220 nmethod 10361 0x000001a46015ae90 code [0x000001a46015b200, 0x000001a46015d290]
Event: 35872.257 Thread 0x000001a478048220 10362       1       org.eclipse.core.internal.jobs.InternalJob::getProgressMonitor (5 bytes)
Event: 35872.289 Thread 0x000001a478048220 nmethod 10362 0x000001a466f7fb90 code [0x000001a466f7fd20, 0x000001a466f7fde8]

GC Heap History (20 events):
Event: 9502.667 GC heap before
{Heap before GC invocations=109 (full 3):
 PSYoungGen      total 9216K, used 9216K [0x00000000d5580000, 0x00000000d6500000, 0x0000000100000000)
  eden space 8704K, 100% used [0x00000000d5580000,0x00000000d5e00000,0x00000000d5e00000)
  from space 512K, 100% used [0x00000000d5f80000,0x00000000d6000000,0x00000000d6000000)
  to   space 3584K, 0% used [0x00000000d6180000,0x00000000d6180000,0x00000000d6500000)
 ParOldGen       total 80896K, used 80444K [0x0000000080000000, 0x0000000084f00000, 0x00000000d5580000)
  object space 80896K, 99% used [0x0000000080000000,0x0000000084e8f1b0,0x0000000084f00000)
 Metaspace       used 76983K, committed 78656K, reserved 1179648K
  class space    used 9776K, committed 10496K, reserved 1048576K
}
Event: 9502.674 GC heap after
{Heap after GC invocations=109 (full 3):
 PSYoungGen      total 9728K, used 852K [0x00000000d5580000, 0x00000000d6280000, 0x0000000100000000)
  eden space 8704K, 0% used [0x00000000d5580000,0x00000000d5580000,0x00000000d5e00000)
  from space 1024K, 83% used [0x00000000d6180000,0x00000000d62553c8,0x00000000d6280000)
  to   space 1536K, 0% used [0x00000000d5f80000,0x00000000d5f80000,0x00000000d6100000)
 ParOldGen       total 81408K, used 80988K [0x0000000080000000, 0x0000000084f80000, 0x00000000d5580000)
  object space 81408K, 99% used [0x0000000080000000,0x0000000084f171b0,0x0000000084f80000)
 Metaspace       used 76983K, committed 78656K, reserved 1179648K
  class space    used 9776K, committed 10496K, reserved 1048576K
}
Event: 9503.095 GC heap before
{Heap before GC invocations=110 (full 3):
 PSYoungGen      total 9728K, used 9556K [0x00000000d5580000, 0x00000000d6280000, 0x0000000100000000)
  eden space 8704K, 100% used [0x00000000d5580000,0x00000000d5e00000,0x00000000d5e00000)
  from space 1024K, 83% used [0x00000000d6180000,0x00000000d62553c8,0x00000000d6280000)
  to   space 1536K, 0% used [0x00000000d5f80000,0x00000000d5f80000,0x00000000d6100000)
 ParOldGen       total 81408K, used 80988K [0x0000000080000000, 0x0000000084f80000, 0x00000000d5580000)
  object space 81408K, 99% used [0x0000000080000000,0x0000000084f171b0,0x0000000084f80000)
 Metaspace       used 77596K, committed 79232K, reserved 1179648K
  class space    used 9847K, committed 10560K, reserved 1048576K
}
Event: 9503.102 GC heap after
{Heap after GC invocations=110 (full 3):
 PSYoungGen      total 10240K, used 1524K [0x00000000d5580000, 0x00000000d6300000, 0x0000000100000000)
  eden space 8704K, 0% used [0x00000000d5580000,0x00000000d5580000,0x00000000d5e00000)
  from space 1536K, 99% used [0x00000000d5f80000,0x00000000d60fd108,0x00000000d6100000)
  to   space 2048K, 0% used [0x00000000d6100000,0x00000000d6100000,0x00000000d6300000)
 ParOldGen       total 81920K, used 81729K [0x0000000080000000, 0x0000000085000000, 0x00000000d5580000)
  object space 81920K, 99% used [0x0000000080000000,0x0000000084fd06d8,0x0000000085000000)
 Metaspace       used 77596K, committed 79232K, reserved 1179648K
  class space    used 9847K, committed 10560K, reserved 1048576K
}
Event: 9503.303 GC heap before
{Heap before GC invocations=111 (full 3):
 PSYoungGen      total 10240K, used 10203K [0x00000000d5580000, 0x00000000d6300000, 0x0000000100000000)
  eden space 8704K, 99% used [0x00000000d5580000,0x00000000d5df9cf0,0x00000000d5e00000)
  from space 1536K, 99% used [0x00000000d5f80000,0x00000000d60fd108,0x00000000d6100000)
  to   space 2048K, 0% used [0x00000000d6100000,0x00000000d6100000,0x00000000d6300000)
 ParOldGen       total 81920K, used 81729K [0x0000000080000000, 0x0000000085000000, 0x00000000d5580000)
  object space 81920K, 99% used [0x0000000080000000,0x0000000084fd06d8,0x0000000085000000)
 Metaspace       used 77609K, committed 79232K, reserved 1179648K
  class space    used 9847K, committed 10560K, reserved 1048576K
}
Event: 9503.309 GC heap after
{Heap after GC invocations=111 (full 3):
 PSYoungGen      total 9216K, used 269K [0x00000000d5580000, 0x00000000d6180000, 0x0000000100000000)
  eden space 8704K, 0% used [0x00000000d5580000,0x00000000d5580000,0x00000000d5e00000)
  from space 512K, 52% used [0x00000000d6100000,0x00000000d6143458,0x00000000d6180000)
  to   space 1024K, 0% used [0x00000000d5f80000,0x00000000d5f80000,0x00000000d6080000)
 ParOldGen       total 82944K, used 82486K [0x0000000080000000, 0x0000000085100000, 0x00000000d5580000)
  object space 82944K, 99% used [0x0000000080000000,0x000000008508d940,0x0000000085100000)
 Metaspace       used 77609K, committed 79232K, reserved 1179648K
  class space    used 9847K, committed 10560K, reserved 1048576K
}
Event: 9504.030 GC heap before
{Heap before GC invocations=112 (full 3):
 PSYoungGen      total 9216K, used 8973K [0x00000000d5580000, 0x00000000d6180000, 0x0000000100000000)
  eden space 8704K, 99% used [0x00000000d5580000,0x00000000d5dfffd0,0x00000000d5e00000)
  from space 512K, 52% used [0x00000000d6100000,0x00000000d6143458,0x00000000d6180000)
  to   space 1024K, 0% used [0x00000000d5f80000,0x00000000d5f80000,0x00000000d6080000)
 ParOldGen       total 82944K, used 82486K [0x0000000080000000, 0x0000000085100000, 0x00000000d5580000)
  object space 82944K, 99% used [0x0000000080000000,0x000000008508d940,0x0000000085100000)
 Metaspace       used 77618K, committed 79232K, reserved 1179648K
  class space    used 9847K, committed 10560K, reserved 1048576K
}
Event: 9504.036 GC heap after
{Heap after GC invocations=112 (full 3):
 PSYoungGen      total 9728K, used 521K [0x00000000d5580000, 0x00000000d6180000, 0x0000000100000000)
  eden space 8704K, 0% used [0x00000000d5580000,0x00000000d5580000,0x00000000d5e00000)
  from space 1024K, 50% used [0x00000000d5f80000,0x00000000d6002788,0x00000000d6080000)
  to   space 1024K, 0% used [0x00000000d6080000,0x00000000d6080000,0x00000000d6180000)
 ParOldGen       total 82944K, used 82502K [0x0000000080000000, 0x0000000085100000, 0x00000000d5580000)
  object space 82944K, 99% used [0x0000000080000000,0x0000000085091940,0x0000000085100000)
 Metaspace       used 77618K, committed 79232K, reserved 1179648K
  class space    used 9847K, committed 10560K, reserved 1048576K
}
Event: 9504.391 GC heap before
{Heap before GC invocations=113 (full 3):
 PSYoungGen      total 9728K, used 9225K [0x00000000d5580000, 0x00000000d6180000, 0x0000000100000000)
  eden space 8704K, 100% used [0x00000000d5580000,0x00000000d5e00000,0x00000000d5e00000)
  from space 1024K, 50% used [0x00000000d5f80000,0x00000000d6002788,0x00000000d6080000)
  to   space 1024K, 0% used [0x00000000d6080000,0x00000000d6080000,0x00000000d6180000)
 ParOldGen       total 82944K, used 82502K [0x0000000080000000, 0x0000000085100000, 0x00000000d5580000)
  object space 82944K, 99% used [0x0000000080000000,0x0000000085091940,0x0000000085100000)
 Metaspace       used 77619K, committed 79232K, reserved 1179648K
  class space    used 9847K, committed 10560K, reserved 1048576K
}
Event: 9504.394 GC heap after
{Heap after GC invocations=113 (full 3):
 PSYoungGen      total 9216K, used 489K [0x00000000d5580000, 0x00000000d6100000, 0x0000000100000000)
  eden space 8704K, 0% used [0x00000000d5580000,0x00000000d5580000,0x00000000d5e00000)
  from space 512K, 95% used [0x00000000d6080000,0x00000000d60fa7e8,0x00000000d6100000)
  to   space 512K, 0% used [0x00000000d6000000,0x00000000d6000000,0x00000000d6080000)
 ParOldGen       total 82944K, used 82518K [0x0000000080000000, 0x0000000085100000, 0x00000000d5580000)
  object space 82944K, 99% used [0x0000000080000000,0x0000000085095940,0x0000000085100000)
 Metaspace       used 77619K, committed 79232K, reserved 1179648K
  class space    used 9847K, committed 10560K, reserved 1048576K
}
Event: 9505.129 GC heap before
{Heap before GC invocations=114 (full 3):
 PSYoungGen      total 9216K, used 9193K [0x00000000d5580000, 0x00000000d6100000, 0x0000000100000000)
  eden space 8704K, 100% used [0x00000000d5580000,0x00000000d5e00000,0x00000000d5e00000)
  from space 512K, 95% used [0x00000000d6080000,0x00000000d60fa7e8,0x00000000d6100000)
  to   space 512K, 0% used [0x00000000d6000000,0x00000000d6000000,0x00000000d6080000)
 ParOldGen       total 82944K, used 82518K [0x0000000080000000, 0x0000000085100000, 0x00000000d5580000)
  object space 82944K, 99% used [0x0000000080000000,0x0000000085095940,0x0000000085100000)
 Metaspace       used 78485K, committed 80128K, reserved 1179648K
  class space    used 9928K, committed 10624K, reserved 1048576K
}
Event: 9505.130 GC heap after
{Heap after GC invocations=114 (full 3):
 PSYoungGen      total 9216K, used 192K [0x00000000d5580000, 0x00000000d6100000, 0x0000000100000000)
  eden space 8704K, 0% used [0x00000000d5580000,0x00000000d5580000,0x00000000d5e00000)
  from space 512K, 37% used [0x00000000d6000000,0x00000000d6030000,0x00000000d6080000)
  to   space 512K, 0% used [0x00000000d6080000,0x00000000d6080000,0x00000000d6100000)
 ParOldGen       total 82944K, used 82518K [0x0000000080000000, 0x0000000085100000, 0x00000000d5580000)
  object space 82944K, 99% used [0x0000000080000000,0x0000000085095940,0x0000000085100000)
 Metaspace       used 78485K, committed 80128K, reserved 1179648K
  class space    used 9928K, committed 10624K, reserved 1048576K
}
Event: 9505.853 GC heap before
{Heap before GC invocations=115 (full 3):
 PSYoungGen      total 9216K, used 8896K [0x00000000d5580000, 0x00000000d6100000, 0x0000000100000000)
  eden space 8704K, 100% used [0x00000000d5580000,0x00000000d5e00000,0x00000000d5e00000)
  from space 512K, 37% used [0x00000000d6000000,0x00000000d6030000,0x00000000d6080000)
  to   space 512K, 0% used [0x00000000d6080000,0x00000000d6080000,0x00000000d6100000)
 ParOldGen       total 82944K, used 82518K [0x0000000080000000, 0x0000000085100000, 0x00000000d5580000)
  object space 82944K, 99% used [0x0000000080000000,0x0000000085095940,0x0000000085100000)
 Metaspace       used 78866K, committed 80448K, reserved 1179648K
  class space    used 9989K, committed 10688K, reserved 1048576K
}
Event: 9505.855 GC heap after
{Heap after GC invocations=115 (full 3):
 PSYoungGen      total 9216K, used 288K [0x00000000d5580000, 0x00000000d6100000, 0x0000000100000000)
  eden space 8704K, 0% used [0x00000000d5580000,0x00000000d5580000,0x00000000d5e00000)
  from space 512K, 56% used [0x00000000d6080000,0x00000000d60c8000,0x00000000d6100000)
  to   space 512K, 0% used [0x00000000d6000000,0x00000000d6000000,0x00000000d6080000)
 ParOldGen       total 82944K, used 82550K [0x0000000080000000, 0x0000000085100000, 0x00000000d5580000)
  object space 82944K, 99% used [0x0000000080000000,0x000000008509d940,0x0000000085100000)
 Metaspace       used 78866K, committed 80448K, reserved 1179648K
  class space    used 9989K, committed 10688K, reserved 1048576K
}
Event: 9506.903 GC heap before
{Heap before GC invocations=116 (full 3):
 PSYoungGen      total 9216K, used 8992K [0x00000000d5580000, 0x00000000d6100000, 0x0000000100000000)
  eden space 8704K, 100% used [0x00000000d5580000,0x00000000d5e00000,0x00000000d5e00000)
  from space 512K, 56% used [0x00000000d6080000,0x00000000d60c8000,0x00000000d6100000)
  to   space 512K, 0% used [0x00000000d6000000,0x00000000d6000000,0x00000000d6080000)
 ParOldGen       total 82944K, used 82550K [0x0000000080000000, 0x0000000085100000, 0x00000000d5580000)
  object space 82944K, 99% used [0x0000000080000000,0x000000008509d940,0x0000000085100000)
 Metaspace       used 79332K, committed 80960K, reserved 1179648K
  class space    used 10031K, committed 10752K, reserved 1048576K
}
Event: 9506.906 GC heap after
{Heap after GC invocations=116 (full 3):
 PSYoungGen      total 9216K, used 288K [0x00000000d5580000, 0x00000000d6100000, 0x0000000100000000)
  eden space 8704K, 0% used [0x00000000d5580000,0x00000000d5580000,0x00000000d5e00000)
  from space 512K, 56% used [0x00000000d6000000,0x00000000d6048000,0x00000000d6080000)
  to   space 512K, 0% used [0x00000000d6080000,0x00000000d6080000,0x00000000d6100000)
 ParOldGen       total 82944K, used 82662K [0x0000000080000000, 0x0000000085100000, 0x00000000d5580000)
  object space 82944K, 99% used [0x0000000080000000,0x00000000850b9940,0x0000000085100000)
 Metaspace       used 79332K, committed 80960K, reserved 1179648K
  class space    used 10031K, committed 10752K, reserved 1048576K
}
Event: 9507.511 GC heap before
{Heap before GC invocations=117 (full 3):
 PSYoungGen      total 9216K, used 8992K [0x00000000d5580000, 0x00000000d6100000, 0x0000000100000000)
  eden space 8704K, 100% used [0x00000000d5580000,0x00000000d5e00000,0x00000000d5e00000)
  from space 512K, 56% used [0x00000000d6000000,0x00000000d6048000,0x00000000d6080000)
  to   space 512K, 0% used [0x00000000d6080000,0x00000000d6080000,0x00000000d6100000)
 ParOldGen       total 82944K, used 82662K [0x0000000080000000, 0x0000000085100000, 0x00000000d5580000)
  object space 82944K, 99% used [0x0000000080000000,0x00000000850b9940,0x0000000085100000)
 Metaspace       used 79720K, committed 81344K, reserved 1179648K
  class space    used 10082K, committed 10816K, reserved 1048576K
}
Event: 9507.514 GC heap after
{Heap after GC invocations=117 (full 3):
 PSYoungGen      total 9216K, used 256K [0x00000000d5580000, 0x00000000d6100000, 0x0000000100000000)
  eden space 8704K, 0% used [0x00000000d5580000,0x00000000d5580000,0x00000000d5e00000)
  from space 512K, 50% used [0x00000000d6080000,0x00000000d60c0000,0x00000000d6100000)
  to   space 512K, 0% used [0x00000000d6000000,0x00000000d6000000,0x00000000d6080000)
 ParOldGen       total 82944K, used 82846K [0x0000000080000000, 0x0000000085100000, 0x00000000d5580000)
  object space 82944K, 99% used [0x0000000080000000,0x00000000850e7940,0x0000000085100000)
 Metaspace       used 79720K, committed 81344K, reserved 1179648K
  class space    used 10082K, committed 10816K, reserved 1048576K
}
Event: 9601.352 GC heap before
{Heap before GC invocations=118 (full 3):
 PSYoungGen      total 9216K, used 8960K [0x00000000d5580000, 0x00000000d6100000, 0x0000000100000000)
  eden space 8704K, 100% used [0x00000000d5580000,0x00000000d5e00000,0x00000000d5e00000)
  from space 512K, 50% used [0x00000000d6080000,0x00000000d60c0000,0x00000000d6100000)
  to   space 512K, 0% used [0x00000000d6000000,0x00000000d6000000,0x00000000d6080000)
 ParOldGen       total 82944K, used 82846K [0x0000000080000000, 0x0000000085100000, 0x00000000d5580000)
  object space 82944K, 99% used [0x0000000080000000,0x00000000850e7940,0x0000000085100000)
 Metaspace       used 80813K, committed 82368K, reserved 1179648K
  class space    used 10132K, committed 10816K, reserved 1048576K
}
Event: 9601.373 GC heap after
{Heap after GC invocations=118 (full 3):
 PSYoungGen      total 9216K, used 288K [0x00000000d5580000, 0x00000000d6100000, 0x0000000100000000)
  eden space 8704K, 0% used [0x00000000d5580000,0x00000000d5580000,0x00000000d5e00000)
  from space 512K, 56% used [0x00000000d6000000,0x00000000d6048000,0x00000000d6080000)
  to   space 512K, 0% used [0x00000000d6080000,0x00000000d6080000,0x00000000d6100000)
 ParOldGen       total 83456K, used 82990K [0x0000000080000000, 0x0000000085180000, 0x00000000d5580000)
  object space 83456K, 99% used [0x0000000080000000,0x000000008510b940,0x0000000085180000)
 Metaspace       used 80813K, committed 82368K, reserved 1179648K
  class space    used 10132K, committed 10816K, reserved 1048576K
}

Dll operation events (16 events):
Event: 0.100 Loaded shared library c:\Users\91723\.antigravity\extensions\redhat.java-1.51.0-win32-x64\jre\21.0.9-win32-x86_64\bin\java.dll
Event: 0.544 Loaded shared library c:\Users\91723\.antigravity\extensions\redhat.java-1.51.0-win32-x64\jre\21.0.9-win32-x86_64\bin\zip.dll
Event: 0.600 Loaded shared library C:\Users\91723\.antigravity\extensions\redhat.java-1.51.0-win32-x64\jre\21.0.9-win32-x86_64\bin\instrument.dll
Event: 0.629 Loaded shared library C:\Users\91723\.antigravity\extensions\redhat.java-1.51.0-win32-x64\jre\21.0.9-win32-x86_64\bin\net.dll
Event: 0.637 Loaded shared library C:\Users\91723\.antigravity\extensions\redhat.java-1.51.0-win32-x64\jre\21.0.9-win32-x86_64\bin\nio.dll
Event: 0.645 Loaded shared library C:\Users\91723\.antigravity\extensions\redhat.java-1.51.0-win32-x64\jre\21.0.9-win32-x86_64\bin\zip.dll
Event: 0.697 Loaded shared library C:\Users\91723\.antigravity\extensions\redhat.java-1.51.0-win32-x64\jre\21.0.9-win32-x86_64\bin\jimage.dll
Event: 0.947 Loaded shared library c:\Users\91723\.antigravity\extensions\redhat.java-1.51.0-win32-x64\jre\21.0.9-win32-x86_64\bin\verify.dll
Event: 32.440 Loaded shared library C:\Users\91723\AppData\Roaming\Antigravity\User\globalStorage\redhat.java\1.51.0\config_win\org.eclipse.equinox.launcher\org.eclipse.equinox.launcher.win32.win32.x86_64_1.2.1400.v20250801-0854\eclipse_11916.dll
Event: 60.019 Loaded shared library C:\Users\91723\AppData\Local\Temp\jna-54154912\jna4342720457018668013.dll
Event: 75.819 Loaded shared library C:\Users\91723\.gradle\native\c067742578af261105cb4f569cf0c3c89f3d7b1fecec35dd04571415982c5e48\windows-amd64\native-platform.dll
Event: 78.835 Loaded shared library C:\Users\91723\.antigravity\extensions\redhat.java-1.51.0-win32-x64\jre\21.0.9-win32-x86_64\bin\management.dll
Event: 78.843 Loaded shared library C:\Users\91723\.antigravity\extensions\redhat.java-1.51.0-win32-x64\jre\21.0.9-win32-x86_64\bin\management_ext.dll
Event: 91.163 Loaded shared library C:\Users\91723\.gradle\native\c067742578af261105cb4f569cf0c3c89f3d7b1fecec35dd04571415982c5e48\windows-amd64-min\native-platform.dll
Event: 99.669 Loaded shared library C:\Users\91723\.antigravity\extensions\redhat.java-1.51.0-win32-x64\jre\21.0.9-win32-x86_64\bin\extnet.dll
Event: 107.676 Loaded shared library C:\Users\91723\.antigravity\extensions\redhat.java-1.51.0-win32-x64\jre\21.0.9-win32-x86_64\bin\sunmscapi.dll

Deoptimization events (20 events):
Event: 9505.488 Thread 0x000001a47b12de10 DEOPT PACKING pc=0x000001a46003b70d sp=0x00000063e6ffcf80
Event: 9505.488 Thread 0x000001a47b12de10 DEOPT UNPACKING pc=0x000001a466334242 sp=0x00000063e6ffc430 mode 0
Event: 9505.539 Thread 0x000001a47b12de10 DEOPT PACKING pc=0x000001a46003b70d sp=0x00000063e6ff9720
Event: 9505.539 Thread 0x000001a47b12de10 DEOPT UNPACKING pc=0x000001a466334242 sp=0x00000063e6ff8bd0 mode 0
Event: 9507.580 Thread 0x000001a47b12de10 Uncommon trap: trap_request=0xffffff45 fr.pc=0x000001a466c8c1f0 relative=0x0000000000001010
Event: 9507.580 Thread 0x000001a47b12de10 Uncommon trap: reason=unstable_if action=reinterpret pc=0x000001a466c8c1f0 method=java.util.regex.Pattern.sequence(Ljava/util/regex/Pattern$Node;)Ljava/util/regex/Pattern$Node; @ 364 c2
Event: 9507.580 Thread 0x000001a47b12de10 DEOPT PACKING pc=0x000001a466c8c1f0 sp=0x00000063e6ffce60
Event: 9507.580 Thread 0x000001a47b12de10 DEOPT UNPACKING pc=0x000001a466333aa2 sp=0x00000063e6ffce00 mode 2
Event: 9601.476 Thread 0x000001a47b12de10 DEOPT PACKING pc=0x000001a45fd5a841 sp=0x00000063e6ffe9e0
Event: 9601.477 Thread 0x000001a47b12de10 DEOPT UNPACKING pc=0x000001a466334242 sp=0x00000063e6ffdec0 mode 0
Event: 9735.418 Thread 0x000001a47bf00bb0 DEOPT PACKING pc=0x000001a45fd558e2 sp=0x00000063e60ff240
Event: 9735.421 Thread 0x000001a47bf00bb0 DEOPT UNPACKING pc=0x000001a466334242 sp=0x00000063e60fe718 mode 0
Event: 10144.914 Thread 0x000001a47bf01f60 DEOPT PACKING pc=0x000001a45fd558e2 sp=0x00000063e86fef90
Event: 10144.916 Thread 0x000001a47bf01f60 DEOPT UNPACKING pc=0x000001a466334242 sp=0x00000063e86fe468 mode 0
Event: 33139.861 Thread 0x000001a479085410 DEOPT PACKING pc=0x000001a45fd558e2 sp=0x00000063e3bff4e0
Event: 33139.865 Thread 0x000001a479085410 DEOPT UNPACKING pc=0x000001a466334242 sp=0x00000063e3bfe9b8 mode 0
Event: 33139.875 Thread 0x000001a47b12c3d0 DEOPT PACKING pc=0x000001a45fd558e2 sp=0x00000063e7cff0c0
Event: 33139.878 Thread 0x000001a47bf02c80 DEOPT PACKING pc=0x000001a45fd558e2 sp=0x00000063e87ff3a0
Event: 33139.883 Thread 0x000001a47b12c3d0 DEOPT UNPACKING pc=0x000001a466334242 sp=0x00000063e7cfe598 mode 0
Event: 33139.885 Thread 0x000001a47bf02c80 DEOPT UNPACKING pc=0x000001a466334242 sp=0x00000063e87fe878 mode 0

Classes loaded (20 events):
Event: 390.265 Loading class java/util/stream/Nodes$CollectorTask$OfRef
Event: 390.275 Loading class java/util/stream/Nodes$CollectorTask
Event: 390.283 Loading class java/util/stream/Nodes$CollectorTask done
Event: 390.283 Loading class java/util/stream/Nodes$CollectorTask$OfRef done
Event: 390.286 Loading class java/util/function/LongFunction
Event: 390.288 Loading class java/util/function/LongFunction done
Event: 390.296 Loading class java/util/stream/Nodes$ConcNode
Event: 390.299 Loading class java/util/stream/Nodes$AbstractConcNode
Event: 390.304 Loading class java/util/stream/Nodes$AbstractConcNode done
Event: 390.304 Loading class java/util/stream/Nodes$ConcNode done
Event: 390.576 Loading class java/util/stream/Nodes$ToArrayTask$OfRef
Event: 390.581 Loading class java/util/stream/Nodes$ToArrayTask
Event: 390.584 Loading class java/util/stream/Nodes$ToArrayTask done
Event: 390.585 Loading class java/util/stream/Nodes$ToArrayTask$OfRef done
Event: 4832.551 Loading class java/net/Proxy
Event: 4832.558 Loading class java/net/Proxy done
Event: 9506.204 Loading class java/util/Vector$1
Event: 9506.205 Loading class java/util/Vector$1 done
Event: 9507.584 Loading class java/util/regex/Pattern$Caret
Event: 9507.585 Loading class java/util/regex/Pattern$Caret done

Classes unloaded (13 events):
Event: 63.491 Thread 0x000001a45bb23550 Unloading class 0x000001a4011acc00 'java/lang/invoke/LambdaForm$MH+0x000001a4011acc00'
Event: 63.491 Thread 0x000001a45bb23550 Unloading class 0x000001a4011ac800 'java/lang/invoke/LambdaForm$MH+0x000001a4011ac800'
Event: 63.491 Thread 0x000001a45bb23550 Unloading class 0x000001a4011ac400 'java/lang/invoke/LambdaForm$MH+0x000001a4011ac400'
Event: 63.491 Thread 0x000001a45bb23550 Unloading class 0x000001a4011ac000 'java/lang/invoke/LambdaForm$MH+0x000001a4011ac000'
Event: 63.491 Thread 0x000001a45bb23550 Unloading class 0x000001a4011abc00 'java/lang/invoke/LambdaForm$BMH+0x000001a4011abc00'
Event: 63.491 Thread 0x000001a45bb23550 Unloading class 0x000001a4011ab800 'java/lang/invoke/LambdaForm$DMH+0x000001a4011ab800'
Event: 63.491 Thread 0x000001a45bb23550 Unloading class 0x000001a4011aa400 'java/lang/invoke/LambdaForm$DMH+0x000001a4011aa400'
Event: 67.274 Thread 0x000001a45bb23550 Unloading class 0x000001a4012ee800 'java/lang/invoke/LambdaForm$MH+0x000001a4012ee800'
Event: 67.274 Thread 0x000001a45bb23550 Unloading class 0x000001a4012edc00 'java/lang/invoke/LambdaForm$MH+0x000001a4012edc00'
Event: 67.274 Thread 0x000001a45bb23550 Unloading class 0x000001a4012ed400 'java/lang/invoke/LambdaForm$MH+0x000001a4012ed400'
Event: 67.274 Thread 0x000001a45bb23550 Unloading class 0x000001a4012ecc00 'java/lang/invoke/LambdaForm$MH+0x000001a4012ecc00'
Event: 67.274 Thread 0x000001a45bb23550 Unloading class 0x000001a4012ec800 'java/lang/invoke/LambdaForm$DMH+0x000001a4012ec800'
Event: 67.274 Thread 0x000001a45bb23550 Unloading class 0x000001a4012ebc00 'java/lang/invoke/LambdaForm$MH+0x000001a4012ebc00'

Classes redefined (0 events):
No events

Internal exceptions (20 events):
Event: 4822.717 Thread 0x000001a479088f20 Exception <a 'java/lang/NoSuchMethodError'{0x00000000d5753730}: static Lorg/gradle/internal/build/event/types/DefaultOperationFinishedProgressEvent;.<clinit>()V> (0x00000000d5753730) 
thrown [s\src\hotspot\share\prims\jni.cpp, line 1111]
Event: 4822.735 Thread 0x000001a479088f20 Exception <a 'java/lang/NoSuchMethodError'{0x00000000d576a980}: static Lorg/gradle/internal/build/event/types/AbstractResult;.<clinit>()V> (0x00000000d576a980) 
thrown [s\src\hotspot\share\prims\jni.cpp, line 1111]
Event: 4822.738 Thread 0x000001a479088f20 Exception <a 'java/lang/NoSuchMethodError'{0x00000000d5778ad0}: static Lorg/gradle/internal/build/event/types/AbstractOperationResult;.<clinit>()V> (0x00000000d5778ad0) 
thrown [s\src\hotspot\share\prims\jni.cpp, line 1111]
Event: 4822.747 Thread 0x000001a479088f20 Exception <a 'java/lang/NoSuchMethodError'{0x00000000d57872e0}: static Lorg/gradle/internal/build/event/types/DefaultSuccessResult;.<clinit>()V> (0x00000000d57872e0) 
thrown [s\src\hotspot\share\prims\jni.cpp, line 1111]
Event: 4832.017 Thread 0x000001a479088f20 Exception <a 'java/lang/NoSuchMethodError'{0x00000000d5c0d3c0}: static Lorg/gradle/internal/build/event/types/DefaultFailureResult;.<clinit>()V> (0x00000000d5c0d3c0) 
thrown [s\src\hotspot\share\prims\jni.cpp, line 1111]
Event: 4832.054 Thread 0x000001a479088f20 Exception <a 'java/lang/NoSuchMethodError'{0x00000000d5cc34c8}: static Lorg/gradle/internal/build/event/types/DefaultFailure;.<clinit>()V> (0x00000000d5cc34c8) 
thrown [s\src\hotspot\share\prims\jni.cpp, line 1111]
Event: 4832.536 Thread 0x000001a479088f20 Exception <a 'java/lang/NoSuchMethodError'{0x00000000d56ea2c0}: static Lorg/gradle/internal/classloader/ClassLoaderSpec;.<clinit>()V> (0x00000000d56ea2c0) 
thrown [s\src\hotspot\share\prims\jni.cpp, line 1111]
Event: 4832.544 Thread 0x000001a479088f20 Exception <a 'java/lang/NoSuchMethodError'{0x00000000d56fb5d0}: static Lorg/gradle/internal/classloader/VisitableURLClassLoader$Spec;.<clinit>()V> (0x00000000d56fb5d0) 
thrown [s\src\hotspot\share\prims\jni.cpp, line 1111]
Event: 4832.638 Thread 0x000001a479088f20 Exception <a 'java/lang/NoSuchMethodError'{0x00000000d57cb640}: static [B.<clinit>()V> (0x00000000d57cb640) 
thrown [s\src\hotspot\share\prims\jni.cpp, line 1111]
Event: 4832.681 Thread 0x000001a479088f20 Exception <a 'java/lang/NoSuchMethodError'{0x00000000d585f880}: static [Ljava/lang/StackTraceElement;.<clinit>()V> (0x00000000d585f880) 
thrown [s\src\hotspot\share\prims\jni.cpp, line 1111]
Event: 4832.860 Thread 0x000001a479088f20 Exception <a 'java/lang/NoSuchMethodError'{0x00000000d5af2408}: static Lorg/gradle/api/GradleException;.<clinit>()V> (0x00000000d5af2408) 
thrown [s\src\hotspot\share\prims\jni.cpp, line 1111]
Event: 4832.861 Thread 0x000001a479088f20 Exception <a 'java/lang/NoSuchMethodError'{0x00000000d5af3988}: static Lorg/gradle/internal/exceptions/ContextAwareException;.<clinit>()V> (0x00000000d5af3988) 
thrown [s\src\hotspot\share\prims\jni.cpp, line 1111]
Event: 4832.861 Thread 0x000001a479088f20 Exception <a 'java/lang/NoSuchMethodError'{0x00000000d5af5fa0}: static Lorg/gradle/internal/exceptions/LocationAwareException;.<clinit>()V> (0x00000000d5af5fa0) 
thrown [s\src\hotspot\share\prims\jni.cpp, line 1111]
Event: 4833.077 Thread 0x000001a47bf039a0 Implicit null exception at 0x000001a466eaeb21 to 0x000001a466eaec84
Event: 5113.992 Thread 0x000001a479086e50 Exception <a 'sun/nio/fs/WindowsException'{0x00000000d55a72d0}> (0x00000000d55a72d0) 
thrown [s\src\hotspot\share\prims\jni.cpp, line 520]
Event: 5113.992 Thread 0x000001a479086e50 Exception <a 'sun/nio/fs/WindowsException'{0x00000000d55a7a18}> (0x00000000d55a7a18) 
thrown [s\src\hotspot\share\prims\jni.cpp, line 520]
Event: 9373.770 Thread 0x000001a479088f20 Exception <a 'sun/nio/fs/WindowsException'{0x00000000d56ed730}> (0x00000000d56ed730) 
thrown [s\src\hotspot\share\prims\jni.cpp, line 520]
Event: 9373.772 Thread 0x000001a479088f20 Exception <a 'sun/nio/fs/WindowsException'{0x00000000d56ede98}> (0x00000000d56ede98) 
thrown [s\src\hotspot\share\prims\jni.cpp, line 520]
Event: 9500.197 Thread 0x000001a47b12de10 Exception <a 'java/lang/NoSuchMethodError'{0x00000000d5dda800}: 'int java.lang.invoke.Invokers$Holder.invokeExact_MT(java.lang.Object, java.lang.Object)'> (0x00000000d5dda800) 
thrown [s\src\hotspot\share\interpreter\linkResolver.cpp, line 773]
Event: 9502.463 Thread 0x000001a47b12de10 Exception <a 'java/lang/NoSuchMethodError'{0x00000000d5caddf8}: 'java.lang.Object java.lang.invoke.DirectMethodHandle$Holder.invokeVirtual(java.lang.Object, java.lang.Object, int)'> (0x00000000d5caddf8) 
thrown [s\src\hotspot\share\interpreter\linkResolver.cpp, line 773]

ZGC Phase Switch (0 events):
No events

VM Operations (20 events):
Event: 35544.927 Executing VM operation: HandshakeAllThreads (HandshakeForDeflation)
Event: 35544.930 Executing VM operation: HandshakeAllThreads (HandshakeForDeflation) done
Event: 35544.931 Executing VM operation: RendezvousGCThreads
Event: 35544.931 Executing VM operation: RendezvousGCThreads done
Event: 35605.016 Executing VM operation: HandshakeAllThreads (HandshakeForDeflation)
Event: 35605.018 Executing VM operation: HandshakeAllThreads (HandshakeForDeflation) done
Event: 35605.018 Executing VM operation: RendezvousGCThreads
Event: 35605.018 Executing VM operation: RendezvousGCThreads done
Event: 35665.078 Executing VM operation: HandshakeAllThreads (HandshakeForDeflation)
Event: 35665.083 Executing VM operation: HandshakeAllThreads (HandshakeForDeflation) done
Event: 35665.083 Executing VM operation: RendezvousGCThreads
Event: 35665.083 Executing VM operation: RendezvousGCThreads done
Event: 35763.399 Executing VM operation: Cleanup
Event: 35763.405 Executing VM operation: Cleanup done
Event: 35764.405 Executing VM operation: Cleanup
Event: 35764.406 Executing VM operation: Cleanup done
Event: 35965.584 Executing VM operation: HandshakeAllThreads (HandshakeForDeflation)
Event: 35965.597 Executing VM operation: HandshakeAllThreads (HandshakeForDeflation) done
Event: 35965.598 Executing VM operation: RendezvousGCThreads
Event: 35965.598 Executing VM operation: RendezvousGCThreads done

Memory protections (0 events):
No events

Nmethod flushes (20 events):
Event: 90.322 Thread 0x000001a45bb23550 flushing  nmethod 0x000001a45f70ed10
Event: 90.322 Thread 0x000001a45bb23550 flushing  nmethod 0x000001a45f70f110
Event: 90.322 Thread 0x000001a45bb23550 flushing  nmethod 0x000001a45f70f590
Event: 90.322 Thread 0x000001a45bb23550 flushing  nmethod 0x000001a45f70fb90
Event: 90.322 Thread 0x000001a45bb23550 flushing  nmethod 0x000001a45f70ff90
Event: 90.322 Thread 0x000001a45bb23550 flushing  nmethod 0x000001a45f710590
Event: 90.322 Thread 0x000001a45bb23550 flushing  nmethod 0x000001a45f712310
Event: 90.322 Thread 0x000001a45bb23550 flushing  nmethod 0x000001a45f716390
Event: 90.322 Thread 0x000001a45bb23550 flushing  nmethod 0x000001a45f71f990
Event: 90.322 Thread 0x000001a45bb23550 flushing  nmethod 0x000001a45f71ff10
Event: 90.322 Thread 0x000001a45bb23550 flushing  nmethod 0x000001a45f735710
Event: 90.322 Thread 0x000001a45bb23550 flushing  nmethod 0x000001a45f735c10
Event: 90.322 Thread 0x000001a45bb23550 flushing  nmethod 0x000001a45f736190
Event: 90.322 Thread 0x000001a45bb23550 flushing  nmethod 0x000001a45f757810
Event: 90.322 Thread 0x000001a45bb23550 flushing  nmethod 0x000001a45f761c10
Event: 90.322 Thread 0x000001a45bb23550 flushing  nmethod 0x000001a45f762d90
Event: 90.322 Thread 0x000001a45bb23550 flushing  nmethod 0x000001a45f765490
Event: 90.322 Thread 0x000001a45bb23550 flushing  nmethod 0x000001a45f765a90
Event: 90.322 Thread 0x000001a45bb23550 flushing  nmethod 0x000001a45f766310
Event: 90.322 Thread 0x000001a45bb23550 flushing  nmethod 0x000001a45f76de10

Events (20 events):
Event: 5113.996 Thread 0x000001a479086e50 Thread added: 0x000001a4790895b0
Event: 5113.996 Thread 0x000001a4790895b0 Thread added: 0x000001a479088f20
Event: 5113.998 Thread 0x000001a4790895b0 Thread exited: 0x000001a4790895b0
Event: 5113.998 Thread 0x000001a479088f20 Thread exited: 0x000001a479088f20
Event: 5114.132 Thread 0x000001a479086e50 Thread added: 0x000001a479088f20
Event: 5174.159 Thread 0x000001a4795b4cb0 Thread exited: 0x000001a4795b4cb0
Event: 9373.729 Thread 0x000001a479088f20 Thread added: 0x000001a4790895b0
Event: 9373.736 Thread 0x000001a4790895b0 Thread exited: 0x000001a4790895b0
Event: 9373.783 Thread 0x000001a479088f20 Thread added: 0x000001a4790895b0
Event: 9373.785 Thread 0x000001a4790895b0 Thread added: 0x000001a47bf06e20
Event: 9373.787 Thread 0x000001a4790895b0 Thread added: 0x000001a47bf04d50
Event: 9373.790 Thread 0x000001a47bf04d50 Thread exited: 0x000001a47bf04d50
Event: 9373.790 Thread 0x000001a4790895b0 Thread exited: 0x000001a4790895b0
Event: 9373.790 Thread 0x000001a47bf06e20 Thread exited: 0x000001a47bf06e20
Event: 9503.080 Thread 0x000001a478048220 Thread added: 0x000001a47bca2610
Event: 9503.343 Thread 0x000001a478048220 Thread added: 0x000001a47bc9f660
Event: 9505.612 Thread 0x000001a47bc9f660 Thread exited: 0x000001a47bc9f660
Event: 9505.768 Thread 0x000001a47bca2610 Thread exited: 0x000001a47bca2610
Event: 9508.164 Thread 0x000001a478048220 Thread added: 0x000001a47bca1f40
Event: 9513.282 Thread 0x000001a47bca1f40 Thread exited: 0x000001a47bca1f40


Dynamic libraries:
0x00007ff6594c0000 - 0x00007ff6594ce000 	c:\Users\91723\.antigravity\extensions\redhat.java-1.51.0-win32-x64\jre\21.0.9-win32-x86_64\bin\java.exe
0x00007ffe90640000 - 0x00007ffe908a7000 	C:\WINDOWS\SYSTEM32\ntdll.dll
0x00007ffe8fc40000 - 0x00007ffe8fd09000 	C:\WINDOWS\System32\KERNEL32.DLL
0x00007ffe8d980000 - 0x00007ffe8dd6f000 	C:\WINDOWS\System32\KERNELBASE.dll
0x00007ffe8dd80000 - 0x00007ffe8decb000 	C:\WINDOWS\System32\ucrtbase.dll
0x00007ffe61520000 - 0x00007ffe6153e000 	c:\Users\91723\.antigravity\extensions\redhat.java-1.51.0-win32-x64\jre\21.0.9-win32-x86_64\bin\VCRUNTIME140.dll
0x00007ffe5dcb0000 - 0x00007ffe5dcc8000 	c:\Users\91723\.antigravity\extensions\redhat.java-1.51.0-win32-x64\jre\21.0.9-win32-x86_64\bin\jli.dll
0x00007ffe902c0000 - 0x00007ffe90485000 	C:\WINDOWS\System32\USER32.dll
0x00007ffe75250000 - 0x00007ffe754e3000 	C:\WINDOWS\WinSxS\amd64_microsoft.windows.common-controls_6595b64144ccf1df_6.0.26100.7309_none_3e05feeae336a044\COMCTL32.dll
0x00007ffe8d950000 - 0x00007ffe8d977000 	C:\WINDOWS\System32\win32u.dll
0x00007ffe8fd10000 - 0x00007ffe8fdb9000 	C:\WINDOWS\System32\msvcrt.dll
0x00007ffe90290000 - 0x00007ffe902bb000 	C:\WINDOWS\System32\GDI32.dll
0x00007ffe8d820000 - 0x00007ffe8d94c000 	C:\WINDOWS\System32\gdi32full.dll
0x00007ffe8e280000 - 0x00007ffe8e323000 	C:\WINDOWS\System32\msvcp_win.dll
0x00007ffe8eff0000 - 0x00007ffe8f021000 	C:\WINDOWS\System32\IMM32.DLL
0x00007ffe71d10000 - 0x00007ffe71d1c000 	c:\Users\91723\.antigravity\extensions\redhat.java-1.51.0-win32-x64\jre\21.0.9-win32-x86_64\bin\vcruntime140_1.dll
0x00007ffe4bac0000 - 0x00007ffe4bb4d000 	c:\Users\91723\.antigravity\extensions\redhat.java-1.51.0-win32-x64\jre\21.0.9-win32-x86_64\bin\msvcp140.dll
0x00007ffe36750000 - 0x00007ffe374f0000 	c:\Users\91723\.antigravity\extensions\redhat.java-1.51.0-win32-x64\jre\21.0.9-win32-x86_64\bin\server\jvm.dll
0x00007ffe8eb60000 - 0x00007ffe8ec14000 	C:\WINDOWS\System32\ADVAPI32.dll
0x00007ffe8f030000 - 0x00007ffe8f0d6000 	C:\WINDOWS\System32\sechost.dll
0x00007ffe8f0e0000 - 0x00007ffe8f1f8000 	C:\WINDOWS\System32\RPCRT4.dll
0x00007ffe8fb90000 - 0x00007ffe8fc04000 	C:\WINDOWS\System32\WS2_32.dll
0x00007ffe8d5f0000 - 0x00007ffe8d64e000 	C:\WINDOWS\SYSTEM32\POWRPROF.dll
0x00007ffe76480000 - 0x00007ffe764b5000 	C:\WINDOWS\SYSTEM32\WINMM.dll
0x00007ffe7d270000 - 0x00007ffe7d27b000 	C:\WINDOWS\SYSTEM32\VERSION.dll
0x00007ffe8d5d0000 - 0x00007ffe8d5e4000 	C:\WINDOWS\SYSTEM32\UMPDC.dll
0x00007ffe8c520000 - 0x00007ffe8c53b000 	C:\WINDOWS\SYSTEM32\kernel.appcore.dll
0x00007ffe61500000 - 0x00007ffe6150a000 	c:\Users\91723\.antigravity\extensions\redhat.java-1.51.0-win32-x64\jre\21.0.9-win32-x86_64\bin\jimage.dll
0x00007ffe8b8a0000 - 0x00007ffe8bae2000 	C:\WINDOWS\SYSTEM32\DBGHELP.DLL
0x00007ffe8f790000 - 0x00007ffe8fb15000 	C:\WINDOWS\System32\combase.dll
0x00007ffe8ef10000 - 0x00007ffe8efe6000 	C:\WINDOWS\System32\OLEAUT32.dll
0x00007ffe60e80000 - 0x00007ffe60ebc000 	C:\WINDOWS\SYSTEM32\dbgcore.DLL
0x00007ffe8e330000 - 0x00007ffe8e3d5000 	C:\WINDOWS\System32\bcryptPrimitives.dll
0x00007ffe5dca0000 - 0x00007ffe5dcaf000 	c:\Users\91723\.antigravity\extensions\redhat.java-1.51.0-win32-x64\jre\21.0.9-win32-x86_64\bin\instrument.dll
0x00007ffe5bb80000 - 0x00007ffe5bba0000 	c:\Users\91723\.antigravity\extensions\redhat.java-1.51.0-win32-x64\jre\21.0.9-win32-x86_64\bin\java.dll
0x00007ffe8e3f0000 - 0x00007ffe8eb43000 	C:\WINDOWS\System32\SHELL32.dll
0x00007ffe8e110000 - 0x00007ffe8e27a000 	C:\WINDOWS\System32\wintypes.dll
0x00007ffe8af60000 - 0x00007ffe8b7be000 	C:\WINDOWS\SYSTEM32\windows.storage.dll
0x00007ffe8f690000 - 0x00007ffe8f785000 	C:\WINDOWS\System32\SHCORE.dll
0x00007ffe8ec40000 - 0x00007ffe8eca6000 	C:\WINDOWS\System32\shlwapi.dll
0x00007ffe8d6b0000 - 0x00007ffe8d6d9000 	C:\WINDOWS\SYSTEM32\profapi.dll
0x00007ffe5bb60000 - 0x00007ffe5bb78000 	c:\Users\91723\.antigravity\extensions\redhat.java-1.51.0-win32-x64\jre\21.0.9-win32-x86_64\bin\zip.dll
0x00007ffe5dc90000 - 0x00007ffe5dca0000 	C:\Users\91723\.antigravity\extensions\redhat.java-1.51.0-win32-x64\jre\21.0.9-win32-x86_64\bin\net.dll
0x00007ffe7d0e0000 - 0x00007ffe7d208000 	C:\WINDOWS\SYSTEM32\WINHTTP.dll
0x00007ffe8cab0000 - 0x00007ffe8cb1b000 	C:\WINDOWS\system32\mswsock.dll
0x00007ffe5bb40000 - 0x00007ffe5bb56000 	C:\Users\91723\.antigravity\extensions\redhat.java-1.51.0-win32-x64\jre\21.0.9-win32-x86_64\bin\nio.dll
0x00007ffe4bab0000 - 0x00007ffe4bac0000 	c:\Users\91723\.antigravity\extensions\redhat.java-1.51.0-win32-x64\jre\21.0.9-win32-x86_64\bin\verify.dll
0x00007ffe5dcd0000 - 0x00007ffe5dd14000 	C:\Users\91723\AppData\Roaming\Antigravity\User\globalStorage\redhat.java\1.51.0\config_win\org.eclipse.equinox.launcher\org.eclipse.equinox.launcher.win32.win32.x86_64_1.2.1400.v20250801-0854\eclipse_11916.dll
0x00007ffe8fff0000 - 0x00007ffe90187000 	C:\WINDOWS\System32\ole32.dll
0x00007ffe8cd70000 - 0x00007ffe8cd8b000 	C:\WINDOWS\SYSTEM32\CRYPTSP.dll
0x00007ffe8c480000 - 0x00007ffe8c4ba000 	C:\WINDOWS\system32\rsaenh.dll
0x00007ffe8cb60000 - 0x00007ffe8cb8b000 	C:\WINDOWS\SYSTEM32\USERENV.dll
0x00007ffe8d680000 - 0x00007ffe8d6aa000 	C:\WINDOWS\SYSTEM32\bcrypt.dll
0x00007ffe8cd90000 - 0x00007ffe8cd9c000 	C:\WINDOWS\SYSTEM32\CRYPTBASE.dll
0x00007ffe8bfa0000 - 0x00007ffe8bfd4000 	C:\WINDOWS\SYSTEM32\IPHLPAPI.DLL
0x00007ffe8e3e0000 - 0x00007ffe8e3ea000 	C:\WINDOWS\System32\NSI.dll
0x00007ffe40540000 - 0x00007ffe40589000 	C:\Users\91723\AppData\Local\Temp\jna-54154912\jna4342720457018668013.dll
0x00007ffe8fb20000 - 0x00007ffe8fb28000 	C:\WINDOWS\System32\PSAPI.DLL
0x00007ffe7d280000 - 0x00007ffe7d29e000 	C:\WINDOWS\SYSTEM32\dhcpcsvc6.DLL
0x00007ffe7d040000 - 0x00007ffe7d063000 	C:\WINDOWS\SYSTEM32\dhcpcsvc.DLL
0x00007ffe65570000 - 0x00007ffe65597000 	C:\Users\91723\.gradle\native\c067742578af261105cb4f569cf0c3c89f3d7b1fecec35dd04571415982c5e48\windows-amd64\native-platform.dll
0x00007ffe4c9e0000 - 0x00007ffe4c9ea000 	C:\Users\91723\.antigravity\extensions\redhat.java-1.51.0-win32-x64\jre\21.0.9-win32-x86_64\bin\management.dll
0x00007ffe818d0000 - 0x00007ffe818dc000 	C:\Users\91723\.antigravity\extensions\redhat.java-1.51.0-win32-x64\jre\21.0.9-win32-x86_64\bin\management_ext.dll
0x00007ffe6a7f0000 - 0x00007ffe6a817000 	C:\Users\91723\.gradle\native\c067742578af261105cb4f569cf0c3c89f3d7b1fecec35dd04571415982c5e48\windows-amd64-min\native-platform.dll
0x00007ffe818c0000 - 0x00007ffe818c9000 	C:\Users\91723\.antigravity\extensions\redhat.java-1.51.0-win32-x64\jre\21.0.9-win32-x86_64\bin\extnet.dll
0x00007ffe89660000 - 0x00007ffe8966e000 	C:\Users\91723\.antigravity\extensions\redhat.java-1.51.0-win32-x64\jre\21.0.9-win32-x86_64\bin\sunmscapi.dll
0x00007ffe8ded0000 - 0x00007ffe8e047000 	C:\WINDOWS\System32\CRYPT32.dll
0x00007ffe8cf90000 - 0x00007ffe8cfc0000 	C:\WINDOWS\SYSTEM32\ncrypt.dll
0x00007ffe8cf40000 - 0x00007ffe8cf7f000 	C:\WINDOWS\SYSTEM32\NTASN1.dll
0x00007ffe89650000 - 0x00007ffe89658000 	C:\WINDOWS\system32\wshunix.dll

JVMTI agents:
c:\Users\91723\.antigravity\extensions\redhat.java-1.51.0-win32-x64\lombok\lombok-1.18.39-4050.jar path:c:\Users\91723\.antigravity\extensions\redhat.java-1.51.0-win32-x64\jre\21.0.9-win32-x86_64\bin\instrument.dll, loaded, initialized, instrumentlib options:none

dbghelp: loaded successfully - version: 4.0.5 - missing functions: none
symbol engine: initialized successfully - sym options: 0x614 - pdb path: .;c:\Users\91723\.antigravity\extensions\redhat.java-1.51.0-win32-x64\jre\21.0.9-win32-x86_64\bin;C:\WINDOWS\SYSTEM32;C:\WINDOWS\WinSxS\amd64_microsoft.windows.common-controls_6595b64144ccf1df_6.0.26100.7309_none_3e05feeae336a044;c:\Users\91723\.antigravity\extensions\redhat.java-1.51.0-win32-x64\jre\21.0.9-win32-x86_64\bin\server;C:\Users\91723\AppData\Roaming\Antigravity\User\globalStorage\redhat.java\1.51.0\config_win\org.eclipse.equinox.launcher\org.eclipse.equinox.launcher.win32.win32.x86_64_1.2.1400.v20250801-0854;C:\Users\91723\AppData\Local\Temp\jna-54154912;C:\Users\91723\.gradle\native\c067742578af261105cb4f569cf0c3c89f3d7b1fecec35dd04571415982c5e48\windows-amd64;C:\Users\91723\.gradle\native\c067742578af261105cb4f569cf0c3c89f3d7b1fecec35dd04571415982c5e48\windows-amd64-min

VM Arguments:
jvm_args: --add-modules=ALL-SYSTEM --add-opens=java.base/java.util=ALL-UNNAMED --add-opens=java.base/java.lang=ALL-UNNAMED --add-opens=java.base/sun.nio.fs=ALL-UNNAMED -Declipse.application=org.eclipse.jdt.ls.core.id1 -Dosgi.bundles.defaultStartLevel=4 -Declipse.product=org.eclipse.jdt.ls.core.product -Djava.import.generatesMetadataFilesAtProjectRoot=false -DDetectVMInstallationsJob.disabled=true -Dfile.encoding=utf8 -XX:+UseParallelGC -XX:GCTimeRatio=4 -XX:AdaptiveSizePolicyWeight=90 -Dsun.zip.disableMemoryMapping=true -Xmx2G -Xms100m -Xlog:disable -javaagent:c:\Users\91723\.antigravity\extensions\redhat.java-1.51.0-win32-x64\lombok\lombok-1.18.39-4050.jar -XX:+HeapDumpOnOutOfMemoryError -XX:HeapDumpPath=c:\Users\91723\AppData\Roaming\Antigravity\User\workspaceStorage\080a43fa2e46671ef9a202cfadfb1fad\redhat.java -Daether.dependencyCollector.impl=bf 
java_command: c:\Users\91723\.antigravity\extensions\redhat.java-1.51.0-win32-x64\server\plugins\org.eclipse.equinox.launcher_1.7.100.v20251111-0406.jar -configuration c:\Users\91723\AppData\Roaming\Antigravity\User\globalStorage\redhat.java\1.51.0\config_win -data c:\Users\91723\AppData\Roaming\Antigravity\User\workspaceStorage\080a43fa2e46671ef9a202cfadfb1fad\redhat.java\jdt_ws --pipe=\\.\pipe\lsp-335a267b2cc251649f31e588db67a773-sock
java_class_path (initial): c:\Users\91723\.antigravity\extensions\redhat.java-1.51.0-win32-x64\server\plugins\org.eclipse.equinox.launcher_1.7.100.v20251111-0406.jar
Launcher Type: SUN_STANDARD

[Global flags]
    uintx AdaptiveSizePolicyWeight                 = 90                                        {product} {command line}
     intx CICompilerCount                          = 4                                         {product} {ergonomic}
    uintx GCTimeRatio                              = 4                                         {product} {command line}
     bool HeapDumpOnOutOfMemoryError               = true                                   {manageable} {command line}
    ccstr HeapDumpPath                             = c:\Users\91723\AppData\Roaming\Antigravity\User\workspaceStorage\080a43fa2e46671ef9a202cfadfb1fad\redhat.java         {manageable} {command line}
   size_t InitialHeapSize                          = 104857600                                 {product} {command line}
   size_t MaxHeapSize                              = 2147483648                                {product} {command line}
   size_t MaxNewSize                               = 715653120                                 {product} {ergonomic}
   size_t MinHeapDeltaBytes                        = 524288                                    {product} {ergonomic}
   size_t MinHeapSize                              = 104857600                                 {product} {command line}
   size_t NewSize                                  = 34603008                                  {product} {ergonomic}
    uintx NonNMethodCodeHeapSize                   = 5839372                                {pd product} {ergonomic}
    uintx NonProfiledCodeHeapSize                  = 122909434                              {pd product} {ergonomic}
   size_t OldSize                                  = 70254592                                  {product} {ergonomic}
    uintx ProfiledCodeHeapSize                     = 122909434                              {pd product} {ergonomic}
    uintx ReservedCodeCacheSize                    = 251658240                              {pd product} {ergonomic}
     bool SegmentedCodeCache                       = true                                      {product} {ergonomic}
   size_t SoftMaxHeapSize                          = 2147483648                             {manageable} {ergonomic}
     bool UseCompressedOops                        = true                           {product lp64_product} {ergonomic}
     bool UseLargePagesIndividualAllocation        = false                                  {pd product} {ergonomic}
     bool UseParallelGC                            = true                                      {product} {command line}

Logging:
Log output configuration:
 #0: stdout all=off uptime,level,tags foldmultilines=false
 #1: stderr all=off uptime,level,tags foldmultilines=false

Release file:
JAVA_VERSION="21.0.9" 
MODULES="java.base java.compiler java.datatransfer java.xml java.prefs java.desktop java.instrument java.logging java.management java.security.sasl java.naming java.rmi java.management.rmi java.net.http java.scripting java.security.jgss java.transaction.xa java.sql java.sql.rowset java.xml.crypto java.se java.smartcardio jdk.accessibility jdk.internal.jvmstat jdk.attach jdk.charsets jdk.internal.opt jdk.zipfs jdk.compiler jdk.crypto.ec jdk.crypto.cryptoki jdk.crypto.mscapi jdk.dynalink jdk.internal.ed jdk.editpad jdk.hotspot.agent jdk.httpserver jdk.internal.le jdk.internal.vm.ci jdk.internal.vm.compiler jdk.internal.vm.compiler.management jdk.jartool jdk.javadoc jdk.jcmd jdk.management jdk.management.agent jdk.jconsole jdk.jdeps jdk.jdwp.agent jdk.jdi jdk.jfr jdk.jshell jdk.jsobject jdk.jstatd jdk.localedata jdk.management.jfr jdk.naming.dns jdk.naming.rmi jdk.net jdk.nio.mapmode jdk.random jdk.sctp jdk.security.auth jdk.security.jgss jdk.unsupported jdk.unsupported.desktop jdk.xml.dom" 

Environment Variables:
PATH=C:\Python313\Scripts\;C:\Python313\;C:\Program Files\Common Files\Oracle\Java\javapath;C:\Program Files (x86)\Intel\iCLS Client\;C:\Program Files\Intel\iCLS Client\;C:\windows\system32;C:\windows;C:\windows\System32\Wbem;C:\windows\System32\WindowsPowerShell\v1.0\;C:\Program Files (x86)\NVIDIA Corporation\PhysX\Common;C:\Program Files\Intel\WiFi\bin\;C:\Program Files\Common Files\Intel\WirelessCommon\;C:\Program Files (x86)\Intel\Intel(R) Management Engine Components\DAL;C:\Program Files\Intel\Intel(R) Management Engine Components\DAL;C:\Program Files (x86)\Intel\Intel(R) Management Engine Components\IPT;C:\Program Files\Intel\Intel(R) Management Engine Components\IPT;C:\WINDOWS\system32;C:\WINDOWS;C:\WINDOWS\System32\Wbem;C:\WINDOWS\System32\WindowsPowerShell\v1.0\;C:\WINDOWS\System32\OpenSSH\;C:\flutter\flutter_windows_3.22.1-stable\flutter\bin;C:\Program Files\Git\cmd;C:\flutter\bin;C:\Program Files\Java\jdk-24\bin;C:\flutter_windows_3.32.6-stable\flutter\bin;C:\Program Files\nodejs\;C:\ProgramData\chocolatey\bin;C:\Program Files\nodejs;C:\Program Files (x86)\Google\Cloud SDK\google-cloud-sdk\bin;C:\Program Files\OpenSSL-Win64\bin;;C:\Program Files\Docker\Docker\resources\bin;C:\Users\91723\AppData\Local\Microsoft\WindowsApps;C:\Users\91723\AppData\Local\Programs\Microsoft VS Code\bin;C:\Users\91723\AppData\Roaming\npm;C:\Users\91723\AppData\Local\Programs\Antigravity\bin
USERNAME=91723
OS=Windows_NT
PROCESSOR_IDENTIFIER=Intel64 Family 6 Model 142 Stepping 10, GenuineIntel
TMP=C:\Users\91723\AppData\Local\Temp
TEMP=C:\Users\91723\AppData\Local\Temp




Periodic native trim disabled

---------------  S Y S T E M  ---------------

OS:
 Windows 11 , 64 bit Build 26100 (10.0.26100.7309)
OS uptime: 0 days 10:03 hours
Hyper-V role detected

CPU: total 8 (initial active 8) (4 cores per cpu, 2 threads per core) family 6 model 142 stepping 10 microcode 0xe0, cx8, cmov, fxsr, ht, mmx, 3dnowpref, sse, sse2, sse3, ssse3, sse4.1, sse4.2, popcnt, lzcnt, tsc, tscinvbit, avx, avx2, aes, erms, clmul, bmi1, bmi2, adx, fma, vzeroupper, clflush, clflushopt, hv, rdtscp, f16c
Processor Information for the first 8 processors :
  Max Mhz: 1800, Current Mhz: 1600, Mhz Limit: 1584

Memory: 4k page, system-wide physical 8083M (520M free)
TotalPageFile size 20974M (AvailPageFile size 4M)
current process WorkingSet (physical memory assigned to process): 10M, peak: 277M
current process commit charge ("private bytes"): 401M, peak: 437M

vm_info: OpenJDK 64-Bit Server VM (21.0.9+10-LTS) for windows-amd64 JRE (21.0.9+10-LTS), built on 2025-10-21T00:00:00Z by "admin" with unknown MS VC++:1942

END.
