#
# There is insufficient memory for the Java Runtime Environment to continue.
# Native memory allocation (malloc) failed to allocate 257056 bytes. Error detail: Chunk::new
# Possible reasons:
#   The system is out of physical RAM or swap space
#   This process is running with CompressedOops enabled, and the Java Heap may be blocking the growth of the native heap
# Possible solutions:
#   Reduce memory load on the system
#   Increase physical memory or swap space
#   Check if swap backing store is full
#   Decrease Java heap size (-Xmx/-Xms)
#   Decrease number of Java threads
#   Decrease Java thread stack sizes (-Xss)
#   Set larger code cache with -XX:ReservedCodeCacheSize=
#   JVM is running with Unscaled Compressed Oops mode in which the Java heap is
#     placed in the first 4GB address space. The Java Heap base address is the
#     maximum limit for the native heap growth. Please use -XX:HeapBaseMinAddress
#     to set the Java Heap base and to place the Java Heap above 4GB virtual address.
# This output file may be truncated or incomplete.
#
#  Out of Memory Error (arena.cpp:168), pid=4472, tid=4312
#
# JRE version: OpenJDK Runtime Environment Temurin-21.0.9+10 (21.0.9+10) (build 21.0.9+10-LTS)
# Java VM: OpenJDK 64-Bit Server VM Temurin-21.0.9+10 (21.0.9+10-LTS, mixed mode, sharing, tiered, compressed oops, compressed class ptrs, parallel gc, windows-amd64)
# No core dump will be written. Minidumps are not enabled by default on client versions of Windows
#

---------------  S U M M A R Y ------------

Command Line: --add-modules=ALL-SYSTEM --add-opens=java.base/java.util=ALL-UNNAMED --add-opens=java.base/java.lang=ALL-UNNAMED --add-opens=java.base/sun.nio.fs=ALL-UNNAMED -Declipse.application=org.eclipse.jdt.ls.core.id1 -Dosgi.bundles.defaultStartLevel=4 -Declipse.product=org.eclipse.jdt.ls.core.product -Djava.import.generatesMetadataFilesAtProjectRoot=false -DDetectVMInstallationsJob.disabled=true -Dfile.encoding=utf8 -XX:+UseParallelGC -XX:GCTimeRatio=4 -XX:AdaptiveSizePolicyWeight=90 -Dsun.zip.disableMemoryMapping=true -Xmx2G -Xms100m -Xlog:disable -javaagent:c:\Users\91723\.antigravity\extensions\redhat.java-1.51.0-win32-x64\lombok\lombok-1.18.39-4050.jar -XX:+HeapDumpOnOutOfMemoryError -XX:HeapDumpPath=c:\Users\91723\AppData\Roaming\Antigravity\User\workspaceStorage\080a43fa2e46671ef9a202cfadfb1fad\redhat.java -Daether.dependencyCollector.impl=bf c:\Users\91723\.antigravity\extensions\redhat.java-1.51.0-win32-x64\server\plugins\org.eclipse.equinox.launcher_1.7.100.v20251111-0406.jar -configuration c:\Users\91723\AppData\Roaming\Antigravity\User\globalStorage\redhat.java\1.51.0\config_win -data c:\Users\91723\AppData\Roaming\Antigravity\User\workspaceStorage\080a43fa2e46671ef9a202cfadfb1fad\redhat.java\jdt_ws --pipe=\\.\pipe\lsp-919930875d62be3202eca8e5ca2d3b73-sock

Host: Intel(R) Core(TM) i5-8250U CPU @ 1.60GHz, 8 cores, 7G,  Windows 11 , 64 bit Build 26100 (10.0.26100.7309)
Time: Mon Jan 12 06:12:05 2026 India Standard Time elapsed time: 45.511370 seconds (0d 0h 0m 45s)

---------------  T H R E A D  ---------------

Current thread (0x000002144342a730):  JavaThread "C2 CompilerThread0" daemon [_thread_in_native, id=4312, stack(0x000000a1c3300000,0x000000a1c3400000) (1024K)]


Current CompileTask:
C2:45511 2256 %     4       org.eclipse.osgi.util.ManifestElement::readLine @ 0 (122 bytes)

Stack: [0x000000a1c3300000,0x000000a1c3400000]
Native frames: (J=compiled Java code, j=interpreted, Vv=VM code, C=native code)
V  [jvm.dll+0x6d6e29]
V  [jvm.dll+0x8b4b76]
V  [jvm.dll+0x8b712e]
V  [jvm.dll+0x8b7813]
V  [jvm.dll+0x283d86]
V  [jvm.dll+0xc66ed]
V  [jvm.dll+0xc6c31]
V  [jvm.dll+0x2facee]
V  [jvm.dll+0x5fde44]
V  [jvm.dll+0x255557]
V  [jvm.dll+0x24dc5f]
V  [jvm.dll+0x24b482]
V  [jvm.dll+0x1cb13e]
V  [jvm.dll+0x25b29d]
V  [jvm.dll+0x25982a]
V  [jvm.dll+0x3f7ea6]
V  [jvm.dll+0x85e9ad]
V  [jvm.dll+0x6d565d]
C  [ucrtbase.dll+0x37b0]
C  [KERNEL32.DLL+0x2e8d7]
C  [ntdll.dll+0x8c53c]


---------------  P R O C E S S  ---------------

Threads class SMR info:
_java_thread_list=0x00000214a176e3c0, length=16, elements={
0x00000214410591c0, 0x0000021443417f50, 0x0000021443419310, 0x000002144341e1a0,
0x000002144341ecf0, 0x0000021443426ea0, 0x00000214434278f0, 0x000002144342a730,
0x000002144344de60, 0x000002149c932300, 0x000002149cabb020, 0x00000214a169de50,
0x00000214a18190f0, 0x00000214a1828cb0, 0x00000214a185b040, 0x000002149c9a9a00
}

Java Threads: ( => current thread )
  0x00000214410591c0 JavaThread "main"                              [_thread_blocked, id=16884, stack(0x000000a1c2900000,0x000000a1c2a00000) (1024K)]
  0x0000021443417f50 JavaThread "Reference Handler"          daemon [_thread_blocked, id=9380, stack(0x000000a1c2d00000,0x000000a1c2e00000) (1024K)]
  0x0000021443419310 JavaThread "Finalizer"                  daemon [_thread_blocked, id=9040, stack(0x000000a1c2e00000,0x000000a1c2f00000) (1024K)]
  0x000002144341e1a0 JavaThread "Signal Dispatcher"          daemon [_thread_blocked, id=17148, stack(0x000000a1c2f00000,0x000000a1c3000000) (1024K)]
  0x000002144341ecf0 JavaThread "Attach Listener"            daemon [_thread_blocked, id=19136, stack(0x000000a1c3000000,0x000000a1c3100000) (1024K)]
  0x0000021443426ea0 JavaThread "Service Thread"             daemon [_thread_blocked, id=20200, stack(0x000000a1c3100000,0x000000a1c3200000) (1024K)]
  0x00000214434278f0 JavaThread "Monitor Deflation Thread"   daemon [_thread_blocked, id=10700, stack(0x000000a1c3200000,0x000000a1c3300000) (1024K)]
=>0x000002144342a730 JavaThread "C2 CompilerThread0"         daemon [_thread_in_native, id=4312, stack(0x000000a1c3300000,0x000000a1c3400000) (1024K)]
  0x000002144344de60 JavaThread "C1 CompilerThread0"         daemon [_thread_blocked, id=18744, stack(0x000000a1c3400000,0x000000a1c3500000) (1024K)]
  0x000002149c932300 JavaThread "Common-Cleaner"             daemon [_thread_blocked, id=12368, stack(0x000000a1c3500000,0x000000a1c3600000) (1024K)]
  0x000002149cabb020 JavaThread "Notification Thread"        daemon [_thread_blocked, id=5972, stack(0x000000a1c3600000,0x000000a1c3700000) (1024K)]
  0x00000214a169de50 JavaThread "Active Thread: Equinox Container: 74269513-6904-41cb-9ac8-b02453599562"        [_thread_blocked, id=21608, stack(0x000000a1c3700000,0x000000a1c3800000) (1024K)]
  0x00000214a18190f0 JavaThread "Refresh Thread: Equinox Container: 74269513-6904-41cb-9ac8-b02453599562" daemon [_thread_blocked, id=21468, stack(0x000000a1c3f00000,0x000000a1c4000000) (1024K)]
  0x00000214a1828cb0 JavaThread "Framework Event Dispatcher: Equinox Container: 74269513-6904-41cb-9ac8-b02453599562" daemon [_thread_blocked, id=9824, stack(0x000000a1c4000000,0x000000a1c4100000) (1024K)]
  0x00000214a185b040 JavaThread "Start Level: Equinox Container: 74269513-6904-41cb-9ac8-b02453599562" daemon [_thread_in_Java, id=21352, stack(0x000000a1c4100000,0x000000a1c4200000) (1024K)]
  0x000002149c9a9a00 JavaThread "C2 CompilerThread1"         daemon [_thread_in_native, id=5488, stack(0x000000a1c4200000,0x000000a1c4300000) (1024K)]
Total: 16

Other Threads:
  0x0000021443412540 VMThread "VM Thread"                           [id=19604, stack(0x000000a1c2c00000,0x000000a1c2d00000) (1024K)]
  0x000002144332ca00 WatcherThread "VM Periodic Task Thread"        [id=11060, stack(0x000000a1c2b00000,0x000000a1c2c00000) (1024K)]
  0x00000214434bc210 WorkerThread "GC Thread#0"                     [id=3184, stack(0x000000a1c2a00000,0x000000a1c2b00000) (1024K)]
  0x00000214a12238d0 WorkerThread "GC Thread#1"                     [id=10148, stack(0x000000a1c3800000,0x000000a1c3900000) (1024K)]
  0x00000214a1314f80 WorkerThread "GC Thread#2"                     [id=1504, stack(0x000000a1c3900000,0x000000a1c3a00000) (1024K)]
  0x00000214a1315320 WorkerThread "GC Thread#3"                     [id=3944, stack(0x000000a1c3a00000,0x000000a1c3b00000) (1024K)]
  0x00000214a13156c0 WorkerThread "GC Thread#4"                     [id=10708, stack(0x000000a1c3b00000,0x000000a1c3c00000) (1024K)]
  0x00000214a161e680 WorkerThread "GC Thread#5"                     [id=4660, stack(0x000000a1c3c00000,0x000000a1c3d00000) (1024K)]
  0x00000214a161ea20 WorkerThread "GC Thread#6"                     [id=5804, stack(0x000000a1c3d00000,0x000000a1c3e00000) (1024K)]
  0x00000214a1771830 WorkerThread "GC Thread#7"                     [id=12876, stack(0x000000a1c3e00000,0x000000a1c3f00000) (1024K)]
Total: 10

Threads with active compile tasks:
C2 CompilerThread0  47567 2256 %     4       org.eclipse.osgi.util.ManifestElement::readLine @ 0 (122 bytes)
C2 CompilerThread1  47567 2306       4       java.util.concurrent.ConcurrentHashMap::addCount (280 bytes)
Total: 2

VM state: not at safepoint (normal execution)

VM Mutex/Monitor currently owned by a thread: None

Heap address: 0x0000000080000000, size: 2048 MB, Compressed Oops mode: 32-bit

CDS archive(s) mapped at: [0x000002145a000000-0x000002145aba0000-0x000002145aba0000), size 12189696, SharedBaseAddress: 0x000002145a000000, ArchiveRelocationMode: 1.
Compressed class space mapped at: 0x000002145b000000-0x000002149b000000, reserved size: 1073741824
Narrow klass base: 0x000002145a000000, Narrow klass shift: 0, Narrow klass range: 0x100000000

GC Precious Log:
 CardTable entry size: 512
 CPUs: 8 total, 8 available
 Memory: 8083M
 Large Page Support: Disabled
 NUMA Support: Disabled
 Compressed Oops: Enabled (32-bit)
 Alignments: Space 512K, Generation 512K, Heap 2M
 Heap Min Capacity: 100M
 Heap Initial Capacity: 100M
 Heap Max Capacity: 2G
 Pre-touch: Disabled
 Parallel Workers: 8

Heap:
 PSYoungGen      total 29696K, used 8290K [0x00000000d5580000, 0x00000000d7680000, 0x0000000100000000)
  eden space 25600K, 16% used [0x00000000d5580000,0x00000000d599a988,0x00000000d6e80000)
  from space 4096K, 99% used [0x00000000d6e80000,0x00000000d727dea0,0x00000000d7280000)
  to   space 4096K, 0% used [0x00000000d7280000,0x00000000d7280000,0x00000000d7680000)
 ParOldGen       total 68608K, used 4569K [0x0000000080000000, 0x0000000084300000, 0x00000000d5580000)
  object space 68608K, 6% used [0x0000000080000000,0x0000000080476678,0x0000000084300000)
 Metaspace       used 9718K, committed 10048K, reserved 1114112K
  class space    used 1021K, committed 1152K, reserved 1048576K

Card table byte_map: [0x0000021442e40000,0x0000021443250000] _byte_map_base: 0x0000021442a40000

Marking Bits: (ParMarkBitMap*) 0x00007ffe37412460
 Begin Bits: [0x0000021455950000, 0x0000021457950000)
 End Bits:   [0x0000021457950000, 0x0000021459950000)

Polling page: 0x00000214412d0000

Metaspace:

Usage:
  Non-class:      8.49 MB used.
      Class:   1021.86 KB used.
       Both:      9.49 MB used.

Virtual space:
  Non-class space:       64.00 MB reserved,       8.69 MB ( 14%) committed,  1 nodes.
      Class space:        1.00 GB reserved,       1.12 MB ( <1%) committed,  1 nodes.
             Both:        1.06 GB reserved,       9.81 MB ( <1%) committed. 

Chunk freelists:
   Non-Class:  6.83 MB
       Class:  14.78 MB
        Both:  21.61 MB

MaxMetaspaceSize: unlimited
CompressedClassSpaceSize: 1.00 GB
Initial GC threshold: 21.00 MB
Current GC threshold: 21.00 MB
CDS: on
 - commit_granule_bytes: 65536.
 - commit_granule_words: 8192.
 - virtual_space_node_default_size: 8388608.
 - enlarge_chunks_in_place: 1.
 - use_allocation_guard: 0.


Internal statistics:

num_allocs_failed_limit: 0.
num_arena_births: 258.
num_arena_deaths: 0.
num_vsnodes_births: 2.
num_vsnodes_deaths: 0.
num_space_committed: 157.
num_space_uncommitted: 0.
num_chunks_returned_to_freelist: 0.
num_chunks_taken_from_freelist: 516.
num_chunk_merges: 0.
num_chunk_splits: 326.
num_chunks_enlarged: 213.
num_inconsistent_stats: 0.

CodeHeap 'non-profiled nmethods': size=120000Kb used=987Kb max_used=987Kb free=119012Kb
 bounds [0x000002144e170000, 0x000002144e3e0000, 0x00000214556a0000]
CodeHeap 'profiled nmethods': size=120000Kb used=4262Kb max_used=4262Kb free=115737Kb
 bounds [0x00000214466a0000, 0x0000021446ad0000, 0x000002144dbd0000]
CodeHeap 'non-nmethods': size=5760Kb used=1228Kb max_used=1265Kb free=4531Kb
 bounds [0x000002144dbd0000, 0x000002144de40000, 0x000002144e170000]
CodeCache: size=245760Kb, used=6477Kb, max_used=6514Kb, free=239280Kb
 total_blobs=2808, nmethods=2316, adapters=398, full_count=0
Compilation: enabled, stopped_count=0, restarted_count=0

Compilation events (20 events):
Event: 43.487 Thread 0x000002144344de60 2278       3       java.nio.file.attribute.FileTime::from (18 bytes)
Event: 43.487 Thread 0x000002144344de60 nmethod 2278 0x0000021446ab4f10 code [0x0000021446ab50e0, 0x0000021446ab5478]
Event: 43.487 Thread 0x000002144344de60 2279       3       java.nio.file.attribute.FileTime::<init> (21 bytes)
Event: 43.487 Thread 0x000002144344de60 nmethod 2279 0x0000021446ab5610 code [0x0000021446ab57c0, 0x0000021446ab5960]
Event: 43.489 Thread 0x000002144344de60 2281       3       java.util.zip.ZipFile$Source::getMetaVersion (221 bytes)
Event: 43.490 Thread 0x000002144344de60 nmethod 2281 0x0000021446ab5a10 code [0x0000021446ab5c00, 0x0000021446ab62f0]
Event: 43.490 Thread 0x000002144344de60 2280       3       java.util.zip.ZipFile$Source::isSignatureRelated (227 bytes)
Event: 43.491 Thread 0x000002144344de60 nmethod 2280 0x0000021446ab6510 code [0x0000021446ab66e0, 0x0000021446ab6ce8]
Event: 43.491 Thread 0x000002144344de60 2282       3       java.nio.Buffer::position (52 bytes)
Event: 43.491 Thread 0x000002144344de60 nmethod 2282 0x0000021446ab6f10 code [0x0000021446ab70c0, 0x0000021446ab7318]
Event: 45.191 Thread 0x000002144344de60 2283       3       java.util.concurrent.locks.AbstractQueuedSynchronizer$Node::<init> (5 bytes)
Event: 45.191 Thread 0x000002144344de60 nmethod 2283 0x0000021446ab7410 code [0x0000021446ab75c0, 0x0000021446ab7728]
Event: 45.254 Thread 0x000002144344de60 2284       3       java.lang.Thread::onSpinWait (1 bytes)
Event: 45.254 Thread 0x000002144344de60 nmethod 2284 0x0000021446ab7810 code [0x0000021446ab79a0, 0x0000021446ab7a88]
Event: 45.254 Thread 0x000002144344de60 2285   !   3       java.util.concurrent.locks.LockSupport::parkNanos (56 bytes)
Event: 45.255 Thread 0x000002144344de60 nmethod 2285 0x0000021446ab7b10 code [0x0000021446ab7d20, 0x0000021446ab8160]
Event: 45.442 Thread 0x000002144344de60 2286       3       java.util.concurrent.locks.AbstractQueuedSynchronizer$Node::clearStatus (12 bytes)
Event: 45.442 Thread 0x000002144344de60 nmethod 2286 0x0000021446ab8310 code [0x0000021446ab84c0, 0x0000021446ab8678]
Event: 45.442 Thread 0x000002144344de60 2287       3       jdk.internal.misc.Unsafe::putIntOpaque (9 bytes)
Event: 45.442 Thread 0x000002144344de60 nmethod 2287 0x0000021446ab8710 code [0x0000021446ab88a0, 0x0000021446ab89b8]

GC Heap History (6 events):
Event: 3.430 GC heap before
{Heap before GC invocations=1 (full 0):
 PSYoungGen      total 29696K, used 25600K [0x00000000d5580000, 0x00000000d7680000, 0x0000000100000000)
  eden space 25600K, 100% used [0x00000000d5580000,0x00000000d6e80000,0x00000000d6e80000)
  from space 4096K, 0% used [0x00000000d7280000,0x00000000d7280000,0x00000000d7680000)
  to   space 4096K, 0% used [0x00000000d6e80000,0x00000000d6e80000,0x00000000d7280000)
 ParOldGen       total 68608K, used 0K [0x0000000080000000, 0x0000000084300000, 0x00000000d5580000)
  object space 68608K, 0% used [0x0000000080000000,0x0000000080000000,0x0000000084300000)
 Metaspace       used 4338K, committed 4608K, reserved 1114112K
  class space    used 472K, committed 576K, reserved 1048576K
}
Event: 3.446 GC heap after
{Heap after GC invocations=1 (full 0):
 PSYoungGen      total 29696K, used 3303K [0x00000000d5580000, 0x00000000d7680000, 0x0000000100000000)
  eden space 25600K, 0% used [0x00000000d5580000,0x00000000d5580000,0x00000000d6e80000)
  from space 4096K, 80% used [0x00000000d6e80000,0x00000000d71b9e98,0x00000000d7280000)
  to   space 4096K, 0% used [0x00000000d7280000,0x00000000d7280000,0x00000000d7680000)
 ParOldGen       total 68608K, used 16K [0x0000000080000000, 0x0000000084300000, 0x00000000d5580000)
  object space 68608K, 0% used [0x0000000080000000,0x0000000080004000,0x0000000084300000)
 Metaspace       used 4338K, committed 4608K, reserved 1114112K
  class space    used 472K, committed 576K, reserved 1048576K
}
Event: 13.822 GC heap before
{Heap before GC invocations=2 (full 0):
 PSYoungGen      total 29696K, used 28903K [0x00000000d5580000, 0x00000000d7680000, 0x0000000100000000)
  eden space 25600K, 100% used [0x00000000d5580000,0x00000000d6e80000,0x00000000d6e80000)
  from space 4096K, 80% used [0x00000000d6e80000,0x00000000d71b9e98,0x00000000d7280000)
  to   space 4096K, 0% used [0x00000000d7280000,0x00000000d7280000,0x00000000d7680000)
 ParOldGen       total 68608K, used 16K [0x0000000080000000, 0x0000000084300000, 0x00000000d5580000)
  object space 68608K, 0% used [0x0000000080000000,0x0000000080004000,0x0000000084300000)
 Metaspace       used 7958K, committed 8192K, reserved 1114112K
  class space    used 828K, committed 960K, reserved 1048576K
}
Event: 13.841 GC heap after
{Heap after GC invocations=2 (full 0):
 PSYoungGen      total 29696K, used 4087K [0x00000000d5580000, 0x00000000d7680000, 0x0000000100000000)
  eden space 25600K, 0% used [0x00000000d5580000,0x00000000d5580000,0x00000000d6e80000)
  from space 4096K, 99% used [0x00000000d7280000,0x00000000d767de88,0x00000000d7680000)
  to   space 4096K, 0% used [0x00000000d6e80000,0x00000000d6e80000,0x00000000d7280000)
 ParOldGen       total 68608K, used 1981K [0x0000000080000000, 0x0000000084300000, 0x00000000d5580000)
  object space 68608K, 2% used [0x0000000080000000,0x00000000801ef768,0x0000000084300000)
 Metaspace       used 7958K, committed 8192K, reserved 1114112K
  class space    used 828K, committed 960K, reserved 1048576K
}
Event: 40.437 GC heap before
{Heap before GC invocations=3 (full 0):
 PSYoungGen      total 29696K, used 29687K [0x00000000d5580000, 0x00000000d7680000, 0x0000000100000000)
  eden space 25600K, 100% used [0x00000000d5580000,0x00000000d6e80000,0x00000000d6e80000)
  from space 4096K, 99% used [0x00000000d7280000,0x00000000d767de88,0x00000000d7680000)
  to   space 4096K, 0% used [0x00000000d6e80000,0x00000000d6e80000,0x00000000d7280000)
 ParOldGen       total 68608K, used 1981K [0x0000000080000000, 0x0000000084300000, 0x00000000d5580000)
  object space 68608K, 2% used [0x0000000080000000,0x00000000801ef768,0x0000000084300000)
 Metaspace       used 9665K, committed 9984K, reserved 1114112K
  class space    used 1021K, committed 1152K, reserved 1048576K
}
Event: 40.443 GC heap after
{Heap after GC invocations=3 (full 0):
 PSYoungGen      total 29696K, used 4087K [0x00000000d5580000, 0x00000000d7680000, 0x0000000100000000)
  eden space 25600K, 0% used [0x00000000d5580000,0x00000000d5580000,0x00000000d6e80000)
  from space 4096K, 99% used [0x00000000d6e80000,0x00000000d727dea0,0x00000000d7280000)
  to   space 4096K, 0% used [0x00000000d7280000,0x00000000d7280000,0x00000000d7680000)
 ParOldGen       total 68608K, used 4569K [0x0000000080000000, 0x0000000084300000, 0x00000000d5580000)
  object space 68608K, 6% used [0x0000000080000000,0x0000000080476678,0x0000000084300000)
 Metaspace       used 9665K, committed 9984K, reserved 1114112K
  class space    used 1021K, committed 1152K, reserved 1048576K
}

Dll operation events (9 events):
Event: 0.041 Loaded shared library c:\Users\91723\.antigravity\extensions\redhat.java-1.51.0-win32-x64\jre\21.0.9-win32-x86_64\bin\java.dll
Event: 0.524 Loaded shared library c:\Users\91723\.antigravity\extensions\redhat.java-1.51.0-win32-x64\jre\21.0.9-win32-x86_64\bin\zip.dll
Event: 0.644 Loaded shared library C:\Users\91723\.antigravity\extensions\redhat.java-1.51.0-win32-x64\jre\21.0.9-win32-x86_64\bin\instrument.dll
Event: 0.663 Loaded shared library C:\Users\91723\.antigravity\extensions\redhat.java-1.51.0-win32-x64\jre\21.0.9-win32-x86_64\bin\net.dll
Event: 0.671 Loaded shared library C:\Users\91723\.antigravity\extensions\redhat.java-1.51.0-win32-x64\jre\21.0.9-win32-x86_64\bin\nio.dll
Event: 0.685 Loaded shared library C:\Users\91723\.antigravity\extensions\redhat.java-1.51.0-win32-x64\jre\21.0.9-win32-x86_64\bin\zip.dll
Event: 0.801 Loaded shared library C:\Users\91723\.antigravity\extensions\redhat.java-1.51.0-win32-x64\jre\21.0.9-win32-x86_64\bin\jimage.dll
Event: 1.087 Loaded shared library c:\Users\91723\.antigravity\extensions\redhat.java-1.51.0-win32-x64\jre\21.0.9-win32-x86_64\bin\verify.dll
Event: 30.186 Loaded shared library C:\Users\91723\AppData\Roaming\Antigravity\User\globalStorage\redhat.java\1.51.0\config_win\org.eclipse.equinox.launcher\org.eclipse.equinox.launcher.win32.win32.x86_64_1.2.1400.v20250801-0854\eclipse_11916.dll

Deoptimization events (20 events):
Event: 34.693 Thread 0x00000214a169de50 Uncommon trap: trap_request=0xffffff45 fr.pc=0x000002144e215604 relative=0x0000000000000b04
Event: 34.694 Thread 0x00000214a169de50 Uncommon trap: reason=unstable_if action=reinterpret pc=0x000002144e215604 method=java.util.HashMap.putVal(ILjava/lang/Object;Ljava/lang/Object;ZZ)Ljava/lang/Object; @ 94 c2
Event: 34.694 Thread 0x00000214a169de50 DEOPT PACKING pc=0x000002144e215604 sp=0x000000a1c37ff0b0
Event: 34.694 Thread 0x00000214a169de50 DEOPT UNPACKING pc=0x000002144dc23aa2 sp=0x000000a1c37ff048 mode 2
Event: 34.713 Thread 0x00000214a169de50 Uncommon trap: trap_request=0xffffff45 fr.pc=0x000002144e208560 relative=0x0000000000000200
Event: 34.713 Thread 0x00000214a169de50 Uncommon trap: reason=unstable_if action=reinterpret pc=0x000002144e208560 method=java.util.HashMap.getNode(Ljava/lang/Object;)Ljava/util/HashMap$Node; @ 131 c2
Event: 34.713 Thread 0x00000214a169de50 DEOPT PACKING pc=0x000002144e208560 sp=0x000000a1c37ff170
Event: 35.702 Thread 0x00000214a169de50 DEOPT UNPACKING pc=0x000002144dc23aa2 sp=0x000000a1c37ff080 mode 2
Event: 35.702 Thread 0x00000214a169de50 Uncommon trap: trap_request=0xffffff45 fr.pc=0x000002144e219028 relative=0x0000000000000248
Event: 35.702 Thread 0x00000214a169de50 Uncommon trap: reason=unstable_if action=reinterpret pc=0x000002144e219028 method=java.util.HashMap.getNode(Ljava/lang/Object;)Ljava/util/HashMap$Node; @ 131 c2
Event: 35.702 Thread 0x00000214a169de50 DEOPT PACKING pc=0x000002144e219028 sp=0x000000a1c37ff100
Event: 35.702 Thread 0x00000214a169de50 DEOPT UNPACKING pc=0x000002144dc23aa2 sp=0x000000a1c37ff080 mode 2
Event: 35.793 Thread 0x00000214a169de50 Uncommon trap: trap_request=0xffffff45 fr.pc=0x000002144e23b8a0 relative=0x00000000000006e0
Event: 35.794 Thread 0x00000214a169de50 Uncommon trap: reason=unstable_if action=reinterpret pc=0x000002144e23b8a0 method=java.util.regex.Matcher.search(I)Z @ 30 c2
Event: 35.794 Thread 0x00000214a169de50 DEOPT PACKING pc=0x000002144e23b8a0 sp=0x000000a1c37fe3c0
Event: 35.794 Thread 0x00000214a169de50 DEOPT UNPACKING pc=0x000002144dc23aa2 sp=0x000000a1c37fe390 mode 2
Event: 35.802 Thread 0x00000214a169de50 Uncommon trap: trap_request=0xffffff45 fr.pc=0x000002144e23a848 relative=0x0000000000000168
Event: 35.802 Thread 0x00000214a169de50 Uncommon trap: reason=unstable_if action=reinterpret pc=0x000002144e23a848 method=java.util.regex.Pattern$BmpCharPropertyGreedy.match(Ljava/util/regex/Matcher;ILjava/lang/CharSequence;)Z @ 12 c2
Event: 35.803 Thread 0x00000214a169de50 DEOPT PACKING pc=0x000002144e23a848 sp=0x000000a1c37fe320
Event: 35.803 Thread 0x00000214a169de50 DEOPT UNPACKING pc=0x000002144dc23aa2 sp=0x000000a1c37fe2b8 mode 2

Classes loaded (20 events):
Event: 35.793 Loading class sun/util/locale/provider/TimeZoneNameProviderImpl done
Event: 35.793 Loading class sun/util/cldr/CLDRTimeZoneNameProviderImpl done
Event: 35.797 Loading class sun/util/locale/provider/BaseLocaleDataMetaInfo
Event: 35.798 Loading class sun/util/locale/provider/BaseLocaleDataMetaInfo done
Event: 35.803 Loading class sun/util/resources/cldr/TimeZoneNames
Event: 35.804 Loading class sun/util/resources/TimeZoneNamesBundle
Event: 35.805 Loading class sun/util/resources/OpenListResourceBundle
Event: 35.805 Loading class sun/util/resources/OpenListResourceBundle done
Event: 35.805 Loading class sun/util/resources/TimeZoneNamesBundle done
Event: 35.805 Loading class sun/util/resources/cldr/TimeZoneNames done
Event: 35.806 Loading class sun/util/resources/cldr/TimeZoneNames_en
Event: 35.807 Loading class sun/util/resources/cldr/TimeZoneNames_en done
Event: 35.809 Loading class sun/util/resources/cldr/TimeZoneNames_en_US
Event: 35.809 Loading class sun/util/resources/cldr/TimeZoneNames_en_US done
Event: 35.810 Loading class sun/util/cldr/CLDRBaseLocaleDataMetaInfo$TZCanonicalIDMapHolder
Event: 35.812 Loading class sun/util/cldr/CLDRBaseLocaleDataMetaInfo$TZCanonicalIDMapHolder done
Event: 35.815 Loading class sun/util/resources/TimeZoneNames
Event: 35.816 Loading class sun/util/resources/TimeZoneNames done
Event: 35.816 Loading class sun/util/resources/TimeZoneNames_en
Event: 35.816 Loading class sun/util/resources/TimeZoneNames_en done

Classes unloaded (0 events):
No events

Classes redefined (0 events):
No events

Internal exceptions (20 events):
Event: 3.656 Thread 0x00000214410591c0 Implicit null exception at 0x000002144e1cf066 to 0x000002144e1cf112
Event: 3.656 Thread 0x00000214410591c0 Implicit null exception at 0x000002144e1d8e1a to 0x000002144e1d9038
Event: 3.657 Thread 0x00000214410591c0 Exception <a 'java/lang/NoSuchMethodError'{0x00000000d56dff90}: 'void java.lang.invoke.DirectMethodHandle$Holder.invokeStatic(java.lang.Object, java.lang.Object, java.lang.Object, java.lang.Object)'> (0x00000000d56dff90) 
thrown [s\src\hotspot\share\interpreter\linkResolver.cpp, line 773]
Event: 3.660 Thread 0x00000214410591c0 Implicit null exception at 0x000002144e1cba1a to 0x000002144e1cbc3c
Event: 3.660 Thread 0x00000214410591c0 Implicit null exception at 0x000002144e1cd7c0 to 0x000002144e1cd845
Event: 3.966 Thread 0x00000214410591c0 Exception <a 'java/lang/NoSuchMethodError'{0x00000000d59cbe58}: 'void java.lang.invoke.DirectMethodHandle$Holder.invokeSpecial(java.lang.Object, java.lang.Object, java.lang.Object)'> (0x00000000d59cbe58) 
thrown [s\src\hotspot\share\interpreter\linkResolver.cpp, line 773]
Event: 4.458 Thread 0x00000214410591c0 Exception <a 'java/lang/NoSuchMethodError'{0x00000000d6445920}: 'int java.lang.invoke.DirectMethodHandle$Holder.invokeVirtual(java.lang.Object, java.lang.Object)'> (0x00000000d6445920) 
thrown [s\src\hotspot\share\interpreter\linkResolver.cpp, line 773]
Event: 4.610 Thread 0x00000214410591c0 Exception <a 'java/lang/NoSuchMethodError'{0x00000000d65cd548}: 'int java.lang.invoke.DirectMethodHandle$Holder.invokeStaticInit(java.lang.Object, java.lang.Object, java.lang.Object, java.lang.Object)'> (0x00000000d65cd548) 
thrown [s\src\hotspot\share\interpreter\linkResolver.cpp, line 773]
Event: 4.612 Thread 0x00000214410591c0 Exception <a 'java/lang/IncompatibleClassChangeError'{0x00000000d65d5950}: Found class java.lang.Object, but interface was expected> (0x00000000d65d5950) 
thrown [s\src\hotspot\share\interpreter\linkResolver.cpp, line 840]
Event: 4.614 Thread 0x00000214410591c0 Exception <a 'java/lang/NoSuchMethodError'{0x00000000d65dc820}: 'void java.lang.invoke.DirectMethodHandle$Holder.invokeStaticInit(java.lang.Object, java.lang.Object)'> (0x00000000d65dc820) 
thrown [s\src\hotspot\share\interpreter\linkResolver.cpp, line 773]
Event: 4.616 Thread 0x00000214410591c0 Exception <a 'java/lang/NoSuchMethodError'{0x00000000d65e67b8}: 'int java.lang.invoke.DirectMethodHandle$Holder.invokeStaticInit(java.lang.Object, java.lang.Object)'> (0x00000000d65e67b8) 
thrown [s\src\hotspot\share\interpreter\linkResolver.cpp, line 773]
Event: 4.739 Thread 0x00000214410591c0 Exception <a 'java/lang/NoSuchMethodError'{0x00000000d6858fa0}: 'java.lang.Object java.lang.invoke.DirectMethodHandle$Holder.newInvokeSpecial(java.lang.Object, int, java.lang.Object)'> (0x00000000d6858fa0) 
thrown [s\src\hotspot\share\interpreter\linkResolver.cpp, line 773]
Event: 4.831 Thread 0x00000214410591c0 Exception <a 'java/lang/ClassNotFoundException'{0x00000000d6a842a8}: sun/net/www/protocol/plurl/Handler> (0x00000000d6a842a8) 
thrown [s\src\hotspot\share\classfile\systemDictionary.cpp, line 312]
Event: 4.831 Thread 0x00000214410591c0 Exception <a 'java/lang/ClassNotFoundException'{0x00000000d6a85128}: sun/net/www/protocol/plurl/Handler> (0x00000000d6a85128) 
thrown [s\src\hotspot\share\classfile\systemDictionary.cpp, line 312]
Event: 30.161 Thread 0x00000214410591c0 Exception <a 'java/lang/UnsatisfiedLinkError'{0x00000000d565ba78}: 'void org.eclipse.equinox.launcher.JNIBridge._update_splash()'> (0x00000000d565ba78) 
thrown [s\src\hotspot\share\prims\nativeLookup.cpp, line 415]
Event: 30.267 Thread 0x00000214a18190f0 Exception <a 'java/lang/NoSuchMethodError'{0x00000000d58ebcc0}: 'void java.lang.invoke.DirectMethodHandle$Holder.invokeInterface(java.lang.Object, java.lang.Object, java.lang.Object)'> (0x00000000d58ebcc0) 
thrown [s\src\hotspot\share\interpreter\linkResolver.cpp, line 773]
Event: 30.446 Thread 0x00000214a185b040 Exception <a 'java/lang/NoSuchMethodError'{0x00000000d5cd4850}: 'java.lang.Object java.lang.invoke.DirectMethodHandle$Holder.newInvokeSpecial(java.lang.Object, java.lang.Object, int, java.lang.Object)'> (0x00000000d5cd4850) 
thrown [s\src\hotspot\share\interpreter\linkResolver.cpp, line 773]
Event: 30.447 Thread 0x00000214a185b040 Exception <a 'java/lang/NoSuchMethodError'{0x00000000d5cd8680}: 'java.lang.Object java.lang.invoke.DirectMethodHandle$Holder.invokeSpecial(java.lang.Object, java.lang.Object, java.lang.Object, int, java.lang.Object)'> (0x00000000d5cd8680) 
thrown [s\src\hotspot\share\interpreter\linkResolver.cpp, line 773]
Event: 30.477 Thread 0x00000214a185b040 Exception <a 'java/lang/NoClassDefFoundError'{0x00000000d5d7fa98}: jakarta/servlet/ServletContainerInitializer> (0x00000000d5d7fa98) 
thrown [s\src\hotspot\share\classfile\systemDictionary.cpp, line 301]
Event: 30.575 Thread 0x00000214a185b040 Exception <a 'java/lang/ClassNotFoundException'{0x00000000d5ed3ac8}: sun/util/logging/resources/spi/loggingProvider> (0x00000000d5ed3ac8) 
thrown [s\src\hotspot\share\classfile\systemDictionary.cpp, line 312]

ZGC Phase Switch (0 events):
No events

VM Operations (20 events):
Event: 30.654 Executing VM operation: HandshakeAllThreads (Deoptimize)
Event: 30.654 Executing VM operation: HandshakeAllThreads (Deoptimize) done
Event: 30.675 Executing VM operation: HandshakeAllThreads (Deoptimize)
Event: 30.675 Executing VM operation: HandshakeAllThreads (Deoptimize) done
Event: 31.683 Executing VM operation: Cleanup
Event: 31.684 Executing VM operation: Cleanup done
Event: 34.704 Executing VM operation: Cleanup
Event: 34.704 Executing VM operation: Cleanup done
Event: 35.717 Executing VM operation: Cleanup
Event: 35.717 Executing VM operation: Cleanup done
Event: 36.718 Executing VM operation: Cleanup
Event: 36.719 Executing VM operation: Cleanup done
Event: 38.729 Executing VM operation: Cleanup
Event: 38.729 Executing VM operation: Cleanup done
Event: 40.437 Executing VM operation: ParallelGCFailedAllocation (Allocation Failure)
Event: 40.443 Executing VM operation: ParallelGCFailedAllocation (Allocation Failure) done
Event: 42.460 Executing VM operation: Cleanup
Event: 42.460 Executing VM operation: Cleanup done
Event: 44.472 Executing VM operation: Cleanup
Event: 44.472 Executing VM operation: Cleanup done

Memory protections (0 events):
No events

Nmethod flushes (0 events):
No events

Events (20 events):
Event: 0.184 Thread 0x00000214410591c0 Thread added: 0x000002144342a730
Event: 0.197 Thread 0x00000214410591c0 Thread added: 0x000002144344de60
Event: 0.651 Thread 0x00000214410591c0 Thread added: 0x000002149c932300
Event: 1.679 Thread 0x00000214410591c0 Thread added: 0x000002149cabb020
Event: 2.598 Thread 0x000002144344de60 Thread added: 0x000002149caed0e0
Event: 3.094 Thread 0x000002149caed0e0 Thread exited: 0x000002149caed0e0
Event: 3.121 Thread 0x000002144344de60 Thread added: 0x00000214a1438790
Event: 3.913 Thread 0x00000214a1438790 Thread exited: 0x00000214a1438790
Event: 4.644 Thread 0x00000214410591c0 Thread added: 0x00000214a169de50
Event: 30.154 Thread 0x00000214410591c0 Thread added: 0x00000214a18190f0
Event: 30.274 Thread 0x00000214a18190f0 Thread added: 0x00000214a1828cb0
Event: 30.280 Thread 0x00000214410591c0 Thread added: 0x00000214a185b040
Event: 30.691 Thread 0x000002144344de60 Thread added: 0x000002149c7ccc50
Event: 30.692 Thread 0x000002144344de60 Thread added: 0x00000214a10ef710
Event: 31.266 Thread 0x00000214a10ef710 Thread exited: 0x00000214a10ef710
Event: 31.575 Thread 0x000002149c7ccc50 Thread exited: 0x000002149c7ccc50
Event: 34.691 Thread 0x000002144344de60 Thread added: 0x00000214a12d3320
Event: 35.704 Thread 0x000002144344de60 Thread added: 0x00000214a13f7fa0
Event: 37.617 Thread 0x00000214a12d3320 Thread exited: 0x00000214a12d3320
Event: 37.617 Thread 0x00000214a13f7fa0 Thread exited: 0x00000214a13f7fa0


Dynamic libraries:
0x00007ff6594c0000 - 0x00007ff6594ce000 	c:\Users\91723\.antigravity\extensions\redhat.java-1.51.0-win32-x64\jre\21.0.9-win32-x86_64\bin\java.exe
0x00007ffe90640000 - 0x00007ffe908a7000 	C:\WINDOWS\SYSTEM32\ntdll.dll
0x00007ffe8fc40000 - 0x00007ffe8fd09000 	C:\WINDOWS\System32\KERNEL32.DLL
0x00007ffe8d980000 - 0x00007ffe8dd6f000 	C:\WINDOWS\System32\KERNELBASE.dll
0x00007ffe8dd80000 - 0x00007ffe8decb000 	C:\WINDOWS\System32\ucrtbase.dll
0x00007ffe5dcb0000 - 0x00007ffe5dcc8000 	c:\Users\91723\.antigravity\extensions\redhat.java-1.51.0-win32-x64\jre\21.0.9-win32-x86_64\bin\jli.dll
0x00007ffe61520000 - 0x00007ffe6153e000 	c:\Users\91723\.antigravity\extensions\redhat.java-1.51.0-win32-x64\jre\21.0.9-win32-x86_64\bin\VCRUNTIME140.dll
0x00007ffe902c0000 - 0x00007ffe90485000 	C:\WINDOWS\System32\USER32.dll
0x00007ffe75250000 - 0x00007ffe754e3000 	C:\WINDOWS\WinSxS\amd64_microsoft.windows.common-controls_6595b64144ccf1df_6.0.26100.7309_none_3e05feeae336a044\COMCTL32.dll
0x00007ffe8d950000 - 0x00007ffe8d977000 	C:\WINDOWS\System32\win32u.dll
0x00007ffe90290000 - 0x00007ffe902bb000 	C:\WINDOWS\System32\GDI32.dll
0x00007ffe8d820000 - 0x00007ffe8d94c000 	C:\WINDOWS\System32\gdi32full.dll
0x00007ffe8fd10000 - 0x00007ffe8fdb9000 	C:\WINDOWS\System32\msvcrt.dll
0x00007ffe8e280000 - 0x00007ffe8e323000 	C:\WINDOWS\System32\msvcp_win.dll
0x00007ffe8eff0000 - 0x00007ffe8f021000 	C:\WINDOWS\System32\IMM32.DLL
0x00007ffe71d10000 - 0x00007ffe71d1c000 	c:\Users\91723\.antigravity\extensions\redhat.java-1.51.0-win32-x64\jre\21.0.9-win32-x86_64\bin\vcruntime140_1.dll
0x00007ffe4bac0000 - 0x00007ffe4bb4d000 	c:\Users\91723\.antigravity\extensions\redhat.java-1.51.0-win32-x64\jre\21.0.9-win32-x86_64\bin\msvcp140.dll
0x00007ffe36750000 - 0x00007ffe374f0000 	c:\Users\91723\.antigravity\extensions\redhat.java-1.51.0-win32-x64\jre\21.0.9-win32-x86_64\bin\server\jvm.dll
0x00007ffe8eb60000 - 0x00007ffe8ec14000 	C:\WINDOWS\System32\ADVAPI32.dll
0x00007ffe8f030000 - 0x00007ffe8f0d6000 	C:\WINDOWS\System32\sechost.dll
0x00007ffe8f0e0000 - 0x00007ffe8f1f8000 	C:\WINDOWS\System32\RPCRT4.dll
0x00007ffe8fb90000 - 0x00007ffe8fc04000 	C:\WINDOWS\System32\WS2_32.dll
0x00007ffe8d5f0000 - 0x00007ffe8d64e000 	C:\WINDOWS\SYSTEM32\POWRPROF.dll
0x00007ffe76480000 - 0x00007ffe764b5000 	C:\WINDOWS\SYSTEM32\WINMM.dll
0x00007ffe7d270000 - 0x00007ffe7d27b000 	C:\WINDOWS\SYSTEM32\VERSION.dll
0x00007ffe8d5d0000 - 0x00007ffe8d5e4000 	C:\WINDOWS\SYSTEM32\UMPDC.dll
0x00007ffe8c520000 - 0x00007ffe8c53b000 	C:\WINDOWS\SYSTEM32\kernel.appcore.dll
0x00007ffe61500000 - 0x00007ffe6150a000 	c:\Users\91723\.antigravity\extensions\redhat.java-1.51.0-win32-x64\jre\21.0.9-win32-x86_64\bin\jimage.dll
0x00007ffe8b8a0000 - 0x00007ffe8bae2000 	C:\WINDOWS\SYSTEM32\DBGHELP.DLL
0x00007ffe8f790000 - 0x00007ffe8fb15000 	C:\WINDOWS\System32\combase.dll
0x00007ffe8ef10000 - 0x00007ffe8efe6000 	C:\WINDOWS\System32\OLEAUT32.dll
0x00007ffe60e80000 - 0x00007ffe60ebc000 	C:\WINDOWS\SYSTEM32\dbgcore.DLL
0x00007ffe8e330000 - 0x00007ffe8e3d5000 	C:\WINDOWS\System32\bcryptPrimitives.dll
0x00007ffe818d0000 - 0x00007ffe818df000 	c:\Users\91723\.antigravity\extensions\redhat.java-1.51.0-win32-x64\jre\21.0.9-win32-x86_64\bin\instrument.dll
0x00007ffe5bb80000 - 0x00007ffe5bba0000 	c:\Users\91723\.antigravity\extensions\redhat.java-1.51.0-win32-x64\jre\21.0.9-win32-x86_64\bin\java.dll
0x00007ffe8e3f0000 - 0x00007ffe8eb43000 	C:\WINDOWS\System32\SHELL32.dll
0x00007ffe8e110000 - 0x00007ffe8e27a000 	C:\WINDOWS\System32\wintypes.dll
0x00007ffe8af60000 - 0x00007ffe8b7be000 	C:\WINDOWS\SYSTEM32\windows.storage.dll
0x00007ffe8f690000 - 0x00007ffe8f785000 	C:\WINDOWS\System32\SHCORE.dll
0x00007ffe8ec40000 - 0x00007ffe8eca6000 	C:\WINDOWS\System32\shlwapi.dll
0x00007ffe8d6b0000 - 0x00007ffe8d6d9000 	C:\WINDOWS\SYSTEM32\profapi.dll
0x00007ffe5bb60000 - 0x00007ffe5bb78000 	c:\Users\91723\.antigravity\extensions\redhat.java-1.51.0-win32-x64\jre\21.0.9-win32-x86_64\bin\zip.dll
0x00007ffe89660000 - 0x00007ffe89670000 	C:\Users\91723\.antigravity\extensions\redhat.java-1.51.0-win32-x64\jre\21.0.9-win32-x86_64\bin\net.dll
0x00007ffe7d0e0000 - 0x00007ffe7d208000 	C:\WINDOWS\SYSTEM32\WINHTTP.dll
0x00007ffe8cab0000 - 0x00007ffe8cb1b000 	C:\WINDOWS\system32\mswsock.dll
0x00007ffe70540000 - 0x00007ffe70556000 	C:\Users\91723\.antigravity\extensions\redhat.java-1.51.0-win32-x64\jre\21.0.9-win32-x86_64\bin\nio.dll
0x00007ffe6b0d0000 - 0x00007ffe6b0e0000 	c:\Users\91723\.antigravity\extensions\redhat.java-1.51.0-win32-x64\jre\21.0.9-win32-x86_64\bin\verify.dll
0x00007ffe5dcf0000 - 0x00007ffe5dd34000 	C:\Users\91723\AppData\Roaming\Antigravity\User\globalStorage\redhat.java\1.51.0\config_win\org.eclipse.equinox.launcher\org.eclipse.equinox.launcher.win32.win32.x86_64_1.2.1400.v20250801-0854\eclipse_11916.dll
0x00007ffe8fff0000 - 0x00007ffe90187000 	C:\WINDOWS\System32\ole32.dll

JVMTI agents:
c:\Users\91723\.antigravity\extensions\redhat.java-1.51.0-win32-x64\lombok\lombok-1.18.39-4050.jar path:c:\Users\91723\.antigravity\extensions\redhat.java-1.51.0-win32-x64\jre\21.0.9-win32-x86_64\bin\instrument.dll, loaded, initialized, instrumentlib options:none

dbghelp: loaded successfully - version: 4.0.5 - missing functions: none
symbol engine: initialized successfully - sym options: 0x614 - pdb path: .;c:\Users\91723\.antigravity\extensions\redhat.java-1.51.0-win32-x64\jre\21.0.9-win32-x86_64\bin;C:\WINDOWS\SYSTEM32;C:\WINDOWS\WinSxS\amd64_microsoft.windows.common-controls_6595b64144ccf1df_6.0.26100.7309_none_3e05feeae336a044;c:\Users\91723\.antigravity\extensions\redhat.java-1.51.0-win32-x64\jre\21.0.9-win32-x86_64\bin\server;C:\Users\91723\AppData\Roaming\Antigravity\User\globalStorage\redhat.java\1.51.0\config_win\org.eclipse.equinox.launcher\org.eclipse.equinox.launcher.win32.win32.x86_64_1.2.1400.v20250801-0854

VM Arguments:
jvm_args: --add-modules=ALL-SYSTEM --add-opens=java.base/java.util=ALL-UNNAMED --add-opens=java.base/java.lang=ALL-UNNAMED --add-opens=java.base/sun.nio.fs=ALL-UNNAMED -Declipse.application=org.eclipse.jdt.ls.core.id1 -Dosgi.bundles.defaultStartLevel=4 -Declipse.product=org.eclipse.jdt.ls.core.product -Djava.import.generatesMetadataFilesAtProjectRoot=false -DDetectVMInstallationsJob.disabled=true -Dfile.encoding=utf8 -XX:+UseParallelGC -XX:GCTimeRatio=4 -XX:AdaptiveSizePolicyWeight=90 -Dsun.zip.disableMemoryMapping=true -Xmx2G -Xms100m -Xlog:disable -javaagent:c:\Users\91723\.antigravity\extensions\redhat.java-1.51.0-win32-x64\lombok\lombok-1.18.39-4050.jar -XX:+HeapDumpOnOutOfMemoryError -XX:HeapDumpPath=c:\Users\91723\AppData\Roaming\Antigravity\User\workspaceStorage\080a43fa2e46671ef9a202cfadfb1fad\redhat.java -Daether.dependencyCollector.impl=bf 
java_command: c:\Users\91723\.antigravity\extensions\redhat.java-1.51.0-win32-x64\server\plugins\org.eclipse.equinox.launcher_1.7.100.v20251111-0406.jar -configuration c:\Users\91723\AppData\Roaming\Antigravity\User\globalStorage\redhat.java\1.51.0\config_win -data c:\Users\91723\AppData\Roaming\Antigravity\User\workspaceStorage\080a43fa2e46671ef9a202cfadfb1fad\redhat.java\jdt_ws --pipe=\\.\pipe\lsp-919930875d62be3202eca8e5ca2d3b73-sock
java_class_path (initial): c:\Users\91723\.antigravity\extensions\redhat.java-1.51.0-win32-x64\server\plugins\org.eclipse.equinox.launcher_1.7.100.v20251111-0406.jar
Launcher Type: SUN_STANDARD

[Global flags]
    uintx AdaptiveSizePolicyWeight                 = 90                                        {product} {command line}
     intx CICompilerCount                          = 4                                         {product} {ergonomic}
    uintx GCTimeRatio                              = 4                                         {product} {command line}
     bool HeapDumpOnOutOfMemoryError               = true                                   {manageable} {command line}
    ccstr HeapDumpPath                             = c:\Users\91723\AppData\Roaming\Antigravity\User\workspaceStorage\080a43fa2e46671ef9a202cfadfb1fad\redhat.java         {manageable} {command line}
   size_t InitialHeapSize                          = 104857600                                 {product} {command line}
   size_t MaxHeapSize                              = 2147483648                                {product} {command line}
   size_t MaxNewSize                               = 715653120                                 {product} {ergonomic}
   size_t MinHeapDeltaBytes                        = 524288                                    {product} {ergonomic}
   size_t MinHeapSize                              = 104857600                                 {product} {command line}
   size_t NewSize                                  = 34603008                                  {product} {ergonomic}
    uintx NonNMethodCodeHeapSize                   = 5839372                                {pd product} {ergonomic}
    uintx NonProfiledCodeHeapSize                  = 122909434                              {pd product} {ergonomic}
   size_t OldSize                                  = 70254592                                  {product} {ergonomic}
    uintx ProfiledCodeHeapSize                     = 122909434                              {pd product} {ergonomic}
    uintx ReservedCodeCacheSize                    = 251658240                              {pd product} {ergonomic}
     bool SegmentedCodeCache                       = true                                      {product} {ergonomic}
   size_t SoftMaxHeapSize                          = 2147483648                             {manageable} {ergonomic}
     bool UseCompressedOops                        = true                           {product lp64_product} {ergonomic}
     bool UseLargePagesIndividualAllocation        = false                                  {pd product} {ergonomic}
     bool UseParallelGC                            = true                                      {product} {command line}

Logging:
Log output configuration:
 #0: stdout all=off uptime,level,tags foldmultilines=false
 #1: stderr all=off uptime,level,tags foldmultilines=false

Release file:
JAVA_VERSION="21.0.9" 
MODULES="java.base java.compiler java.datatransfer java.xml java.prefs java.desktop java.instrument java.logging java.management java.security.sasl java.naming java.rmi java.management.rmi java.net.http java.scripting java.security.jgss java.transaction.xa java.sql java.sql.rowset java.xml.crypto java.se java.smartcardio jdk.accessibility jdk.internal.jvmstat jdk.attach jdk.charsets jdk.internal.opt jdk.zipfs jdk.compiler jdk.crypto.ec jdk.crypto.cryptoki jdk.crypto.mscapi jdk.dynalink jdk.internal.ed jdk.editpad jdk.hotspot.agent jdk.httpserver jdk.internal.le jdk.internal.vm.ci jdk.internal.vm.compiler jdk.internal.vm.compiler.management jdk.jartool jdk.javadoc jdk.jcmd jdk.management jdk.management.agent jdk.jconsole jdk.jdeps jdk.jdwp.agent jdk.jdi jdk.jfr jdk.jshell jdk.jsobject jdk.jstatd jdk.localedata jdk.management.jfr jdk.naming.dns jdk.naming.rmi jdk.net jdk.nio.mapmode jdk.random jdk.sctp jdk.security.auth jdk.security.jgss jdk.unsupported jdk.unsupported.desktop jdk.xml.dom" 

Environment Variables:
PATH=C:\Python313\Scripts\;C:\Python313\;C:\Program Files\Common Files\Oracle\Java\javapath;C:\Program Files (x86)\Intel\iCLS Client\;C:\Program Files\Intel\iCLS Client\;C:\windows\system32;C:\windows;C:\windows\System32\Wbem;C:\windows\System32\WindowsPowerShell\v1.0\;C:\Program Files (x86)\NVIDIA Corporation\PhysX\Common;C:\Program Files\Intel\WiFi\bin\;C:\Program Files\Common Files\Intel\WirelessCommon\;C:\Program Files (x86)\Intel\Intel(R) Management Engine Components\DAL;C:\Program Files\Intel\Intel(R) Management Engine Components\DAL;C:\Program Files (x86)\Intel\Intel(R) Management Engine Components\IPT;C:\Program Files\Intel\Intel(R) Management Engine Components\IPT;C:\WINDOWS\system32;C:\WINDOWS;C:\WINDOWS\System32\Wbem;C:\WINDOWS\System32\WindowsPowerShell\v1.0\;C:\WINDOWS\System32\OpenSSH\;C:\flutter\flutter_windows_3.22.1-stable\flutter\bin;C:\Program Files\Git\cmd;C:\flutter\bin;C:\Program Files\Java\jdk-24\bin;C:\flutter_windows_3.32.6-stable\flutter\bin;C:\Program Files\nodejs\;C:\ProgramData\chocolatey\bin;C:\Program Files\nodejs;C:\Program Files (x86)\Google\Cloud SDK\google-cloud-sdk\bin;C:\Program Files\OpenSSL-Win64\bin;;C:\Program Files\Docker\Docker\resources\bin;C:\Users\91723\AppData\Local\Microsoft\WindowsApps;C:\Users\91723\AppData\Local\Programs\Microsoft VS Code\bin;C:\Users\91723\AppData\Roaming\npm;C:\Users\91723\AppData\Local\Programs\Antigravity\bin
USERNAME=91723
OS=Windows_NT
PROCESSOR_IDENTIFIER=Intel64 Family 6 Model 142 Stepping 10, GenuineIntel
TMP=C:\Users\91723\AppData\Local\Temp
TEMP=C:\Users\91723\AppData\Local\Temp




Periodic native trim disabled

---------------  S Y S T E M  ---------------

OS:
 Windows 11 , 64 bit Build 26100 (10.0.26100.7309)
OS uptime: 0 days 10:14 hours
Hyper-V role detected

CPU: total 8 (initial active 8) (4 cores per cpu, 2 threads per core) family 6 model 142 stepping 10 microcode 0xe0, cx8, cmov, fxsr, ht, mmx, 3dnowpref, sse, sse2, sse3, ssse3, sse4.1, sse4.2, popcnt, lzcnt, tsc, tscinvbit, avx, avx2, aes, erms, clmul, bmi1, bmi2, adx, fma, vzeroupper, clflush, clflushopt, hv, rdtscp, f16c
Processor Information for the first 8 processors :
  Max Mhz: 1800, Current Mhz: 1600, Mhz Limit: 1584

Memory: 4k page, system-wide physical 8083M (629M free)
TotalPageFile size 20974M (AvailPageFile size 3M)
current process WorkingSet (physical memory assigned to process): 86M, peak: 89M
current process commit charge ("private bytes"): 244M, peak: 245M

vm_info: OpenJDK 64-Bit Server VM (21.0.9+10-LTS) for windows-amd64 JRE (21.0.9+10-LTS), built on 2025-10-21T00:00:00Z by "admin" with unknown MS VC++:1942

END.
