#
# There is insufficient memory for the Java Runtime Environment to continue.
# Native memory allocation (malloc) failed to allocate 1048576 bytes. Error detail: AllocateHeap
# Possible reasons:
#   The system is out of physical RAM or swap space
#   This process is running with CompressedOops enabled, and the Java Heap may be blocking the growth of the native heap
# Possible solutions:
#   Reduce memory load on the system
#   Increase physical memory or swap space
#   Check if swap backing store is full
#   Decrease Java heap size (-Xmx/-Xms)
#   Decrease number of Java threads
#   Decrease Java thread stack sizes (-Xss)
#   Set larger code cache with -XX:ReservedCodeCacheSize=
#   JVM is running with Unscaled Compressed Oops mode in which the Java heap is
#     placed in the first 4GB address space. The Java Heap base address is the
#     maximum limit for the native heap growth. Please use -XX:HeapBaseMinAddress
#     to set the Java Heap base and to place the Java Heap above 4GB virtual address.
# This output file may be truncated or incomplete.
#
#  Out of Memory Error (allocation.cpp:44), pid=9660, tid=6400
#
# JRE version: OpenJDK Runtime Environment Temurin-21.0.9+10 (21.0.9+10) (build 21.0.9+10-LTS)
# Java VM: OpenJDK 64-Bit Server VM Temurin-21.0.9+10 (21.0.9+10-LTS, mixed mode, sharing, tiered, compressed oops, compressed class ptrs, parallel gc, windows-amd64)
# No core dump will be written. Minidumps are not enabled by default on client versions of Windows
#

---------------  S U M M A R Y ------------

Command Line: --add-modules=ALL-SYSTEM --add-opens=java.base/java.util=ALL-UNNAMED --add-opens=java.base/java.lang=ALL-UNNAMED --add-opens=java.base/sun.nio.fs=ALL-UNNAMED -Declipse.application=org.eclipse.jdt.ls.core.id1 -Dosgi.bundles.defaultStartLevel=4 -Declipse.product=org.eclipse.jdt.ls.core.product -Djava.import.generatesMetadataFilesAtProjectRoot=false -DDetectVMInstallationsJob.disabled=true -Dfile.encoding=utf8 -XX:+UseParallelGC -XX:GCTimeRatio=4 -XX:AdaptiveSizePolicyWeight=90 -Dsun.zip.disableMemoryMapping=true -Xmx2G -Xms100m -Xlog:disable -javaagent:c:\Users\91723\.antigravity\extensions\redhat.java-1.50.0-win32-x64\lombok\lombok-1.18.39-4050.jar -XX:+HeapDumpOnOutOfMemoryError -XX:HeapDumpPath=c:\Users\91723\AppData\Roaming\Antigravity\User\workspaceStorage\080a43fa2e46671ef9a202cfadfb1fad\redhat.java -Daether.dependencyCollector.impl=bf c:\Users\91723\.antigravity\extensions\redhat.java-1.50.0-win32-x64\server\plugins\org.eclipse.equinox.launcher_1.7.100.v20251111-0406.jar -configuration c:\Users\91723\AppData\Roaming\Antigravity\User\globalStorage\redhat.java\1.50.0\config_win -data c:\Users\91723\AppData\Roaming\Antigravity\User\workspaceStorage\080a43fa2e46671ef9a202cfadfb1fad\redhat.java\jdt_ws --pipe=\\.\pipe\lsp-387e09351c596f8625c54ea4893a1d72-sock

Host: Intel(R) Core(TM) i5-8250U CPU @ 1.60GHz, 8 cores, 7G,  Windows 11 , 64 bit Build 26100 (10.0.26100.7309)
Time: Sat Dec  6 13:48:13 2025 India Standard Time elapsed time: 7405.183868 seconds (0d 2h 3m 25s)

---------------  T H R E A D  ---------------

Current thread (0x00000221d2f46060):  JavaThread "Attach Listener" daemon [_thread_in_vm, id=6400, stack(0x000000fa0a200000,0x000000fa0a300000) (1024K)]

Stack: [0x000000fa0a200000,0x000000fa0a300000]
Native frames: (J=compiled Java code, j=interpreted, Vv=VM code, C=native code)
V  [jvm.dll+0x6d6e29]
V  [jvm.dll+0x8b4b76]
V  [jvm.dll+0x8b712e]
V  [jvm.dll+0x8b7813]
V  [jvm.dll+0x283d86]
V  [jvm.dll+0xc1277]
V  [jvm.dll+0x6d76d9]
V  [jvm.dll+0x133466]
V  [jvm.dll+0x3f7ea6]
V  [jvm.dll+0x85e9ad]
V  [jvm.dll+0x6d565d]
C  [ucrtbase.dll+0x37b0]
C  [KERNEL32.DLL+0x2e8d7]
C  [ntdll.dll+0x8c53c]


---------------  P R O C E S S  ---------------

Threads class SMR info:
_java_thread_list=0x000002221f8c4cb0, length=35, elements={
0x00000221bc77b0a0, 0x00000221bc839fe0, 0x00000221bc83d460, 0x00000221bc83e440,
0x00000221d2f46060, 0x00000221d2f4b750, 0x00000221d2f4aa30, 0x00000221d2f49410,
0x00000222159e7f50, 0x00000221d2f4b0c0, 0x00000221d2f4c470, 0x00000221d2f4d190,
0x00000221d2f4a3a0, 0x00000221d2f4bde0, 0x00000221d2f4d820, 0x00000221d2f4cb00,
0x000002221a032190, 0x000002221a031b00, 0x000002221a032eb0, 0x000002221a032820,
0x000002221a030de0, 0x000002221a030750, 0x000002221a031470, 0x000002221a0348f0,
0x000002221a035ca0, 0x000002221a034f80, 0x000002221a037050, 0x000002221a0376e0,
0x000002221a036330, 0x000002221a035610, 0x000002221a0369c0, 0x000002221b6a40b0,
0x000002221b6a0c30, 0x000002221b6a4740, 0x000002221b6a2d00
}

Java Threads: ( => current thread )
  0x00000221bc77b0a0 JavaThread "main"                              [_thread_blocked, id=19788, stack(0x000000fa09b00000,0x000000fa09c00000) (1024K)]
  0x00000221bc839fe0 JavaThread "Reference Handler"          daemon [_thread_blocked, id=6656, stack(0x000000fa09f00000,0x000000fa0a000000) (1024K)]
  0x00000221bc83d460 JavaThread "Finalizer"                  daemon [_thread_blocked, id=6536, stack(0x000000fa0a000000,0x000000fa0a100000) (1024K)]
  0x00000221bc83e440 JavaThread "Signal Dispatcher"          daemon [_thread_blocked, id=12512, stack(0x000000fa0a100000,0x000000fa0a200000) (1024K)]
=>0x00000221d2f46060 JavaThread "Attach Listener"            daemon [_thread_in_vm, id=6400, stack(0x000000fa0a200000,0x000000fa0a300000) (1024K)]
  0x00000221d2f4b750 JavaThread "Service Thread"             daemon [_thread_blocked, id=19912, stack(0x000000fa0a300000,0x000000fa0a400000) (1024K)]
  0x00000221d2f4aa30 JavaThread "Monitor Deflation Thread"   daemon [_thread_blocked, id=6360, stack(0x000000fa0a400000,0x000000fa0a500000) (1024K)]
  0x00000221d2f49410 JavaThread "C2 CompilerThread0"         daemon [_thread_blocked, id=5216, stack(0x000000fa0a500000,0x000000fa0a600000) (1024K)]
  0x00000222159e7f50 JavaThread "C1 CompilerThread0"         daemon [_thread_blocked, id=14852, stack(0x000000fa0a600000,0x000000fa0a700000) (1024K)]
  0x00000221d2f4b0c0 JavaThread "Common-Cleaner"             daemon [_thread_blocked, id=13176, stack(0x000000fa0a700000,0x000000fa0a800000) (1024K)]
  0x00000221d2f4c470 JavaThread "Notification Thread"        daemon [_thread_blocked, id=16716, stack(0x000000fa0a800000,0x000000fa0a900000) (1024K)]
  0x00000221d2f4d190 JavaThread "Active Thread: Equinox Container: 992a5de0-5fef-42e1-bcca-8a19b4f17c94"        [_thread_blocked, id=20588, stack(0x000000fa0b000000,0x000000fa0b100000) (1024K)]
  0x00000221d2f4a3a0 JavaThread "Refresh Thread: Equinox Container: 992a5de0-5fef-42e1-bcca-8a19b4f17c94" daemon [_thread_blocked, id=12012, stack(0x000000fa0b100000,0x000000fa0b200000) (1024K)]
  0x00000221d2f4bde0 JavaThread "Framework Event Dispatcher: Equinox Container: 992a5de0-5fef-42e1-bcca-8a19b4f17c94" daemon [_thread_blocked, id=9908, stack(0x000000fa0b300000,0x000000fa0b400000) (1024K)]
  0x00000221d2f4d820 JavaThread "Start Level: Equinox Container: 992a5de0-5fef-42e1-bcca-8a19b4f17c94" daemon [_thread_blocked, id=11004, stack(0x000000fa0af00000,0x000000fa0b000000) (1024K)]
  0x00000221d2f4cb00 JavaThread "Bundle File Closer"         daemon [_thread_blocked, id=12268, stack(0x000000fa0b500000,0x000000fa0b600000) (1024K)]
  0x000002221a032190 JavaThread "SCR Component Actor"        daemon [_thread_blocked, id=10280, stack(0x000000fa0b400000,0x000000fa0b500000) (1024K)]
  0x000002221a031b00 JavaThread "Worker-JM"                         [_thread_blocked, id=1756, stack(0x000000fa0b600000,0x000000fa0b700000) (1024K)]
  0x000002221a032eb0 JavaThread "JNA Cleaner"                daemon [_thread_blocked, id=13268, stack(0x000000fa0b700000,0x000000fa0b800000) (1024K)]
  0x000002221a032820 JavaThread "Worker-0"                          [_thread_blocked, id=15300, stack(0x000000fa0b800000,0x000000fa0b900000) (1024K)]
  0x000002221a030de0 JavaThread "Java indexing"              daemon [_thread_blocked, id=3660, stack(0x000000fa0be00000,0x000000fa0bf00000) (1024K)]
  0x000002221a030750 JavaThread "Worker-4"                          [_thread_blocked, id=10524, stack(0x000000fa0c100000,0x000000fa0c200000) (1024K)]
  0x000002221a031470 JavaThread "Thread-1"                   daemon [_thread_in_native, id=7148, stack(0x000000fa0c300000,0x000000fa0c400000) (1024K)]
  0x000002221a0348f0 JavaThread "Thread-2"                   daemon [_thread_in_native, id=19408, stack(0x000000fa0c400000,0x000000fa0c500000) (1024K)]
  0x000002221a035ca0 JavaThread "Thread-3"                   daemon [_thread_in_native, id=18116, stack(0x000000fa0c500000,0x000000fa0c600000) (1024K)]
  0x000002221a034f80 JavaThread "Thread-4"                   daemon [_thread_in_native, id=8620, stack(0x000000fa0c600000,0x000000fa0c700000) (1024K)]
  0x000002221a037050 JavaThread "Thread-5"                   daemon [_thread_in_native, id=15916, stack(0x000000fa0c700000,0x000000fa0c800000) (1024K)]
  0x000002221a0376e0 JavaThread "Thread-6"                   daemon [_thread_in_native, id=8888, stack(0x000000fa0c800000,0x000000fa0c900000) (1024K)]
  0x000002221a036330 JavaThread "Thread-7"                   daemon [_thread_in_native, id=17096, stack(0x000000fa0c900000,0x000000fa0ca00000) (1024K)]
  0x000002221a035610 JavaThread "Thread-8"                   daemon [_thread_in_native, id=14820, stack(0x000000fa0ca00000,0x000000fa0cb00000) (1024K)]
  0x000002221a0369c0 JavaThread "Thread-9"                   daemon [_thread_in_native, id=20320, stack(0x000000fa0cb00000,0x000000fa0cc00000) (1024K)]
  0x000002221b6a40b0 JavaThread "pool-2-thread-1"                   [_thread_blocked, id=1100, stack(0x000000fa0cc00000,0x000000fa0cd00000) (1024K)]
  0x000002221b6a0c30 JavaThread "WorkspaceEventsHandler"            [_thread_blocked, id=19900, stack(0x000000fa0cd00000,0x000000fa0ce00000) (1024K)]
  0x000002221b6a4740 JavaThread "pool-1-thread-1"                   [_thread_blocked, id=18084, stack(0x000000fa0ce00000,0x000000fa0cf00000) (1024K)]
  0x000002221b6a2d00 JavaThread "Timer-0"                           [_thread_blocked, id=17392, stack(0x000000fa0bb00000,0x000000fa0bc00000) (1024K)]
Total: 35

Other Threads:
  0x00000221d2f42660 VMThread "VM Thread"                           [id=7412, stack(0x000000fa09e00000,0x000000fa09f00000) (1024K)]
  0x00000221d2e5cb20 WatcherThread "VM Periodic Task Thread"        [id=3748, stack(0x000000fa09d00000,0x000000fa09e00000) (1024K)]
  0x00000221bc79a730 WorkerThread "GC Thread#0"                     [id=3504, stack(0x000000fa09c00000,0x000000fa09d00000) (1024K)]
  0x000002221a0a6ca0 WorkerThread "GC Thread#1"                     [id=15008, stack(0x000000fa0a900000,0x000000fa0aa00000) (1024K)]
  0x000002221a2df700 WorkerThread "GC Thread#2"                     [id=14108, stack(0x000000fa0aa00000,0x000000fa0ab00000) (1024K)]
  0x000002221a266640 WorkerThread "GC Thread#3"                     [id=17784, stack(0x000000fa0ab00000,0x000000fa0ac00000) (1024K)]
  0x000002221a2669e0 WorkerThread "GC Thread#4"                     [id=11892, stack(0x000000fa0ac00000,0x000000fa0ad00000) (1024K)]
  0x000002221a266d80 WorkerThread "GC Thread#5"                     [id=10708, stack(0x000000fa0ad00000,0x000000fa0ae00000) (1024K)]
  0x000002221a267530 WorkerThread "GC Thread#6"                     [id=4352, stack(0x000000fa0ae00000,0x000000fa0af00000) (1024K)]
  0x000002221a475bc0 WorkerThread "GC Thread#7"                     [id=15660, stack(0x000000fa0b200000,0x000000fa0b300000) (1024K)]
Total: 10

Threads with active compile tasks:
Total: 0

VM state: not at safepoint (normal execution)

VM Mutex/Monitor currently owned by a thread: None

Heap address: 0x0000000080000000, size: 2048 MB, Compressed Oops mode: 32-bit

CDS archive(s) mapped at: [0x00000221d3000000-0x00000221d3ba0000-0x00000221d3ba0000), size 12189696, SharedBaseAddress: 0x00000221d3000000, ArchiveRelocationMode: 1.
Compressed class space mapped at: 0x00000221d4000000-0x0000022214000000, reserved size: 1073741824
Narrow klass base: 0x00000221d3000000, Narrow klass shift: 0, Narrow klass range: 0x100000000

GC Precious Log:
 CardTable entry size: 512
 CPUs: 8 total, 8 available
 Memory: 8083M
 Large Page Support: Disabled
 NUMA Support: Disabled
 Compressed Oops: Enabled (32-bit)
 Alignments: Space 512K, Generation 512K, Heap 2M
 Heap Min Capacity: 100M
 Heap Initial Capacity: 100M
 Heap Max Capacity: 2G
 Pre-touch: Disabled
 Parallel Workers: 8

Heap:
 PSYoungGen      total 14848K, used 6291K [0x00000000d5580000, 0x00000000d6580000, 0x0000000100000000)
  eden space 13312K, 38% used [0x00000000d5580000,0x00000000d5a7cc08,0x00000000d6280000)
  from space 1536K, 77% used [0x00000000d6400000,0x00000000d6528040,0x00000000d6580000)
  to   space 1536K, 0% used [0x00000000d6280000,0x00000000d6280000,0x00000000d6400000)
 ParOldGen       total 68608K, used 51923K [0x0000000080000000, 0x0000000084300000, 0x00000000d5580000)
  object space 68608K, 75% used [0x0000000080000000,0x00000000832b4d18,0x0000000084300000)
 Metaspace       used 58315K, committed 59712K, reserved 1114112K
  class space    used 6826K, committed 7424K, reserved 1048576K

Card table byte_map: [0x00000221bc030000,0x00000221bc440000] _byte_map_base: 0x00000221bbc30000

Marking Bits: (ParMarkBitMap*) 0x00007ff9e6de2460
 Begin Bits: [0x00000221ce980000, 0x00000221d0980000)
 End Bits:   [0x00000221d0980000, 0x00000221d2980000)

Polling page: 0x00000221ba510000

Metaspace:

Usage:
  Non-class:     50.28 MB used.
      Class:      6.67 MB used.
       Both:     56.95 MB used.

Virtual space:
  Non-class space:       64.00 MB reserved,      51.06 MB ( 80%) committed,  1 nodes.
      Class space:        1.00 GB reserved,       7.25 MB ( <1%) committed,  1 nodes.
             Both:        1.06 GB reserved,      58.31 MB (  5%) committed. 

Chunk freelists:
   Non-Class:  12.27 MB
       Class:  8.76 MB
        Both:  21.03 MB

MaxMetaspaceSize: unlimited
CompressedClassSpaceSize: 1.00 GB
Initial GC threshold: 21.00 MB
Current GC threshold: 58.38 MB
CDS: on
 - commit_granule_bytes: 65536.
 - commit_granule_words: 8192.
 - virtual_space_node_default_size: 8388608.
 - enlarge_chunks_in_place: 1.
 - use_allocation_guard: 0.


Internal statistics:

num_allocs_failed_limit: 8.
num_arena_births: 1054.
num_arena_deaths: 24.
num_vsnodes_births: 2.
num_vsnodes_deaths: 0.
num_space_committed: 933.
num_space_uncommitted: 0.
num_chunks_returned_to_freelist: 32.
num_chunks_taken_from_freelist: 3645.
num_chunk_merges: 14.
num_chunk_splits: 2307.
num_chunks_enlarged: 1406.
num_inconsistent_stats: 0.

CodeHeap 'non-profiled nmethods': size=120000Kb used=4751Kb max_used=4751Kb free=115248Kb
 bounds [0x00000221c7450000, 0x00000221c7900000, 0x00000221ce980000]
CodeHeap 'profiled nmethods': size=120000Kb used=14696Kb max_used=14696Kb free=105303Kb
 bounds [0x00000221bf980000, 0x00000221c07e0000, 0x00000221c6eb0000]
CodeHeap 'non-nmethods': size=5760Kb used=1385Kb max_used=1470Kb free=4374Kb
 bounds [0x00000221c6eb0000, 0x00000221c7120000, 0x00000221c7450000]
CodeCache: size=245760Kb, used=20832Kb, max_used=20917Kb, free=224925Kb
 total_blobs=7910, nmethods=7218, adapters=598, full_count=0
Compilation: enabled, stopped_count=0, restarted_count=0

Compilation events (20 events):
Event: 6612.328 Thread 0x00000222159e7f50 7754       3       java.util.HashMap$Node::setValue (12 bytes)
Event: 6612.329 Thread 0x00000222159e7f50 nmethod 7754 0x00000221c07d4890 code [0x00000221c07d4a20, 0x00000221c07d4b48]
Event: 6648.107 Thread 0x00000222159e7f50 7755   !   3       java.util.logging.LogManager$LoggerContext::findLogger (113 bytes)
Event: 6648.164 Thread 0x00000222159e7f50 nmethod 7755 0x00000221c07d4c10 code [0x00000221c07d4ec0, 0x00000221c07d5d40]
Event: 6678.118 Thread 0x00000222159e7f50 7756       3       java.util.logging.LogManager::getLogManager (16 bytes)
Event: 6678.119 Thread 0x00000222159e7f50 nmethod 7756 0x00000221c07d6290 code [0x00000221c07d6440, 0x00000221c07d6580]
Event: 6708.122 Thread 0x00000222159e7f50 7757       3       jdk.internal.logger.DefaultLoggerFinder::isSystem (18 bytes)
Event: 6708.140 Thread 0x00000222159e7f50 nmethod 7757 0x00000221c07d6610 code [0x00000221c07d6860, 0x00000221c07d7170]
Event: 6708.140 Thread 0x00000222159e7f50 7758       3       jdk.internal.logger.DefaultLoggerFinder$1::<init> (10 bytes)
Event: 6708.140 Thread 0x00000222159e7f50 nmethod 7758 0x00000221c07d7510 code [0x00000221c07d76c0, 0x00000221c07d7848]
Event: 6768.157 Thread 0x00000221d2f49410 7759       4       java.util.concurrent.locks.AbstractQueuedSynchronizer$Node::setStatusRelaxed (12 bytes)
Event: 6768.158 Thread 0x00000221d2f49410 nmethod 7759 0x00000221c78f3990 code [0x00000221c78f3b20, 0x00000221c78f3bb0]
Event: 6978.184 Thread 0x00000222159e7f50 7760       3       java.util.logging.Logger::getLogger (8 bytes)
Event: 6978.195 Thread 0x00000222159e7f50 nmethod 7760 0x00000221c07d7910 code [0x00000221c07d7ae0, 0x00000221c07d7ca0]
Event: 6978.195 Thread 0x00000222159e7f50 7761       3       java.util.logging.Logger::getLogger (7 bytes)
Event: 6978.196 Thread 0x00000222159e7f50 nmethod 7761 0x00000221c07d7d90 code [0x00000221c07d7f40, 0x00000221c07d8068]
Event: 6978.196 Thread 0x00000222159e7f50 7762       3       java.util.logging.Logger::demandLogger (36 bytes)
Event: 6978.202 Thread 0x00000222159e7f50 nmethod 7762 0x00000221c07d8110 code [0x00000221c07d83a0, 0x00000221c07d8e60]
Event: 7386.644 Thread 0x00000222159e7f50 7763   !   3       org.eclipse.osgi.container.ModuleDatabase::getTimestamp (25 bytes)
Event: 7386.707 Thread 0x00000222159e7f50 nmethod 7763 0x00000221c07d9290 code [0x00000221c07d94e0, 0x00000221c07d9e28]

GC Heap History (20 events):
Event: 28.419 GC heap before
{Heap before GC invocations=35 (full 2):
 PSYoungGen      total 14848K, used 14832K [0x00000000d5580000, 0x00000000d6880000, 0x0000000100000000)
  eden space 14336K, 100% used [0x00000000d5580000,0x00000000d6380000,0x00000000d6380000)
  from space 512K, 96% used [0x00000000d6800000,0x00000000d687c030,0x00000000d6880000)
  to   space 2048K, 0% used [0x00000000d6480000,0x00000000d6480000,0x00000000d6680000)
 ParOldGen       total 68608K, used 39931K [0x0000000080000000, 0x0000000084300000, 0x00000000d5580000)
  object space 68608K, 58% used [0x0000000080000000,0x00000000826fefd0,0x0000000084300000)
 Metaspace       used 57020K, committed 58368K, reserved 1114112K
  class space    used 6705K, committed 7296K, reserved 1048576K
}
Event: 28.425 GC heap after
{Heap after GC invocations=35 (full 2):
 PSYoungGen      total 16384K, used 1440K [0x00000000d5580000, 0x00000000d6880000, 0x0000000100000000)
  eden space 14336K, 0% used [0x00000000d5580000,0x00000000d5580000,0x00000000d6380000)
  from space 2048K, 70% used [0x00000000d6480000,0x00000000d65e8010,0x00000000d6680000)
  to   space 2048K, 0% used [0x00000000d6680000,0x00000000d6680000,0x00000000d6880000)
 ParOldGen       total 68608K, used 40350K [0x0000000080000000, 0x0000000084300000, 0x00000000d5580000)
  object space 68608K, 58% used [0x0000000080000000,0x0000000082767940,0x0000000084300000)
 Metaspace       used 57020K, committed 58368K, reserved 1114112K
  class space    used 6705K, committed 7296K, reserved 1048576K
}
Event: 28.577 GC heap before
{Heap before GC invocations=36 (full 2):
 PSYoungGen      total 16384K, used 15776K [0x00000000d5580000, 0x00000000d6880000, 0x0000000100000000)
  eden space 14336K, 100% used [0x00000000d5580000,0x00000000d6380000,0x00000000d6380000)
  from space 2048K, 70% used [0x00000000d6480000,0x00000000d65e8010,0x00000000d6680000)
  to   space 2048K, 0% used [0x00000000d6680000,0x00000000d6680000,0x00000000d6880000)
 ParOldGen       total 68608K, used 40350K [0x0000000080000000, 0x0000000084300000, 0x00000000d5580000)
  object space 68608K, 58% used [0x0000000080000000,0x0000000082767940,0x0000000084300000)
 Metaspace       used 57161K, committed 58560K, reserved 1114112K
  class space    used 6728K, committed 7296K, reserved 1048576K
}
Event: 28.580 GC heap after
{Heap after GC invocations=36 (full 2):
 PSYoungGen      total 16384K, used 1687K [0x00000000d5580000, 0x00000000d6880000, 0x0000000100000000)
  eden space 14336K, 0% used [0x00000000d5580000,0x00000000d5580000,0x00000000d6380000)
  from space 2048K, 82% used [0x00000000d6680000,0x00000000d6825d58,0x00000000d6880000)
  to   space 2048K, 0% used [0x00000000d6480000,0x00000000d6480000,0x00000000d6680000)
 ParOldGen       total 68608K, used 41662K [0x0000000080000000, 0x0000000084300000, 0x00000000d5580000)
  object space 68608K, 60% used [0x0000000080000000,0x00000000828af950,0x0000000084300000)
 Metaspace       used 57161K, committed 58560K, reserved 1114112K
  class space    used 6728K, committed 7296K, reserved 1048576K
}
Event: 28.694 GC heap before
{Heap before GC invocations=37 (full 2):
 PSYoungGen      total 16384K, used 16023K [0x00000000d5580000, 0x00000000d6880000, 0x0000000100000000)
  eden space 14336K, 100% used [0x00000000d5580000,0x00000000d6380000,0x00000000d6380000)
  from space 2048K, 82% used [0x00000000d6680000,0x00000000d6825d58,0x00000000d6880000)
  to   space 2048K, 0% used [0x00000000d6480000,0x00000000d6480000,0x00000000d6680000)
 ParOldGen       total 68608K, used 41662K [0x0000000080000000, 0x0000000084300000, 0x00000000d5580000)
  object space 68608K, 60% used [0x0000000080000000,0x00000000828af950,0x0000000084300000)
 Metaspace       used 57416K, committed 58816K, reserved 1114112K
  class space    used 6763K, committed 7360K, reserved 1048576K
}
Event: 28.699 GC heap after
{Heap after GC invocations=37 (full 2):
 PSYoungGen      total 15872K, used 1472K [0x00000000d5580000, 0x00000000d6780000, 0x0000000100000000)
  eden space 14336K, 0% used [0x00000000d5580000,0x00000000d5580000,0x00000000d6380000)
  from space 1536K, 95% used [0x00000000d6480000,0x00000000d65f0020,0x00000000d6600000)
  to   space 1536K, 0% used [0x00000000d6600000,0x00000000d6600000,0x00000000d6780000)
 ParOldGen       total 68608K, used 43216K [0x0000000080000000, 0x0000000084300000, 0x00000000d5580000)
  object space 68608K, 62% used [0x0000000080000000,0x0000000082a34150,0x0000000084300000)
 Metaspace       used 57416K, committed 58816K, reserved 1114112K
  class space    used 6763K, committed 7360K, reserved 1048576K
}
Event: 28.819 GC heap before
{Heap before GC invocations=38 (full 2):
 PSYoungGen      total 15872K, used 15808K [0x00000000d5580000, 0x00000000d6780000, 0x0000000100000000)
  eden space 14336K, 100% used [0x00000000d5580000,0x00000000d6380000,0x00000000d6380000)
  from space 1536K, 95% used [0x00000000d6480000,0x00000000d65f0020,0x00000000d6600000)
  to   space 1536K, 0% used [0x00000000d6600000,0x00000000d6600000,0x00000000d6780000)
 ParOldGen       total 68608K, used 43216K [0x0000000080000000, 0x0000000084300000, 0x00000000d5580000)
  object space 68608K, 62% used [0x0000000080000000,0x0000000082a34150,0x0000000084300000)
 Metaspace       used 57425K, committed 58816K, reserved 1114112K
  class space    used 6763K, committed 7360K, reserved 1048576K
}
Event: 28.824 GC heap after
{Heap after GC invocations=38 (full 2):
 PSYoungGen      total 14848K, used 1536K [0x00000000d5580000, 0x00000000d6a80000, 0x0000000100000000)
  eden space 13312K, 0% used [0x00000000d5580000,0x00000000d5580000,0x00000000d6280000)
  from space 1536K, 100% used [0x00000000d6600000,0x00000000d6780000,0x00000000d6780000)
  to   space 3584K, 0% used [0x00000000d6280000,0x00000000d6280000,0x00000000d6600000)
 ParOldGen       total 68608K, used 44556K [0x0000000080000000, 0x0000000084300000, 0x00000000d5580000)
  object space 68608K, 64% used [0x0000000080000000,0x0000000082b832f0,0x0000000084300000)
 Metaspace       used 57425K, committed 58816K, reserved 1114112K
  class space    used 6763K, committed 7360K, reserved 1048576K
}
Event: 28.933 GC heap before
{Heap before GC invocations=39 (full 2):
 PSYoungGen      total 14848K, used 14848K [0x00000000d5580000, 0x00000000d6a80000, 0x0000000100000000)
  eden space 13312K, 100% used [0x00000000d5580000,0x00000000d6280000,0x00000000d6280000)
  from space 1536K, 100% used [0x00000000d6600000,0x00000000d6780000,0x00000000d6780000)
  to   space 3584K, 0% used [0x00000000d6280000,0x00000000d6280000,0x00000000d6600000)
 ParOldGen       total 68608K, used 44556K [0x0000000080000000, 0x0000000084300000, 0x00000000d5580000)
  object space 68608K, 64% used [0x0000000080000000,0x0000000082b832f0,0x0000000084300000)
 Metaspace       used 57426K, committed 58816K, reserved 1114112K
  class space    used 6763K, committed 7360K, reserved 1048576K
}
Event: 28.937 GC heap after
{Heap after GC invocations=39 (full 2):
 PSYoungGen      total 14848K, used 1152K [0x00000000d5580000, 0x00000000d6680000, 0x0000000100000000)
  eden space 13312K, 0% used [0x00000000d5580000,0x00000000d5580000,0x00000000d6280000)
  from space 1536K, 75% used [0x00000000d6280000,0x00000000d63a0000,0x00000000d6400000)
  to   space 2048K, 0% used [0x00000000d6480000,0x00000000d6480000,0x00000000d6680000)
 ParOldGen       total 68608K, used 45988K [0x0000000080000000, 0x0000000084300000, 0x00000000d5580000)
  object space 68608K, 67% used [0x0000000080000000,0x0000000082ce92f0,0x0000000084300000)
 Metaspace       used 57426K, committed 58816K, reserved 1114112K
  class space    used 6763K, committed 7360K, reserved 1048576K
}
Event: 29.050 GC heap before
{Heap before GC invocations=40 (full 2):
 PSYoungGen      total 14848K, used 14464K [0x00000000d5580000, 0x00000000d6680000, 0x0000000100000000)
  eden space 13312K, 100% used [0x00000000d5580000,0x00000000d6280000,0x00000000d6280000)
  from space 1536K, 75% used [0x00000000d6280000,0x00000000d63a0000,0x00000000d6400000)
  to   space 2048K, 0% used [0x00000000d6480000,0x00000000d6480000,0x00000000d6680000)
 ParOldGen       total 68608K, used 45988K [0x0000000080000000, 0x0000000084300000, 0x00000000d5580000)
  object space 68608K, 67% used [0x0000000080000000,0x0000000082ce92f0,0x0000000084300000)
 Metaspace       used 57430K, committed 58816K, reserved 1114112K
  class space    used 6763K, committed 7360K, reserved 1048576K
}
Event: 29.054 GC heap after
{Heap after GC invocations=40 (full 2):
 PSYoungGen      total 15360K, used 1540K [0x00000000d5580000, 0x00000000d6680000, 0x0000000100000000)
  eden space 13312K, 0% used [0x00000000d5580000,0x00000000d5580000,0x00000000d6280000)
  from space 2048K, 75% used [0x00000000d6480000,0x00000000d6601000,0x00000000d6680000)
  to   space 2048K, 0% used [0x00000000d6280000,0x00000000d6280000,0x00000000d6480000)
 ParOldGen       total 68608K, used 46948K [0x0000000080000000, 0x0000000084300000, 0x00000000d5580000)
  object space 68608K, 68% used [0x0000000080000000,0x0000000082dd92f0,0x0000000084300000)
 Metaspace       used 57430K, committed 58816K, reserved 1114112K
  class space    used 6763K, committed 7360K, reserved 1048576K
}
Event: 29.143 GC heap before
{Heap before GC invocations=41 (full 2):
 PSYoungGen      total 15360K, used 14852K [0x00000000d5580000, 0x00000000d6680000, 0x0000000100000000)
  eden space 13312K, 100% used [0x00000000d5580000,0x00000000d6280000,0x00000000d6280000)
  from space 2048K, 75% used [0x00000000d6480000,0x00000000d6601000,0x00000000d6680000)
  to   space 2048K, 0% used [0x00000000d6280000,0x00000000d6280000,0x00000000d6480000)
 ParOldGen       total 68608K, used 46948K [0x0000000080000000, 0x0000000084300000, 0x00000000d5580000)
  object space 68608K, 68% used [0x0000000080000000,0x0000000082dd92f0,0x0000000084300000)
 Metaspace       used 57454K, committed 58880K, reserved 1114112K
  class space    used 6765K, committed 7360K, reserved 1048576K
}
Event: 29.148 GC heap after
{Heap after GC invocations=41 (full 2):
 PSYoungGen      total 14848K, used 1280K [0x00000000d5580000, 0x00000000d6580000, 0x0000000100000000)
  eden space 13312K, 0% used [0x00000000d5580000,0x00000000d5580000,0x00000000d6280000)
  from space 1536K, 83% used [0x00000000d6280000,0x00000000d63c0000,0x00000000d6400000)
  to   space 1536K, 0% used [0x00000000d6400000,0x00000000d6400000,0x00000000d6580000)
 ParOldGen       total 68608K, used 48330K [0x0000000080000000, 0x0000000084300000, 0x00000000d5580000)
  object space 68608K, 70% used [0x0000000080000000,0x0000000082f32b08,0x0000000084300000)
 Metaspace       used 57454K, committed 58880K, reserved 1114112K
  class space    used 6765K, committed 7360K, reserved 1048576K
}
Event: 29.254 GC heap before
{Heap before GC invocations=42 (full 2):
 PSYoungGen      total 14848K, used 14592K [0x00000000d5580000, 0x00000000d6580000, 0x0000000100000000)
  eden space 13312K, 100% used [0x00000000d5580000,0x00000000d6280000,0x00000000d6280000)
  from space 1536K, 83% used [0x00000000d6280000,0x00000000d63c0000,0x00000000d6400000)
  to   space 1536K, 0% used [0x00000000d6400000,0x00000000d6400000,0x00000000d6580000)
 ParOldGen       total 68608K, used 48330K [0x0000000080000000, 0x0000000084300000, 0x00000000d5580000)
  object space 68608K, 70% used [0x0000000080000000,0x0000000082f32b08,0x0000000084300000)
 Metaspace       used 57482K, committed 58880K, reserved 1114112K
  class space    used 6765K, committed 7360K, reserved 1048576K
}
Event: 29.258 GC heap after
{Heap after GC invocations=42 (full 2):
 PSYoungGen      total 14848K, used 1408K [0x00000000d5580000, 0x00000000d6580000, 0x0000000100000000)
  eden space 13312K, 0% used [0x00000000d5580000,0x00000000d5580000,0x00000000d6280000)
  from space 1536K, 91% used [0x00000000d6400000,0x00000000d6560010,0x00000000d6580000)
  to   space 1536K, 0% used [0x00000000d6280000,0x00000000d6280000,0x00000000d6400000)
 ParOldGen       total 68608K, used 49458K [0x0000000080000000, 0x0000000084300000, 0x00000000d5580000)
  object space 68608K, 72% used [0x0000000080000000,0x000000008304cb08,0x0000000084300000)
 Metaspace       used 57482K, committed 58880K, reserved 1114112K
  class space    used 6765K, committed 7360K, reserved 1048576K
}
Event: 29.335 GC heap before
{Heap before GC invocations=43 (full 2):
 PSYoungGen      total 14848K, used 14720K [0x00000000d5580000, 0x00000000d6580000, 0x0000000100000000)
  eden space 13312K, 100% used [0x00000000d5580000,0x00000000d6280000,0x00000000d6280000)
  from space 1536K, 91% used [0x00000000d6400000,0x00000000d6560010,0x00000000d6580000)
  to   space 1536K, 0% used [0x00000000d6280000,0x00000000d6280000,0x00000000d6400000)
 ParOldGen       total 68608K, used 49458K [0x0000000080000000, 0x0000000084300000, 0x00000000d5580000)
  object space 68608K, 72% used [0x0000000080000000,0x000000008304cb08,0x0000000084300000)
 Metaspace       used 57545K, committed 58944K, reserved 1114112K
  class space    used 6767K, committed 7360K, reserved 1048576K
}
Event: 29.339 GC heap after
{Heap after GC invocations=43 (full 2):
 PSYoungGen      total 14848K, used 1248K [0x00000000d5580000, 0x00000000d6580000, 0x0000000100000000)
  eden space 13312K, 0% used [0x00000000d5580000,0x00000000d5580000,0x00000000d6280000)
  from space 1536K, 81% used [0x00000000d6280000,0x00000000d63b8000,0x00000000d6400000)
  to   space 1536K, 0% used [0x00000000d6400000,0x00000000d6400000,0x00000000d6580000)
 ParOldGen       total 68608K, used 50754K [0x0000000080000000, 0x0000000084300000, 0x00000000d5580000)
  object space 68608K, 73% used [0x0000000080000000,0x0000000083190b18,0x0000000084300000)
 Metaspace       used 57545K, committed 58944K, reserved 1114112K
  class space    used 6767K, committed 7360K, reserved 1048576K
}
Event: 29.503 GC heap before
{Heap before GC invocations=44 (full 2):
 PSYoungGen      total 14848K, used 14560K [0x00000000d5580000, 0x00000000d6580000, 0x0000000100000000)
  eden space 13312K, 100% used [0x00000000d5580000,0x00000000d6280000,0x00000000d6280000)
  from space 1536K, 81% used [0x00000000d6280000,0x00000000d63b8000,0x00000000d6400000)
  to   space 1536K, 0% used [0x00000000d6400000,0x00000000d6400000,0x00000000d6580000)
 ParOldGen       total 68608K, used 50754K [0x0000000080000000, 0x0000000084300000, 0x00000000d5580000)
  object space 68608K, 73% used [0x0000000080000000,0x0000000083190b18,0x0000000084300000)
 Metaspace       used 57881K, committed 59200K, reserved 1114112K
  class space    used 6803K, committed 7360K, reserved 1048576K
}
Event: 29.508 GC heap after
{Heap after GC invocations=44 (full 2):
 PSYoungGen      total 14848K, used 1184K [0x00000000d5580000, 0x00000000d6580000, 0x0000000100000000)
  eden space 13312K, 0% used [0x00000000d5580000,0x00000000d5580000,0x00000000d6280000)
  from space 1536K, 77% used [0x00000000d6400000,0x00000000d6528040,0x00000000d6580000)
  to   space 1536K, 0% used [0x00000000d6280000,0x00000000d6280000,0x00000000d6400000)
 ParOldGen       total 68608K, used 51923K [0x0000000080000000, 0x0000000084300000, 0x00000000d5580000)
  object space 68608K, 75% used [0x0000000080000000,0x00000000832b4d18,0x0000000084300000)
 Metaspace       used 57881K, committed 59200K, reserved 1114112K
  class space    used 6803K, committed 7360K, reserved 1048576K
}

Dll operation events (13 events):
Event: 0.105 Loaded shared library c:\Users\91723\.antigravity\extensions\redhat.java-1.50.0-win32-x64\jre\21.0.9-win32-x86_64\bin\java.dll
Event: 0.626 Loaded shared library c:\Users\91723\.antigravity\extensions\redhat.java-1.50.0-win32-x64\jre\21.0.9-win32-x86_64\bin\zip.dll
Event: 0.699 Loaded shared library C:\Users\91723\.antigravity\extensions\redhat.java-1.50.0-win32-x64\jre\21.0.9-win32-x86_64\bin\instrument.dll
Event: 0.719 Loaded shared library C:\Users\91723\.antigravity\extensions\redhat.java-1.50.0-win32-x64\jre\21.0.9-win32-x86_64\bin\net.dll
Event: 0.756 Loaded shared library C:\Users\91723\.antigravity\extensions\redhat.java-1.50.0-win32-x64\jre\21.0.9-win32-x86_64\bin\nio.dll
Event: 0.766 Loaded shared library C:\Users\91723\.antigravity\extensions\redhat.java-1.50.0-win32-x64\jre\21.0.9-win32-x86_64\bin\zip.dll
Event: 0.831 Loaded shared library C:\Users\91723\.antigravity\extensions\redhat.java-1.50.0-win32-x64\jre\21.0.9-win32-x86_64\bin\jimage.dll
Event: 1.096 Loaded shared library c:\Users\91723\.antigravity\extensions\redhat.java-1.50.0-win32-x64\jre\21.0.9-win32-x86_64\bin\verify.dll
Event: 5.718 Loaded shared library C:\Users\91723\AppData\Roaming\Antigravity\User\globalStorage\redhat.java\1.50.0\config_win\org.eclipse.equinox.launcher\org.eclipse.equinox.launcher.win32.win32.x86_64_1.2.1400.v20250801-0854\eclipse_11916.dll
Event: 11.748 Loaded shared library C:\Users\91723\AppData\Local\Temp\jna-54154912\jna12958084992156287759.dll
Event: 23.306 Loaded shared library C:\Users\91723\.gradle\native\c067742578af261105cb4f569cf0c3c89f3d7b1fecec35dd04571415982c5e48\windows-amd64\native-platform.dll
Event: 25.520 Loaded shared library C:\Users\91723\.antigravity\extensions\redhat.java-1.50.0-win32-x64\jre\21.0.9-win32-x86_64\bin\management.dll
Event: 25.527 Loaded shared library C:\Users\91723\.antigravity\extensions\redhat.java-1.50.0-win32-x64\jre\21.0.9-win32-x86_64\bin\management_ext.dll

Deoptimization events (20 events):
Event: 35.233 Thread 0x00000221d2f4d190 DEOPT PACKING pc=0x00000221c075fa80 sp=0x000000fa0b0fe8d0
Event: 35.233 Thread 0x00000221d2f4d190 DEOPT UNPACKING pc=0x00000221c6f04242 sp=0x000000fa0b0fde28 mode 0
Event: 35.235 Thread 0x00000221d2f4d190 DEOPT PACKING pc=0x00000221c075fa80 sp=0x000000fa0b0fe8d0
Event: 35.235 Thread 0x00000221d2f4d190 DEOPT UNPACKING pc=0x00000221c6f04242 sp=0x000000fa0b0fde28 mode 0
Event: 35.235 Thread 0x00000221d2f4d190 DEOPT PACKING pc=0x00000221c075fa80 sp=0x000000fa0b0fe8d0
Event: 35.236 Thread 0x00000221d2f4d190 DEOPT UNPACKING pc=0x00000221c6f04242 sp=0x000000fa0b0fde28 mode 0
Event: 35.236 Thread 0x00000221d2f4d190 DEOPT PACKING pc=0x00000221c075fa80 sp=0x000000fa0b0fe8d0
Event: 35.236 Thread 0x00000221d2f4d190 DEOPT UNPACKING pc=0x00000221c6f04242 sp=0x000000fa0b0fde28 mode 0
Event: 35.238 Thread 0x00000221d2f4d190 DEOPT PACKING pc=0x00000221c075fa80 sp=0x000000fa0b0fe8d0
Event: 35.238 Thread 0x00000221d2f4d190 DEOPT UNPACKING pc=0x00000221c6f04242 sp=0x000000fa0b0fde28 mode 0
Event: 35.238 Thread 0x00000221d2f4d190 DEOPT PACKING pc=0x00000221c075fa80 sp=0x000000fa0b0fe8d0
Event: 35.238 Thread 0x00000221d2f4d190 DEOPT UNPACKING pc=0x00000221c6f04242 sp=0x000000fa0b0fde28 mode 0
Event: 35.240 Thread 0x00000221d2f4d190 Uncommon trap: trap_request=0xffffff45 fr.pc=0x00000221c74f13bc relative=0x000000000000015c
Event: 35.240 Thread 0x00000221d2f4d190 Uncommon trap: reason=unstable_if action=reinterpret pc=0x00000221c74f13bc method=java.util.HashMap.getNode(Ljava/lang/Object;)Ljava/util/HashMap$Node; @ 66 c2
Event: 35.240 Thread 0x00000221d2f4d190 DEOPT PACKING pc=0x00000221c74f13bc sp=0x000000fa0b0feaa0
Event: 35.240 Thread 0x00000221d2f4d190 DEOPT UNPACKING pc=0x00000221c6f03aa2 sp=0x000000fa0b0fe9b0 mode 2
Event: 35.240 Thread 0x00000221d2f4d190 Uncommon trap: trap_request=0xffffff45 fr.pc=0x00000221c74f08bc relative=0x000000000000015c
Event: 35.240 Thread 0x00000221d2f4d190 Uncommon trap: reason=unstable_if action=reinterpret pc=0x00000221c74f08bc method=java.util.HashMap.getNode(Ljava/lang/Object;)Ljava/util/HashMap$Node; @ 66 c2
Event: 35.240 Thread 0x00000221d2f4d190 DEOPT PACKING pc=0x00000221c74f08bc sp=0x000000fa0b0fe9c0
Event: 35.240 Thread 0x00000221d2f4d190 DEOPT UNPACKING pc=0x00000221c6f03aa2 sp=0x000000fa0b0fe940 mode 2

Classes loaded (20 events):
Event: 35.322 Loading class sun/util/cldr/CLDRTimeZoneNameProviderImpl
Event: 35.322 Loading class sun/util/locale/provider/TimeZoneNameProviderImpl
Event: 35.323 Loading class sun/util/locale/provider/TimeZoneNameProviderImpl done
Event: 35.323 Loading class sun/util/cldr/CLDRTimeZoneNameProviderImpl done
Event: 35.327 Loading class sun/util/resources/cldr/TimeZoneNames
Event: 35.328 Loading class sun/util/resources/TimeZoneNamesBundle
Event: 35.328 Loading class sun/util/resources/OpenListResourceBundle
Event: 35.328 Loading class sun/util/resources/OpenListResourceBundle done
Event: 35.328 Loading class sun/util/resources/TimeZoneNamesBundle done
Event: 35.328 Loading class sun/util/resources/cldr/TimeZoneNames done
Event: 35.329 Loading class sun/util/resources/cldr/TimeZoneNames_en
Event: 35.331 Loading class sun/util/resources/cldr/TimeZoneNames_en done
Event: 35.331 Loading class sun/util/resources/cldr/TimeZoneNames_en_US
Event: 35.331 Loading class sun/util/resources/cldr/TimeZoneNames_en_US done
Event: 35.334 Loading class sun/util/cldr/CLDRBaseLocaleDataMetaInfo$TZCanonicalIDMapHolder
Event: 35.335 Loading class sun/util/cldr/CLDRBaseLocaleDataMetaInfo$TZCanonicalIDMapHolder done
Event: 35.338 Loading class sun/util/resources/TimeZoneNames
Event: 35.340 Loading class sun/util/resources/TimeZoneNames done
Event: 35.340 Loading class sun/util/resources/TimeZoneNames_en
Event: 35.341 Loading class sun/util/resources/TimeZoneNames_en done

Classes unloaded (12 events):
Event: 14.173 Thread 0x00000221d2f42660 Unloading class 0x00000221d41a8c00 'java/lang/invoke/LambdaForm$MH+0x00000221d41a8c00'
Event: 14.173 Thread 0x00000221d2f42660 Unloading class 0x00000221d41a8800 'java/lang/invoke/LambdaForm$MH+0x00000221d41a8800'
Event: 14.173 Thread 0x00000221d2f42660 Unloading class 0x00000221d41a8400 'java/lang/invoke/LambdaForm$MH+0x00000221d41a8400'
Event: 14.173 Thread 0x00000221d2f42660 Unloading class 0x00000221d41a8000 'java/lang/invoke/LambdaForm$MH+0x00000221d41a8000'
Event: 14.173 Thread 0x00000221d2f42660 Unloading class 0x00000221d41a7c00 'java/lang/invoke/LambdaForm$BMH+0x00000221d41a7c00'
Event: 14.173 Thread 0x00000221d2f42660 Unloading class 0x00000221d41a7800 'java/lang/invoke/LambdaForm$DMH+0x00000221d41a7800'
Event: 14.173 Thread 0x00000221d2f42660 Unloading class 0x00000221d41a6400 'java/lang/invoke/LambdaForm$DMH+0x00000221d41a6400'
Event: 16.883 Thread 0x00000221d2f42660 Unloading class 0x00000221d4306400 'java/lang/invoke/LambdaForm$MH+0x00000221d4306400'
Event: 16.883 Thread 0x00000221d2f42660 Unloading class 0x00000221d4305800 'java/lang/invoke/LambdaForm$MH+0x00000221d4305800'
Event: 16.883 Thread 0x00000221d2f42660 Unloading class 0x00000221d4304400 'java/lang/invoke/LambdaForm$MH+0x00000221d4304400'
Event: 16.883 Thread 0x00000221d2f42660 Unloading class 0x00000221d42f9c00 'java/lang/invoke/LambdaForm$MH+0x00000221d42f9c00'
Event: 16.883 Thread 0x00000221d2f42660 Unloading class 0x00000221d42f9400 'java/lang/invoke/LambdaForm$MH+0x00000221d42f9400'

Classes redefined (0 events):
No events

Internal exceptions (20 events):
Event: 27.901 Thread 0x000002221a032820 Exception <a 'sun/nio/fs/WindowsException'{0x00000000d614bf00}> (0x00000000d614bf00) 
thrown [s\src\hotspot\share\prims\jni.cpp, line 520]
Event: 27.904 Thread 0x000002221a032820 Exception <a 'sun/nio/fs/WindowsException'{0x00000000d614c9b0}> (0x00000000d614c9b0) 
thrown [s\src\hotspot\share\prims\jni.cpp, line 520]
Event: 27.904 Thread 0x000002221a032820 Exception <a 'sun/nio/fs/WindowsException'{0x00000000d6169fe8}> (0x00000000d6169fe8) 
thrown [s\src\hotspot\share\prims\jni.cpp, line 520]
Event: 27.971 Thread 0x000002221b6a5af0 Exception <a 'java/lang/NoSuchMethodError'{0x00000000d5705188}: 'java.lang.Object java.lang.invoke.DirectMethodHandle$Holder.invokeStaticInit(java.lang.Object, java.lang.Object, java.lang.Object)'> (0x00000000d5705188) 
thrown [s\src\hotspot\share\interpreter\linkResolver.cpp, line 773]
Event: 28.003 Thread 0x000002221a032820 Exception <a 'java/lang/NoSuchMethodError'{0x00000000d58290c8}: 'java.lang.Object java.lang.invoke.DelegatingMethodHandle$Holder.reinvoke_L(java.lang.Object, int, long, java.lang.Object, java.lang.Object, int, java.lang.Object)'> (0x00000000d58290c8) 
thrown [s\src\hotspot\share\interpreter\linkResolver.cpp, line 773]
Event: 28.239 Thread 0x000002221a032820 Exception <a 'java/lang/NoSuchMethodError'{0x00000000d5dfe8e8}: 'java.lang.Object java.lang.invoke.Invokers$Holder.invoke_MT(java.lang.Object, java.lang.Object, java.lang.Object, java.lang.Object, java.lang.Object, java.lang.Object, java.lang.Object, java.lang.Object, java.lang.Object, java.lang.Object)'> (0x00000000d5dfe8e8) 
thrown [s\src\hotspot\share\interpreter\linkResolver.cpp, line 773]
Event: 29.401 Thread 0x000002221a032820 Exception <a 'java/io/FileNotFoundException'{0x00000000d5f63d38}> (0x00000000d5f63d38) 
thrown [s\src\hotspot\share\prims\jni.cpp, line 520]
Event: 29.402 Thread 0x000002221a032820 Exception <a 'java/io/FileNotFoundException'{0x00000000d5f64ad8}> (0x00000000d5f64ad8) 
thrown [s\src\hotspot\share\prims\jni.cpp, line 520]
Event: 29.420 Thread 0x000002221a032820 Exception <a 'sun/nio/fs/WindowsException'{0x00000000d5fcfe08}> (0x00000000d5fcfe08) 
thrown [s\src\hotspot\share\prims\jni.cpp, line 520]
Event: 29.420 Thread 0x000002221a032820 Exception <a 'sun/nio/fs/WindowsException'{0x00000000d5fd0438}> (0x00000000d5fd0438) 
thrown [s\src\hotspot\share\prims\jni.cpp, line 520]
Event: 29.443 Thread 0x000002221b6a6810 Exception <a 'sun/nio/fs/WindowsException'{0x00000000d6051050}> (0x00000000d6051050) 
thrown [s\src\hotspot\share\prims\jni.cpp, line 520]
Event: 29.443 Thread 0x000002221b6a6810 Exception <a 'sun/nio/fs/WindowsException'{0x00000000d6051930}> (0x00000000d6051930) 
thrown [s\src\hotspot\share\prims\jni.cpp, line 520]
Event: 29.444 Thread 0x000002221b6a6810 Exception <a 'sun/nio/fs/WindowsException'{0x00000000d6052690}> (0x00000000d6052690) 
thrown [s\src\hotspot\share\prims\jni.cpp, line 520]
Event: 29.444 Thread 0x000002221b6a6810 Exception <a 'sun/nio/fs/WindowsException'{0x00000000d6052f70}> (0x00000000d6052f70) 
thrown [s\src\hotspot\share\prims\jni.cpp, line 520]
Event: 29.445 Thread 0x000002221b6a6810 Exception <a 'sun/nio/fs/WindowsException'{0x00000000d6054678}> (0x00000000d6054678) 
thrown [s\src\hotspot\share\prims\jni.cpp, line 520]
Event: 29.445 Thread 0x000002221b6a6810 Exception <a 'sun/nio/fs/WindowsException'{0x00000000d6054f58}> (0x00000000d6054f58) 
thrown [s\src\hotspot\share\prims\jni.cpp, line 520]
Event: 29.499 Thread 0x000002221b6a5af0 Exception <a 'sun/nio/fs/WindowsException'{0x00000000d6233ac8}> (0x00000000d6233ac8) 
thrown [s\src\hotspot\share\prims\jni.cpp, line 520]
Event: 29.499 Thread 0x000002221b6a5af0 Exception <a 'sun/nio/fs/WindowsException'{0x00000000d62343a8}> (0x00000000d62343a8) 
thrown [s\src\hotspot\share\prims\jni.cpp, line 520]
Event: 29.548 Thread 0x000002221a032820 Exception <a 'sun/nio/fs/WindowsException'{0x00000000d56801e0}> (0x00000000d56801e0) 
thrown [s\src\hotspot\share\prims\jni.cpp, line 520]
Event: 29.548 Thread 0x000002221a032820 Exception <a 'sun/nio/fs/WindowsException'{0x00000000d5680810}> (0x00000000d5680810) 
thrown [s\src\hotspot\share\prims\jni.cpp, line 520]

ZGC Phase Switch (0 events):
No events

VM Operations (20 events):
Event: 6072.389 Executing VM operation: HandshakeAllThreads (HandshakeForDeflation)
Event: 6072.389 Executing VM operation: HandshakeAllThreads (HandshakeForDeflation) done
Event: 6072.389 Executing VM operation: RendezvousGCThreads
Event: 6072.389 Executing VM operation: RendezvousGCThreads done
Event: 6132.450 Executing VM operation: HandshakeAllThreads (HandshakeForDeflation)
Event: 6132.450 Executing VM operation: HandshakeAllThreads (HandshakeForDeflation) done
Event: 6132.450 Executing VM operation: RendezvousGCThreads
Event: 6132.450 Executing VM operation: RendezvousGCThreads done
Event: 6192.580 Executing VM operation: HandshakeAllThreads (HandshakeForDeflation)
Event: 6192.581 Executing VM operation: HandshakeAllThreads (HandshakeForDeflation) done
Event: 6192.581 Executing VM operation: RendezvousGCThreads
Event: 6192.581 Executing VM operation: RendezvousGCThreads done
Event: 6673.443 Executing VM operation: HandshakeAllThreads (HandshakeForDeflation)
Event: 6673.443 Executing VM operation: HandshakeAllThreads (HandshakeForDeflation) done
Event: 6673.443 Executing VM operation: RendezvousGCThreads
Event: 6673.443 Executing VM operation: RendezvousGCThreads done
Event: 6733.607 Executing VM operation: HandshakeAllThreads (HandshakeForDeflation)
Event: 6733.607 Executing VM operation: HandshakeAllThreads (HandshakeForDeflation) done
Event: 6733.607 Executing VM operation: RendezvousGCThreads
Event: 6733.607 Executing VM operation: RendezvousGCThreads done

Memory protections (0 events):
No events

Nmethod flushes (20 events):
Event: 16.919 Thread 0x00000221d2f42660 flushing  nmethod 0x00000221bff98b90
Event: 16.919 Thread 0x00000221d2f42660 flushing  nmethod 0x00000221bff99f90
Event: 16.919 Thread 0x00000221d2f42660 flushing  nmethod 0x00000221bff9a890
Event: 16.919 Thread 0x00000221d2f42660 flushing  nmethod 0x00000221bff9cb10
Event: 16.919 Thread 0x00000221d2f42660 flushing  nmethod 0x00000221bff9d890
Event: 16.919 Thread 0x00000221d2f42660 flushing  nmethod 0x00000221bff9f590
Event: 16.919 Thread 0x00000221d2f42660 flushing  nmethod 0x00000221bff9fa90
Event: 16.919 Thread 0x00000221d2f42660 flushing  nmethod 0x00000221bffa0390
Event: 16.919 Thread 0x00000221d2f42660 flushing  nmethod 0x00000221bffa0810
Event: 16.919 Thread 0x00000221d2f42660 flushing  nmethod 0x00000221bffa1790
Event: 16.919 Thread 0x00000221d2f42660 flushing  nmethod 0x00000221bffa2490
Event: 16.919 Thread 0x00000221d2f42660 flushing  nmethod 0x00000221bffa3710
Event: 16.919 Thread 0x00000221d2f42660 flushing  nmethod 0x00000221bffa3a10
Event: 16.919 Thread 0x00000221d2f42660 flushing  nmethod 0x00000221bffaca10
Event: 16.919 Thread 0x00000221d2f42660 flushing  nmethod 0x00000221bffae190
Event: 16.919 Thread 0x00000221d2f42660 flushing  nmethod 0x00000221c0002490
Event: 16.919 Thread 0x00000221d2f42660 flushing  nmethod 0x00000221c0007d90
Event: 16.919 Thread 0x00000221d2f42660 flushing  nmethod 0x00000221c0013190
Event: 16.919 Thread 0x00000221d2f42660 flushing  nmethod 0x00000221c0051d90
Event: 16.919 Thread 0x00000221d2f42660 flushing  nmethod 0x00000221c007f190

Events (20 events):
Event: 28.106 Thread 0x00000221d2f49410 Thread added: 0x000002221ec2e800
Event: 28.787 Thread 0x00000222159e7f50 Thread added: 0x000002221d16bfc0
Event: 34.920 Thread 0x000002221d16bfc0 Thread exited: 0x000002221d16bfc0
Event: 35.184 Thread 0x000002221ec2e800 Thread exited: 0x000002221ec2e800
Event: 35.205 Thread 0x00000222159e7f50 Thread added: 0x000002221f448930
Event: 35.212 Thread 0x00000222159e7f50 Thread added: 0x000002221f1d4930
Event: 39.283 Thread 0x000002221f1d4930 Thread exited: 0x000002221f1d4930
Event: 44.284 Thread 0x000002221f448930 Thread exited: 0x000002221f448930
Event: 86.158 Thread 0x000002221b6a2670 Thread exited: 0x000002221b6a2670
Event: 86.158 Thread 0x000002221b6a6180 Thread exited: 0x000002221b6a6180
Event: 86.173 Thread 0x000002221b6a5460 Thread exited: 0x000002221b6a5460
Event: 89.531 Thread 0x000002221a034260 Thread exited: 0x000002221a034260
Event: 89.569 Thread 0x000002221a0300c0 Thread exited: 0x000002221a0300c0
Event: 89.569 Thread 0x000002221a033bd0 Thread exited: 0x000002221a033bd0
Event: 89.569 Thread 0x000002221a033540 Thread exited: 0x000002221a033540
Event: 89.570 Thread 0x000002221b6a5af0 Thread exited: 0x000002221b6a5af0
Event: 149.580 Thread 0x000002221b6a6810 Thread exited: 0x000002221b6a6810
Event: 209.587 Thread 0x000002221b6a1950 Thread exited: 0x000002221b6a1950
Event: 269.590 Thread 0x000002221b6a3390 Thread exited: 0x000002221b6a3390
Event: 329.590 Thread 0x000002221b6a12c0 Thread exited: 0x000002221b6a12c0


Dynamic libraries:
0x00007ff66ea60000 - 0x00007ff66ea6e000 	c:\Users\91723\.antigravity\extensions\redhat.java-1.50.0-win32-x64\jre\21.0.9-win32-x86_64\bin\java.exe
0x00007ffa66ba0000 - 0x00007ffa66e07000 	C:\WINDOWS\SYSTEM32\ntdll.dll
0x00007ffa65650000 - 0x00007ffa65719000 	C:\WINDOWS\System32\KERNEL32.DLL
0x00007ffa63cf0000 - 0x00007ffa640df000 	C:\WINDOWS\System32\KERNELBASE.dll
0x00007ffa64320000 - 0x00007ffa6446b000 	C:\WINDOWS\System32\ucrtbase.dll
0x00007ffa39210000 - 0x00007ffa39228000 	c:\Users\91723\.antigravity\extensions\redhat.java-1.50.0-win32-x64\jre\21.0.9-win32-x86_64\bin\jli.dll
0x00007ffa66570000 - 0x00007ffa66735000 	C:\WINDOWS\System32\USER32.dll
0x00007ffa64240000 - 0x00007ffa64267000 	C:\WINDOWS\System32\win32u.dll
0x00007ffa660e0000 - 0x00007ffa6610b000 	C:\WINDOWS\System32\GDI32.dll
0x00007ffa64470000 - 0x00007ffa6459c000 	C:\WINDOWS\System32\gdi32full.dll
0x00007ffa645a0000 - 0x00007ffa64643000 	C:\WINDOWS\System32\msvcp_win.dll
0x00007ffa34dd0000 - 0x00007ffa34dee000 	c:\Users\91723\.antigravity\extensions\redhat.java-1.50.0-win32-x64\jre\21.0.9-win32-x86_64\bin\VCRUNTIME140.dll
0x00007ffa47f20000 - 0x00007ffa481b3000 	C:\WINDOWS\WinSxS\amd64_microsoft.windows.common-controls_6595b64144ccf1df_6.0.26100.7309_none_3e05feeae336a044\COMCTL32.dll
0x00007ffa66110000 - 0x00007ffa661b9000 	C:\WINDOWS\System32\msvcrt.dll
0x00007ffa66740000 - 0x00007ffa66771000 	C:\WINDOWS\System32\IMM32.DLL
0x00007ffa509c0000 - 0x00007ffa509cc000 	c:\Users\91723\.antigravity\extensions\redhat.java-1.50.0-win32-x64\jre\21.0.9-win32-x86_64\bin\vcruntime140_1.dll
0x00007ff9e8030000 - 0x00007ff9e80bd000 	c:\Users\91723\.antigravity\extensions\redhat.java-1.50.0-win32-x64\jre\21.0.9-win32-x86_64\bin\msvcp140.dll
0x00007ff9e6120000 - 0x00007ff9e6ec0000 	c:\Users\91723\.antigravity\extensions\redhat.java-1.50.0-win32-x64\jre\21.0.9-win32-x86_64\bin\server\jvm.dll
0x00007ffa66430000 - 0x00007ffa664e4000 	C:\WINDOWS\System32\ADVAPI32.dll
0x00007ffa64bf0000 - 0x00007ffa64c96000 	C:\WINDOWS\System32\sechost.dll
0x00007ffa66780000 - 0x00007ffa66898000 	C:\WINDOWS\System32\RPCRT4.dll
0x00007ffa664f0000 - 0x00007ffa66564000 	C:\WINDOWS\System32\WS2_32.dll
0x00007ffa63b50000 - 0x00007ffa63bae000 	C:\WINDOWS\SYSTEM32\POWRPROF.dll
0x00007ffa47ee0000 - 0x00007ffa47f15000 	C:\WINDOWS\SYSTEM32\WINMM.dll
0x00007ffa51930000 - 0x00007ffa5193b000 	C:\WINDOWS\SYSTEM32\VERSION.dll
0x00007ffa63b30000 - 0x00007ffa63b44000 	C:\WINDOWS\SYSTEM32\UMPDC.dll
0x00007ffa62a70000 - 0x00007ffa62a8b000 	C:\WINDOWS\SYSTEM32\kernel.appcore.dll
0x00007ffa50340000 - 0x00007ffa5034a000 	c:\Users\91723\.antigravity\extensions\redhat.java-1.50.0-win32-x64\jre\21.0.9-win32-x86_64\bin\jimage.dll
0x00007ffa60d80000 - 0x00007ffa60fc2000 	C:\WINDOWS\SYSTEM32\DBGHELP.DLL
0x00007ffa65140000 - 0x00007ffa654c6000 	C:\WINDOWS\System32\combase.dll
0x00007ffa662c0000 - 0x00007ffa66396000 	C:\WINDOWS\System32\OLEAUT32.dll
0x00007ffa4eec0000 - 0x00007ffa4eefc000 	C:\WINDOWS\SYSTEM32\dbgcore.DLL
0x00007ffa64270000 - 0x00007ffa64315000 	C:\WINDOWS\System32\bcryptPrimitives.dll
0x00007ffa5a790000 - 0x00007ffa5a79f000 	c:\Users\91723\.antigravity\extensions\redhat.java-1.50.0-win32-x64\jre\21.0.9-win32-x86_64\bin\instrument.dll
0x00007ffa34db0000 - 0x00007ffa34dd0000 	c:\Users\91723\.antigravity\extensions\redhat.java-1.50.0-win32-x64\jre\21.0.9-win32-x86_64\bin\java.dll
0x00007ffa65720000 - 0x00007ffa65e73000 	C:\WINDOWS\System32\SHELL32.dll
0x00007ffa64650000 - 0x00007ffa647ba000 	C:\WINDOWS\System32\wintypes.dll
0x00007ffa618c0000 - 0x00007ffa6211e000 	C:\WINDOWS\SYSTEM32\windows.storage.dll
0x00007ffa66a30000 - 0x00007ffa66b24000 	C:\WINDOWS\System32\SHCORE.dll
0x00007ffa655e0000 - 0x00007ffa65646000 	C:\WINDOWS\System32\shlwapi.dll
0x00007ffa63c10000 - 0x00007ffa63c39000 	C:\WINDOWS\SYSTEM32\profapi.dll
0x00007ffa2e9c0000 - 0x00007ffa2e9d8000 	c:\Users\91723\.antigravity\extensions\redhat.java-1.50.0-win32-x64\jre\21.0.9-win32-x86_64\bin\zip.dll
0x00007ffa3ad80000 - 0x00007ffa3ad90000 	C:\Users\91723\.antigravity\extensions\redhat.java-1.50.0-win32-x64\jre\21.0.9-win32-x86_64\bin\net.dll
0x00007ffa53fb0000 - 0x00007ffa540d8000 	C:\WINDOWS\SYSTEM32\WINHTTP.dll
0x00007ffa63010000 - 0x00007ffa6307b000 	C:\WINDOWS\system32\mswsock.dll
0x00007ffa2bbf0000 - 0x00007ffa2bc06000 	C:\Users\91723\.antigravity\extensions\redhat.java-1.50.0-win32-x64\jre\21.0.9-win32-x86_64\bin\nio.dll
0x00007ffa50860000 - 0x00007ffa50870000 	c:\Users\91723\.antigravity\extensions\redhat.java-1.50.0-win32-x64\jre\21.0.9-win32-x86_64\bin\verify.dll
0x00007ffa36760000 - 0x00007ffa367a4000 	C:\Users\91723\AppData\Roaming\Antigravity\User\globalStorage\redhat.java\1.50.0\config_win\org.eclipse.equinox.launcher\org.eclipse.equinox.launcher.win32.win32.x86_64_1.2.1400.v20250801-0854\eclipse_11916.dll
0x00007ffa64a50000 - 0x00007ffa64be7000 	C:\WINDOWS\System32\ole32.dll
0x00007ffa632e0000 - 0x00007ffa632fb000 	C:\WINDOWS\SYSTEM32\CRYPTSP.dll
0x00007ffa629d0000 - 0x00007ffa62a0a000 	C:\WINDOWS\system32\rsaenh.dll
0x00007ffa630c0000 - 0x00007ffa630eb000 	C:\WINDOWS\SYSTEM32\USERENV.dll
0x00007ffa63be0000 - 0x00007ffa63c0a000 	C:\WINDOWS\SYSTEM32\bcrypt.dll
0x00007ffa632d0000 - 0x00007ffa632dc000 	C:\WINDOWS\SYSTEM32\CRYPTBASE.dll
0x00007ffa62490000 - 0x00007ffa624c4000 	C:\WINDOWS\SYSTEM32\IPHLPAPI.DLL
0x00007ffa65130000 - 0x00007ffa6513a000 	C:\WINDOWS\System32\NSI.dll
0x00007ffa36710000 - 0x00007ffa36759000 	C:\Users\91723\AppData\Local\Temp\jna-54154912\jna12958084992156287759.dll
0x00007ffa64940000 - 0x00007ffa64948000 	C:\WINDOWS\System32\PSAPI.DLL
0x00007ffa54140000 - 0x00007ffa5415e000 	C:\WINDOWS\SYSTEM32\dhcpcsvc6.DLL
0x00007ffa54110000 - 0x00007ffa54133000 	C:\WINDOWS\SYSTEM32\dhcpcsvc.DLL
0x00007ffa3c230000 - 0x00007ffa3c257000 	C:\Users\91723\.gradle\native\c067742578af261105cb4f569cf0c3c89f3d7b1fecec35dd04571415982c5e48\windows-amd64\native-platform.dll
0x00007ffa608d0000 - 0x00007ffa608da000 	C:\Users\91723\.antigravity\extensions\redhat.java-1.50.0-win32-x64\jre\21.0.9-win32-x86_64\bin\management.dll
0x00007ffa5e830000 - 0x00007ffa5e83c000 	C:\Users\91723\.antigravity\extensions\redhat.java-1.50.0-win32-x64\jre\21.0.9-win32-x86_64\bin\management_ext.dll

JVMTI agents:
c:\Users\91723\.antigravity\extensions\redhat.java-1.50.0-win32-x64\lombok\lombok-1.18.39-4050.jar path:c:\Users\91723\.antigravity\extensions\redhat.java-1.50.0-win32-x64\jre\21.0.9-win32-x86_64\bin\instrument.dll, loaded, initialized, instrumentlib options:none

dbghelp: loaded successfully - version: 4.0.5 - missing functions: none
symbol engine: initialized successfully - sym options: 0x614 - pdb path: .;c:\Users\91723\.antigravity\extensions\redhat.java-1.50.0-win32-x64\jre\21.0.9-win32-x86_64\bin;C:\WINDOWS\SYSTEM32;C:\WINDOWS\WinSxS\amd64_microsoft.windows.common-controls_6595b64144ccf1df_6.0.26100.7309_none_3e05feeae336a044;c:\Users\91723\.antigravity\extensions\redhat.java-1.50.0-win32-x64\jre\21.0.9-win32-x86_64\bin\server;C:\Users\91723\AppData\Roaming\Antigravity\User\globalStorage\redhat.java\1.50.0\config_win\org.eclipse.equinox.launcher\org.eclipse.equinox.launcher.win32.win32.x86_64_1.2.1400.v20250801-0854;C:\Users\91723\AppData\Local\Temp\jna-54154912;C:\Users\91723\.gradle\native\c067742578af261105cb4f569cf0c3c89f3d7b1fecec35dd04571415982c5e48\windows-amd64

VM Arguments:
jvm_args: --add-modules=ALL-SYSTEM --add-opens=java.base/java.util=ALL-UNNAMED --add-opens=java.base/java.lang=ALL-UNNAMED --add-opens=java.base/sun.nio.fs=ALL-UNNAMED -Declipse.application=org.eclipse.jdt.ls.core.id1 -Dosgi.bundles.defaultStartLevel=4 -Declipse.product=org.eclipse.jdt.ls.core.product -Djava.import.generatesMetadataFilesAtProjectRoot=false -DDetectVMInstallationsJob.disabled=true -Dfile.encoding=utf8 -XX:+UseParallelGC -XX:GCTimeRatio=4 -XX:AdaptiveSizePolicyWeight=90 -Dsun.zip.disableMemoryMapping=true -Xmx2G -Xms100m -Xlog:disable -javaagent:c:\Users\91723\.antigravity\extensions\redhat.java-1.50.0-win32-x64\lombok\lombok-1.18.39-4050.jar -XX:+HeapDumpOnOutOfMemoryError -XX:HeapDumpPath=c:\Users\91723\AppData\Roaming\Antigravity\User\workspaceStorage\080a43fa2e46671ef9a202cfadfb1fad\redhat.java -Daether.dependencyCollector.impl=bf 
java_command: c:\Users\91723\.antigravity\extensions\redhat.java-1.50.0-win32-x64\server\plugins\org.eclipse.equinox.launcher_1.7.100.v20251111-0406.jar -configuration c:\Users\91723\AppData\Roaming\Antigravity\User\globalStorage\redhat.java\1.50.0\config_win -data c:\Users\91723\AppData\Roaming\Antigravity\User\workspaceStorage\080a43fa2e46671ef9a202cfadfb1fad\redhat.java\jdt_ws --pipe=\\.\pipe\lsp-387e09351c596f8625c54ea4893a1d72-sock
java_class_path (initial): c:\Users\91723\.antigravity\extensions\redhat.java-1.50.0-win32-x64\server\plugins\org.eclipse.equinox.launcher_1.7.100.v20251111-0406.jar
Launcher Type: SUN_STANDARD

[Global flags]
    uintx AdaptiveSizePolicyWeight                 = 90                                        {product} {command line}
     intx CICompilerCount                          = 4                                         {product} {ergonomic}
    uintx GCTimeRatio                              = 4                                         {product} {command line}
     bool HeapDumpOnOutOfMemoryError               = true                                   {manageable} {command line}
    ccstr HeapDumpPath                             = c:\Users\91723\AppData\Roaming\Antigravity\User\workspaceStorage\080a43fa2e46671ef9a202cfadfb1fad\redhat.java         {manageable} {command line}
   size_t InitialHeapSize                          = 104857600                                 {product} {command line}
   size_t MaxHeapSize                              = 2147483648                                {product} {command line}
   size_t MaxNewSize                               = 715653120                                 {product} {ergonomic}
   size_t MinHeapDeltaBytes                        = 524288                                    {product} {ergonomic}
   size_t MinHeapSize                              = 104857600                                 {product} {command line}
   size_t NewSize                                  = 34603008                                  {product} {ergonomic}
    uintx NonNMethodCodeHeapSize                   = 5839372                                {pd product} {ergonomic}
    uintx NonProfiledCodeHeapSize                  = 122909434                              {pd product} {ergonomic}
   size_t OldSize                                  = 70254592                                  {product} {ergonomic}
    uintx ProfiledCodeHeapSize                     = 122909434                              {pd product} {ergonomic}
    uintx ReservedCodeCacheSize                    = 251658240                              {pd product} {ergonomic}
     bool SegmentedCodeCache                       = true                                      {product} {ergonomic}
   size_t SoftMaxHeapSize                          = 2147483648                             {manageable} {ergonomic}
     bool UseCompressedOops                        = true                           {product lp64_product} {ergonomic}
     bool UseLargePagesIndividualAllocation        = false                                  {pd product} {ergonomic}
     bool UseParallelGC                            = true                                      {product} {command line}

Logging:
Log output configuration:
 #0: stdout all=off uptime,level,tags foldmultilines=false
 #1: stderr all=off uptime,level,tags foldmultilines=false

Release file:
JAVA_VERSION="21.0.9" 
MODULES="java.base java.compiler java.datatransfer java.xml java.prefs java.desktop java.instrument java.logging java.management java.security.sasl java.naming java.rmi java.management.rmi java.net.http java.scripting java.security.jgss java.transaction.xa java.sql java.sql.rowset java.xml.crypto java.se java.smartcardio jdk.accessibility jdk.internal.jvmstat jdk.attach jdk.charsets jdk.internal.opt jdk.zipfs jdk.compiler jdk.crypto.ec jdk.crypto.cryptoki jdk.crypto.mscapi jdk.dynalink jdk.internal.ed jdk.editpad jdk.hotspot.agent jdk.httpserver jdk.internal.le jdk.internal.vm.ci jdk.internal.vm.compiler jdk.internal.vm.compiler.management jdk.jartool jdk.javadoc jdk.jcmd jdk.management jdk.management.agent jdk.jconsole jdk.jdeps jdk.jdwp.agent jdk.jdi jdk.jfr jdk.jshell jdk.jsobject jdk.jstatd jdk.localedata jdk.management.jfr jdk.naming.dns jdk.naming.rmi jdk.net jdk.nio.mapmode jdk.random jdk.sctp jdk.security.auth jdk.security.jgss jdk.unsupported jdk.unsupported.desktop jdk.xml.dom" 

Environment Variables:
PATH=C:\Python313\Scripts\;C:\Python313\;C:\Program Files\Common Files\Oracle\Java\javapath;C:\Program Files (x86)\Intel\iCLS Client\;C:\Program Files\Intel\iCLS Client\;C:\windows\system32;C:\windows;C:\windows\System32\Wbem;C:\windows\System32\WindowsPowerShell\v1.0\;C:\Program Files (x86)\NVIDIA Corporation\PhysX\Common;C:\Program Files\Intel\WiFi\bin\;C:\Program Files\Common Files\Intel\WirelessCommon\;C:\Program Files (x86)\Intel\Intel(R) Management Engine Components\DAL;C:\Program Files\Intel\Intel(R) Management Engine Components\DAL;C:\Program Files (x86)\Intel\Intel(R) Management Engine Components\IPT;C:\Program Files\Intel\Intel(R) Management Engine Components\IPT;C:\WINDOWS\system32;C:\WINDOWS;C:\WINDOWS\System32\Wbem;C:\WINDOWS\System32\WindowsPowerShell\v1.0\;C:\WINDOWS\System32\OpenSSH\;C:\flutter\flutter_windows_3.22.1-stable\flutter\bin;C:\Program Files\Git\cmd;C:\flutter\bin;C:\Program Files\Java\jdk-24\bin;C:\flutter_windows_3.32.6-stable\flutter\bin;C:\Program Files\nodejs\;C:\ProgramData\chocolatey\bin;C:\Program Files\nodejs;C:\Program Files (x86)\Google\Cloud SDK\google-cloud-sdk\bin;C:\Program Files\OpenSSL-Win64\bin;;C:\Program Files\Docker\Docker\resources\bin;C:\Users\91723\AppData\Local\Microsoft\WindowsApps;C:\Users\91723\AppData\Local\Programs\Microsoft VS Code\bin;C:\Users\91723\AppData\Roaming\npm;C:\Users\91723\AppData\Local\Programs\Antigravity\bin
USERNAME=91723
OS=Windows_NT
PROCESSOR_IDENTIFIER=Intel64 Family 6 Model 142 Stepping 10, GenuineIntel
TMP=C:\Users\91723\AppData\Local\Temp
TEMP=C:\Users\91723\AppData\Local\Temp




Periodic native trim disabled

---------------  S Y S T E M  ---------------

OS:
 Windows 11 , 64 bit Build 26100 (10.0.26100.7309)
OS uptime: 0 days 7:37 hours
Hyper-V role detected

CPU: total 8 (initial active 8) (4 cores per cpu, 2 threads per core) family 6 model 142 stepping 10 microcode 0xe0, cx8, cmov, fxsr, ht, mmx, 3dnowpref, sse, sse2, sse3, ssse3, sse4.1, sse4.2, popcnt, lzcnt, tsc, tscinvbit, avx, avx2, aes, erms, clmul, bmi1, bmi2, adx, fma, vzeroupper, clflush, clflushopt, hv, rdtscp, f16c
Processor Information for the first 8 processors :
  Max Mhz: 1800, Current Mhz: 1600, Mhz Limit: 1584

Memory: 4k page, system-wide physical 8083M (350M free)
TotalPageFile size 20974M (AvailPageFile size 269M)
current process WorkingSet (physical memory assigned to process): 10M, peak: 278M
current process commit charge ("private bytes"): 330M, peak: 377M

vm_info: OpenJDK 64-Bit Server VM (21.0.9+10-LTS) for windows-amd64 JRE (21.0.9+10-LTS), built on 2025-10-21T00:00:00Z by "admin" with unknown MS VC++:1942

END.
