#
# There is insufficient memory for the Java Runtime Environment to continue.
# Native memory allocation (malloc) failed to allocate 1048576 bytes. Error detail: AllocateHeap
# Possible reasons:
#   The system is out of physical RAM or swap space
#   This process is running with CompressedOops enabled, and the Java Heap may be blocking the growth of the native heap
# Possible solutions:
#   Reduce memory load on the system
#   Increase physical memory or swap space
#   Check if swap backing store is full
#   Decrease Java heap size (-Xmx/-Xms)
#   Decrease number of Java threads
#   Decrease Java thread stack sizes (-Xss)
#   Set larger code cache with -XX:ReservedCodeCacheSize=
#   JVM is running with Unscaled Compressed Oops mode in which the Java heap is
#     placed in the first 4GB address space. The Java Heap base address is the
#     maximum limit for the native heap growth. Please use -XX:HeapBaseMinAddress
#     to set the Java Heap base and to place the Java Heap above 4GB virtual address.
# This output file may be truncated or incomplete.
#
#  Out of Memory Error (allocation.cpp:44), pid=8480, tid=10120
#
# JRE version: OpenJDK Runtime Environment Temurin-21.0.9+10 (21.0.9+10) (build 21.0.9+10-LTS)
# Java VM: OpenJDK 64-Bit Server VM Temurin-21.0.9+10 (21.0.9+10-LTS, mixed mode, sharing, tiered, compressed oops, compressed class ptrs, parallel gc, windows-amd64)
# No core dump will be written. Minidumps are not enabled by default on client versions of Windows
#

---------------  S U M M A R Y ------------

Command Line: --add-modules=ALL-SYSTEM --add-opens=java.base/java.util=ALL-UNNAMED --add-opens=java.base/java.lang=ALL-UNNAMED --add-opens=java.base/sun.nio.fs=ALL-UNNAMED -Declipse.application=org.eclipse.jdt.ls.core.id1 -Dosgi.bundles.defaultStartLevel=4 -Declipse.product=org.eclipse.jdt.ls.core.product -Djava.import.generatesMetadataFilesAtProjectRoot=false -DDetectVMInstallationsJob.disabled=true -Dfile.encoding=utf8 -XX:+UseParallelGC -XX:GCTimeRatio=4 -XX:AdaptiveSizePolicyWeight=90 -Dsun.zip.disableMemoryMapping=true -Xmx2G -Xms100m -Xlog:disable -javaagent:c:\Users\91723\.antigravity\extensions\redhat.java-1.50.0-win32-x64\lombok\lombok-1.18.39-4050.jar -XX:+HeapDumpOnOutOfMemoryError -XX:HeapDumpPath=c:\Users\91723\AppData\Roaming\Antigravity\User\workspaceStorage\080a43fa2e46671ef9a202cfadfb1fad\redhat.java -Daether.dependencyCollector.impl=bf c:\Users\91723\.antigravity\extensions\redhat.java-1.50.0-win32-x64\server\plugins\org.eclipse.equinox.launcher_1.7.100.v20251111-0406.jar -configuration c:\Users\91723\AppData\Roaming\Antigravity\User\globalStorage\redhat.java\1.50.0\config_win -data c:\Users\91723\AppData\Roaming\Antigravity\User\workspaceStorage\080a43fa2e46671ef9a202cfadfb1fad\redhat.java\jdt_ws --pipe=\\.\pipe\lsp-f0f2faa2420853e24198901a679c27c3-sock

Host: Intel(R) Core(TM) i5-8250U CPU @ 1.60GHz, 8 cores, 7G,  Windows 11 , 64 bit Build 26100 (10.0.26100.7309)
Time: Fri Dec 26 00:17:30 2025 India Standard Time elapsed time: 801.276328 seconds (0d 0h 13m 21s)

---------------  T H R E A D  ---------------

Current thread (0x0000023f2dfc7f90):  JavaThread "Attach Listener" daemon [_thread_in_vm, id=10120, stack(0x000000dd1b200000,0x000000dd1b300000) (1024K)]

Stack: [0x000000dd1b200000,0x000000dd1b300000]
Native frames: (J=compiled Java code, j=interpreted, Vv=VM code, C=native code)
V  [jvm.dll+0x6d6e29]
V  [jvm.dll+0x8b4b76]
V  [jvm.dll+0x8b712e]
V  [jvm.dll+0x8b7813]
V  [jvm.dll+0x283d86]
V  [jvm.dll+0xc1277]
V  [jvm.dll+0x6d76d9]
V  [jvm.dll+0x133466]
V  [jvm.dll+0x3f7ea6]
V  [jvm.dll+0x85e9ad]
V  [jvm.dll+0x6d565d]
C  [ucrtbase.dll+0x37b0]
C  [KERNEL32.DLL+0x2e8d7]
C  [ntdll.dll+0x8c53c]


---------------  P R O C E S S  ---------------

Threads class SMR info:
_java_thread_list=0x0000023f8e475c70, length=37, elements={
0x0000023f2e04c720, 0x0000023f2e10a480, 0x0000023f2e10d900, 0x0000023f2dfc52b0,
0x0000023f2dfc7f90, 0x0000023f2dfc89e0, 0x0000023f2dfc9430, 0x0000023f2dfcc270,
0x0000023f87384450, 0x0000023f875b0690, 0x0000023f8752c8f0, 0x0000023f87dc9eb0,
0x0000023f87d72fe0, 0x0000023f87a52360, 0x0000023f87a53060, 0x0000023f875eed80,
0x0000023f8c2f59d0, 0x0000023f87f30880, 0x0000023f875abe70, 0x0000023f8c26f120,
0x0000023f8c26dd70, 0x0000023f8c26ea90, 0x0000023f8c26fe40, 0x0000023f8c26d6e0,
0x0000023f8f9c7150, 0x0000023f8f9c6ac0, 0x0000023f8f9c77e0, 0x0000023f8f9c7e70,
0x0000023f8f9c8500, 0x0000023f8f9c9f40, 0x0000023f8f9cb980, 0x0000023f8f9cb2f0,
0x0000023f8f9c98b0, 0x0000023f8f9cc010, 0x0000023f8f9ccd30, 0x0000023f8f9c8b90,
0x0000023f8f9c9220
}

Java Threads: ( => current thread )
  0x0000023f2e04c720 JavaThread "main"                              [_thread_blocked, id=1932, stack(0x000000dd1ab00000,0x000000dd1ac00000) (1024K)]
  0x0000023f2e10a480 JavaThread "Reference Handler"          daemon [_thread_blocked, id=22328, stack(0x000000dd1af00000,0x000000dd1b000000) (1024K)]
  0x0000023f2e10d900 JavaThread "Finalizer"                  daemon [_thread_blocked, id=23008, stack(0x000000dd1b000000,0x000000dd1b100000) (1024K)]
  0x0000023f2dfc52b0 JavaThread "Signal Dispatcher"          daemon [_thread_blocked, id=16660, stack(0x000000dd1b100000,0x000000dd1b200000) (1024K)]
=>0x0000023f2dfc7f90 JavaThread "Attach Listener"            daemon [_thread_in_vm, id=10120, stack(0x000000dd1b200000,0x000000dd1b300000) (1024K)]
  0x0000023f2dfc89e0 JavaThread "Service Thread"             daemon [_thread_blocked, id=18808, stack(0x000000dd1b300000,0x000000dd1b400000) (1024K)]
  0x0000023f2dfc9430 JavaThread "Monitor Deflation Thread"   daemon [_thread_blocked, id=22192, stack(0x000000dd1b400000,0x000000dd1b500000) (1024K)]
  0x0000023f2dfcc270 JavaThread "C2 CompilerThread0"         daemon [_thread_blocked, id=13484, stack(0x000000dd1b500000,0x000000dd1b600000) (1024K)]
  0x0000023f87384450 JavaThread "C1 CompilerThread0"         daemon [_thread_blocked, id=6472, stack(0x000000dd1b600000,0x000000dd1b700000) (1024K)]
  0x0000023f875b0690 JavaThread "Common-Cleaner"             daemon [_thread_blocked, id=20756, stack(0x000000dd1b800000,0x000000dd1b900000) (1024K)]
  0x0000023f8752c8f0 JavaThread "Notification Thread"        daemon [_thread_blocked, id=8208, stack(0x000000dd1b700000,0x000000dd1b800000) (1024K)]
  0x0000023f87dc9eb0 JavaThread "Active Thread: Equinox Container: e484958c-3345-4fa3-9bb1-be814086ccea"        [_thread_blocked, id=23180, stack(0x000000dd1c000000,0x000000dd1c100000) (1024K)]
  0x0000023f87d72fe0 JavaThread "Refresh Thread: Equinox Container: e484958c-3345-4fa3-9bb1-be814086ccea" daemon [_thread_blocked, id=21312, stack(0x000000dd1b900000,0x000000dd1ba00000) (1024K)]
  0x0000023f87a52360 JavaThread "Framework Event Dispatcher: Equinox Container: e484958c-3345-4fa3-9bb1-be814086ccea" daemon [_thread_blocked, id=3516, stack(0x000000dd1c200000,0x000000dd1c300000) (1024K)]
  0x0000023f87a53060 JavaThread "Start Level: Equinox Container: e484958c-3345-4fa3-9bb1-be814086ccea" daemon [_thread_blocked, id=24004, stack(0x000000dd1c300000,0x000000dd1c400000) (1024K)]
  0x0000023f875eed80 JavaThread "Bundle File Closer"         daemon [_thread_blocked, id=12352, stack(0x000000dd1c500000,0x000000dd1c600000) (1024K)]
  0x0000023f8c2f59d0 JavaThread "SCR Component Actor"        daemon [_thread_blocked, id=21748, stack(0x000000dd1c400000,0x000000dd1c500000) (1024K)]
  0x0000023f87f30880 JavaThread "Worker-JM"                         [_thread_blocked, id=23560, stack(0x000000dd1c600000,0x000000dd1c700000) (1024K)]
  0x0000023f875abe70 JavaThread "JNA Cleaner"                daemon [_thread_blocked, id=7600, stack(0x000000dd1c700000,0x000000dd1c800000) (1024K)]
  0x0000023f8c26f120 JavaThread "Worker-2"                          [_thread_blocked, id=6960, stack(0x000000dd1ca00000,0x000000dd1cb00000) (1024K)]
  0x0000023f8c26dd70 JavaThread "Worker-3"                          [_thread_blocked, id=13464, stack(0x000000dd1cc00000,0x000000dd1cd00000) (1024K)]
  0x0000023f8c26ea90 JavaThread "Java indexing"              daemon [_thread_blocked, id=2672, stack(0x000000dd1ce00000,0x000000dd1cf00000) (1024K)]
  0x0000023f8c26fe40 JavaThread "Thread-1"                   daemon [_thread_in_native, id=13628, stack(0x000000dd1d300000,0x000000dd1d400000) (1024K)]
  0x0000023f8c26d6e0 JavaThread "Thread-2"                   daemon [_thread_in_native, id=144, stack(0x000000dd1d400000,0x000000dd1d500000) (1024K)]
  0x0000023f8f9c7150 JavaThread "Thread-3"                   daemon [_thread_in_native, id=24288, stack(0x000000dd1d500000,0x000000dd1d600000) (1024K)]
  0x0000023f8f9c6ac0 JavaThread "Thread-4"                   daemon [_thread_in_native, id=17896, stack(0x000000dd1d600000,0x000000dd1d700000) (1024K)]
  0x0000023f8f9c77e0 JavaThread "Thread-5"                   daemon [_thread_in_native, id=22840, stack(0x000000dd1d700000,0x000000dd1d800000) (1024K)]
  0x0000023f8f9c7e70 JavaThread "Thread-6"                   daemon [_thread_in_native, id=19936, stack(0x000000dd1d800000,0x000000dd1d900000) (1024K)]
  0x0000023f8f9c8500 JavaThread "Thread-7"                   daemon [_thread_in_native, id=21976, stack(0x000000dd1d900000,0x000000dd1da00000) (1024K)]
  0x0000023f8f9c9f40 JavaThread "Thread-8"                   daemon [_thread_in_native, id=11900, stack(0x000000dd1da00000,0x000000dd1db00000) (1024K)]
  0x0000023f8f9cb980 JavaThread "Thread-9"                   daemon [_thread_in_native, id=2440, stack(0x000000dd1db00000,0x000000dd1dc00000) (1024K)]
  0x0000023f8f9cb2f0 JavaThread "pool-2-thread-1"                   [_thread_blocked, id=21476, stack(0x000000dd1dc00000,0x000000dd1dd00000) (1024K)]
  0x0000023f8f9c98b0 JavaThread "WorkspaceEventsHandler"            [_thread_blocked, id=17360, stack(0x000000dd1dd00000,0x000000dd1de00000) (1024K)]
  0x0000023f8f9cc010 JavaThread "pool-1-thread-1"                   [_thread_blocked, id=8612, stack(0x000000dd1de00000,0x000000dd1df00000) (1024K)]
  0x0000023f8f9ccd30 JavaThread "Timer-0"                           [_thread_blocked, id=8116, stack(0x000000dd1cb00000,0x000000dd1cc00000) (1024K)]
  0x0000023f8f9c8b90 JavaThread "ForkJoinPool.commonPool-worker-4" daemon [_thread_blocked, id=15280, stack(0x000000dd1a800000,0x000000dd1a900000) (1024K)]
  0x0000023f8f9c9220 JavaThread "ForkJoinPool.commonPool-worker-5" daemon [_thread_blocked, id=2016, stack(0x000000dd1a900000,0x000000dd1aa00000) (1024K)]
Total: 37

Other Threads:
  0x0000023f2dfc1db0 VMThread "VM Thread"                           [id=12028, stack(0x000000dd1ae00000,0x000000dd1af00000) (1024K)]
  0x0000023f2dedcb20 WatcherThread "VM Periodic Task Thread"        [id=25560, stack(0x000000dd1ad00000,0x000000dd1ae00000) (1024K)]
  0x0000023f2e06ab00 WorkerThread "GC Thread#0"                     [id=19444, stack(0x000000dd1ac00000,0x000000dd1ad00000) (1024K)]
  0x0000023f87d51bc0 WorkerThread "GC Thread#1"                     [id=18656, stack(0x000000dd1ba00000,0x000000dd1bb00000) (1024K)]
  0x0000023f87bad730 WorkerThread "GC Thread#2"                     [id=23392, stack(0x000000dd1bb00000,0x000000dd1bc00000) (1024K)]
  0x0000023f87d51f60 WorkerThread "GC Thread#3"                     [id=25044, stack(0x000000dd1bc00000,0x000000dd1bd00000) (1024K)]
  0x0000023f87d52300 WorkerThread "GC Thread#4"                     [id=10772, stack(0x000000dd1bd00000,0x000000dd1be00000) (1024K)]
  0x0000023f87d526a0 WorkerThread "GC Thread#5"                     [id=18264, stack(0x000000dd1be00000,0x000000dd1bf00000) (1024K)]
  0x0000023f87d52a40 WorkerThread "GC Thread#6"                     [id=19188, stack(0x000000dd1bf00000,0x000000dd1c000000) (1024K)]
  0x0000023f87e55610 WorkerThread "GC Thread#7"                     [id=17020, stack(0x000000dd1c100000,0x000000dd1c200000) (1024K)]
Total: 10

Threads with active compile tasks:
Total: 0

VM state: not at safepoint (normal execution)

VM Mutex/Monitor currently owned by a thread: None

Heap address: 0x0000000080000000, size: 2048 MB, Compressed Oops mode: 32-bit

CDS archive(s) mapped at: [0x0000023f45000000-0x0000023f45ba0000-0x0000023f45ba0000), size 12189696, SharedBaseAddress: 0x0000023f45000000, ArchiveRelocationMode: 1.
Compressed class space mapped at: 0x0000023f46000000-0x0000023f86000000, reserved size: 1073741824
Narrow klass base: 0x0000023f45000000, Narrow klass shift: 0, Narrow klass range: 0x100000000

GC Precious Log:
 CardTable entry size: 512
 CPUs: 8 total, 8 available
 Memory: 8083M
 Large Page Support: Disabled
 NUMA Support: Disabled
 Compressed Oops: Enabled (32-bit)
 Alignments: Space 512K, Generation 512K, Heap 2M
 Heap Min Capacity: 100M
 Heap Initial Capacity: 100M
 Heap Max Capacity: 2G
 Pre-touch: Disabled
 Parallel Workers: 8

Heap:
 PSYoungGen      total 23552K, used 8666K [0x00000000d5580000, 0x00000000d7000000, 0x0000000100000000)
  eden space 22016K, 39% used [0x00000000d5580000,0x00000000d5df6b48,0x00000000d6b00000)
  from space 1536K, 0% used [0x00000000d6b00000,0x00000000d6b00000,0x00000000d6c80000)
  to   space 2560K, 0% used [0x00000000d6d80000,0x00000000d6d80000,0x00000000d7000000)
 ParOldGen       total 68608K, used 51497K [0x0000000080000000, 0x0000000084300000, 0x00000000d5580000)
  object space 68608K, 75% used [0x0000000080000000,0x000000008324a7b0,0x0000000084300000)
 Metaspace       used 59543K, committed 60928K, reserved 1114112K
  class space    used 7005K, committed 7616K, reserved 1048576K

Card table byte_map: [0x0000023f2d9f0000,0x0000023f2de00000] _byte_map_base: 0x0000023f2d5f0000

Marking Bits: (ParMarkBitMap*) 0x00007ffe81522460
 Begin Bits: [0x0000023f40500000, 0x0000023f42500000)
 End Bits:   [0x0000023f42500000, 0x0000023f44500000)

Polling page: 0x0000023f2bec0000

Metaspace:

Usage:
  Non-class:     51.31 MB used.
      Class:      6.84 MB used.
       Both:     58.15 MB used.

Virtual space:
  Non-class space:       64.00 MB reserved,      52.06 MB ( 81%) committed,  1 nodes.
      Class space:        1.00 GB reserved,       7.44 MB ( <1%) committed,  1 nodes.
             Both:        1.06 GB reserved,      59.50 MB (  5%) committed. 

Chunk freelists:
   Non-Class:  11.53 MB
       Class:  8.53 MB
        Both:  20.07 MB

MaxMetaspaceSize: unlimited
CompressedClassSpaceSize: 1.00 GB
Initial GC threshold: 21.00 MB
Current GC threshold: 97.31 MB
CDS: on
 - commit_granule_bytes: 65536.
 - commit_granule_words: 8192.
 - virtual_space_node_default_size: 8388608.
 - enlarge_chunks_in_place: 1.
 - use_allocation_guard: 0.


Internal statistics:

num_allocs_failed_limit: 9.
num_arena_births: 1076.
num_arena_deaths: 14.
num_vsnodes_births: 2.
num_vsnodes_deaths: 0.
num_space_committed: 952.
num_space_uncommitted: 0.
num_chunks_returned_to_freelist: 23.
num_chunks_taken_from_freelist: 3730.
num_chunk_merges: 14.
num_chunk_splits: 2377.
num_chunks_enlarged: 1437.
num_inconsistent_stats: 0.

CodeHeap 'non-profiled nmethods': size=120000Kb used=5014Kb max_used=5014Kb free=114986Kb
 bounds [0x0000023f38d20000, 0x0000023f39210000, 0x0000023f40250000]
CodeHeap 'profiled nmethods': size=120000Kb used=14124Kb max_used=14281Kb free=105875Kb
 bounds [0x0000023f31250000, 0x0000023f32050000, 0x0000023f38780000]
CodeHeap 'non-nmethods': size=5760Kb used=1389Kb max_used=1492Kb free=4370Kb
 bounds [0x0000023f38780000, 0x0000023f389f0000, 0x0000023f38d20000]
CodeCache: size=245760Kb, used=20527Kb, max_used=20787Kb, free=225231Kb
 total_blobs=7863, nmethods=7168, adapters=601, full_count=0
Compilation: enabled, stopped_count=0, restarted_count=0

Compilation events (20 events):
Event: 743.684 Thread 0x0000023f87384450 7887       1       org.eclipse.jdt.ls.core.internal.preferences.Preferences::getRootPaths (5 bytes)
Event: 743.689 Thread 0x0000023f87384450 nmethod 7887 0x0000023f39200990 code [0x0000023f39200b20, 0x0000023f39200bf0]
Event: 743.744 Thread 0x0000023f87384450 7888 %     3       java.util.regex.Pattern::compile @ 73 (537 bytes)
Event: 743.757 Thread 0x0000023f87384450 nmethod 7888% 0x0000023f3162e490 code [0x0000023f3162e920, 0x0000023f31631258]
Event: 743.758 Thread 0x0000023f87384450 7889       3       java.util.LinkedList::checkPositionIndex (22 bytes)
Event: 743.761 Thread 0x0000023f87384450 nmethod 7889 0x0000023f3162d590 code [0x0000023f3162d800, 0x0000023f3162e0e8]
Event: 743.761 Thread 0x0000023f87384450 7890       3       java.util.LinkedList::isPositionIndex (18 bytes)
Event: 743.762 Thread 0x0000023f87384450 nmethod 7890 0x0000023f317c7010 code [0x0000023f317c71c0, 0x0000023f317c7350]
Event: 744.048 Thread 0x0000023f87384450 7891       3       org.eclipse.core.runtime.Path::append (264 bytes)
Event: 744.056 Thread 0x0000023f87384450 nmethod 7891 0x0000023f31a07c10 code [0x0000023f31a07fc0, 0x0000023f31a09758]
Event: 744.057 Thread 0x0000023f87384450 7892       3       org.eclipse.core.runtime.Path::isUNC (22 bytes)
Event: 744.057 Thread 0x0000023f87384450 nmethod 7892 0x0000023f317c6c10 code [0x0000023f317c6dc0, 0x0000023f317c6f98]
Event: 744.107 Thread 0x0000023f87384450 7893       3       java.lang.invoke.MethodHandles::identity (87 bytes)
Event: 744.110 Thread 0x0000023f87384450 nmethod 7893 0x0000023f31a07390 code [0x0000023f31a075a0, 0x0000023f31a079c0]
Event: 744.560 Thread 0x0000023f2dfcc270 7894   !   4       org.eclipse.osgi.internal.weaving.WeavingHookConfigurator::processClass (249 bytes)
Event: 745.166 Thread 0x0000023f2dfcc270 nmethod 7894 0x0000023f39200c90 code [0x0000023f39201040, 0x0000023f39203468]
Event: 745.166 Thread 0x0000023f2dfcc270 7895       4       org.eclipse.osgi.internal.weaving.WovenClassImpl::<init> (86 bytes)
Event: 745.176 Thread 0x0000023f2dfcc270 nmethod 7895 0x0000023f39204d10 code [0x0000023f39204ec0, 0x0000023f392052d0]
Event: 745.201 Thread 0x0000023f2dfcc270 7896       4       org.eclipse.osgi.internal.weaving.DynamicImportList::size (10 bytes)
Event: 745.203 Thread 0x0000023f2dfcc270 nmethod 7896 0x0000023f39205510 code [0x0000023f392056a0, 0x0000023f39205768]

GC Heap History (20 events):
Event: 65.990 GC heap before
{Heap before GC invocations=31 (full 2):
 PSYoungGen      total 22528K, used 22144K [0x00000000d5580000, 0x00000000d7280000, 0x0000000100000000)
  eden space 22016K, 100% used [0x00000000d5580000,0x00000000d6b00000,0x00000000d6b00000)
  from space 512K, 25% used [0x00000000d7200000,0x00000000d7220000,0x00000000d7280000)
  to   space 512K, 0% used [0x00000000d7180000,0x00000000d7180000,0x00000000d7200000)
 ParOldGen       total 68608K, used 40167K [0x0000000080000000, 0x0000000084300000, 0x00000000d5580000)
  object space 68608K, 58% used [0x0000000080000000,0x0000000082739ec0,0x0000000084300000)
 Metaspace       used 55776K, committed 57088K, reserved 1114112K
  class space    used 6604K, committed 7168K, reserved 1048576K
}
Event: 65.991 GC heap after
{Heap after GC invocations=31 (full 2):
 PSYoungGen      total 22528K, used 224K [0x00000000d5580000, 0x00000000d7280000, 0x0000000100000000)
  eden space 22016K, 0% used [0x00000000d5580000,0x00000000d5580000,0x00000000d6b00000)
  from space 512K, 43% used [0x00000000d7180000,0x00000000d71b8000,0x00000000d7200000)
  to   space 512K, 0% used [0x00000000d7200000,0x00000000d7200000,0x00000000d7280000)
 ParOldGen       total 68608K, used 40183K [0x0000000080000000, 0x0000000084300000, 0x00000000d5580000)
  object space 68608K, 58% used [0x0000000080000000,0x000000008273dec0,0x0000000084300000)
 Metaspace       used 55776K, committed 57088K, reserved 1114112K
  class space    used 6604K, committed 7168K, reserved 1048576K
}
Event: 68.550 GC heap before
{Heap before GC invocations=32 (full 2):
 PSYoungGen      total 22528K, used 22240K [0x00000000d5580000, 0x00000000d7280000, 0x0000000100000000)
  eden space 22016K, 100% used [0x00000000d5580000,0x00000000d6b00000,0x00000000d6b00000)
  from space 512K, 43% used [0x00000000d7180000,0x00000000d71b8000,0x00000000d7200000)
  to   space 512K, 0% used [0x00000000d7200000,0x00000000d7200000,0x00000000d7280000)
 ParOldGen       total 68608K, used 40183K [0x0000000080000000, 0x0000000084300000, 0x00000000d5580000)
  object space 68608K, 58% used [0x0000000080000000,0x000000008273dec0,0x0000000084300000)
 Metaspace       used 57274K, committed 58624K, reserved 1114112K
  class space    used 6764K, committed 7360K, reserved 1048576K
}
Event: 68.553 GC heap after
{Heap after GC invocations=32 (full 2):
 PSYoungGen      total 22528K, used 504K [0x00000000d5580000, 0x00000000d7280000, 0x0000000100000000)
  eden space 22016K, 0% used [0x00000000d5580000,0x00000000d5580000,0x00000000d6b00000)
  from space 512K, 98% used [0x00000000d7200000,0x00000000d727e1a8,0x00000000d7280000)
  to   space 1024K, 0% used [0x00000000d7080000,0x00000000d7080000,0x00000000d7180000)
 ParOldGen       total 68608K, used 40407K [0x0000000080000000, 0x0000000084300000, 0x00000000d5580000)
  object space 68608K, 58% used [0x0000000080000000,0x0000000082775ec0,0x0000000084300000)
 Metaspace       used 57274K, committed 58624K, reserved 1114112K
  class space    used 6764K, committed 7360K, reserved 1048576K
}
Event: 69.088 GC heap before
{Heap before GC invocations=33 (full 2):
 PSYoungGen      total 22528K, used 22520K [0x00000000d5580000, 0x00000000d7280000, 0x0000000100000000)
  eden space 22016K, 100% used [0x00000000d5580000,0x00000000d6b00000,0x00000000d6b00000)
  from space 512K, 98% used [0x00000000d7200000,0x00000000d727e1a8,0x00000000d7280000)
  to   space 1024K, 0% used [0x00000000d7080000,0x00000000d7080000,0x00000000d7180000)
 ParOldGen       total 68608K, used 40407K [0x0000000080000000, 0x0000000084300000, 0x00000000d5580000)
  object space 68608K, 58% used [0x0000000080000000,0x0000000082775ec0,0x0000000084300000)
 Metaspace       used 57712K, committed 59136K, reserved 1114112K
  class space    used 6794K, committed 7424K, reserved 1048576K
}
Event: 69.094 GC heap after
{Heap after GC invocations=33 (full 2):
 PSYoungGen      total 23040K, used 992K [0x00000000d5580000, 0x00000000d7280000, 0x0000000100000000)
  eden space 22016K, 0% used [0x00000000d5580000,0x00000000d5580000,0x00000000d6b00000)
  from space 1024K, 96% used [0x00000000d7080000,0x00000000d7178030,0x00000000d7180000)
  to   space 1024K, 0% used [0x00000000d7180000,0x00000000d7180000,0x00000000d7280000)
 ParOldGen       total 68608K, used 41818K [0x0000000080000000, 0x0000000084300000, 0x00000000d5580000)
  object space 68608K, 60% used [0x0000000080000000,0x00000000828d6ab8,0x0000000084300000)
 Metaspace       used 57712K, committed 59136K, reserved 1114112K
  class space    used 6794K, committed 7424K, reserved 1048576K
}
Event: 69.547 GC heap before
{Heap before GC invocations=34 (full 2):
 PSYoungGen      total 23040K, used 23008K [0x00000000d5580000, 0x00000000d7280000, 0x0000000100000000)
  eden space 22016K, 100% used [0x00000000d5580000,0x00000000d6b00000,0x00000000d6b00000)
  from space 1024K, 96% used [0x00000000d7080000,0x00000000d7178030,0x00000000d7180000)
  to   space 1024K, 0% used [0x00000000d7180000,0x00000000d7180000,0x00000000d7280000)
 ParOldGen       total 68608K, used 41818K [0x0000000080000000, 0x0000000084300000, 0x00000000d5580000)
  object space 68608K, 60% used [0x0000000080000000,0x00000000828d6ab8,0x0000000084300000)
 Metaspace       used 58103K, committed 59520K, reserved 1114112K
  class space    used 6853K, committed 7488K, reserved 1048576K
}
Event: 69.557 GC heap after
{Heap after GC invocations=34 (full 2):
 PSYoungGen      total 23040K, used 994K [0x00000000d5580000, 0x00000000d7280000, 0x0000000100000000)
  eden space 22016K, 0% used [0x00000000d5580000,0x00000000d5580000,0x00000000d6b00000)
  from space 1024K, 97% used [0x00000000d7180000,0x00000000d7278800,0x00000000d7280000)
  to   space 3584K, 0% used [0x00000000d6b80000,0x00000000d6b80000,0x00000000d6f00000)
 ParOldGen       total 68608K, used 43939K [0x0000000080000000, 0x0000000084300000, 0x00000000d5580000)
  object space 68608K, 64% used [0x0000000080000000,0x0000000082ae8ff0,0x0000000084300000)
 Metaspace       used 58103K, committed 59520K, reserved 1114112K
  class space    used 6853K, committed 7488K, reserved 1048576K
}
Event: 69.766 GC heap before
{Heap before GC invocations=35 (full 2):
 PSYoungGen      total 23040K, used 23010K [0x00000000d5580000, 0x00000000d7280000, 0x0000000100000000)
  eden space 22016K, 100% used [0x00000000d5580000,0x00000000d6b00000,0x00000000d6b00000)
  from space 1024K, 97% used [0x00000000d7180000,0x00000000d7278800,0x00000000d7280000)
  to   space 3584K, 0% used [0x00000000d6b80000,0x00000000d6b80000,0x00000000d6f00000)
 ParOldGen       total 68608K, used 43939K [0x0000000080000000, 0x0000000084300000, 0x00000000d5580000)
  object space 68608K, 64% used [0x0000000080000000,0x0000000082ae8ff0,0x0000000084300000)
 Metaspace       used 58111K, committed 59520K, reserved 1114112K
  class space    used 6853K, committed 7488K, reserved 1048576K
}
Event: 69.771 GC heap after
{Heap after GC invocations=35 (full 2):
 PSYoungGen      total 25600K, used 2240K [0x00000000d5580000, 0x00000000d7200000, 0x0000000100000000)
  eden space 22016K, 0% used [0x00000000d5580000,0x00000000d5580000,0x00000000d6b00000)
  from space 3584K, 62% used [0x00000000d6b80000,0x00000000d6db0010,0x00000000d6f00000)
  to   space 2560K, 0% used [0x00000000d6f80000,0x00000000d6f80000,0x00000000d7200000)
 ParOldGen       total 68608K, used 44949K [0x0000000080000000, 0x0000000084300000, 0x00000000d5580000)
  object space 68608K, 65% used [0x0000000080000000,0x0000000082be57f0,0x0000000084300000)
 Metaspace       used 58111K, committed 59520K, reserved 1114112K
  class space    used 6853K, committed 7488K, reserved 1048576K
}
Event: 69.969 GC heap before
{Heap before GC invocations=36 (full 2):
 PSYoungGen      total 25600K, used 24256K [0x00000000d5580000, 0x00000000d7200000, 0x0000000100000000)
  eden space 22016K, 100% used [0x00000000d5580000,0x00000000d6b00000,0x00000000d6b00000)
  from space 3584K, 62% used [0x00000000d6b80000,0x00000000d6db0010,0x00000000d6f00000)
  to   space 2560K, 0% used [0x00000000d6f80000,0x00000000d6f80000,0x00000000d7200000)
 ParOldGen       total 68608K, used 44949K [0x0000000080000000, 0x0000000084300000, 0x00000000d5580000)
  object space 68608K, 65% used [0x0000000080000000,0x0000000082be57f0,0x0000000084300000)
 Metaspace       used 58129K, committed 59520K, reserved 1114112K
  class space    used 6853K, committed 7488K, reserved 1048576K
}
Event: 69.976 GC heap after
{Heap after GC invocations=36 (full 2):
 PSYoungGen      total 24576K, used 2116K [0x00000000d5580000, 0x00000000d7200000, 0x0000000100000000)
  eden space 22016K, 0% used [0x00000000d5580000,0x00000000d5580000,0x00000000d6b00000)
  from space 2560K, 82% used [0x00000000d6f80000,0x00000000d7191000,0x00000000d7200000)
  to   space 2560K, 0% used [0x00000000d6d00000,0x00000000d6d00000,0x00000000d6f80000)
 ParOldGen       total 68608K, used 47132K [0x0000000080000000, 0x0000000084300000, 0x00000000d5580000)
  object space 68608K, 68% used [0x0000000080000000,0x0000000082e071b0,0x0000000084300000)
 Metaspace       used 58129K, committed 59520K, reserved 1114112K
  class space    used 6853K, committed 7488K, reserved 1048576K
}
Event: 70.133 GC heap before
{Heap before GC invocations=37 (full 2):
 PSYoungGen      total 24576K, used 24132K [0x00000000d5580000, 0x00000000d7200000, 0x0000000100000000)
  eden space 22016K, 100% used [0x00000000d5580000,0x00000000d6b00000,0x00000000d6b00000)
  from space 2560K, 82% used [0x00000000d6f80000,0x00000000d7191000,0x00000000d7200000)
  to   space 2560K, 0% used [0x00000000d6d00000,0x00000000d6d00000,0x00000000d6f80000)
 ParOldGen       total 68608K, used 47132K [0x0000000080000000, 0x0000000084300000, 0x00000000d5580000)
  object space 68608K, 68% used [0x0000000080000000,0x0000000082e071b0,0x0000000084300000)
 Metaspace       used 58159K, committed 59584K, reserved 1114112K
  class space    used 6856K, committed 7488K, reserved 1048576K
}
Event: 70.142 GC heap after
{Heap after GC invocations=37 (full 2):
 PSYoungGen      total 24576K, used 2240K [0x00000000d5580000, 0x00000000d7000000, 0x0000000100000000)
  eden space 22016K, 0% used [0x00000000d5580000,0x00000000d5580000,0x00000000d6b00000)
  from space 2560K, 87% used [0x00000000d6d00000,0x00000000d6f30010,0x00000000d6f80000)
  to   space 512K, 0% used [0x00000000d6f80000,0x00000000d6f80000,0x00000000d7000000)
 ParOldGen       total 68608K, used 49084K [0x0000000080000000, 0x0000000084300000, 0x00000000d5580000)
  object space 68608K, 71% used [0x0000000080000000,0x0000000082fef2b0,0x0000000084300000)
 Metaspace       used 58159K, committed 59584K, reserved 1114112K
  class space    used 6856K, committed 7488K, reserved 1048576K
}
Event: 70.331 GC heap before
{Heap before GC invocations=38 (full 2):
 PSYoungGen      total 24576K, used 24256K [0x00000000d5580000, 0x00000000d7000000, 0x0000000100000000)
  eden space 22016K, 100% used [0x00000000d5580000,0x00000000d6b00000,0x00000000d6b00000)
  from space 2560K, 87% used [0x00000000d6d00000,0x00000000d6f30010,0x00000000d6f80000)
  to   space 512K, 0% used [0x00000000d6f80000,0x00000000d6f80000,0x00000000d7000000)
 ParOldGen       total 68608K, used 49084K [0x0000000080000000, 0x0000000084300000, 0x00000000d5580000)
  object space 68608K, 71% used [0x0000000080000000,0x0000000082fef2b0,0x0000000084300000)
 Metaspace       used 58189K, committed 59584K, reserved 1114112K
  class space    used 6856K, committed 7488K, reserved 1048576K
}
Event: 70.338 GC heap after
{Heap after GC invocations=38 (full 2):
 PSYoungGen      total 22528K, used 512K [0x00000000d5580000, 0x00000000d7400000, 0x0000000100000000)
  eden space 22016K, 0% used [0x00000000d5580000,0x00000000d5580000,0x00000000d6b00000)
  from space 512K, 100% used [0x00000000d6f80000,0x00000000d7000000,0x00000000d7000000)
  to   space 4608K, 0% used [0x00000000d6b00000,0x00000000d6b00000,0x00000000d6f80000)
 ParOldGen       total 68608K, used 52452K [0x0000000080000000, 0x0000000084300000, 0x00000000d5580000)
  object space 68608K, 76% used [0x0000000080000000,0x00000000833392c0,0x0000000084300000)
 Metaspace       used 58189K, committed 59584K, reserved 1114112K
  class space    used 6856K, committed 7488K, reserved 1048576K
}
Event: 70.587 GC heap before
{Heap before GC invocations=39 (full 2):
 PSYoungGen      total 22528K, used 15656K [0x00000000d5580000, 0x00000000d7400000, 0x0000000100000000)
  eden space 22016K, 68% used [0x00000000d5580000,0x00000000d644a320,0x00000000d6b00000)
  from space 512K, 100% used [0x00000000d6f80000,0x00000000d7000000,0x00000000d7000000)
  to   space 4608K, 0% used [0x00000000d6b00000,0x00000000d6b00000,0x00000000d6f80000)
 ParOldGen       total 68608K, used 52452K [0x0000000080000000, 0x0000000084300000, 0x00000000d5580000)
  object space 68608K, 76% used [0x0000000080000000,0x00000000833392c0,0x0000000084300000)
 Metaspace       used 58462K, committed 59776K, reserved 1114112K
  class space    used 6876K, committed 7488K, reserved 1048576K
}
Event: 70.591 GC heap after
{Heap after GC invocations=39 (full 2):
 PSYoungGen      total 23552K, used 1248K [0x00000000d5580000, 0x00000000d7000000, 0x0000000100000000)
  eden space 22016K, 0% used [0x00000000d5580000,0x00000000d5580000,0x00000000d6b00000)
  from space 1536K, 81% used [0x00000000d6b00000,0x00000000d6c38020,0x00000000d6c80000)
  to   space 2560K, 0% used [0x00000000d6d80000,0x00000000d6d80000,0x00000000d7000000)
 ParOldGen       total 68608K, used 53005K [0x0000000080000000, 0x0000000084300000, 0x00000000d5580000)
  object space 68608K, 77% used [0x0000000080000000,0x00000000833c34c0,0x0000000084300000)
 Metaspace       used 58462K, committed 59776K, reserved 1114112K
  class space    used 6876K, committed 7488K, reserved 1048576K
}
Event: 70.591 GC heap before
{Heap before GC invocations=40 (full 3):
 PSYoungGen      total 23552K, used 1248K [0x00000000d5580000, 0x00000000d7000000, 0x0000000100000000)
  eden space 22016K, 0% used [0x00000000d5580000,0x00000000d5580000,0x00000000d6b00000)
  from space 1536K, 81% used [0x00000000d6b00000,0x00000000d6c38020,0x00000000d6c80000)
  to   space 2560K, 0% used [0x00000000d6d80000,0x00000000d6d80000,0x00000000d7000000)
 ParOldGen       total 68608K, used 53005K [0x0000000080000000, 0x0000000084300000, 0x00000000d5580000)
  object space 68608K, 77% used [0x0000000080000000,0x00000000833c34c0,0x0000000084300000)
 Metaspace       used 58462K, committed 59776K, reserved 1114112K
  class space    used 6876K, committed 7488K, reserved 1048576K
}
Event: 70.772 GC heap after
{Heap after GC invocations=40 (full 3):
 PSYoungGen      total 23552K, used 0K [0x00000000d5580000, 0x00000000d7000000, 0x0000000100000000)
  eden space 22016K, 0% used [0x00000000d5580000,0x00000000d5580000,0x00000000d6b00000)
  from space 1536K, 0% used [0x00000000d6b00000,0x00000000d6b00000,0x00000000d6c80000)
  to   space 2560K, 0% used [0x00000000d6d80000,0x00000000d6d80000,0x00000000d7000000)
 ParOldGen       total 68608K, used 51497K [0x0000000080000000, 0x0000000084300000, 0x00000000d5580000)
  object space 68608K, 75% used [0x0000000080000000,0x000000008324a7b0,0x0000000084300000)
 Metaspace       used 58462K, committed 59776K, reserved 1114112K
  class space    used 6876K, committed 7488K, reserved 1048576K
}

Dll operation events (13 events):
Event: 0.029 Loaded shared library c:\Users\91723\.antigravity\extensions\redhat.java-1.50.0-win32-x64\jre\21.0.9-win32-x86_64\bin\java.dll
Event: 0.327 Loaded shared library c:\Users\91723\.antigravity\extensions\redhat.java-1.50.0-win32-x64\jre\21.0.9-win32-x86_64\bin\zip.dll
Event: 0.401 Loaded shared library C:\Users\91723\.antigravity\extensions\redhat.java-1.50.0-win32-x64\jre\21.0.9-win32-x86_64\bin\instrument.dll
Event: 0.415 Loaded shared library C:\Users\91723\.antigravity\extensions\redhat.java-1.50.0-win32-x64\jre\21.0.9-win32-x86_64\bin\net.dll
Event: 0.423 Loaded shared library C:\Users\91723\.antigravity\extensions\redhat.java-1.50.0-win32-x64\jre\21.0.9-win32-x86_64\bin\nio.dll
Event: 0.437 Loaded shared library C:\Users\91723\.antigravity\extensions\redhat.java-1.50.0-win32-x64\jre\21.0.9-win32-x86_64\bin\zip.dll
Event: 0.612 Loaded shared library C:\Users\91723\.antigravity\extensions\redhat.java-1.50.0-win32-x64\jre\21.0.9-win32-x86_64\bin\jimage.dll
Event: 0.941 Loaded shared library c:\Users\91723\.antigravity\extensions\redhat.java-1.50.0-win32-x64\jre\21.0.9-win32-x86_64\bin\verify.dll
Event: 18.927 Loaded shared library C:\Users\91723\AppData\Roaming\Antigravity\User\globalStorage\redhat.java\1.50.0\config_win\org.eclipse.equinox.launcher\org.eclipse.equinox.launcher.win32.win32.x86_64_1.2.1400.v20250801-0854\eclipse_11916.dll
Event: 41.793 Loaded shared library C:\Users\91723\AppData\Local\Temp\jna-54154912\jna17325989364438949085.dll
Event: 54.900 Loaded shared library C:\Users\91723\.gradle\native\c067742578af261105cb4f569cf0c3c89f3d7b1fecec35dd04571415982c5e48\windows-amd64\native-platform.dll
Event: 59.871 Loaded shared library C:\Users\91723\.antigravity\extensions\redhat.java-1.50.0-win32-x64\jre\21.0.9-win32-x86_64\bin\management.dll
Event: 59.883 Loaded shared library C:\Users\91723\.antigravity\extensions\redhat.java-1.50.0-win32-x64\jre\21.0.9-win32-x86_64\bin\management_ext.dll

Deoptimization events (20 events):
Event: 70.489 Thread 0x0000023f8c26dd70 DEOPT PACKING pc=0x0000023f31fdf56a sp=0x000000dd1ccfe180
Event: 70.489 Thread 0x0000023f8c26dd70 DEOPT UNPACKING pc=0x0000023f387d4242 sp=0x000000dd1ccfd608 mode 0
Event: 70.490 Thread 0x0000023f8c26dd70 DEOPT PACKING pc=0x0000023f31fdfb2e sp=0x000000dd1ccfe190
Event: 70.490 Thread 0x0000023f8c26dd70 DEOPT UNPACKING pc=0x0000023f387d4242 sp=0x000000dd1ccfd618 mode 0
Event: 70.585 Thread 0x0000023f8f9cc6a0 DEOPT PACKING pc=0x0000023f312df2a0 sp=0x000000dd1e1fe440
Event: 70.585 Thread 0x0000023f8f9cc6a0 DEOPT UNPACKING pc=0x0000023f387d4242 sp=0x000000dd1e1fd948 mode 3
Event: 70.773 Thread 0x0000023f8f9cc6a0 Uncommon trap: trap_request=0xffffff45 fr.pc=0x0000023f390413d0 relative=0x0000000000000c50
Event: 70.773 Thread 0x0000023f8f9cc6a0 Uncommon trap: reason=unstable_if action=reinterpret pc=0x0000023f390413d0 method=java.util.concurrent.ConcurrentHashMap.putVal(Ljava/lang/Object;Ljava/lang/Object;Z)Ljava/lang/Object; @ 245 c2
Event: 70.773 Thread 0x0000023f8f9cc6a0 DEOPT PACKING pc=0x0000023f390413d0 sp=0x000000dd1e1fe640
Event: 70.773 Thread 0x0000023f8f9cc6a0 DEOPT UNPACKING pc=0x0000023f387d3aa2 sp=0x000000dd1e1fe5d8 mode 2
Event: 70.829 Thread 0x0000023f8c26dd70 Uncommon trap: trap_request=0xffffff45 fr.pc=0x0000023f3914d838 relative=0x0000000000000358
Event: 70.829 Thread 0x0000023f8c26dd70 Uncommon trap: reason=unstable_if action=reinterpret pc=0x0000023f3914d838 method=jdk.internal.jimage.ImageStringsReader.stringFromByteBufferMatches(Ljava/nio/ByteBuffer;ILjava/lang/String;I)I @ 59 c2
Event: 70.834 Thread 0x0000023f8c26dd70 DEOPT PACKING pc=0x0000023f3914d838 sp=0x000000dd1ccfe040
Event: 70.834 Thread 0x0000023f8c26dd70 DEOPT UNPACKING pc=0x0000023f387d3aa2 sp=0x000000dd1ccfdfb8 mode 2
Event: 70.835 Thread 0x0000023f8c26dd70 Uncommon trap: trap_request=0xffffff45 fr.pc=0x0000023f39189358 relative=0x0000000000001158
Event: 70.835 Thread 0x0000023f8c26dd70 Uncommon trap: reason=unstable_if action=reinterpret pc=0x0000023f39189358 method=org.eclipse.jdt.internal.core.util.Util.splitOn(CLjava/lang/String;II)[Ljava/lang/String; @ 16 c2
Event: 70.835 Thread 0x0000023f8c26dd70 DEOPT PACKING pc=0x0000023f39189358 sp=0x000000dd1ccfeca0
Event: 70.836 Thread 0x0000023f8c26dd70 DEOPT UNPACKING pc=0x0000023f387d3aa2 sp=0x000000dd1ccfec90 mode 2
Event: 70.888 Thread 0x0000023f8f9cc6a0 DEOPT PACKING pc=0x0000023f31f6c6bb sp=0x000000dd1e1fe400
Event: 70.889 Thread 0x0000023f8f9cc6a0 DEOPT UNPACKING pc=0x0000023f387d4242 sp=0x000000dd1e1fd938 mode 0

Classes loaded (20 events):
Event: 70.784 Loading class java/util/AbstractList$RandomAccessSubList
Event: 70.784 Loading class java/util/AbstractList$SubList
Event: 70.785 Loading class java/util/AbstractList$SubList done
Event: 70.785 Loading class java/util/AbstractList$RandomAccessSubList done
Event: 70.785 Loading class java/util/AbstractList$SubList$1
Event: 70.785 Loading class java/util/AbstractList$SubList$1 done
Event: 70.996 Loading class java/util/stream/ReduceOps$5
Event: 70.997 Loading class java/util/stream/ReduceOps$5 done
Event: 70.997 Loading class java/util/stream/ReduceOps$CountingSink$OfRef
Event: 70.998 Loading class java/util/stream/ReduceOps$CountingSink
Event: 70.998 Loading class java/util/stream/ReduceOps$CountingSink done
Event: 70.998 Loading class java/util/stream/ReduceOps$CountingSink$OfRef done
Event: 71.074 Loading class java/util/stream/ReduceOps$1
Event: 71.075 Loading class java/util/stream/ReduceOps$1 done
Event: 71.075 Loading class java/util/stream/ReduceOps$1ReducingSink
Event: 71.076 Loading class java/util/stream/ReduceOps$1ReducingSink done
Event: 71.451 Loading class java/nio/charset/CharacterCodingException
Event: 71.452 Loading class java/nio/charset/CharacterCodingException done
Event: 71.452 Loading class java/io/SequenceInputStream
Event: 71.452 Loading class java/io/SequenceInputStream done

Classes unloaded (7 events):
Event: 43.162 Thread 0x0000023f2dfc1db0 Unloading class 0x0000023f461a2800 'java/lang/invoke/LambdaForm$MH+0x0000023f461a2800'
Event: 43.162 Thread 0x0000023f2dfc1db0 Unloading class 0x0000023f461a2400 'java/lang/invoke/LambdaForm$MH+0x0000023f461a2400'
Event: 43.162 Thread 0x0000023f2dfc1db0 Unloading class 0x0000023f461a2000 'java/lang/invoke/LambdaForm$MH+0x0000023f461a2000'
Event: 43.162 Thread 0x0000023f2dfc1db0 Unloading class 0x0000023f461a1c00 'java/lang/invoke/LambdaForm$MH+0x0000023f461a1c00'
Event: 43.162 Thread 0x0000023f2dfc1db0 Unloading class 0x0000023f461a1800 'java/lang/invoke/LambdaForm$BMH+0x0000023f461a1800'
Event: 43.162 Thread 0x0000023f2dfc1db0 Unloading class 0x0000023f461a1400 'java/lang/invoke/LambdaForm$DMH+0x0000023f461a1400'
Event: 43.162 Thread 0x0000023f2dfc1db0 Unloading class 0x0000023f461a0000 'java/lang/invoke/LambdaForm$DMH+0x0000023f461a0000'

Classes redefined (0 events):
No events

Internal exceptions (20 events):
Event: 68.433 Thread 0x0000023f8f9cc010 Exception <a 'java/lang/IncompatibleClassChangeError'{0x00000000d68011f8}: Found class java.lang.Object, but interface was expected> (0x00000000d68011f8) 
thrown [s\src\hotspot\share\interpreter\linkResolver.cpp, line 840]
Event: 68.604 Thread 0x0000023f8f9c8b90 Exception <a 'java/lang/NoSuchMethodError'{0x00000000d57a9770}: 'java.lang.Object java.lang.invoke.DirectMethodHandle$Holder.invokeStaticInit(java.lang.Object, java.lang.Object, java.lang.Object)'> (0x00000000d57a9770) 
thrown [s\src\hotspot\share\interpreter\linkResolver.cpp, line 773]
Event: 68.767 Thread 0x0000023f8c26dd70 Exception <a 'java/lang/NoSuchMethodError'{0x00000000d5af0e60}: 'java.lang.Object java.lang.invoke.Invokers$Holder.invoke_MT(java.lang.Object, java.lang.Object, java.lang.Object, java.lang.Object, java.lang.Object, java.lang.Object, java.lang.Object, java.lang.Object, java.lang.Object, java.lang.Object)'> (0x00000000d5af0e60) 
thrown [s\src\hotspot\share\interpreter\linkResolver.cpp, line 773]
Event: 70.513 Thread 0x0000023f8c26dd70 Exception <a 'java/io/FileNotFoundException'{0x00000000d6244500}> (0x00000000d6244500) 
thrown [s\src\hotspot\share\prims\jni.cpp, line 520]
Event: 70.514 Thread 0x0000023f8c26dd70 Exception <a 'java/io/FileNotFoundException'{0x00000000d62452a0}> (0x00000000d62452a0) 
thrown [s\src\hotspot\share\prims\jni.cpp, line 520]
Event: 70.532 Thread 0x0000023f8c26dd70 Exception <a 'sun/nio/fs/WindowsException'{0x00000000d62b1840}> (0x00000000d62b1840) 
thrown [s\src\hotspot\share\prims\jni.cpp, line 520]
Event: 70.532 Thread 0x0000023f8c26dd70 Exception <a 'sun/nio/fs/WindowsException'{0x00000000d62b1e70}> (0x00000000d62b1e70) 
thrown [s\src\hotspot\share\prims\jni.cpp, line 520]
Event: 70.557 Thread 0x0000023f8f9cc6a0 Exception <a 'sun/nio/fs/WindowsException'{0x00000000d6334b00}> (0x00000000d6334b00) 
thrown [s\src\hotspot\share\prims\jni.cpp, line 520]
Event: 70.557 Thread 0x0000023f8f9cc6a0 Exception <a 'sun/nio/fs/WindowsException'{0x00000000d63353e0}> (0x00000000d63353e0) 
thrown [s\src\hotspot\share\prims\jni.cpp, line 520]
Event: 70.558 Thread 0x0000023f8f9cc6a0 Exception <a 'sun/nio/fs/WindowsException'{0x00000000d6336140}> (0x00000000d6336140) 
thrown [s\src\hotspot\share\prims\jni.cpp, line 520]
Event: 70.559 Thread 0x0000023f8f9cc6a0 Exception <a 'sun/nio/fs/WindowsException'{0x00000000d6336a20}> (0x00000000d6336a20) 
thrown [s\src\hotspot\share\prims\jni.cpp, line 520]
Event: 70.563 Thread 0x0000023f8f9cc6a0 Exception <a 'sun/nio/fs/WindowsException'{0x00000000d6338128}> (0x00000000d6338128) 
thrown [s\src\hotspot\share\prims\jni.cpp, line 520]
Event: 70.563 Thread 0x0000023f8f9cc6a0 Exception <a 'sun/nio/fs/WindowsException'{0x00000000d63c38f8}> (0x00000000d63c38f8) 
thrown [s\src\hotspot\share\prims\jni.cpp, line 520]
Event: 70.866 Thread 0x0000023f8f9cc6a0 Exception <a 'sun/nio/fs/WindowsException'{0x00000000d572dd00}> (0x00000000d572dd00) 
thrown [s\src\hotspot\share\prims\jni.cpp, line 520]
Event: 70.866 Thread 0x0000023f8f9cc6a0 Exception <a 'sun/nio/fs/WindowsException'{0x00000000d572e5e0}> (0x00000000d572e5e0) 
thrown [s\src\hotspot\share\prims\jni.cpp, line 520]
Event: 70.999 Thread 0x0000023f8c26dd70 Exception <a 'sun/nio/fs/WindowsException'{0x00000000d57d8dc8}> (0x00000000d57d8dc8) 
thrown [s\src\hotspot\share\prims\jni.cpp, line 520]
Event: 70.999 Thread 0x0000023f8c26dd70 Exception <a 'sun/nio/fs/WindowsException'{0x00000000d57d93f8}> (0x00000000d57d93f8) 
thrown [s\src\hotspot\share\prims\jni.cpp, line 520]
Event: 71.499 Thread 0x0000023f8c26dd70 Exception <a 'java/io/FileNotFoundException'{0x00000000d5a7a278}> (0x00000000d5a7a278) 
thrown [s\src\hotspot\share\prims\jni.cpp, line 520]
Event: 71.500 Thread 0x0000023f8c26dd70 Exception <a 'java/io/FileNotFoundException'{0x00000000d5a7aff8}> (0x00000000d5a7aff8) 
thrown [s\src\hotspot\share\prims\jni.cpp, line 520]
Event: 71.511 Thread 0x0000023f8c26dd70 Exception <a 'java/lang/NoSuchMethodError'{0x00000000d5aa5768}: 'java.lang.Object java.lang.invoke.DirectMethodHandle$Holder.invokeStatic(java.lang.Object, java.lang.Object, int, java.lang.Object)'> (0x00000000d5aa5768) 
thrown [s\src\hotspot\share\interpreter\linkResolver.cpp, line 773]

ZGC Phase Switch (0 events):
No events

VM Operations (20 events):
Event: 120.128 Executing VM operation: RendezvousGCThreads
Event: 120.128 Executing VM operation: RendezvousGCThreads done
Event: 122.150 Executing VM operation: Cleanup
Event: 122.150 Executing VM operation: Cleanup done
Event: 180.229 Executing VM operation: HandshakeAllThreads (HandshakeForDeflation)
Event: 180.229 Executing VM operation: HandshakeAllThreads (HandshakeForDeflation) done
Event: 180.229 Executing VM operation: RendezvousGCThreads
Event: 180.229 Executing VM operation: RendezvousGCThreads done
Event: 360.687 Executing VM operation: HandshakeAllThreads (HandshakeForDeflation)
Event: 360.688 Executing VM operation: HandshakeAllThreads (HandshakeForDeflation) done
Event: 360.688 Executing VM operation: RendezvousGCThreads
Event: 360.688 Executing VM operation: RendezvousGCThreads done
Event: 661.206 Executing VM operation: HandshakeAllThreads (HandshakeForDeflation)
Event: 661.206 Executing VM operation: HandshakeAllThreads (HandshakeForDeflation) done
Event: 661.207 Executing VM operation: RendezvousGCThreads
Event: 661.207 Executing VM operation: RendezvousGCThreads done
Event: 742.638 Executing VM operation: Cleanup
Event: 742.639 Executing VM operation: Cleanup done
Event: 744.654 Executing VM operation: Cleanup
Event: 744.919 Executing VM operation: Cleanup done

Memory protections (0 events):
No events

Nmethod flushes (20 events):
Event: 70.678 Thread 0x0000023f2dfc1db0 flushing  nmethod 0x0000023f31abcc10
Event: 70.678 Thread 0x0000023f2dfc1db0 flushing  nmethod 0x0000023f31aec490
Event: 70.678 Thread 0x0000023f2dfc1db0 flushing  nmethod 0x0000023f31aec910
Event: 70.678 Thread 0x0000023f2dfc1db0 flushing  nmethod 0x0000023f31af3e10
Event: 70.678 Thread 0x0000023f2dfc1db0 flushing  nmethod 0x0000023f31afc490
Event: 70.678 Thread 0x0000023f2dfc1db0 flushing  nmethod 0x0000023f31b0b290
Event: 70.678 Thread 0x0000023f2dfc1db0 flushing  nmethod 0x0000023f31b0bd90
Event: 70.678 Thread 0x0000023f2dfc1db0 flushing  nmethod 0x0000023f31b1bf10
Event: 70.678 Thread 0x0000023f2dfc1db0 flushing  nmethod 0x0000023f31b1cb90
Event: 70.678 Thread 0x0000023f2dfc1db0 flushing  nmethod 0x0000023f31b1d110
Event: 70.678 Thread 0x0000023f2dfc1db0 flushing  nmethod 0x0000023f31b20510
Event: 70.678 Thread 0x0000023f2dfc1db0 flushing  nmethod 0x0000023f31b20a90
Event: 70.678 Thread 0x0000023f2dfc1db0 flushing  nmethod 0x0000023f31b21590
Event: 70.678 Thread 0x0000023f2dfc1db0 flushing  nmethod 0x0000023f31b21a90
Event: 70.678 Thread 0x0000023f2dfc1db0 flushing  nmethod 0x0000023f31b21f90
Event: 70.678 Thread 0x0000023f2dfc1db0 flushing  nmethod 0x0000023f31b22790
Event: 70.678 Thread 0x0000023f2dfc1db0 flushing  nmethod 0x0000023f31b4a190
Event: 70.678 Thread 0x0000023f2dfc1db0 flushing  nmethod 0x0000023f31b58190
Event: 70.678 Thread 0x0000023f2dfc1db0 flushing  nmethod 0x0000023f31b5a310
Event: 70.678 Thread 0x0000023f2dfc1db0 flushing  nmethod 0x0000023f31b5a910

Events (20 events):
Event: 65.426 Thread 0x0000023f8ce1cf70 Thread exited: 0x0000023f8ce1cf70
Event: 65.438 Thread 0x0000023f8ce1c8a0 Thread exited: 0x0000023f8ce1c8a0
Event: 66.458 Thread 0x0000023f87384450 Thread added: 0x0000023f8ce1a690
Event: 67.941 Thread 0x0000023f8ce1a690 Thread exited: 0x0000023f8ce1a690
Event: 68.546 Thread 0x0000023f87384450 Thread added: 0x0000023f8ce1c1d0
Event: 68.579 Thread 0x0000023f87384450 Thread added: 0x0000023f8ce1c8a0
Event: 76.773 Thread 0x0000023f8ce1c8a0 Thread exited: 0x0000023f8ce1c8a0
Event: 81.758 Thread 0x0000023f8ce1c1d0 Thread exited: 0x0000023f8ce1c1d0
Event: 121.224 Thread 0x0000023f8ce83e40 Thread exited: 0x0000023f8ce83e40
Event: 121.224 Thread 0x0000023f8ce83120 Thread exited: 0x0000023f8ce83120
Event: 121.254 Thread 0x0000023f8ce82400 Thread exited: 0x0000023f8ce82400
Event: 128.234 Thread 0x0000023f8c26f7b0 Thread exited: 0x0000023f8c26f7b0
Event: 130.772 Thread 0x0000023f8c26e400 Thread exited: 0x0000023f8c26e400
Event: 130.774 Thread 0x0000023f8c2704d0 Thread exited: 0x0000023f8c2704d0
Event: 130.788 Thread 0x0000023f8c270b60 Thread exited: 0x0000023f8c270b60
Event: 131.340 Thread 0x0000023f8f9cc6a0 Thread exited: 0x0000023f8f9cc6a0
Event: 191.360 Thread 0x0000023f8f9c9220 Thread exited: 0x0000023f8f9c9220
Event: 251.387 Thread 0x0000023f8f9c8b90 Thread exited: 0x0000023f8f9c8b90
Event: 742.994 Thread 0x0000023f8f9cc010 Thread added: 0x0000023f8f9c8b90
Event: 744.084 Thread 0x0000023f8f9c8b90 Thread added: 0x0000023f8f9c9220


Dynamic libraries:
0x00007ff6daf90000 - 0x00007ff6daf9e000 	c:\Users\91723\.antigravity\extensions\redhat.java-1.50.0-win32-x64\jre\21.0.9-win32-x86_64\bin\java.exe
0x00007fff2a4c0000 - 0x00007fff2a727000 	C:\WINDOWS\SYSTEM32\ntdll.dll
0x00007fff29e70000 - 0x00007fff29f39000 	C:\WINDOWS\System32\KERNEL32.DLL
0x00007fff276a0000 - 0x00007fff27a8f000 	C:\WINDOWS\System32\KERNELBASE.dll
0x00007fff27aa0000 - 0x00007fff27beb000 	C:\WINDOWS\System32\ucrtbase.dll
0x00007ffefec80000 - 0x00007ffefec98000 	c:\Users\91723\.antigravity\extensions\redhat.java-1.50.0-win32-x64\jre\21.0.9-win32-x86_64\bin\jli.dll
0x00007fff2a1b0000 - 0x00007fff2a375000 	C:\WINDOWS\System32\USER32.dll
0x00007fff27ca0000 - 0x00007fff27cc7000 	C:\WINDOWS\System32\win32u.dll
0x00007fff2a450000 - 0x00007fff2a47b000 	C:\WINDOWS\System32\GDI32.dll
0x00007fff27cd0000 - 0x00007fff27dfc000 	C:\WINDOWS\System32\gdi32full.dll
0x00007fff27e00000 - 0x00007fff27ea3000 	C:\WINDOWS\System32\msvcp_win.dll
0x00007ffefe270000 - 0x00007ffefe28e000 	c:\Users\91723\.antigravity\extensions\redhat.java-1.50.0-win32-x64\jre\21.0.9-win32-x86_64\bin\VCRUNTIME140.dll
0x00007fff26810000 - 0x00007fff26aa3000 	C:\WINDOWS\WinSxS\amd64_microsoft.windows.common-controls_6595b64144ccf1df_6.0.26100.7309_none_3e05feeae336a044\COMCTL32.dll
0x00007fff28260000 - 0x00007fff28309000 	C:\WINDOWS\System32\msvcrt.dll
0x00007fff291a0000 - 0x00007fff291d1000 	C:\WINDOWS\System32\IMM32.DLL
0x00007fff11760000 - 0x00007fff1176c000 	c:\Users\91723\.antigravity\extensions\redhat.java-1.50.0-win32-x64\jre\21.0.9-win32-x86_64\bin\vcruntime140_1.dll
0x00007ffec4510000 - 0x00007ffec459d000 	c:\Users\91723\.antigravity\extensions\redhat.java-1.50.0-win32-x64\jre\21.0.9-win32-x86_64\bin\msvcp140.dll
0x00007ffe80860000 - 0x00007ffe81600000 	c:\Users\91723\.antigravity\extensions\redhat.java-1.50.0-win32-x64\jre\21.0.9-win32-x86_64\bin\server\jvm.dll
0x00007fff2a0f0000 - 0x00007fff2a1a4000 	C:\WINDOWS\System32\ADVAPI32.dll
0x00007fff28f60000 - 0x00007fff29006000 	C:\WINDOWS\System32\sechost.dll
0x00007fff29010000 - 0x00007fff29128000 	C:\WINDOWS\System32\RPCRT4.dll
0x00007fff28a90000 - 0x00007fff28b04000 	C:\WINDOWS\System32\WS2_32.dll
0x00007fff27470000 - 0x00007fff274ce000 	C:\WINDOWS\SYSTEM32\POWRPROF.dll
0x00007fff11710000 - 0x00007fff11745000 	C:\WINDOWS\SYSTEM32\WINMM.dll
0x00007fff175b0000 - 0x00007fff175bb000 	C:\WINDOWS\SYSTEM32\VERSION.dll
0x00007fff27450000 - 0x00007fff27464000 	C:\WINDOWS\SYSTEM32\UMPDC.dll
0x00007fff25ca0000 - 0x00007fff25cbb000 	C:\WINDOWS\SYSTEM32\kernel.appcore.dll
0x00007fff101b0000 - 0x00007fff101ba000 	c:\Users\91723\.antigravity\extensions\redhat.java-1.50.0-win32-x64\jre\21.0.9-win32-x86_64\bin\jimage.dll
0x00007fff26dc0000 - 0x00007fff27002000 	C:\WINDOWS\SYSTEM32\DBGHELP.DLL
0x00007fff28bd0000 - 0x00007fff28f55000 	C:\WINDOWS\System32\combase.dll
0x00007fff29940000 - 0x00007fff29a16000 	C:\WINDOWS\System32\OLEAUT32.dll
0x00007fff26cb0000 - 0x00007fff26cec000 	C:\WINDOWS\SYSTEM32\dbgcore.DLL
0x00007fff27bf0000 - 0x00007fff27c95000 	C:\WINDOWS\System32\bcryptPrimitives.dll
0x00007fff0f2c0000 - 0x00007fff0f2cf000 	c:\Users\91723\.antigravity\extensions\redhat.java-1.50.0-win32-x64\jre\21.0.9-win32-x86_64\bin\instrument.dll
0x00007ffef9420000 - 0x00007ffef9440000 	c:\Users\91723\.antigravity\extensions\redhat.java-1.50.0-win32-x64\jre\21.0.9-win32-x86_64\bin\java.dll
0x00007fff291e0000 - 0x00007fff29933000 	C:\WINDOWS\System32\SHELL32.dll
0x00007fff280f0000 - 0x00007fff2825a000 	C:\WINDOWS\System32\wintypes.dll
0x00007fff24900000 - 0x00007fff2515e000 	C:\WINDOWS\SYSTEM32\windows.storage.dll
0x00007fff28320000 - 0x00007fff28415000 	C:\WINDOWS\System32\SHCORE.dll
0x00007fff2a3e0000 - 0x00007fff2a446000 	C:\WINDOWS\System32\shlwapi.dll
0x00007fff27530000 - 0x00007fff27559000 	C:\WINDOWS\SYSTEM32\profapi.dll
0x00007ffef94c0000 - 0x00007ffef94d8000 	c:\Users\91723\.antigravity\extensions\redhat.java-1.50.0-win32-x64\jre\21.0.9-win32-x86_64\bin\zip.dll
0x00007fff0ec80000 - 0x00007fff0ec90000 	C:\Users\91723\.antigravity\extensions\redhat.java-1.50.0-win32-x64\jre\21.0.9-win32-x86_64\bin\net.dll
0x00007fff16610000 - 0x00007fff16738000 	C:\WINDOWS\SYSTEM32\WINHTTP.dll
0x00007fff261d0000 - 0x00007fff2623b000 	C:\WINDOWS\system32\mswsock.dll
0x00007ffef84d0000 - 0x00007ffef84e6000 	C:\Users\91723\.antigravity\extensions\redhat.java-1.50.0-win32-x64\jre\21.0.9-win32-x86_64\bin\nio.dll
0x00007fff0d250000 - 0x00007fff0d260000 	c:\Users\91723\.antigravity\extensions\redhat.java-1.50.0-win32-x64\jre\21.0.9-win32-x86_64\bin\verify.dll
0x00007ffec4e70000 - 0x00007ffec4eb4000 	C:\Users\91723\AppData\Roaming\Antigravity\User\globalStorage\redhat.java\1.50.0\config_win\org.eclipse.equinox.launcher\org.eclipse.equinox.launcher.win32.win32.x86_64_1.2.1400.v20250801-0854\eclipse_11916.dll
0x00007fff29c50000 - 0x00007fff29de7000 	C:\WINDOWS\System32\ole32.dll
0x00007fff27130000 - 0x00007fff2714b000 	C:\WINDOWS\SYSTEM32\CRYPTSP.dll
0x00007fff25c00000 - 0x00007fff25c3a000 	C:\WINDOWS\system32\rsaenh.dll
0x00007fff26280000 - 0x00007fff262ab000 	C:\WINDOWS\SYSTEM32\USERENV.dll
0x00007fff27500000 - 0x00007fff2752a000 	C:\WINDOWS\SYSTEM32\bcrypt.dll
0x00007fff26490000 - 0x00007fff2649c000 	C:\WINDOWS\SYSTEM32\CRYPTBASE.dll
0x00007fff25530000 - 0x00007fff25564000 	C:\WINDOWS\SYSTEM32\IPHLPAPI.DLL
0x00007fff29f40000 - 0x00007fff29f4a000 	C:\WINDOWS\System32\NSI.dll
0x00007ffec4e20000 - 0x00007ffec4e69000 	C:\Users\91723\AppData\Local\Temp\jna-54154912\jna17325989364438949085.dll
0x00007fff29ac0000 - 0x00007fff29ac8000 	C:\WINDOWS\System32\PSAPI.DLL
0x00007fff16570000 - 0x00007fff1658e000 	C:\WINDOWS\SYSTEM32\dhcpcsvc6.DLL
0x00007fff16540000 - 0x00007fff16563000 	C:\WINDOWS\SYSTEM32\dhcpcsvc.DLL
0x00007ffee5e90000 - 0x00007ffee5eb7000 	C:\Users\91723\.gradle\native\c067742578af261105cb4f569cf0c3c89f3d7b1fecec35dd04571415982c5e48\windows-amd64\native-platform.dll
0x00007fff0cf70000 - 0x00007fff0cf7a000 	C:\Users\91723\.antigravity\extensions\redhat.java-1.50.0-win32-x64\jre\21.0.9-win32-x86_64\bin\management.dll
0x00007fff0cf30000 - 0x00007fff0cf3c000 	C:\Users\91723\.antigravity\extensions\redhat.java-1.50.0-win32-x64\jre\21.0.9-win32-x86_64\bin\management_ext.dll

JVMTI agents:
c:\Users\91723\.antigravity\extensions\redhat.java-1.50.0-win32-x64\lombok\lombok-1.18.39-4050.jar path:c:\Users\91723\.antigravity\extensions\redhat.java-1.50.0-win32-x64\jre\21.0.9-win32-x86_64\bin\instrument.dll, loaded, initialized, instrumentlib options:none

dbghelp: loaded successfully - version: 4.0.5 - missing functions: none
symbol engine: initialized successfully - sym options: 0x614 - pdb path: .;c:\Users\91723\.antigravity\extensions\redhat.java-1.50.0-win32-x64\jre\21.0.9-win32-x86_64\bin;C:\WINDOWS\SYSTEM32;C:\WINDOWS\WinSxS\amd64_microsoft.windows.common-controls_6595b64144ccf1df_6.0.26100.7309_none_3e05feeae336a044;c:\Users\91723\.antigravity\extensions\redhat.java-1.50.0-win32-x64\jre\21.0.9-win32-x86_64\bin\server;C:\Users\91723\AppData\Roaming\Antigravity\User\globalStorage\redhat.java\1.50.0\config_win\org.eclipse.equinox.launcher\org.eclipse.equinox.launcher.win32.win32.x86_64_1.2.1400.v20250801-0854;C:\Users\91723\AppData\Local\Temp\jna-54154912;C:\Users\91723\.gradle\native\c067742578af261105cb4f569cf0c3c89f3d7b1fecec35dd04571415982c5e48\windows-amd64

VM Arguments:
jvm_args: --add-modules=ALL-SYSTEM --add-opens=java.base/java.util=ALL-UNNAMED --add-opens=java.base/java.lang=ALL-UNNAMED --add-opens=java.base/sun.nio.fs=ALL-UNNAMED -Declipse.application=org.eclipse.jdt.ls.core.id1 -Dosgi.bundles.defaultStartLevel=4 -Declipse.product=org.eclipse.jdt.ls.core.product -Djava.import.generatesMetadataFilesAtProjectRoot=false -DDetectVMInstallationsJob.disabled=true -Dfile.encoding=utf8 -XX:+UseParallelGC -XX:GCTimeRatio=4 -XX:AdaptiveSizePolicyWeight=90 -Dsun.zip.disableMemoryMapping=true -Xmx2G -Xms100m -Xlog:disable -javaagent:c:\Users\91723\.antigravity\extensions\redhat.java-1.50.0-win32-x64\lombok\lombok-1.18.39-4050.jar -XX:+HeapDumpOnOutOfMemoryError -XX:HeapDumpPath=c:\Users\91723\AppData\Roaming\Antigravity\User\workspaceStorage\080a43fa2e46671ef9a202cfadfb1fad\redhat.java -Daether.dependencyCollector.impl=bf 
java_command: c:\Users\91723\.antigravity\extensions\redhat.java-1.50.0-win32-x64\server\plugins\org.eclipse.equinox.launcher_1.7.100.v20251111-0406.jar -configuration c:\Users\91723\AppData\Roaming\Antigravity\User\globalStorage\redhat.java\1.50.0\config_win -data c:\Users\91723\AppData\Roaming\Antigravity\User\workspaceStorage\080a43fa2e46671ef9a202cfadfb1fad\redhat.java\jdt_ws --pipe=\\.\pipe\lsp-f0f2faa2420853e24198901a679c27c3-sock
java_class_path (initial): c:\Users\91723\.antigravity\extensions\redhat.java-1.50.0-win32-x64\server\plugins\org.eclipse.equinox.launcher_1.7.100.v20251111-0406.jar
Launcher Type: SUN_STANDARD

[Global flags]
    uintx AdaptiveSizePolicyWeight                 = 90                                        {product} {command line}
     intx CICompilerCount                          = 4                                         {product} {ergonomic}
    uintx GCTimeRatio                              = 4                                         {product} {command line}
     bool HeapDumpOnOutOfMemoryError               = true                                   {manageable} {command line}
    ccstr HeapDumpPath                             = c:\Users\91723\AppData\Roaming\Antigravity\User\workspaceStorage\080a43fa2e46671ef9a202cfadfb1fad\redhat.java         {manageable} {command line}
   size_t InitialHeapSize                          = 104857600                                 {product} {command line}
   size_t MaxHeapSize                              = 2147483648                                {product} {command line}
   size_t MaxNewSize                               = 715653120                                 {product} {ergonomic}
   size_t MinHeapDeltaBytes                        = 524288                                    {product} {ergonomic}
   size_t MinHeapSize                              = 104857600                                 {product} {command line}
   size_t NewSize                                  = 34603008                                  {product} {ergonomic}
    uintx NonNMethodCodeHeapSize                   = 5839372                                {pd product} {ergonomic}
    uintx NonProfiledCodeHeapSize                  = 122909434                              {pd product} {ergonomic}
   size_t OldSize                                  = 70254592                                  {product} {ergonomic}
    uintx ProfiledCodeHeapSize                     = 122909434                              {pd product} {ergonomic}
    uintx ReservedCodeCacheSize                    = 251658240                              {pd product} {ergonomic}
     bool SegmentedCodeCache                       = true                                      {product} {ergonomic}
   size_t SoftMaxHeapSize                          = 2147483648                             {manageable} {ergonomic}
     bool UseCompressedOops                        = true                           {product lp64_product} {ergonomic}
     bool UseLargePagesIndividualAllocation        = false                                  {pd product} {ergonomic}
     bool UseParallelGC                            = true                                      {product} {command line}

Logging:
Log output configuration:
 #0: stdout all=off uptime,level,tags foldmultilines=false
 #1: stderr all=off uptime,level,tags foldmultilines=false

Release file:
JAVA_VERSION="21.0.9" 
MODULES="java.base java.compiler java.datatransfer java.xml java.prefs java.desktop java.instrument java.logging java.management java.security.sasl java.naming java.rmi java.management.rmi java.net.http java.scripting java.security.jgss java.transaction.xa java.sql java.sql.rowset java.xml.crypto java.se java.smartcardio jdk.accessibility jdk.internal.jvmstat jdk.attach jdk.charsets jdk.internal.opt jdk.zipfs jdk.compiler jdk.crypto.ec jdk.crypto.cryptoki jdk.crypto.mscapi jdk.dynalink jdk.internal.ed jdk.editpad jdk.hotspot.agent jdk.httpserver jdk.internal.le jdk.internal.vm.ci jdk.internal.vm.compiler jdk.internal.vm.compiler.management jdk.jartool jdk.javadoc jdk.jcmd jdk.management jdk.management.agent jdk.jconsole jdk.jdeps jdk.jdwp.agent jdk.jdi jdk.jfr jdk.jshell jdk.jsobject jdk.jstatd jdk.localedata jdk.management.jfr jdk.naming.dns jdk.naming.rmi jdk.net jdk.nio.mapmode jdk.random jdk.sctp jdk.security.auth jdk.security.jgss jdk.unsupported jdk.unsupported.desktop jdk.xml.dom" 

Environment Variables:
PATH=C:\Python313\Scripts\;C:\Python313\;C:\Program Files\Common Files\Oracle\Java\javapath;C:\Program Files (x86)\Intel\iCLS Client\;C:\Program Files\Intel\iCLS Client\;C:\windows\system32;C:\windows;C:\windows\System32\Wbem;C:\windows\System32\WindowsPowerShell\v1.0\;C:\Program Files (x86)\NVIDIA Corporation\PhysX\Common;C:\Program Files\Intel\WiFi\bin\;C:\Program Files\Common Files\Intel\WirelessCommon\;C:\Program Files (x86)\Intel\Intel(R) Management Engine Components\DAL;C:\Program Files\Intel\Intel(R) Management Engine Components\DAL;C:\Program Files (x86)\Intel\Intel(R) Management Engine Components\IPT;C:\Program Files\Intel\Intel(R) Management Engine Components\IPT;C:\WINDOWS\system32;C:\WINDOWS;C:\WINDOWS\System32\Wbem;C:\WINDOWS\System32\WindowsPowerShell\v1.0\;C:\WINDOWS\System32\OpenSSH\;C:\flutter\flutter_windows_3.22.1-stable\flutter\bin;C:\Program Files\Git\cmd;C:\flutter\bin;C:\Program Files\Java\jdk-24\bin;C:\flutter_windows_3.32.6-stable\flutter\bin;C:\Program Files\nodejs\;C:\ProgramData\chocolatey\bin;C:\Program Files\nodejs;C:\Program Files (x86)\Google\Cloud SDK\google-cloud-sdk\bin;C:\Program Files\OpenSSL-Win64\bin;;C:\Program Files\Docker\Docker\resources\bin;C:\Users\91723\AppData\Local\Microsoft\WindowsApps;C:\Users\91723\AppData\Local\Programs\Microsoft VS Code\bin;C:\Users\91723\AppData\Roaming\npm;C:\Users\91723\AppData\Local\Programs\Antigravity\bin
USERNAME=91723
OS=Windows_NT
PROCESSOR_IDENTIFIER=Intel64 Family 6 Model 142 Stepping 10, GenuineIntel
TMP=C:\Users\91723\AppData\Local\Temp
TEMP=C:\Users\91723\AppData\Local\Temp




Periodic native trim disabled

---------------  S Y S T E M  ---------------

OS:
 Windows 11 , 64 bit Build 26100 (10.0.26100.7309)
OS uptime: 1 days 2:43 hours
Hyper-V role detected

CPU: total 8 (initial active 8) (4 cores per cpu, 2 threads per core) family 6 model 142 stepping 10 microcode 0xe0, cx8, cmov, fxsr, ht, mmx, 3dnowpref, sse, sse2, sse3, ssse3, sse4.1, sse4.2, popcnt, lzcnt, tsc, tscinvbit, avx, avx2, aes, erms, clmul, bmi1, bmi2, adx, fma, vzeroupper, clflush, clflushopt, hv, rdtscp, f16c
Processor Information for the first 8 processors :
  Max Mhz: 1800, Current Mhz: 1600, Mhz Limit: 1584

Memory: 4k page, system-wide physical 8083M (660M free)
TotalPageFile size 20974M (AvailPageFile size 1M)
current process WorkingSet (physical memory assigned to process): 8M, peak: 267M
current process commit charge ("private bytes"): 359M, peak: 392M

vm_info: OpenJDK 64-Bit Server VM (21.0.9+10-LTS) for windows-amd64 JRE (21.0.9+10-LTS), built on 2025-10-21T00:00:00Z by "admin" with unknown MS VC++:1942

END.
