#
# There is insufficient memory for the Java Runtime Environment to continue.
# Native memory allocation (malloc) failed to allocate 7733456 bytes. Error detail: Chunk::new
# Possible reasons:
#   The system is out of physical RAM or swap space
#   This process is running with CompressedOops enabled, and the Java Heap may be blocking the growth of the native heap
# Possible solutions:
#   Reduce memory load on the system
#   Increase physical memory or swap space
#   Check if swap backing store is full
#   Decrease Java heap size (-Xmx/-Xms)
#   Decrease number of Java threads
#   Decrease Java thread stack sizes (-Xss)
#   Set larger code cache with -XX:ReservedCodeCacheSize=
#   JVM is running with Unscaled Compressed Oops mode in which the Java heap is
#     placed in the first 4GB address space. The Java Heap base address is the
#     maximum limit for the native heap growth. Please use -XX:HeapBaseMinAddress
#     to set the Java Heap base and to place the Java Heap above 4GB virtual address.
# This output file may be truncated or incomplete.
#
#  Out of Memory Error (arena.cpp:162), pid=19552, tid=1852
#
# JRE version: Java(TM) SE Runtime Environment (24.0.1+9) (build 24.0.1+9-30)
# Java VM: Java HotSpot(TM) 64-Bit Server VM (24.0.1+9-30, mixed mode, sharing, tiered, compressed oops, compressed class ptrs, g1 gc, windows-amd64)
# No core dump will be written. Minidumps are not enabled by default on client versions of Windows
#

---------------  S U M M A R Y ------------

Command Line: org.jetbrains.kotlin.cli.jvm.K2JVMCompiler @C:\lifemap\build\flutter_image_compress_common\20260104_2003744335020426525.compiler.options

Host: Intel(R) Core(TM) i5-8250U CPU @ 1.60GHz, 8 cores, 7G,  Windows 11 , 64 bit Build 26100 (10.0.26100.7309)
Time: Sun Jan  4 22:28:40 2026 India Standard Time elapsed time: 61.969874 seconds (0d 0h 1m 1s)

---------------  T H R E A D  ---------------

Current thread (0x00000226ffb6c220):  JavaThread "C2 CompilerThread0" daemon [_thread_in_native, id=1852, stack(0x000000cc89900000,0x000000cc89a00000) (1024K)]


Current CompileTask:
C2:61970 6294       4       org.jetbrains.kotlin.load.java.structure.impl.classFiles.BinaryClassSignatureParser::parseParameterizedClassRefSignature (257 bytes)

Stack: [0x000000cc89900000,0x000000cc89a00000]
Native frames: (J=compiled Java code, j=interpreted, Vv=VM code, C=native code)
V  [jvm.dll+0x730739]  (no source info available)
V  [jvm.dll+0x8d9b23]  (no source info available)
V  [jvm.dll+0x8dc00d]  (no source info available)
V  [jvm.dll+0x8dc683]  (no source info available)
V  [jvm.dll+0x2aa086]  (no source info available)
V  [jvm.dll+0xcedef]  (no source info available)
V  [jvm.dll+0xcf04f]  (no source info available)
V  [jvm.dll+0x154d83]  (no source info available)
V  [jvm.dll+0x735f5f]  (no source info available)
V  [jvm.dll+0x26fa1c]  (no source info available)
V  [jvm.dll+0x26ea3f]  (no source info available)
V  [jvm.dll+0x1e9d60]  (no source info available)
V  [jvm.dll+0x27e1fb]  (no source info available)
V  [jvm.dll+0x27c49a]  (no source info available)
V  [jvm.dll+0x42f456]  (no source info available)
V  [jvm.dll+0x87d76b]  (no source info available)
V  [jvm.dll+0x72ee55]  (no source info available)
C  [ucrtbase.dll+0x37b0]  (no source info available)
C  [KERNEL32.DLL+0x2e8d7]  (no source info available)
C  [ntdll.dll+0x8c53c]  (no source info available)

Lock stack of current Java thread (top to bottom):


---------------  P R O C E S S  ---------------

Threads class SMR info:
_java_thread_list=0x00000226d6b2e990, length=11, elements={
0x00000226ef946a10, 0x00000226ffb64ba0, 0x00000226ffb652e0, 0x00000226ffb66e20,
0x00000226ffb67950, 0x00000226ffb68480, 0x00000226ffb68fb0, 0x00000226ffb6c220,
0x00000226ffb6e140, 0x00000226ffb9e210, 0x00000226d4024d80
}

Java Threads: ( => current thread )
  0x00000226ef946a10 JavaThread "main"                              [_thread_in_Java, id=20652, stack(0x000000cc88b00000,0x000000cc88c00000) (1024K)]
  0x00000226ffb64ba0 JavaThread "Reference Handler"          daemon [_thread_blocked, id=6060, stack(0x000000cc89300000,0x000000cc89400000) (1024K)]
  0x00000226ffb652e0 JavaThread "Finalizer"                  daemon [_thread_blocked, id=22076, stack(0x000000cc89400000,0x000000cc89500000) (1024K)]
  0x00000226ffb66e20 JavaThread "Signal Dispatcher"          daemon [_thread_blocked, id=19636, stack(0x000000cc89500000,0x000000cc89600000) (1024K)]
  0x00000226ffb67950 JavaThread "Attach Listener"            daemon [_thread_blocked, id=16032, stack(0x000000cc89600000,0x000000cc89700000) (1024K)]
  0x00000226ffb68480 JavaThread "Service Thread"             daemon [_thread_blocked, id=3984, stack(0x000000cc89700000,0x000000cc89800000) (1024K)]
  0x00000226ffb68fb0 JavaThread "Monitor Deflation Thread"   daemon [_thread_blocked, id=11500, stack(0x000000cc89800000,0x000000cc89900000) (1024K)]
=>0x00000226ffb6c220 JavaThread "C2 CompilerThread0"         daemon [_thread_in_native, id=1852, stack(0x000000cc89900000,0x000000cc89a00000) (1024K)]
  0x00000226ffb6e140 JavaThread "C1 CompilerThread0"         daemon [_thread_in_native, id=18480, stack(0x000000cc89a00000,0x000000cc89b00000) (1024K)]
  0x00000226ffb9e210 JavaThread "Notification Thread"        daemon [_thread_blocked, id=5200, stack(0x000000cc89b00000,0x000000cc89c00000) (1024K)]
  0x00000226d4024d80 JavaThread "Common-Cleaner"             daemon [_thread_blocked, id=21908, stack(0x000000cc89c00000,0x000000cc89d00000) (1024K)]
Total: 11

Other Threads:
  0x00000226ffb4e840 VMThread "VM Thread"                           [id=16500, stack(0x000000cc89200000,0x000000cc89300000) (1024K)]
  0x00000226ffb39f00 WatcherThread "VM Periodic Task Thread"        [id=16408, stack(0x000000cc89100000,0x000000cc89200000) (1024K)]
  0x00000226f1e07730 WorkerThread "GC Thread#0"                     [id=10660, stack(0x000000cc88c00000,0x000000cc88d00000) (1024K)]
  0x00000226d49784b0 WorkerThread "GC Thread#1"                     [id=21388, stack(0x000000cc89d00000,0x000000cc89e00000) (1024K)]
  0x00000226d4978c70 WorkerThread "GC Thread#2"                     [id=2744, stack(0x000000cc89e00000,0x000000cc89f00000) (1024K)]
  0x00000226d4774a90 WorkerThread "GC Thread#3"                     [id=1464, stack(0x000000cc89f00000,0x000000cc8a000000) (1024K)]
  0x00000226d4774e40 WorkerThread "GC Thread#4"                     [id=21536, stack(0x000000cc8a000000,0x000000cc8a100000) (1024K)]
  0x00000226d69e5f40 WorkerThread "GC Thread#5"                     [id=5384, stack(0x000000cc8a100000,0x000000cc8a200000) (1024K)]
  0x00000226d69e62f0 WorkerThread "GC Thread#6"                     [id=10144, stack(0x000000cc8a200000,0x000000cc8a300000) (1024K)]
  0x00000226d69e66a0 WorkerThread "GC Thread#7"                     [id=18796, stack(0x000000cc8a300000,0x000000cc8a400000) (1024K)]
  0x00000226f1e1c370 ConcurrentGCThread "G1 Main Marker"            [id=9012, stack(0x000000cc88d00000,0x000000cc88e00000) (1024K)]
  0x00000226f1e1ec20 WorkerThread "G1 Conc#0"                       [id=5308, stack(0x000000cc88e00000,0x000000cc88f00000) (1024K)]
  0x00000226d4720e40 WorkerThread "G1 Conc#1"                       [id=7800, stack(0x000000cc8a400000,0x000000cc8a500000) (1024K)]
  0x00000226ff9fd150 ConcurrentGCThread "G1 Refine#0"               [id=21792, stack(0x000000cc88f00000,0x000000cc89000000) (1024K)]
  0x00000226ff9fdb70 ConcurrentGCThread "G1 Service"                [id=16436, stack(0x000000cc89000000,0x000000cc89100000) (1024K)]
Total: 15

Threads with active compile tasks:
C2 CompilerThread0  62169 6294       4       org.jetbrains.kotlin.load.java.structure.impl.classFiles.BinaryClassSignatureParser::parseParameterizedClassRefSignature (257 bytes)
C1 CompilerThread0  62169 6404       3       org.jetbrains.kotlin.load.java.typeEnhancement.AbstractSignatureParts::extractQualifiersFromAnnotations (654 bytes)
Total: 2

VM state: not at safepoint (normal execution)

VM Mutex/Monitor currently owned by a thread:  ([mutex/lock_event])
[0x00007ffb28ef3030] MethodCompileQueue_lock - owner thread: 0x0000000000000000

Heap address: 0x0000000081a00000, size: 2022 MB, Compressed Oops mode: 32-bit

CDS archive(s) mapped at: [0x000002268f000000-0x000002268fd40000-0x000002268fd40000), size 13893632, SharedBaseAddress: 0x000002268f000000, ArchiveRelocationMode: 1.
Compressed class space mapped at: 0x0000022690000000-0x00000226d0000000, reserved size: 1073741824
UseCompressedClassPointers 1, UseCompactObjectHeaders 0
Narrow klass pointer bits 32, Max shift 3
Narrow klass base: 0x000002268f000000, Narrow klass shift: 0
Encoding Range: [0x000002268f000000 - 0x000002278f000000), (4294967296 bytes)
Klass Range:    [0x000002268f000000 - 0x00000226d0000000), (1090519040 bytes)
Klass ID Range:  [8 - 1090519033) (1090519025)

GC Precious Log:
 CardTable entry size: 512
 Card Set container configuration: InlinePtr #cards 5 size 8 Array Of Cards #cards 10 size 36 Howl #buckets 4 coarsen threshold 1843 Howl Bitmap #cards 512 size 80 coarsen threshold 460 Card regions per heap region 1 cards per card region 2048
 CPUs: 8 total, 8 available
 Memory: 8083M
 Large Page Support: Disabled
 NUMA Support: Disabled
 Compressed Oops: Enabled (32-bit)
 Heap Region Size: 1M
 Heap Min Capacity: 8M
 Heap Initial Capacity: 128M
 Heap Max Capacity: 2022M
 Pre-touch: Disabled
 Parallel Workers: 8
 Concurrent Workers: 2
 Concurrent Refinement Workers: 8
 Periodic GC: Disabled

Heap:
 garbage-first heap   total reserved 2070528K, committed 76800K, used 49801K [0x0000000081a00000, 0x0000000100000000)
  region size 1024K, 8 young (8192K), 2 survivors (2048K)
 Metaspace       used 51887K, committed 52288K, reserved 1114112K
  class space    used 5267K, committed 5440K, reserved 1048576K

Heap Regions: E=young(eden), S=young(survivor), O=old, HS=humongous(starts), HC=humongous(continues), CS=collection set, F=free, TAMS=top-at-mark-start, PB=parsable bottom
|   0|0x0000000081a00000, 0x0000000081b00000, 0x0000000081b00000|100%|HS|  |TAMS 0x0000000081a00000| PB 0x0000000081a00000| Complete |  0
|   1|0x0000000081b00000, 0x0000000081c00000, 0x0000000081c00000|100%|HC|  |TAMS 0x0000000081b00000| PB 0x0000000081b00000| Complete |  0
|   2|0x0000000081c00000, 0x0000000081d00000, 0x0000000081d00000|100%|HC|  |TAMS 0x0000000081c00000| PB 0x0000000081c00000| Complete |  0
|   3|0x0000000081d00000, 0x0000000081e00000, 0x0000000081e00000|100%|HC|  |TAMS 0x0000000081d00000| PB 0x0000000081d00000| Complete |  0
|   4|0x0000000081e00000, 0x0000000081f00000, 0x0000000081f00000|100%| O|  |TAMS 0x0000000081e00000| PB 0x0000000081e00000| Untracked |  0
|   5|0x0000000081f00000, 0x0000000082000000, 0x0000000082000000|100%| O|  |TAMS 0x0000000081f00000| PB 0x0000000081f00000| Untracked |  0
|   6|0x0000000082000000, 0x0000000082100000, 0x0000000082100000|100%| O|  |TAMS 0x0000000082000000| PB 0x0000000082000000| Untracked |  0
|   7|0x0000000082100000, 0x0000000082200000, 0x0000000082200000|100%| O|  |TAMS 0x0000000082100000| PB 0x0000000082100000| Untracked |  0
|   8|0x0000000082200000, 0x0000000082300000, 0x0000000082300000|100%| O|  |TAMS 0x0000000082200000| PB 0x0000000082200000| Untracked |  0
|   9|0x0000000082300000, 0x0000000082400000, 0x0000000082400000|100%| O|  |TAMS 0x0000000082300000| PB 0x0000000082300000| Untracked |  0
|  10|0x0000000082400000, 0x0000000082500000, 0x0000000082500000|100%| O|  |TAMS 0x0000000082400000| PB 0x0000000082400000| Untracked |  0
|  11|0x0000000082500000, 0x0000000082600000, 0x0000000082600000|100%| O|  |TAMS 0x0000000082500000| PB 0x0000000082500000| Untracked |  0
|  12|0x0000000082600000, 0x0000000082700000, 0x0000000082700000|100%| O|  |TAMS 0x0000000082600000| PB 0x0000000082600000| Untracked |  0
|  13|0x0000000082700000, 0x0000000082800000, 0x0000000082800000|100%| O|  |TAMS 0x0000000082700000| PB 0x0000000082700000| Untracked |  0
|  14|0x0000000082800000, 0x0000000082800000, 0x0000000082900000|  0%| F|  |TAMS 0x0000000082800000| PB 0x0000000082800000| Untracked |  0
|  15|0x0000000082900000, 0x0000000082a00000, 0x0000000082a00000|100%| O|  |TAMS 0x0000000082900000| PB 0x0000000082900000| Untracked |  0
|  16|0x0000000082a00000, 0x0000000082b00000, 0x0000000082b00000|100%| O|  |TAMS 0x0000000082a00000| PB 0x0000000082a00000| Untracked |  0
|  17|0x0000000082b00000, 0x0000000082c00000, 0x0000000082c00000|100%| O|  |TAMS 0x0000000082b00000| PB 0x0000000082b00000| Untracked |  0
|  18|0x0000000082c00000, 0x0000000082d00000, 0x0000000082d00000|100%| O|  |TAMS 0x0000000082c00000| PB 0x0000000082c00000| Untracked |  0
|  19|0x0000000082d00000, 0x0000000082e00000, 0x0000000082e00000|100%| O|  |TAMS 0x0000000082d00000| PB 0x0000000082d00000| Untracked |  0
|  20|0x0000000082e00000, 0x0000000082f00000, 0x0000000082f00000|100%| O|  |TAMS 0x0000000082e00000| PB 0x0000000082e00000| Untracked |  0
|  21|0x0000000082f00000, 0x0000000083000000, 0x0000000083000000|100%| O|  |TAMS 0x0000000082f00000| PB 0x0000000082f00000| Untracked |  0
|  22|0x0000000083000000, 0x0000000083100000, 0x0000000083100000|100%| O|  |TAMS 0x0000000083000000| PB 0x0000000083000000| Untracked |  0
|  23|0x0000000083100000, 0x0000000083200000, 0x0000000083200000|100%| O|  |TAMS 0x0000000083100000| PB 0x0000000083100000| Untracked |  0
|  24|0x0000000083200000, 0x0000000083300000, 0x0000000083300000|100%| O|  |TAMS 0x0000000083200000| PB 0x0000000083200000| Untracked |  0
|  25|0x0000000083300000, 0x0000000083400000, 0x0000000083400000|100%| O|  |TAMS 0x0000000083300000| PB 0x0000000083300000| Untracked |  0
|  26|0x0000000083400000, 0x0000000083500000, 0x0000000083500000|100%| O|  |TAMS 0x0000000083400000| PB 0x0000000083400000| Untracked |  0
|  27|0x0000000083500000, 0x0000000083600000, 0x0000000083600000|100%| O|  |TAMS 0x0000000083500000| PB 0x0000000083500000| Untracked |  0
|  28|0x0000000083600000, 0x0000000083700000, 0x0000000083700000|100%| O|  |TAMS 0x0000000083600000| PB 0x0000000083600000| Untracked |  0
|  29|0x0000000083700000, 0x0000000083800000, 0x0000000083800000|100%| O|Cm|TAMS 0x0000000083700000| PB 0x0000000083700000| Complete |  0
|  30|0x0000000083800000, 0x0000000083900000, 0x0000000083900000|100%| O|  |TAMS 0x0000000083800000| PB 0x0000000083800000| Untracked |  0
|  31|0x0000000083900000, 0x0000000083a00000, 0x0000000083a00000|100%| O|  |TAMS 0x0000000083900000| PB 0x0000000083900000| Untracked |  0
|  32|0x0000000083a00000, 0x0000000083b00000, 0x0000000083b00000|100%| O|  |TAMS 0x0000000083a00000| PB 0x0000000083a00000| Untracked |  0
|  33|0x0000000083b00000, 0x0000000083c00000, 0x0000000083c00000|100%| O|  |TAMS 0x0000000083b00000| PB 0x0000000083b00000| Untracked |  0
|  34|0x0000000083c00000, 0x0000000083d00000, 0x0000000083d00000|100%| O|  |TAMS 0x0000000083c00000| PB 0x0000000083c00000| Untracked |  0
|  35|0x0000000083d00000, 0x0000000083e00000, 0x0000000083e00000|100%| O|  |TAMS 0x0000000083d00000| PB 0x0000000083d00000| Untracked |  0
|  36|0x0000000083e00000, 0x0000000083f00000, 0x0000000083f00000|100%| O|  |TAMS 0x0000000083e00000| PB 0x0000000083e00000| Untracked |  0
|  37|0x0000000083f00000, 0x0000000084000000, 0x0000000084000000|100%| O|  |TAMS 0x0000000083f00000| PB 0x0000000083f00000| Untracked |  0
|  38|0x0000000084000000, 0x000000008405bd88, 0x0000000084100000| 35%| O|  |TAMS 0x0000000084000000| PB 0x0000000084000000| Untracked |  0
|  39|0x0000000084100000, 0x0000000084100000, 0x0000000084200000|  0%| F|  |TAMS 0x0000000084100000| PB 0x0000000084100000| Untracked |  0
|  40|0x0000000084200000, 0x0000000084200000, 0x0000000084300000|  0%| F|  |TAMS 0x0000000084200000| PB 0x0000000084200000| Untracked |  0
|  41|0x0000000084300000, 0x0000000084300000, 0x0000000084400000|  0%| F|  |TAMS 0x0000000084300000| PB 0x0000000084300000| Untracked |  0
|  42|0x0000000084400000, 0x0000000084400000, 0x0000000084500000|  0%| F|  |TAMS 0x0000000084400000| PB 0x0000000084400000| Untracked |  0
|  43|0x0000000084500000, 0x0000000084500000, 0x0000000084600000|  0%| F|  |TAMS 0x0000000084500000| PB 0x0000000084500000| Untracked |  0
|  44|0x0000000084600000, 0x0000000084600000, 0x0000000084700000|  0%| F|  |TAMS 0x0000000084600000| PB 0x0000000084600000| Untracked |  0
|  45|0x0000000084700000, 0x0000000084746848, 0x0000000084800000| 27%| S|CS|TAMS 0x0000000084700000| PB 0x0000000084700000| Complete |  0
|  46|0x0000000084800000, 0x0000000084900000, 0x0000000084900000|100%| S|CS|TAMS 0x0000000084800000| PB 0x0000000084800000| Complete |  0
|  47|0x0000000084900000, 0x0000000084900000, 0x0000000084a00000|  0%| F|  |TAMS 0x0000000084900000| PB 0x0000000084900000| Untracked |  0
|  48|0x0000000084a00000, 0x0000000084a00000, 0x0000000084b00000|  0%| F|  |TAMS 0x0000000084a00000| PB 0x0000000084a00000| Untracked |  0
|  49|0x0000000084b00000, 0x0000000084b00000, 0x0000000084c00000|  0%| F|  |TAMS 0x0000000084b00000| PB 0x0000000084b00000| Untracked |  0
|  50|0x0000000084c00000, 0x0000000084c00000, 0x0000000084d00000|  0%| F|  |TAMS 0x0000000084c00000| PB 0x0000000084c00000| Untracked |  0
|  51|0x0000000084d00000, 0x0000000084d00000, 0x0000000084e00000|  0%| F|  |TAMS 0x0000000084d00000| PB 0x0000000084d00000| Untracked |  0
|  52|0x0000000084e00000, 0x0000000084e00000, 0x0000000084f00000|  0%| F|  |TAMS 0x0000000084e00000| PB 0x0000000084e00000| Untracked |  0
|  53|0x0000000084f00000, 0x0000000084f00000, 0x0000000085000000|  0%| F|  |TAMS 0x0000000084f00000| PB 0x0000000084f00000| Untracked |  0
|  54|0x0000000085000000, 0x0000000085000000, 0x0000000085100000|  0%| F|  |TAMS 0x0000000085000000| PB 0x0000000085000000| Untracked |  0
|  55|0x0000000085100000, 0x0000000085100000, 0x0000000085200000|  0%| F|  |TAMS 0x0000000085100000| PB 0x0000000085100000| Untracked |  0
|  56|0x0000000085200000, 0x0000000085200000, 0x0000000085300000|  0%| F|  |TAMS 0x0000000085200000| PB 0x0000000085200000| Untracked |  0
|  57|0x0000000085300000, 0x0000000085300000, 0x0000000085400000|  0%| F|  |TAMS 0x0000000085300000| PB 0x0000000085300000| Untracked |  0
|  58|0x0000000085400000, 0x0000000085400000, 0x0000000085500000|  0%| F|  |TAMS 0x0000000085400000| PB 0x0000000085400000| Untracked |  0
|  59|0x0000000085500000, 0x0000000085500000, 0x0000000085600000|  0%| F|  |TAMS 0x0000000085500000| PB 0x0000000085500000| Untracked |  0
|  89|0x0000000087300000, 0x0000000087300000, 0x0000000087400000|  0%| F|  |TAMS 0x0000000087300000| PB 0x0000000087300000| Untracked |  0
|  90|0x0000000087400000, 0x0000000087400000, 0x0000000087500000|  0%| F|  |TAMS 0x0000000087400000| PB 0x0000000087400000| Untracked |  0
|  91|0x0000000087500000, 0x0000000087500000, 0x0000000087600000|  0%| F|  |TAMS 0x0000000087500000| PB 0x0000000087500000| Untracked |  0
|  92|0x0000000087600000, 0x0000000087600000, 0x0000000087700000|  0%| F|  |TAMS 0x0000000087600000| PB 0x0000000087600000| Untracked |  0
|  93|0x0000000087700000, 0x00000000877e3a00, 0x0000000087800000| 88%| E|  |TAMS 0x0000000087700000| PB 0x0000000087700000| Complete |  0
|  94|0x0000000087800000, 0x0000000087900000, 0x0000000087900000|100%| E|CS|TAMS 0x0000000087800000| PB 0x0000000087800000| Complete |  0
|  95|0x0000000087900000, 0x0000000087a00000, 0x0000000087a00000|100%| E|CS|TAMS 0x0000000087900000| PB 0x0000000087900000| Complete |  0
|  96|0x0000000087a00000, 0x0000000087b00000, 0x0000000087b00000|100%| E|CS|TAMS 0x0000000087a00000| PB 0x0000000087a00000| Complete |  0
| 127|0x0000000089900000, 0x0000000089a00000, 0x0000000089a00000|100%| E|CS|TAMS 0x0000000089900000| PB 0x0000000089900000| Complete |  0
|2016|0x00000000ffa00000, 0x00000000ffb00000, 0x00000000ffb00000|100%| O|  |TAMS 0x00000000ffa00000| PB 0x00000000ffa00000| Untracked |  0
|2017|0x00000000ffb00000, 0x00000000ffc00000, 0x00000000ffc00000|100%| O|  |TAMS 0x00000000ffb00000| PB 0x00000000ffb00000| Untracked |  0
|2018|0x00000000ffc00000, 0x00000000ffd00000, 0x00000000ffd00000|100%| O|  |TAMS 0x00000000ffc00000| PB 0x00000000ffc00000| Untracked |  0
|2019|0x00000000ffd00000, 0x00000000ffe00000, 0x00000000ffe00000|100%| O|  |TAMS 0x00000000ffd00000| PB 0x00000000ffd00000| Untracked |  0
|2020|0x00000000ffe00000, 0x00000000fff00000, 0x00000000fff00000|100%| O|  |TAMS 0x00000000ffe00000| PB 0x00000000ffe00000| Untracked |  0
|2021|0x00000000fff00000, 0x0000000100000000, 0x0000000100000000|100%| E|CS|TAMS 0x00000000fff00000| PB 0x00000000fff00000| Complete |  0

Card table byte_map: [0x00000226fad80000,0x00000226fb180000] _byte_map_base: 0x00000226fa973000

Marking Bits: (CMBitMap*) 0x00000226f1e07e40
 Bits: [0x00000226fb180000, 0x00000226fd118000)

Polling page: 0x00000226efe20000

Metaspace:

Usage:
  Non-class:     45.54 MB used.
      Class:      5.14 MB used.
       Both:     50.68 MB used.

Virtual space:
  Non-class space:       64.00 MB reserved,      45.75 MB ( 71%) committed,  1 nodes.
      Class space:        1.00 GB reserved,       5.31 MB ( <1%) committed,  1 nodes.
             Both:        1.06 GB reserved,      51.06 MB (  5%) committed. 

Chunk freelists:
   Non-Class:  1.41 MB
       Class:  10.72 MB
        Both:  12.13 MB

MaxMetaspaceSize: unlimited
CompressedClassSpaceSize: 1.00 GB
Initial GC threshold: 21.00 MB
Current GC threshold: 84.94 MB
CDS: on
 - commit_granule_bytes: 65536.
 - commit_granule_words: 8192.
 - virtual_space_node_default_size: 8388608.
 - enlarge_chunks_in_place: 1.
UseCompressedClassPointers 1, UseCompactObjectHeaders 0
Narrow klass pointer bits 32, Max shift 3
Narrow klass base: 0x000002268f000000, Narrow klass shift: 0
Encoding Range: [0x000002268f000000 - 0x000002278f000000), (4294967296 bytes)
Klass Range:    [0x000002268f000000 - 0x00000226d0000000), (1090519040 bytes)
Klass ID Range:  [8 - 1090519033) (1090519025)


Internal statistics:

num_allocs_failed_limit: 12.
num_arena_births: 336.
num_arena_deaths: 0.
num_vsnodes_births: 2.
num_vsnodes_deaths: 0.
num_space_committed: 816.
num_space_uncommitted: 0.
num_chunks_returned_to_freelist: 12.
num_chunks_taken_from_freelist: 2106.
num_chunk_merges: 12.
num_chunk_splits: 1735.
num_chunks_enlarged: 1566.
num_inconsistent_stats: 0.

CodeHeap 'non-profiled nmethods': size=120064Kb used=2584Kb max_used=2650Kb free=117479Kb
 bounds [0x0000022687ac0000, 0x0000022687d60000, 0x000002268f000000]
CodeHeap 'profiled nmethods': size=120000Kb used=13095Kb max_used=13095Kb free=106904Kb
 bounds [0x0000022680000000, 0x0000022680ce0000, 0x0000022687530000]
CodeHeap 'non-nmethods': size=5696Kb used=1550Kb max_used=1613Kb free=4145Kb
 bounds [0x0000022687530000, 0x00000226877a0000, 0x0000022687ac0000]
CodeCache: size=245760Kb, used=17229Kb, max_used=17358Kb, free=228528Kb
 total_blobs=6440, nmethods=5750, adapters=593, full_count=0
Compilation: enabled, stopped_count=0, restarted_count=0

Compilation events (20 events):
Event: 60.930 Thread 0x00000226ffb6e140 6358       3       org.jetbrains.kotlin.fir.resolve.transformers.body.resolve.FirArrayOfCallTransformer::<init> (5 bytes)
Event: 60.930 Thread 0x00000226ffb6e140 nmethod 6358 0x0000022680043108 code [0x0000022680043240, 0x00000226800434c0]
Event: 60.939 Thread 0x00000226ffb6e140 6359       3       org.jetbrains.kotlin.resolve.calls.inference.components.ConstraintInjector$TypeCheckerStateForConstraintInjector::runIsSubtypeOf$default (30 bytes)
Event: 60.940 Thread 0x00000226ffb6e140 nmethod 6359 0x0000022680152a08 code [0x0000022680152b20, 0x0000022680152d20]
Event: 60.940 Thread 0x00000226ffb6e140 6360       3       org.jetbrains.kotlin.fir.resolve.transformers.FirCallCompletionResultsWriterTransformer::transformPropertyAccessExpression (10 bytes)
Event: 60.941 Thread 0x00000226ffb6e140 nmethod 6360 0x00000226803ceb08 code [0x00000226803ceca0, 0x00000226803cf540]
Event: 60.941 Thread 0x00000226ffb6e140 6361       3       org.jetbrains.kotlin.fir.resolve.transformers.FirCallCompletionResultsWriterTransformer::transformPropertyAccessExpression (17 bytes)
Event: 60.942 Thread 0x00000226ffb6e140 nmethod 6361 0x0000022680113908 code [0x0000022680113aa0, 0x0000022680114178]
Event: 60.944 Thread 0x00000226ffb6e140 6362       3       java.io.FileDescriptor::valid (25 bytes)
Event: 60.944 Thread 0x00000226ffb6e140 nmethod 6362 0x00000226800e8108 code [0x00000226800e8220, 0x00000226800e83b0]
Event: 60.950 Thread 0x00000226ffb6e140 6363       3       org.jetbrains.kotlin.it.unimi.dsi.fastutil.objects.ObjectOpenHashSet::contains (79 bytes)
Event: 60.951 Thread 0x00000226ffb6e140 nmethod 6363 0x0000022680427208 code [0x0000022680427380, 0x00000226804279d8]
Event: 60.951 Thread 0x00000226ffb6e140 6364       3       java.util.concurrent.locks.ReentrantReadWriteLock$ReadLock::unlock (10 bytes)
Event: 60.952 Thread 0x00000226ffb6e140 nmethod 6364 0x0000022680216b88 code [0x0000022680216cc0, 0x0000022680217010]
Event: 60.952 Thread 0x00000226ffb6e140 6365       3       java.util.concurrent.locks.AbstractQueuedSynchronizer::releaseShared (19 bytes)
Event: 60.953 Thread 0x00000226ffb6e140 nmethod 6365 0x0000022680142b08 code [0x0000022680142c60, 0x0000022680143070]
Event: 60.954 Thread 0x00000226ffb6e140 6366       3       org.jetbrains.kotlin.types.model.TypeSystemContext::isDynamic (38 bytes)
Event: 60.955 Thread 0x00000226ffb6e140 nmethod 6366 0x000002268012e408 code [0x000002268012e5c0, 0x000002268012ede0]
Event: 60.955 Thread 0x00000226ffb6e140 6367       3       org.jetbrains.kotlin.fir.scopes.impl.FirLocalScope::processClassifiersByNameWithSubstitution (171 bytes)
Event: 61.950 Thread 0x00000226ffb6e140 nmethod 6367 0x0000022680c85d88 code [0x0000022680c861c0, 0x0000022680c88698]

GC Heap History (20 events):
Event: 12.557 GC heap before
{Heap before GC invocations=1 (full 0):
 garbage-first heap   total reserved 2070528K, committed 133120K, used 40052K [0x0000000081a00000, 0x0000000100000000)
  region size 1024K, 35 young (35840K), 4 survivors (4096K)
 Metaspace       used 21263K, committed 21504K, reserved 1114112K
  class space    used 1894K, committed 1984K, reserved 1048576K
}
Event: 12.582 GC heap after
{Heap after GC invocations=2 (full 0):
 garbage-first heap   total reserved 2070528K, committed 133120K, used 14629K [0x0000000081a00000, 0x0000000100000000)
  region size 1024K, 8 young (8192K), 8 survivors (8192K)
 Metaspace       used 21263K, committed 21504K, reserved 1114112K
  class space    used 1894K, committed 1984K, reserved 1048576K
}
Event: 21.029 GC heap before
{Heap before GC invocations=3 (full 0):
 garbage-first heap   total reserved 2070528K, committed 55296K, used 52517K [0x0000000081a00000, 0x0000000100000000)
  region size 1024K, 46 young (47104K), 8 survivors (8192K)
 Metaspace       used 31391K, committed 31680K, reserved 1114112K
  class space    used 3207K, committed 3328K, reserved 1048576K
}
Event: 21.081 GC heap after
{Heap after GC invocations=4 (full 0):
 garbage-first heap   total reserved 2070528K, committed 67584K, used 18637K [0x0000000081a00000, 0x0000000100000000)
  region size 1024K, 8 young (8192K), 8 survivors (8192K)
 Metaspace       used 31391K, committed 31680K, reserved 1114112K
  class space    used 3207K, committed 3328K, reserved 1048576K
}
Event: 26.557 GC heap before
{Heap before GC invocations=4 (full 0):
 garbage-first heap   total reserved 2070528K, committed 67584K, used 38093K [0x0000000081a00000, 0x0000000100000000)
  region size 1024K, 28 young (28672K), 8 survivors (8192K)
 Metaspace       used 36271K, committed 36480K, reserved 1114112K
  class space    used 3611K, committed 3712K, reserved 1048576K
}
Event: 26.595 GC heap after
{Heap after GC invocations=5 (full 0):
 garbage-first heap   total reserved 2070528K, committed 67584K, used 21127K [0x0000000081a00000, 0x0000000100000000)
  region size 1024K, 3 young (3072K), 3 survivors (3072K)
 Metaspace       used 36271K, committed 36480K, reserved 1114112K
  class space    used 3611K, committed 3712K, reserved 1048576K
}
Event: 26.685 GC heap before
{Heap before GC invocations=5 (full 0):
 garbage-first heap   total reserved 2070528K, committed 67584K, used 22151K [0x0000000081a00000, 0x0000000100000000)
  region size 1024K, 5 young (5120K), 3 survivors (3072K)
 Metaspace       used 36630K, committed 36800K, reserved 1114112K
  class space    used 3641K, committed 3712K, reserved 1048576K
}
Event: 26.694 GC heap after
{Heap after GC invocations=6 (full 0):
 garbage-first heap   total reserved 2070528K, committed 67584K, used 20932K [0x0000000081a00000, 0x0000000100000000)
  region size 1024K, 3 young (3072K), 3 survivors (3072K)
 Metaspace       used 36630K, committed 36800K, reserved 1114112K
  class space    used 3641K, committed 3712K, reserved 1048576K
}
Event: 32.051 GC heap before
{Heap before GC invocations=7 (full 0):
 garbage-first heap   total reserved 2070528K, committed 67584K, used 50628K [0x0000000081a00000, 0x0000000100000000)
  region size 1024K, 32 young (32768K), 3 survivors (3072K)
 Metaspace       used 39008K, committed 39232K, reserved 1114112K
  class space    used 3875K, committed 3968K, reserved 1048576K
}
Event: 32.086 GC heap after
{Heap after GC invocations=8 (full 0):
 garbage-first heap   total reserved 2070528K, committed 67584K, used 29164K [0x0000000081a00000, 0x0000000100000000)
  region size 1024K, 4 young (4096K), 4 survivors (4096K)
 Metaspace       used 39008K, committed 39232K, reserved 1114112K
  class space    used 3875K, committed 3968K, reserved 1048576K
}
Event: 37.515 GC heap before
{Heap before GC invocations=8 (full 0):
 garbage-first heap   total reserved 2070528K, committed 67584K, used 51692K [0x0000000081a00000, 0x0000000100000000)
  region size 1024K, 26 young (26624K), 4 survivors (4096K)
 Metaspace       used 41151K, committed 41472K, reserved 1114112K
  class space    used 4090K, committed 4224K, reserved 1048576K
}
Event: 37.552 GC heap after
{Heap after GC invocations=9 (full 0):
 garbage-first heap   total reserved 2070528K, committed 67584K, used 34218K [0x0000000081a00000, 0x0000000100000000)
  region size 1024K, 4 young (4096K), 4 survivors (4096K)
 Metaspace       used 41151K, committed 41472K, reserved 1114112K
  class space    used 4090K, committed 4224K, reserved 1048576K
}
Event: 45.292 GC heap before
{Heap before GC invocations=9 (full 0):
 garbage-first heap   total reserved 2070528K, committed 67584K, used 54698K [0x0000000081a00000, 0x0000000100000000)
  region size 1024K, 24 young (24576K), 4 survivors (4096K)
 Metaspace       used 44193K, committed 44480K, reserved 1114112K
  class space    used 4438K, committed 4544K, reserved 1048576K
}
Event: 45.324 GC heap after
{Heap after GC invocations=10 (full 0):
 garbage-first heap   total reserved 2070528K, committed 67584K, used 37376K [0x0000000081a00000, 0x0000000100000000)
  region size 1024K, 3 young (3072K), 3 survivors (3072K)
 Metaspace       used 44193K, committed 44480K, reserved 1114112K
  class space    used 4438K, committed 4544K, reserved 1048576K
}
Event: 51.014 GC heap before
{Heap before GC invocations=11 (full 0):
 garbage-first heap   total reserved 2070528K, committed 67584K, used 56832K [0x0000000081a00000, 0x0000000100000000)
  region size 1024K, 22 young (22528K), 3 survivors (3072K)
 Metaspace       used 45326K, committed 45632K, reserved 1114112K
  class space    used 4492K, committed 4608K, reserved 1048576K
}
Event: 51.052 GC heap after
{Heap after GC invocations=12 (full 0):
 garbage-first heap   total reserved 2070528K, committed 67584K, used 41378K [0x0000000081a00000, 0x0000000100000000)
  region size 1024K, 3 young (3072K), 3 survivors (3072K)
 Metaspace       used 45326K, committed 45632K, reserved 1114112K
  class space    used 4492K, committed 4608K, reserved 1048576K
}
Event: 53.521 GC heap before
{Heap before GC invocations=12 (full 0):
 garbage-first heap   total reserved 2070528K, committed 67584K, used 57762K [0x0000000081a00000, 0x0000000100000000)
  region size 1024K, 19 young (19456K), 3 survivors (3072K)
 Metaspace       used 47327K, committed 47680K, reserved 1114112K
  class space    used 4684K, committed 4864K, reserved 1048576K
}
Event: 53.554 GC heap after
{Heap after GC invocations=13 (full 0):
 garbage-first heap   total reserved 2070528K, committed 67584K, used 44406K [0x0000000081a00000, 0x0000000100000000)
  region size 1024K, 3 young (3072K), 3 survivors (3072K)
 Metaspace       used 47327K, committed 47680K, reserved 1114112K
  class space    used 4684K, committed 4864K, reserved 1048576K
}
Event: 59.913 GC heap before
{Heap before GC invocations=13 (full 0):
 garbage-first heap   total reserved 2070528K, committed 67584K, used 57718K [0x0000000081a00000, 0x0000000100000000)
  region size 1024K, 17 young (17408K), 3 survivors (3072K)
 Metaspace       used 51732K, committed 52160K, reserved 1114112K
  class space    used 5262K, committed 5440K, reserved 1048576K
}
Event: 59.933 GC heap after
{Heap after GC invocations=14 (full 0):
 garbage-first heap   total reserved 2070528K, committed 67584K, used 45705K [0x0000000081a00000, 0x0000000100000000)
  region size 1024K, 2 young (2048K), 2 survivors (2048K)
 Metaspace       used 51732K, committed 52160K, reserved 1114112K
  class space    used 5262K, committed 5440K, reserved 1048576K
}

Dll operation events (7 events):
Event: 0.030 Loaded shared library C:\Program Files\Java\jdk-24\bin\java.dll
Event: 0.308 Loaded shared library C:\Program Files\Java\jdk-24\bin\jsvml.dll
Event: 0.314 Loaded shared library C:\Program Files\Java\jdk-24\bin\net.dll
Event: 0.350 Loaded shared library C:\Program Files\Java\jdk-24\bin\nio.dll
Event: 0.480 Loaded shared library C:\Program Files\Java\jdk-24\bin\zip.dll
Event: 0.763 Loaded shared library C:\Program Files\Java\jdk-24\bin\jimage.dll
Event: 10.089 Loaded shared library C:\Program Files\Java\jdk-24\bin\verify.dll

Deoptimization events (20 events):
Event: 58.239 Thread 0x00000226ef946a10 Uncommon trap: trap_request=0xffffffde fr.pc=0x0000022687b6ad54 relative=0x0000000000000b54
Event: 58.239 Thread 0x00000226ef946a10 Uncommon trap: reason=class_check action=maybe_recompile pc=0x0000022687b6ad54 method=java.util.concurrent.ConcurrentHashMap.putVal(Ljava/lang/Object;Ljava/lang/Object;Z)Ljava/lang/Object; @ 159 c2
Event: 58.239 Thread 0x00000226ef946a10 DEOPT PACKING pc=0x0000022687b6ad54 sp=0x000000cc88bf8810
Event: 58.239 Thread 0x00000226ef946a10 DEOPT UNPACKING pc=0x000002268764ce82 sp=0x000000cc88bf8780 mode 2
Event: 58.242 Thread 0x00000226ef946a10 Uncommon trap: trap_request=0xffffffde fr.pc=0x0000022687b6ad54 relative=0x0000000000000b54
Event: 58.242 Thread 0x00000226ef946a10 Uncommon trap: reason=class_check action=maybe_recompile pc=0x0000022687b6ad54 method=java.util.concurrent.ConcurrentHashMap.putVal(Ljava/lang/Object;Ljava/lang/Object;Z)Ljava/lang/Object; @ 159 c2
Event: 58.242 Thread 0x00000226ef946a10 DEOPT PACKING pc=0x0000022687b6ad54 sp=0x000000cc88bf8810
Event: 58.242 Thread 0x00000226ef946a10 DEOPT UNPACKING pc=0x000002268764ce82 sp=0x000000cc88bf8780 mode 2
Event: 58.245 Thread 0x00000226ef946a10 Uncommon trap: trap_request=0xffffffde fr.pc=0x0000022687b6ad54 relative=0x0000000000000b54
Event: 58.245 Thread 0x00000226ef946a10 Uncommon trap: reason=class_check action=maybe_recompile pc=0x0000022687b6ad54 method=java.util.concurrent.ConcurrentHashMap.putVal(Ljava/lang/Object;Ljava/lang/Object;Z)Ljava/lang/Object; @ 159 c2
Event: 58.245 Thread 0x00000226ef946a10 DEOPT PACKING pc=0x0000022687b6ad54 sp=0x000000cc88bf8810
Event: 58.245 Thread 0x00000226ef946a10 DEOPT UNPACKING pc=0x000002268764ce82 sp=0x000000cc88bf8780 mode 2
Event: 58.255 Thread 0x00000226ef946a10 Uncommon trap: trap_request=0xffffffde fr.pc=0x0000022687b6ad54 relative=0x0000000000000b54
Event: 58.255 Thread 0x00000226ef946a10 Uncommon trap: reason=class_check action=maybe_recompile pc=0x0000022687b6ad54 method=java.util.concurrent.ConcurrentHashMap.putVal(Ljava/lang/Object;Ljava/lang/Object;Z)Ljava/lang/Object; @ 159 c2
Event: 58.255 Thread 0x00000226ef946a10 DEOPT PACKING pc=0x0000022687b6ad54 sp=0x000000cc88bf87a0
Event: 58.255 Thread 0x00000226ef946a10 DEOPT UNPACKING pc=0x000002268764ce82 sp=0x000000cc88bf8710 mode 2
Event: 58.844 Thread 0x00000226ef946a10 Uncommon trap: trap_request=0xffffffde fr.pc=0x0000022687cfde90 relative=0x0000000000001230
Event: 58.844 Thread 0x00000226ef946a10 Uncommon trap: reason=class_check action=maybe_recompile pc=0x0000022687cfde90 method=org.jetbrains.org.objectweb.asm.ClassReader.readElementValue(Lorg/jetbrains/org/objectweb/asm/AnnotationVisitor;ILjava/lang/String;[C)I @ 466 c2
Event: 58.844 Thread 0x00000226ef946a10 DEOPT PACKING pc=0x0000022687cfde90 sp=0x000000cc88bf5b00
Event: 58.845 Thread 0x00000226ef946a10 DEOPT UNPACKING pc=0x000002268764ce82 sp=0x000000cc88bf5a50 mode 2

Classes loaded (20 events):
Event: 52.750 Loading class java/beans/ChangeListenerMap done
Event: 52.750 Loading class java/beans/PropertyChangeSupport$PropertyChangeListenerMap done
Event: 52.750 Loading class java/beans/PropertyChangeListener
Event: 52.750 Loading class java/beans/PropertyChangeListener done
Event: 53.562 Loading class java/util/stream/Nodes$FixedNodeBuilder
Event: 53.562 Loading class java/util/stream/Nodes$ArrayNode
Event: 53.562 Loading class java/util/stream/Nodes$ArrayNode done
Event: 53.562 Loading class java/util/stream/Nodes$FixedNodeBuilder done
Event: 55.665 Loading class java/util/ComparableTimSort
Event: 55.665 Loading class java/util/ComparableTimSort done
Event: 57.226 Loading class java/util/stream/IntStream
Event: 57.227 Loading class java/util/stream/IntStream done
Event: 57.227 Loading class java/util/stream/LongStream
Event: 57.227 Loading class java/util/stream/LongStream done
Event: 57.227 Loading class java/util/stream/DoubleStream
Event: 57.228 Loading class java/util/stream/DoubleStream done
Event: 58.673 Loading class java/lang/Character$UnicodeBlock
Event: 58.675 Loading class java/lang/Character$Subset
Event: 58.675 Loading class java/lang/Character$Subset done
Event: 58.678 Loading class java/lang/Character$UnicodeBlock done

Classes unloaded (0 events):
No events

Classes redefined (0 events):
No events

Internal exceptions (20 events):
Event: 26.230 Thread 0x00000226ef946a10 Exception <a 'java/lang/NoSuchMethodError'{0x0000000083b1a4b8}: 'java.lang.Object java.lang.invoke.Invokers$Holder.linkToTargetMethod(java.lang.Object, java.lang.Object, int, java.lang.Object, java.lang.Object)'> (0x0000000083b1a4b8) 
thrown [s\open\src\hotspot\share\interpreter\linkResolver.cpp, line 805]
Event: 35.540 Thread 0x00000226ef946a10 Exception <a 'java/lang/NoSuchMethodError'{0x0000000084761b90}: 'java.lang.Object java.lang.invoke.DirectMethodHandle$Holder.newInvokeSpecial(java.lang.Object, java.lang.Object, java.lang.Object, java.lang.Object, java.lang.Object, java.lang.Object)'> (0x0000000084761b90) 
thrown [s\open\src\hotspot\share\interpreter\linkResolver.cpp, line 805]
Event: 36.872 Thread 0x00000226ef946a10 Exception <a 'java/lang/NoSuchMethodError'{0x00000000844f8530}: 'java.lang.Object java.lang.invoke.DirectMethodHandle$Holder.newInvokeSpecial(java.lang.Object, java.lang.Object, java.lang.Object, java.lang.Object, int)'> (0x00000000844f8530) 
thrown [s\open\src\hotspot\share\interpreter\linkResolver.cpp, line 805]
Event: 36.874 Thread 0x00000226ef946a10 Exception <a 'java/lang/NoSuchMethodError'{0x00000000843017a8}: 'java.lang.Object java.lang.invoke.DirectMethodHandle$Holder.invokeSpecial(java.lang.Object, java.lang.Object, java.lang.Object, java.lang.Object, java.lang.Object, int)'> (0x00000000843017a8) 
thrown [s\open\src\hotspot\share\interpreter\linkResolver.cpp, line 805]
Event: 36.875 Thread 0x00000226ef946a10 Exception <a 'java/lang/NoSuchMethodError'{0x0000000084309e40}: 'java.lang.Object java.lang.invoke.Invokers$Holder.linkToTargetMethod(java.lang.Object, java.lang.Object, java.lang.Object, int, java.lang.Object)'> (0x0000000084309e40) 
thrown [s\open\src\hotspot\share\interpreter\linkResolver.cpp, line 805]
Event: 36.964 Thread 0x00000226ef946a10 Exception <a 'java/lang/NoSuchMethodError'{0x0000000084368568}: 'java.lang.Object java.lang.invoke.DirectMethodHandle$Holder.newInvokeSpecial(java.lang.Object, java.lang.Object, java.lang.Object, java.lang.Object, int, java.lang.Object, java.lang.Object)'> (0x0000000084368568) 
thrown [s\open\src\hotspot\share\interpreter\linkResolver.cpp, line 805]
Event: 36.967 Thread 0x00000226ef946a10 Exception <a 'java/lang/NoSuchMethodError'{0x0000000084379760}: 'java.lang.Object java.lang.invoke.Invokers$Holder.linkToTargetMethod(java.lang.Object, java.lang.Object, java.lang.Object, int, java.lang.Object, java.lang.Object, java.lang.Object)'> (0x0000000084379760) 
thrown [s\open\src\hotspot\share\interpreter\linkResolver.cpp, line 805]
Event: 40.977 Thread 0x00000226ef946a10 Exception <a 'java/lang/NoSuchMethodError'{0x0000000087489780}: 'java.lang.Object java.lang.invoke.DirectMethodHandle$Holder.newInvokeSpecial(java.lang.Object, java.lang.Object, java.lang.Object, java.lang.Object, java.lang.Object, java.lang.Object, java.lang.Object, java.lang.Object, java.lang.Object)'> (0x0000000087489780) 
thrown [s\open\src\hotspot\share\interpreter\linkResolver.cpp, line 805]
Event: 41.015 Thread 0x00000226ef946a10 Exception <a 'java/lang/NoSuchMethodError'{0x00000000874c4df0}: 'java.lang.Object java.lang.invoke.DirectMethodHandle$Holder.newInvokeSpecial(java.lang.Object, int, java.lang.Object)'> (0x00000000874c4df0) 
thrown [s\open\src\hotspot\share\interpreter\linkResolver.cpp, line 805]
Event: 41.307 Thread 0x00000226ef946a10 Exception <a 'java/lang/NoSuchMethodError'{0x000000008732d4b8}: 'java.lang.Object java.lang.invoke.DirectMethodHandle$Holder.invokeSpecial(java.lang.Object, java.lang.Object, int, java.lang.Object, java.lang.Object)'> (0x000000008732d4b8) 
thrown [s\open\src\hotspot\share\interpreter\linkResolver.cpp, line 805]
Event: 41.696 Thread 0x00000226ef946a10 Exception <a 'java/lang/NoSuchMethodError'{0x0000000084c7f138}: 'java.lang.Object java.lang.invoke.DirectMethodHandle$Holder.newInvokeSpecial(java.lang.Object, java.lang.Object, java.lang.Object, java.lang.Object, java.lang.Object, int)'> (0x0000000084c7f138) 
thrown [s\open\src\hotspot\share\interpreter\linkResolver.cpp, line 805]
Event: 41.697 Thread 0x00000226ef946a10 Exception <a 'java/lang/NoSuchMethodError'{0x0000000084c88228}: 'java.lang.Object java.lang.invoke.DirectMethodHandle$Holder.invokeSpecial(java.lang.Object, java.lang.Object, java.lang.Object, java.lang.Object, java.lang.Object, java.lang.Object, int)'> (0x0000000084c88228) 
thrown [s\open\src\hotspot\share\interpreter\linkResolver.cpp, line 805]
Event: 41.699 Thread 0x00000226ef946a10 Exception <a 'java/lang/NoSuchMethodError'{0x0000000084c90970}: 'java.lang.Object java.lang.invoke.Invokers$Holder.linkToTargetMethod(java.lang.Object, java.lang.Object, java.lang.Object, java.lang.Object, int, java.lang.Object)'> (0x0000000084c90970) 
thrown [s\open\src\hotspot\share\interpreter\linkResolver.cpp, line 805]
Event: 43.010 Thread 0x00000226ef946a10 Exception <a 'java/lang/NoSuchMethodError'{0x0000000084a0ee58}: 'java.lang.Object java.lang.invoke.DirectMethodHandle$Holder.invokeStatic(java.lang.Object, java.lang.Object, java.lang.Object, int, java.lang.Object, java.lang.Object)'> (0x0000000084a0ee58) 
thrown [s\open\src\hotspot\share\interpreter\linkResolver.cpp, line 805]
Event: 45.469 Thread 0x00000226ef946a10 Exception <a 'java/lang/NoSuchMethodError'{0x00000000fffc6e58}: 'java.lang.Object java.lang.invoke.DirectMethodHandle$Holder.invokeStatic(java.lang.Object, int, java.lang.Object, java.lang.Object)'> (0x00000000fffc6e58) 
thrown [s\open\src\hotspot\share\interpreter\linkResolver.cpp, line 805]
Event: 47.140 Thread 0x00000226ef946a10 Exception <a 'java/lang/NoSuchMethodError'{0x00000000878af350}: 'java.lang.Object java.lang.invoke.DirectMethodHandle$Holder.invokeStatic(java.lang.Object, int, java.lang.Object)'> (0x00000000878af350) 
thrown [s\open\src\hotspot\share\interpreter\linkResolver.cpp, line 805]
Event: 49.220 Thread 0x00000226ef946a10 Exception <a 'java/lang/NoSuchMethodError'{0x00000000874c8828}: 'java.lang.Object java.lang.invoke.DirectMethodHandle$Holder.newInvokeSpecial(java.lang.Object, int, java.lang.Object, java.lang.Object, java.lang.Object)'> (0x00000000874c8828) 
thrown [s\open\src\hotspot\share\interpreter\linkResolver.cpp, line 805]
Event: 49.222 Thread 0x00000226ef946a10 Exception <a 'java/lang/NoSuchMethodError'{0x00000000874d9440}: 'java.lang.Object java.lang.invoke.Invokers$Holder.linkToTargetMethod(int, java.lang.Object, java.lang.Object, java.lang.Object, java.lang.Object)'> (0x00000000874d9440) 
thrown [s\open\src\hotspot\share\interpreter\linkResolver.cpp, line 805]
Event: 55.283 Thread 0x00000226ef946a10 Exception <a 'java/lang/NoSuchMethodError'{0x0000000087ad3480}: 'java.lang.Object java.lang.invoke.Invokers$Holder.invokeExact_MT(java.lang.Object, java.lang.Object, long, java.lang.Object)'> (0x0000000087ad3480) 
thrown [s\open\src\hotspot\share\interpreter\linkResolver.cpp, line 805]
Event: 57.352 Thread 0x00000226ef946a10 Exception <a 'java/lang/NoSuchMethodError'{0x00000000875697d0}: 'void java.lang.invoke.DirectMethodHandle$Holder.invokeSpecial(java.lang.Object, java.lang.Object, int, java.lang.Object)'> (0x00000000875697d0) 
thrown [s\open\src\hotspot\share\interpreter\linkResolver.cpp, line 805]

VM Operations (20 events):
Event: 57.223 Executing VM operation: HandshakeAllThreads (Deoptimize)
Event: 57.223 Executing VM operation: HandshakeAllThreads (Deoptimize) done
Event: 57.667 Executing VM operation: HandshakeAllThreads (Deoptimize)
Event: 57.668 Executing VM operation: HandshakeAllThreads (Deoptimize) done
Event: 57.790 Executing VM operation: HandshakeAllThreads (Deoptimize)
Event: 57.790 Executing VM operation: HandshakeAllThreads (Deoptimize) done
Event: 58.133 Executing VM operation: HandshakeAllThreads (Deoptimize)
Event: 58.133 Executing VM operation: HandshakeAllThreads (Deoptimize) done
Event: 58.223 Executing VM operation: HandshakeAllThreads (Deoptimize)
Event: 58.224 Executing VM operation: HandshakeAllThreads (Deoptimize) done
Event: 59.913 Executing VM operation: G1CollectForAllocation (G1 Evacuation Pause)
Event: 59.933 Executing VM operation: G1CollectForAllocation (G1 Evacuation Pause) done
Event: 60.038 Executing VM operation: HandshakeAllThreads (HandshakeForDeflation)
Event: 60.075 Executing VM operation: HandshakeAllThreads (HandshakeForDeflation) done
Event: 60.077 Executing VM operation: RendezvousGCThreads
Event: 60.077 Executing VM operation: RendezvousGCThreads done
Event: 60.183 Executing VM operation: G1PauseRemark
Event: 60.204 Executing VM operation: G1PauseRemark done
Event: 60.249 Executing VM operation: G1PauseCleanup
Event: 60.257 Executing VM operation: G1PauseCleanup done

Memory protections (0 events):
No events

Nmethod flushes (20 events):
Event: 60.201 Thread 0x00000226ffb4e840 flushing  nmethod 0x00000226802da988
Event: 60.201 Thread 0x00000226ffb4e840 flushing  nmethod 0x00000226802dd588
Event: 60.201 Thread 0x00000226ffb4e840 flushing  nmethod 0x00000226802de408
Event: 60.201 Thread 0x00000226ffb4e840 flushing  nmethod 0x00000226802f4f08
Event: 60.201 Thread 0x00000226ffb4e840 flushing  nmethod 0x00000226802f9788
Event: 60.201 Thread 0x00000226ffb4e840 flushing  nmethod 0x000002268032ca08
Event: 60.201 Thread 0x00000226ffb4e840 flushing  nmethod 0x000002268032cd08
Event: 60.201 Thread 0x00000226ffb4e840 flushing  nmethod 0x00000226803ceb08
Event: 60.201 Thread 0x00000226ffb4e840 flushing  nmethod 0x00000226803cee08
Event: 60.201 Thread 0x00000226ffb4e840 flushing  nmethod 0x000002268043ef88
Event: 60.201 Thread 0x00000226ffb4e840 flushing  nmethod 0x0000022680441788
Event: 60.201 Thread 0x00000226ffb4e840 flushing  nmethod 0x0000022680443088
Event: 60.201 Thread 0x00000226ffb4e840 flushing  nmethod 0x0000022680446e08
Event: 60.201 Thread 0x00000226ffb4e840 flushing  nmethod 0x0000022680462208
Event: 60.201 Thread 0x00000226ffb4e840 flushing  nmethod 0x0000022680462f88
Event: 60.201 Thread 0x00000226ffb4e840 flushing  nmethod 0x0000022680464108
Event: 60.201 Thread 0x00000226ffb4e840 flushing  nmethod 0x0000022680540708
Event: 60.201 Thread 0x00000226ffb4e840 flushing  nmethod 0x0000022680648608
Event: 60.201 Thread 0x00000226ffb4e840 flushing  nmethod 0x000002268079b388
Event: 60.201 Thread 0x00000226ffb4e840 flushing  nmethod 0x000002268079be08

Events (20 events):
Event: 9.996 Thread 0x00000226d49db830 Thread exited: 0x00000226d49db830
Event: 10.331 Thread 0x00000226d49d7f20 Thread exited: 0x00000226d49d7f20
Event: 21.143 Thread 0x00000226ffb6e140 Thread added: 0x00000226d41d3780
Event: 21.932 Thread 0x00000226d41d3780 Thread exited: 0x00000226d41d3780
Event: 22.071 Thread 0x00000226ffb6e140 Thread added: 0x00000226d5135c70
Event: 22.378 Thread 0x00000226d5135c70 Thread exited: 0x00000226d5135c70
Event: 31.260 Thread 0x00000226ffb6e140 Thread added: 0x00000226d5130630
Event: 31.277 Thread 0x00000226ffb6e140 Thread added: 0x00000226d5130dc0
Event: 32.092 Thread 0x00000226d5130dc0 Thread exited: 0x00000226d5130dc0
Event: 32.685 Thread 0x00000226d5130630 Thread exited: 0x00000226d5130630
Event: 37.565 Thread 0x00000226ffb6e140 Thread added: 0x00000226d5450990
Event: 39.598 Thread 0x00000226d5450990 Thread exited: 0x00000226d5450990
Event: 43.357 Thread 0x00000226ffb6e140 Thread added: 0x00000226d5303240
Event: 43.503 Thread 0x00000226d5303240 Thread exited: 0x00000226d5303240
Event: 51.119 Thread 0x00000226ffb6e140 Thread added: 0x00000226d4e94d00
Event: 51.119 Thread 0x00000226ffb6e140 Thread added: 0x00000226d4e95490
Event: 51.564 Thread 0x00000226d4e95490 Thread exited: 0x00000226d4e95490
Event: 52.413 Thread 0x00000226d4e94d00 Thread exited: 0x00000226d4e94d00
Event: 58.422 Thread 0x00000226ffb6e140 Thread added: 0x00000226d92e8010
Event: 58.782 Thread 0x00000226d92e8010 Thread exited: 0x00000226d92e8010


Dynamic libraries:
0x00007ff6cdd50000 - 0x00007ff6cdd60000 	C:\Program Files\Java\jdk-24\bin\java.exe
0x00007ffbb0940000 - 0x00007ffbb0ba7000 	C:\WINDOWS\SYSTEM32\ntdll.dll
0x00007ffbaed20000 - 0x00007ffbaede9000 	C:\WINDOWS\System32\KERNEL32.DLL
0x00007ffbadc10000 - 0x00007ffbadfff000 	C:\WINDOWS\System32\KERNELBASE.dll
0x00007ffbae180000 - 0x00007ffbae2cb000 	C:\WINDOWS\System32\ucrtbase.dll
0x00007ffbaa6f0000 - 0x00007ffbaa706000 	C:\Program Files\Java\jdk-24\bin\jli.dll
0x00007ffbae9f0000 - 0x00007ffbaebb5000 	C:\WINDOWS\System32\USER32.dll
0x00007ffbadbe0000 - 0x00007ffbadc07000 	C:\WINDOWS\System32\win32u.dll
0x00007ffbaee70000 - 0x00007ffbaee9b000 	C:\WINDOWS\System32\GDI32.dll
0x00007ffbae380000 - 0x00007ffbae4ac000 	C:\WINDOWS\System32\gdi32full.dll
0x00007ffbae2d0000 - 0x00007ffbae373000 	C:\WINDOWS\System32\msvcp_win.dll
0x00007ffba2090000 - 0x00007ffba20ab000 	C:\Program Files\Java\jdk-24\bin\VCRUNTIME140.dll
0x00007ffb96930000 - 0x00007ffb96bc3000 	C:\WINDOWS\WinSxS\amd64_microsoft.windows.common-controls_6595b64144ccf1df_6.0.26100.7309_none_3e05feeae336a044\COMCTL32.dll
0x00007ffbaebc0000 - 0x00007ffbaec69000 	C:\WINDOWS\System32\msvcrt.dll
0x00007ffbae6e0000 - 0x00007ffbae711000 	C:\WINDOWS\System32\IMM32.DLL
0x00007ffba1ca0000 - 0x00007ffba1cac000 	C:\Program Files\Java\jdk-24\bin\vcruntime140_1.dll
0x00007ffb82d80000 - 0x00007ffb82e0e000 	C:\Program Files\Java\jdk-24\bin\msvcp140.dll
0x00007ffb28230000 - 0x00007ffb28fd2000 	C:\Program Files\Java\jdk-24\bin\server\jvm.dll
0x00007ffbae8d0000 - 0x00007ffbae984000 	C:\WINDOWS\System32\ADVAPI32.dll
0x00007ffbaec70000 - 0x00007ffbaed16000 	C:\WINDOWS\System32\sechost.dll
0x00007ffbb0770000 - 0x00007ffbb0888000 	C:\WINDOWS\System32\RPCRT4.dll
0x00007ffbaf030000 - 0x00007ffbaf0a4000 	C:\WINDOWS\System32\WS2_32.dll
0x00007ffbad8f0000 - 0x00007ffbad94e000 	C:\WINDOWS\SYSTEM32\POWRPROF.dll
0x00007ffb97ad0000 - 0x00007ffb97b05000 	C:\WINDOWS\SYSTEM32\WINMM.dll
0x00007ffb9e700000 - 0x00007ffb9e70b000 	C:\WINDOWS\SYSTEM32\VERSION.dll
0x00007ffbad8d0000 - 0x00007ffbad8e4000 	C:\WINDOWS\SYSTEM32\UMPDC.dll
0x00007ffbac840000 - 0x00007ffbac85b000 	C:\WINDOWS\SYSTEM32\kernel.appcore.dll
0x00007ffba1c90000 - 0x00007ffba1c9a000 	C:\Program Files\Java\jdk-24\bin\jimage.dll
0x00007ffbaaed0000 - 0x00007ffbab112000 	C:\WINDOWS\SYSTEM32\DBGHELP.DLL
0x00007ffbaf340000 - 0x00007ffbaf6c5000 	C:\WINDOWS\System32\combase.dll
0x00007ffbaef50000 - 0x00007ffbaf026000 	C:\WINDOWS\System32\OLEAUT32.dll
0x00007ffb80d20000 - 0x00007ffb80d5c000 	C:\WINDOWS\SYSTEM32\dbgcore.DLL
0x00007ffbae630000 - 0x00007ffbae6d5000 	C:\WINDOWS\System32\bcryptPrimitives.dll
0x00007ffb97a00000 - 0x00007ffb97a1e000 	C:\Program Files\Java\jdk-24\bin\java.dll
0x00007ffbae720000 - 0x00007ffbae8b7000 	C:\WINDOWS\System32\ole32.dll
0x00007ffbafe90000 - 0x00007ffbb05e3000 	C:\WINDOWS\System32\SHELL32.dll
0x00007ffbae010000 - 0x00007ffbae17a000 	C:\WINDOWS\System32\wintypes.dll
0x00007ffbab670000 - 0x00007ffbabece000 	C:\WINDOWS\SYSTEM32\windows.storage.dll
0x00007ffbaf240000 - 0x00007ffbaf335000 	C:\WINDOWS\System32\SHCORE.dll
0x00007ffbb0890000 - 0x00007ffbb08f6000 	C:\WINDOWS\System32\shlwapi.dll
0x00007ffbad9b0000 - 0x00007ffbad9d9000 	C:\WINDOWS\SYSTEM32\profapi.dll
0x00007ffb72cf0000 - 0x00007ffb72dc7000 	C:\Program Files\Java\jdk-24\bin\jsvml.dll
0x00007ffba1c80000 - 0x00007ffba1c90000 	C:\Program Files\Java\jdk-24\bin\net.dll
0x00007ffbacdb0000 - 0x00007ffbace1b000 	C:\WINDOWS\system32\mswsock.dll
0x00007ffb979e0000 - 0x00007ffb979f6000 	C:\Program Files\Java\jdk-24\bin\nio.dll
0x00007ffb95430000 - 0x00007ffb95447000 	C:\Program Files\Java\jdk-24\bin\zip.dll
0x00007ffb985a0000 - 0x00007ffb985b0000 	C:\Program Files\Java\jdk-24\bin\verify.dll

JVMTI agents: none

dbghelp: loaded successfully - version: 4.0.5 - missing functions: none
symbol engine: initialized successfully - sym options: 0x614 - pdb path: .;C:\Program Files\Java\jdk-24\bin;C:\WINDOWS\SYSTEM32;C:\WINDOWS\WinSxS\amd64_microsoft.windows.common-controls_6595b64144ccf1df_6.0.26100.7309_none_3e05feeae336a044;C:\Program Files\Java\jdk-24\bin\server

VM Arguments:
java_command: org.jetbrains.kotlin.cli.jvm.K2JVMCompiler @C:\lifemap\build\flutter_image_compress_common\20260104_2003744335020426525.compiler.options
java_class_path (initial): C:\Users\91723\.gradle\caches\modules-2\files-2.1\org.jetbrains.kotlin\kotlin-compiler-embeddable\2.1.0\988bf980588bbbcfa1ba19c1ffd7aa869b335a31\kotlin-compiler-embeddable-2.1.0.jar;C:\Users\91723\.gradle\caches\modules-2\files-2.1\org.jetbrains.kotlin\kotlin-stdlib\2.1.0\85f8b81009cda5890e54ba67d64b5e599c645020\kotlin-stdlib-2.1.0.jar;C:\Users\91723\.gradle\caches\modules-2\files-2.1\org.jetbrains.kotlin\kotlin-script-runtime\2.1.0\5909da8c57b75a117714ab0e348c86101b7a3284\kotlin-script-runtime-2.1.0.jar;C:\Users\91723\.gradle\caches\modules-2\files-2.1\org.jetbrains.kotlin\kotlin-reflect\1.6.10\1cbe9c92c12a94eea200d23c2bbaedaf3daf5132\kotlin-reflect-1.6.10.jar;C:\Users\91723\.gradle\caches\modules-2\files-2.1\org.jetbrains.kotlin\kotlin-daemon-embeddable\2.1.0\420bae1908e4a353f5b56c3c850d24d86367b25d\kotlin-daemon-embeddable-2.1.0.jar;C:\Users\91723\.gradle\caches\modules-2\files-2.1\org.jetbrains.intellij.deps\trove4j\1.0.20200330\3afb14d5f9ceb459d724e907a21145e8ff394f02\trove4j-1.0.20200330.jar;C:\Users\91723\.gradle\caches\modules-2\files-2.1\org.jetbrains.kotlinx\kotlinx-coroutines-core-jvm\1.6.4\2c997cd1c0ef33f3e751d3831929aeff1390cb30\kotlinx-coroutines-core-jvm-1.6.4.jar;C:\Users\91723\.gradle\caches\modules-2\files-2.1\org.jetbrains\annotations\13.0\919f0dfe192fb4e063e7dacadee7f8bb9a2672a9\annotations-13.0.jar
Launcher Type: SUN_STANDARD

[Global flags]
     intx CICompilerCount                          = 4                                         {product} {ergonomic}
     uint ConcGCThreads                            = 2                                         {product} {ergonomic}
     uint G1ConcRefinementThreads                  = 8                                         {product} {ergonomic}
   size_t G1HeapRegionSize                         = 1048576                                   {product} {ergonomic}
   size_t InitialHeapSize                          = 134217728                                 {product} {ergonomic}
   size_t MarkStackSize                            = 4194304                                   {product} {ergonomic}
   size_t MarkStackSizeMax                         = 536870912                                 {product} {ergonomic}
   size_t MaxHeapSize                              = 2120220672                                {product} {ergonomic}
   size_t MaxNewSize                               = 1271922688                                {product} {ergonomic}
   size_t MinHeapDeltaBytes                        = 1048576                                   {product} {ergonomic}
   size_t MinHeapSize                              = 8388608                                   {product} {ergonomic}
    uintx NonNMethodCodeHeapSize                   = 5832704                                {pd product} {ergonomic}
    uintx NonProfiledCodeHeapSize                  = 122945536                              {pd product} {ergonomic}
    uintx ProfiledCodeHeapSize                     = 122880000                              {pd product} {ergonomic}
    uintx ReservedCodeCacheSize                    = 251658240                              {pd product} {ergonomic}
     bool SegmentedCodeCache                       = true                                      {product} {ergonomic}
   size_t SoftMaxHeapSize                          = 2120220672                             {manageable} {ergonomic}
     bool UseCompressedOops                        = true                           {product lp64_product} {ergonomic}
     bool UseG1GC                                  = true                                      {product} {ergonomic}
     bool UseLargePagesIndividualAllocation        = false                                  {pd product} {ergonomic}

Logging:
Log output configuration:
 #0: stdout all=warning uptime,level,tags foldmultilines=false
 #1: stderr all=off uptime,level,tags foldmultilines=false

Environment Variables:
CLASSPATH=C:\lifemap\android\\gradle\wrapper\gradle-wrapper.jar
PATH=C:\Users\91723\AppData\Local\cloud-code\installer\google-cloud-sdk\bin;C:\Python313\Scripts\;C:\Python313\;C:\Program Files\Common Files\Oracle\Java\javapath;C:\Program Files (x86)\Intel\iCLS Client\;C:\Program Files\Intel\iCLS Client\;C:\windows\system32;C:\windows;C:\windows\System32\Wbem;C:\windows\System32\WindowsPowerShell\v1.0\;C:\Program Files (x86)\NVIDIA Corporation\PhysX\Common;C:\Program Files\Intel\WiFi\bin\;C:\Program Files\Common Files\Intel\WirelessCommon\;C:\Program Files (x86)\Intel\Intel(R) Management Engine Components\DAL;C:\Program Files\Intel\Intel(R) Management Engine Components\DAL;C:\Program Files (x86)\Intel\Intel(R) Management Engine Components\IPT;C:\Program Files\Intel\Intel(R) Management Engine Components\IPT;C:\WINDOWS\system32;C:\WINDOWS;C:\WINDOWS\System32\Wbem;C:\WINDOWS\System32\WindowsPowerShell\v1.0\;C:\WINDOWS\System32\OpenSSH\;C:\flutter\flutter_windows_3.22.1-stable\flutter\bin;C:\Program Files\Git\cmd;C:\flutter\bin;C:\Program Files\Java\jdk-24\bin;C:\flutter_windows_3.32.6-stable\flutter\bin;C:\Program Files\nodejs\;C:\ProgramData\chocolatey\bin;C:\Program Files\nodejs;C:\Program Files (x86)\Google\Cloud SDK\google-cloud-sdk\bin;C:\Program Files\OpenSSL-Win64\bin;;C:\Program Files\Docker\Docker\resources\bin;C:\Users\91723\AppData\Local\Microsoft\WindowsApps;C:\Users\91723\AppData\Local\Programs\Microsoft VS Code\bin;C:\Users\91723\AppData\Roaming\npm;C:\Users\91723\AppData\Local\Programs\Antigravity\bin;c:\Users\91723\.antigravity\extensions\vscjava.vscode-java-debug-0.58.4-universal\bundled\scripts\noConfigScripts;c:\Users\91723\.antigravity\extensions\ms-python.debugpy-2025.18.0-win32-x64\bundled\scripts\noConfigScripts
USERNAME=91723
LANG=en_US.UTF-8
OS=Windows_NT
PROCESSOR_IDENTIFIER=Intel64 Family 6 Model 142 Stepping 10, GenuineIntel
TMP=C:\Users\91723\AppData\Local\Temp
TEMP=C:\Users\91723\AppData\Local\Temp




Periodic native trim disabled

---------------  S Y S T E M  ---------------

OS:
 Windows 11 , 64 bit Build 26100 (10.0.26100.7309)
OS uptime: 0 days 9:52 hours
Hyper-V role detected

CPU: total 8 (initial active 8) (4 cores per cpu, 2 threads per core) family 6 model 142 stepping 10 microcode 0xe0, cx8, cmov, fxsr, ht, mmx, 3dnowpref, sse, sse2, sse3, ssse3, sse4.1, sse4.2, popcnt, lzcnt, tsc, tscinvbit, avx, avx2, aes, erms, clmul, bmi1, bmi2, adx, fma, vzeroupper, clflush, clflushopt, hv, rdtscp, f16c
Processor Information for the first 8 processors :
  Max Mhz: 1800, Current Mhz: 1600, Mhz Limit: 1584

Memory: 4k page, system-wide physical 8083M (368M free)
TotalPageFile size 20974M (AvailPageFile size 45M)
current process WorkingSet (physical memory assigned to process): 171M, peak: 195M
current process commit charge ("private bytes"): 259M, peak: 282M

vm_info: Java HotSpot(TM) 64-Bit Server VM (24.0.1+9-30) for windows-amd64 JRE (24.0.1+9-30), built on 2025-03-05T07:23:45Z with MS VC++ 17.6 (VS2022)

END.
