#
# There is insufficient memory for the Java Runtime Environment to continue.
# Native memory allocation (malloc) failed to allocate 32744 bytes. Error detail: Chunk::new
# Possible reasons:
#   The system is out of physical RAM or swap space
#   This process is running with CompressedOops enabled, and the Java Heap may be blocking the growth of the native heap
# Possible solutions:
#   Reduce memory load on the system
#   Increase physical memory or swap space
#   Check if swap backing store is full
#   Decrease Java heap size (-Xmx/-Xms)
#   Decrease number of Java threads
#   Decrease Java thread stack sizes (-Xss)
#   Set larger code cache with -XX:ReservedCodeCacheSize=
#   JVM is running with Unscaled Compressed Oops mode in which the Java heap is
#     placed in the first 4GB address space. The Java Heap base address is the
#     maximum limit for the native heap growth. Please use -XX:HeapBaseMinAddress
#     to set the Java Heap base and to place the Java Heap above 4GB virtual address.
# This output file may be truncated or incomplete.
#
#  Out of Memory Error (arena.cpp:168), pid=19896, tid=9768
#
# JRE version: OpenJDK Runtime Environment (21.0.8) (build 21.0.8+-14196175-b1038.72)
# Java VM: OpenJDK 64-Bit Server VM (21.0.8+-14196175-b1038.72, mixed mode, tiered, compressed oops, compressed class ptrs, g1 gc, windows-amd64)
# No core dump will be written. Minidumps are not enabled by default on client versions of Windows
#

---------------  S U M M A R Y ------------

Command Line: -Dorg.gradle.appname=gradlew org.gradle.wrapper.GradleWrapperMain -q -Ptarget-platform=android-arm,android-arm64,android-x64 -Ptarget=lib\main.dart -Pbase-application-name=android.app.Application -Pdart-defines=RkxVVFRFUl9WRVJTSU9OPTMuMzIuNg==,RkxVVFRFUl9DSEFOTkVMPXN0YWJsZQ==,RkxVVFRFUl9HSVRfVVJMPWh0dHBzOi8vZ2l0aHViLmNvbS9mbHV0dGVyL2ZsdXR0ZXIuZ2l0,RkxVVFRFUl9GUkFNRVdPUktfUkVWSVNJT049MDc3YjRhNGNlMQ==,RkxVVFRFUl9FTkdJTkVfUkVWSVNJT049NzJmMmIxOGJiMA==,RkxVVFRFUl9EQVJUX1ZFUlNJT049My44LjE= -Pdart-obfuscation=false -Ptrack-widget-creation=true -Ptree-shake-icons=true bundleRelease

Host: Intel(R) Core(TM) i5-8250U CPU @ 1.60GHz, 8 cores, 7G,  Windows 11 , 64 bit Build 26100 (10.0.26100.7309)
Time: Sun Dec  7 03:06:21 2025 India Standard Time elapsed time: 44.406063 seconds (0d 0h 0m 44s)

---------------  T H R E A D  ---------------

Current thread (0x000001a617169600):  JavaThread "C2 CompilerThread0" daemon [_thread_in_native, id=9768, stack(0x0000002075100000,0x0000002075200000) (1024K)]


Current CompileTask:
C2:44406 2004       4       java.util.LinkedHashMap$LinkedHashIterator::hasNext (13 bytes)

Stack: [0x0000002075100000,0x0000002075200000]
Native frames: (J=compiled Java code, j=interpreted, Vv=VM code, C=native code)
V  [jvm.dll+0x6d68d9]
V  [jvm.dll+0x866693]
V  [jvm.dll+0x868c4e]
V  [jvm.dll+0x869333]
V  [jvm.dll+0x280566]
V  [jvm.dll+0xc07cd]
V  [jvm.dll+0xc0d03]
V  [jvm.dll+0x66006d]
V  [jvm.dll+0x6601fb]
V  [jvm.dll+0x6601fb]
V  [jvm.dll+0x6601fb]
V  [jvm.dll+0x666557]
V  [jvm.dll+0x6674d2]
V  [jvm.dll+0x6658be]
V  [jvm.dll+0x2490cf]
V  [jvm.dll+0x248821]
V  [jvm.dll+0x1c73a4]
V  [jvm.dll+0x257f9e]
V  [jvm.dll+0x2564e6]
V  [jvm.dll+0x3f4696]
V  [jvm.dll+0x80eac8]
V  [jvm.dll+0x6d512d]
C  [ucrtbase.dll+0x37b0]
C  [KERNEL32.DLL+0x2e8d7]
C  [ntdll.dll+0x8c53c]


---------------  P R O C E S S  ---------------

Threads class SMR info:
_java_thread_list=0x000001a61ce7b970, length=12, elements={
0x000001a67d4a4900, 0x000001a61711a960, 0x000001a617129120, 0x000001a617137c90,
0x000001a61715c5d0, 0x000001a61713a880, 0x000001a61713ba60, 0x000001a617168c60,
0x000001a617169600, 0x000001a617142160, 0x000001a617223ca0, 0x000001a617221540
}

Java Threads: ( => current thread )
  0x000001a67d4a4900 JavaThread "main"                              [_thread_in_native, id=21060, stack(0x0000002074200000,0x0000002074300000) (1024K)]
  0x000001a61711a960 JavaThread "Common-Cleaner"             daemon [_thread_blocked, id=13820, stack(0x0000002074a00000,0x0000002074b00000) (1024K)]
  0x000001a617129120 JavaThread "Reference Handler"          daemon [_thread_blocked, id=16168, stack(0x0000002074b00000,0x0000002074c00000) (1024K)]
  0x000001a617137c90 JavaThread "Finalizer"                  daemon [_thread_blocked, id=20924, stack(0x0000002074c00000,0x0000002074d00000) (1024K)]
  0x000001a61715c5d0 JavaThread "Signal Dispatcher"          daemon [_thread_blocked, id=7736, stack(0x0000002074d00000,0x0000002074e00000) (1024K)]
  0x000001a61713a880 JavaThread "Attach Listener"            daemon [_thread_blocked, id=6376, stack(0x0000002074e00000,0x0000002074f00000) (1024K)]
  0x000001a61713ba60 JavaThread "Service Thread"             daemon [_thread_blocked, id=20292, stack(0x0000002074f00000,0x0000002075000000) (1024K)]
  0x000001a617168c60 JavaThread "Monitor Deflation Thread"   daemon [_thread_blocked, id=13728, stack(0x0000002075000000,0x0000002075100000) (1024K)]
=>0x000001a617169600 JavaThread "C2 CompilerThread0"         daemon [_thread_in_native, id=9768, stack(0x0000002075100000,0x0000002075200000) (1024K)]
  0x000001a617142160 JavaThread "C1 CompilerThread0"         daemon [_thread_blocked, id=21368, stack(0x0000002075200000,0x0000002075300000) (1024K)]
  0x000001a617223ca0 JavaThread "Notification Thread"        daemon [_thread_blocked, id=8948, stack(0x0000002075300000,0x0000002075400000) (1024K)]
  0x000001a617221540 JavaThread "pool-1-thread-1"                   [_thread_blocked, id=19100, stack(0x0000002075900000,0x0000002075a00000) (1024K)]
Total: 12

Other Threads:
  0x000001a616f51fa0 VMThread "VM Thread"                           [id=21224, stack(0x0000002074900000,0x0000002074a00000) (1024K)]
  0x000001a616f05510 WatcherThread "VM Periodic Task Thread"        [id=6952, stack(0x0000002074800000,0x0000002074900000) (1024K)]
  0x000001a67f913af0 WorkerThread "GC Thread#0"                     [id=18208, stack(0x0000002074300000,0x0000002074400000) (1024K)]
  0x000001a617b3b730 WorkerThread "GC Thread#1"                     [id=15736, stack(0x0000002075600000,0x0000002075700000) (1024K)]
  0x000001a617b3bad0 WorkerThread "GC Thread#2"                     [id=9884, stack(0x0000002075700000,0x0000002075800000) (1024K)]
  0x000001a617bbf4f0 WorkerThread "GC Thread#3"                     [id=14532, stack(0x0000002075800000,0x0000002075900000) (1024K)]
  0x000001a61cdfcc10 WorkerThread "GC Thread#4"                     [id=20740, stack(0x0000002075a00000,0x0000002075b00000) (1024K)]
  0x000001a61c2e2760 WorkerThread "GC Thread#5"                     [id=16652, stack(0x0000002075b00000,0x0000002075c00000) (1024K)]
  0x000001a61c3618e0 WorkerThread "GC Thread#6"                     [id=9788, stack(0x0000002075c00000,0x0000002075d00000) (1024K)]
  0x000001a61c361c80 WorkerThread "GC Thread#7"                     [id=19208, stack(0x0000002075d00000,0x0000002075e00000) (1024K)]
  0x000001a67f924a60 ConcurrentGCThread "G1 Main Marker"            [id=19672, stack(0x0000002074400000,0x0000002074500000) (1024K)]
  0x000001a67f926f80 WorkerThread "G1 Conc#0"                       [id=10212, stack(0x0000002074500000,0x0000002074600000) (1024K)]
  0x000001a67f97e990 ConcurrentGCThread "G1 Refine#0"               [id=14048, stack(0x0000002074600000,0x0000002074700000) (1024K)]
  0x000001a616dcc140 ConcurrentGCThread "G1 Service"                [id=19932, stack(0x0000002074700000,0x0000002074800000) (1024K)]
Total: 14

Threads with active compile tasks:
C2 CompilerThread0  44434 2004       4       java.util.LinkedHashMap$LinkedHashIterator::hasNext (13 bytes)
Total: 1

VM state: not at safepoint (normal execution)

VM Mutex/Monitor currently owned by a thread: None

Heap address: 0x0000000081a00000, size: 2022 MB, Compressed Oops mode: 32-bit

CDS archive(s) not mapped
Compressed class space mapped at: 0x0000000100000000-0x0000000140000000, reserved size: 1073741824
Narrow klass base: 0x0000000000000000, Narrow klass shift: 3, Narrow klass range: 0x140000000

GC Precious Log:
 CardTable entry size: 512
 Card Set container configuration: InlinePtr #cards 5 size 8 Array Of Cards #cards 12 size 40 Howl #buckets 4 coarsen threshold 1843 Howl Bitmap #cards 512 size 80 coarsen threshold 460 Card regions per heap region 1 cards per card region 2048
 CPUs: 8 total, 8 available
 Memory: 8083M
 Large Page Support: Disabled
 NUMA Support: Disabled
 Compressed Oops: Enabled (32-bit)
 Heap Region Size: 1M
 Heap Min Capacity: 8M
 Heap Initial Capacity: 128M
 Heap Max Capacity: 2022M
 Pre-touch: Disabled
 Parallel Workers: 8
 Concurrent Workers: 2
 Concurrent Refinement Workers: 8
 Periodic GC: Disabled

Heap:
 garbage-first heap   total 131072K, used 16821K [0x0000000081a00000, 0x0000000100000000)
  region size 1024K, 9 young (9216K), 4 survivors (4096K)
 Metaspace       used 20551K, committed 20800K, reserved 1114112K
  class space    used 2388K, committed 2496K, reserved 1048576K

Heap Regions: E=young(eden), S=young(survivor), O=old, HS=humongous(starts), HC=humongous(continues), CS=collection set, F=free, TAMS=top-at-mark-start, PB=parsable bottom
|   0|0x0000000081a00000, 0x0000000081b00000, 0x0000000081b00000|100%|HS|  |TAMS 0x0000000081a00000| PB 0x0000000081a00000| Complete 
|   1|0x0000000081b00000, 0x0000000081c00000, 0x0000000081c00000|100%|HC|  |TAMS 0x0000000081b00000| PB 0x0000000081b00000| Complete 
|   2|0x0000000081c00000, 0x0000000081d00000, 0x0000000081d00000|100%|HC|  |TAMS 0x0000000081c00000| PB 0x0000000081c00000| Complete 
|   3|0x0000000081d00000, 0x0000000081e00000, 0x0000000081e00000|100%|HC|  |TAMS 0x0000000081d00000| PB 0x0000000081d00000| Complete 
|   4|0x0000000081e00000, 0x0000000081f00000, 0x0000000081f00000|100%| O|  |TAMS 0x0000000081e00000| PB 0x0000000081e00000| Untracked 
|   5|0x0000000081f00000, 0x0000000082000000, 0x0000000082000000|100%| O|  |TAMS 0x0000000081f00000| PB 0x0000000081f00000| Untracked 
|   6|0x0000000082000000, 0x0000000082100000, 0x0000000082100000|100%| O|  |TAMS 0x0000000082000000| PB 0x0000000082000000| Untracked 
|   7|0x0000000082100000, 0x0000000082200000, 0x0000000082200000|100%| O|  |TAMS 0x0000000082100000| PB 0x0000000082100000| Untracked 
|   8|0x0000000082200000, 0x0000000082300000, 0x0000000082300000|100%| O|  |TAMS 0x0000000082200000| PB 0x0000000082200000| Untracked 
|   9|0x0000000082300000, 0x0000000082399390, 0x0000000082400000| 59%| O|  |TAMS 0x0000000082300000| PB 0x0000000082300000| Untracked 
|  10|0x0000000082400000, 0x0000000082400000, 0x0000000082500000|  0%| F|  |TAMS 0x0000000082400000| PB 0x0000000082400000| Untracked 
|  11|0x0000000082500000, 0x0000000082500000, 0x0000000082600000|  0%| F|  |TAMS 0x0000000082500000| PB 0x0000000082500000| Untracked 
|  12|0x0000000082600000, 0x0000000082600000, 0x0000000082700000|  0%| F|  |TAMS 0x0000000082600000| PB 0x0000000082600000| Untracked 
|  13|0x0000000082700000, 0x0000000082700000, 0x0000000082800000|  0%| F|  |TAMS 0x0000000082700000| PB 0x0000000082700000| Untracked 
|  14|0x0000000082800000, 0x0000000082800000, 0x0000000082900000|  0%| F|  |TAMS 0x0000000082800000| PB 0x0000000082800000| Untracked 
|  15|0x0000000082900000, 0x0000000082900000, 0x0000000082a00000|  0%| F|  |TAMS 0x0000000082900000| PB 0x0000000082900000| Untracked 
|  16|0x0000000082a00000, 0x0000000082a00000, 0x0000000082b00000|  0%| F|  |TAMS 0x0000000082a00000| PB 0x0000000082a00000| Untracked 
|  17|0x0000000082b00000, 0x0000000082b00000, 0x0000000082c00000|  0%| F|  |TAMS 0x0000000082b00000| PB 0x0000000082b00000| Untracked 
|  18|0x0000000082c00000, 0x0000000082c00000, 0x0000000082d00000|  0%| F|  |TAMS 0x0000000082c00000| PB 0x0000000082c00000| Untracked 
|  19|0x0000000082d00000, 0x0000000082d00000, 0x0000000082e00000|  0%| F|  |TAMS 0x0000000082d00000| PB 0x0000000082d00000| Untracked 
|  20|0x0000000082e00000, 0x0000000082e00000, 0x0000000082f00000|  0%| F|  |TAMS 0x0000000082e00000| PB 0x0000000082e00000| Untracked 
|  21|0x0000000082f00000, 0x0000000082f00000, 0x0000000083000000|  0%| F|  |TAMS 0x0000000082f00000| PB 0x0000000082f00000| Untracked 
|  22|0x0000000083000000, 0x0000000083000000, 0x0000000083100000|  0%| F|  |TAMS 0x0000000083000000| PB 0x0000000083000000| Untracked 
|  23|0x0000000083100000, 0x0000000083100000, 0x0000000083200000|  0%| F|  |TAMS 0x0000000083100000| PB 0x0000000083100000| Untracked 
|  24|0x0000000083200000, 0x0000000083200000, 0x0000000083300000|  0%| F|  |TAMS 0x0000000083200000| PB 0x0000000083200000| Untracked 
|  25|0x0000000083300000, 0x0000000083300000, 0x0000000083400000|  0%| F|  |TAMS 0x0000000083300000| PB 0x0000000083300000| Untracked 
|  26|0x0000000083400000, 0x0000000083400000, 0x0000000083500000|  0%| F|  |TAMS 0x0000000083400000| PB 0x0000000083400000| Untracked 
|  27|0x0000000083500000, 0x0000000083500000, 0x0000000083600000|  0%| F|  |TAMS 0x0000000083500000| PB 0x0000000083500000| Untracked 
|  28|0x0000000083600000, 0x0000000083600000, 0x0000000083700000|  0%| F|  |TAMS 0x0000000083600000| PB 0x0000000083600000| Untracked 
|  29|0x0000000083700000, 0x0000000083700000, 0x0000000083800000|  0%| F|  |TAMS 0x0000000083700000| PB 0x0000000083700000| Untracked 
|  30|0x0000000083800000, 0x0000000083800000, 0x0000000083900000|  0%| F|  |TAMS 0x0000000083800000| PB 0x0000000083800000| Untracked 
|  31|0x0000000083900000, 0x0000000083900000, 0x0000000083a00000|  0%| F|  |TAMS 0x0000000083900000| PB 0x0000000083900000| Untracked 
|  32|0x0000000083a00000, 0x0000000083a00000, 0x0000000083b00000|  0%| F|  |TAMS 0x0000000083a00000| PB 0x0000000083a00000| Untracked 
|  33|0x0000000083b00000, 0x0000000083b00000, 0x0000000083c00000|  0%| F|  |TAMS 0x0000000083b00000| PB 0x0000000083b00000| Untracked 
|  34|0x0000000083c00000, 0x0000000083c00000, 0x0000000083d00000|  0%| F|  |TAMS 0x0000000083c00000| PB 0x0000000083c00000| Untracked 
|  35|0x0000000083d00000, 0x0000000083d00000, 0x0000000083e00000|  0%| F|  |TAMS 0x0000000083d00000| PB 0x0000000083d00000| Untracked 
|  36|0x0000000083e00000, 0x0000000083e00000, 0x0000000083f00000|  0%| F|  |TAMS 0x0000000083e00000| PB 0x0000000083e00000| Untracked 
|  37|0x0000000083f00000, 0x0000000083f00000, 0x0000000084000000|  0%| F|  |TAMS 0x0000000083f00000| PB 0x0000000083f00000| Untracked 
|  38|0x0000000084000000, 0x0000000084000000, 0x0000000084100000|  0%| F|  |TAMS 0x0000000084000000| PB 0x0000000084000000| Untracked 
|  39|0x0000000084100000, 0x0000000084100000, 0x0000000084200000|  0%| F|  |TAMS 0x0000000084100000| PB 0x0000000084100000| Untracked 
|  40|0x0000000084200000, 0x0000000084200000, 0x0000000084300000|  0%| F|  |TAMS 0x0000000084200000| PB 0x0000000084200000| Untracked 
|  41|0x0000000084300000, 0x0000000084300000, 0x0000000084400000|  0%| F|  |TAMS 0x0000000084300000| PB 0x0000000084300000| Untracked 
|  42|0x0000000084400000, 0x0000000084400000, 0x0000000084500000|  0%| F|  |TAMS 0x0000000084400000| PB 0x0000000084400000| Untracked 
|  43|0x0000000084500000, 0x0000000084500000, 0x0000000084600000|  0%| F|  |TAMS 0x0000000084500000| PB 0x0000000084500000| Untracked 
|  44|0x0000000084600000, 0x0000000084600000, 0x0000000084700000|  0%| F|  |TAMS 0x0000000084600000| PB 0x0000000084600000| Untracked 
|  45|0x0000000084700000, 0x0000000084700000, 0x0000000084800000|  0%| F|  |TAMS 0x0000000084700000| PB 0x0000000084700000| Untracked 
|  46|0x0000000084800000, 0x0000000084800000, 0x0000000084900000|  0%| F|  |TAMS 0x0000000084800000| PB 0x0000000084800000| Untracked 
|  47|0x0000000084900000, 0x0000000084900000, 0x0000000084a00000|  0%| F|  |TAMS 0x0000000084900000| PB 0x0000000084900000| Untracked 
|  48|0x0000000084a00000, 0x0000000084a00000, 0x0000000084b00000|  0%| F|  |TAMS 0x0000000084a00000| PB 0x0000000084a00000| Untracked 
|  49|0x0000000084b00000, 0x0000000084b00000, 0x0000000084c00000|  0%| F|  |TAMS 0x0000000084b00000| PB 0x0000000084b00000| Untracked 
|  50|0x0000000084c00000, 0x0000000084c00000, 0x0000000084d00000|  0%| F|  |TAMS 0x0000000084c00000| PB 0x0000000084c00000| Untracked 
|  51|0x0000000084d00000, 0x0000000084d00000, 0x0000000084e00000|  0%| F|  |TAMS 0x0000000084d00000| PB 0x0000000084d00000| Untracked 
|  52|0x0000000084e00000, 0x0000000084e00000, 0x0000000084f00000|  0%| F|  |TAMS 0x0000000084e00000| PB 0x0000000084e00000| Untracked 
|  53|0x0000000084f00000, 0x0000000084f00000, 0x0000000085000000|  0%| F|  |TAMS 0x0000000084f00000| PB 0x0000000084f00000| Untracked 
|  54|0x0000000085000000, 0x0000000085000000, 0x0000000085100000|  0%| F|  |TAMS 0x0000000085000000| PB 0x0000000085000000| Untracked 
|  55|0x0000000085100000, 0x0000000085100000, 0x0000000085200000|  0%| F|  |TAMS 0x0000000085100000| PB 0x0000000085100000| Untracked 
|  56|0x0000000085200000, 0x0000000085200000, 0x0000000085300000|  0%| F|  |TAMS 0x0000000085200000| PB 0x0000000085200000| Untracked 
|  57|0x0000000085300000, 0x0000000085300000, 0x0000000085400000|  0%| F|  |TAMS 0x0000000085300000| PB 0x0000000085300000| Untracked 
|  58|0x0000000085400000, 0x0000000085400000, 0x0000000085500000|  0%| F|  |TAMS 0x0000000085400000| PB 0x0000000085400000| Untracked 
|  59|0x0000000085500000, 0x0000000085500000, 0x0000000085600000|  0%| F|  |TAMS 0x0000000085500000| PB 0x0000000085500000| Untracked 
|  60|0x0000000085600000, 0x0000000085600000, 0x0000000085700000|  0%| F|  |TAMS 0x0000000085600000| PB 0x0000000085600000| Untracked 
|  61|0x0000000085700000, 0x0000000085700000, 0x0000000085800000|  0%| F|  |TAMS 0x0000000085700000| PB 0x0000000085700000| Untracked 
|  62|0x0000000085800000, 0x0000000085800000, 0x0000000085900000|  0%| F|  |TAMS 0x0000000085800000| PB 0x0000000085800000| Untracked 
|  63|0x0000000085900000, 0x0000000085900000, 0x0000000085a00000|  0%| F|  |TAMS 0x0000000085900000| PB 0x0000000085900000| Untracked 
|  64|0x0000000085a00000, 0x0000000085a00000, 0x0000000085b00000|  0%| F|  |TAMS 0x0000000085a00000| PB 0x0000000085a00000| Untracked 
|  65|0x0000000085b00000, 0x0000000085b00000, 0x0000000085c00000|  0%| F|  |TAMS 0x0000000085b00000| PB 0x0000000085b00000| Untracked 
|  66|0x0000000085c00000, 0x0000000085c00000, 0x0000000085d00000|  0%| F|  |TAMS 0x0000000085c00000| PB 0x0000000085c00000| Untracked 
|  67|0x0000000085d00000, 0x0000000085d00000, 0x0000000085e00000|  0%| F|  |TAMS 0x0000000085d00000| PB 0x0000000085d00000| Untracked 
|  68|0x0000000085e00000, 0x0000000085e00000, 0x0000000085f00000|  0%| F|  |TAMS 0x0000000085e00000| PB 0x0000000085e00000| Untracked 
|  69|0x0000000085f00000, 0x0000000085f00000, 0x0000000086000000|  0%| F|  |TAMS 0x0000000085f00000| PB 0x0000000085f00000| Untracked 
|  70|0x0000000086000000, 0x0000000086000000, 0x0000000086100000|  0%| F|  |TAMS 0x0000000086000000| PB 0x0000000086000000| Untracked 
|  71|0x0000000086100000, 0x0000000086100000, 0x0000000086200000|  0%| F|  |TAMS 0x0000000086100000| PB 0x0000000086100000| Untracked 
|  72|0x0000000086200000, 0x0000000086200000, 0x0000000086300000|  0%| F|  |TAMS 0x0000000086200000| PB 0x0000000086200000| Untracked 
|  73|0x0000000086300000, 0x0000000086300000, 0x0000000086400000|  0%| F|  |TAMS 0x0000000086300000| PB 0x0000000086300000| Untracked 
|  74|0x0000000086400000, 0x0000000086400000, 0x0000000086500000|  0%| F|  |TAMS 0x0000000086400000| PB 0x0000000086400000| Untracked 
|  75|0x0000000086500000, 0x0000000086500000, 0x0000000086600000|  0%| F|  |TAMS 0x0000000086500000| PB 0x0000000086500000| Untracked 
|  76|0x0000000086600000, 0x0000000086600000, 0x0000000086700000|  0%| F|  |TAMS 0x0000000086600000| PB 0x0000000086600000| Untracked 
|  77|0x0000000086700000, 0x0000000086700000, 0x0000000086800000|  0%| F|  |TAMS 0x0000000086700000| PB 0x0000000086700000| Untracked 
|  78|0x0000000086800000, 0x0000000086800000, 0x0000000086900000|  0%| F|  |TAMS 0x0000000086800000| PB 0x0000000086800000| Untracked 
|  79|0x0000000086900000, 0x0000000086900000, 0x0000000086a00000|  0%| F|  |TAMS 0x0000000086900000| PB 0x0000000086900000| Untracked 
|  80|0x0000000086a00000, 0x0000000086a00000, 0x0000000086b00000|  0%| F|  |TAMS 0x0000000086a00000| PB 0x0000000086a00000| Untracked 
|  81|0x0000000086b00000, 0x0000000086b00000, 0x0000000086c00000|  0%| F|  |TAMS 0x0000000086b00000| PB 0x0000000086b00000| Untracked 
|  82|0x0000000086c00000, 0x0000000086c00000, 0x0000000086d00000|  0%| F|  |TAMS 0x0000000086c00000| PB 0x0000000086c00000| Untracked 
|  83|0x0000000086d00000, 0x0000000086d00000, 0x0000000086e00000|  0%| F|  |TAMS 0x0000000086d00000| PB 0x0000000086d00000| Untracked 
|  84|0x0000000086e00000, 0x0000000086e00000, 0x0000000086f00000|  0%| F|  |TAMS 0x0000000086e00000| PB 0x0000000086e00000| Untracked 
|  85|0x0000000086f00000, 0x0000000086f00000, 0x0000000087000000|  0%| F|  |TAMS 0x0000000086f00000| PB 0x0000000086f00000| Untracked 
|  86|0x0000000087000000, 0x0000000087000000, 0x0000000087100000|  0%| F|  |TAMS 0x0000000087000000| PB 0x0000000087000000| Untracked 
|  87|0x0000000087100000, 0x0000000087100000, 0x0000000087200000|  0%| F|  |TAMS 0x0000000087100000| PB 0x0000000087100000| Untracked 
|  88|0x0000000087200000, 0x0000000087200000, 0x0000000087300000|  0%| F|  |TAMS 0x0000000087200000| PB 0x0000000087200000| Untracked 
|  89|0x0000000087300000, 0x0000000087300000, 0x0000000087400000|  0%| F|  |TAMS 0x0000000087300000| PB 0x0000000087300000| Untracked 
|  90|0x0000000087400000, 0x0000000087400000, 0x0000000087500000|  0%| F|  |TAMS 0x0000000087400000| PB 0x0000000087400000| Untracked 
|  91|0x0000000087500000, 0x00000000875d4140, 0x0000000087600000| 82%| S|CS|TAMS 0x0000000087500000| PB 0x0000000087500000| Complete 
|  92|0x0000000087600000, 0x0000000087700000, 0x0000000087700000|100%| S|CS|TAMS 0x0000000087600000| PB 0x0000000087600000| Complete 
|  93|0x0000000087700000, 0x0000000087800000, 0x0000000087800000|100%| S|CS|TAMS 0x0000000087700000| PB 0x0000000087700000| Complete 
|  94|0x0000000087800000, 0x0000000087900000, 0x0000000087900000|100%| S|CS|TAMS 0x0000000087800000| PB 0x0000000087800000| Complete 
|  95|0x0000000087900000, 0x0000000087900000, 0x0000000087a00000|  0%| F|  |TAMS 0x0000000087900000| PB 0x0000000087900000| Untracked 
|  96|0x0000000087a00000, 0x0000000087a00000, 0x0000000087b00000|  0%| F|  |TAMS 0x0000000087a00000| PB 0x0000000087a00000| Untracked 
|  97|0x0000000087b00000, 0x0000000087b00000, 0x0000000087c00000|  0%| F|  |TAMS 0x0000000087b00000| PB 0x0000000087b00000| Untracked 
|  98|0x0000000087c00000, 0x0000000087c00000, 0x0000000087d00000|  0%| F|  |TAMS 0x0000000087c00000| PB 0x0000000087c00000| Untracked 
|  99|0x0000000087d00000, 0x0000000087d00000, 0x0000000087e00000|  0%| F|  |TAMS 0x0000000087d00000| PB 0x0000000087d00000| Untracked 
| 100|0x0000000087e00000, 0x0000000087e00000, 0x0000000087f00000|  0%| F|  |TAMS 0x0000000087e00000| PB 0x0000000087e00000| Untracked 
| 101|0x0000000087f00000, 0x0000000087f00000, 0x0000000088000000|  0%| F|  |TAMS 0x0000000087f00000| PB 0x0000000087f00000| Untracked 
| 102|0x0000000088000000, 0x0000000088000000, 0x0000000088100000|  0%| F|  |TAMS 0x0000000088000000| PB 0x0000000088000000| Untracked 
| 103|0x0000000088100000, 0x0000000088100000, 0x0000000088200000|  0%| F|  |TAMS 0x0000000088100000| PB 0x0000000088100000| Untracked 
| 104|0x0000000088200000, 0x0000000088200000, 0x0000000088300000|  0%| F|  |TAMS 0x0000000088200000| PB 0x0000000088200000| Untracked 
| 105|0x0000000088300000, 0x0000000088300000, 0x0000000088400000|  0%| F|  |TAMS 0x0000000088300000| PB 0x0000000088300000| Untracked 
| 106|0x0000000088400000, 0x0000000088400000, 0x0000000088500000|  0%| F|  |TAMS 0x0000000088400000| PB 0x0000000088400000| Untracked 
| 107|0x0000000088500000, 0x0000000088500000, 0x0000000088600000|  0%| F|  |TAMS 0x0000000088500000| PB 0x0000000088500000| Untracked 
| 108|0x0000000088600000, 0x0000000088600000, 0x0000000088700000|  0%| F|  |TAMS 0x0000000088600000| PB 0x0000000088600000| Untracked 
| 109|0x0000000088700000, 0x0000000088700000, 0x0000000088800000|  0%| F|  |TAMS 0x0000000088700000| PB 0x0000000088700000| Untracked 
| 110|0x0000000088800000, 0x0000000088800000, 0x0000000088900000|  0%| F|  |TAMS 0x0000000088800000| PB 0x0000000088800000| Untracked 
| 111|0x0000000088900000, 0x0000000088900000, 0x0000000088a00000|  0%| F|  |TAMS 0x0000000088900000| PB 0x0000000088900000| Untracked 
| 112|0x0000000088a00000, 0x0000000088a00000, 0x0000000088b00000|  0%| F|  |TAMS 0x0000000088a00000| PB 0x0000000088a00000| Untracked 
| 113|0x0000000088b00000, 0x0000000088b00000, 0x0000000088c00000|  0%| F|  |TAMS 0x0000000088b00000| PB 0x0000000088b00000| Untracked 
| 114|0x0000000088c00000, 0x0000000088c00000, 0x0000000088d00000|  0%| F|  |TAMS 0x0000000088c00000| PB 0x0000000088c00000| Untracked 
| 115|0x0000000088d00000, 0x0000000088d00000, 0x0000000088e00000|  0%| F|  |TAMS 0x0000000088d00000| PB 0x0000000088d00000| Untracked 
| 116|0x0000000088e00000, 0x0000000088e00000, 0x0000000088f00000|  0%| F|  |TAMS 0x0000000088e00000| PB 0x0000000088e00000| Untracked 
| 117|0x0000000088f00000, 0x0000000088f00000, 0x0000000089000000|  0%| F|  |TAMS 0x0000000088f00000| PB 0x0000000088f00000| Untracked 
| 118|0x0000000089000000, 0x0000000089000000, 0x0000000089100000|  0%| F|  |TAMS 0x0000000089000000| PB 0x0000000089000000| Untracked 
| 119|0x0000000089100000, 0x0000000089100000, 0x0000000089200000|  0%| F|  |TAMS 0x0000000089100000| PB 0x0000000089100000| Untracked 
| 120|0x0000000089200000, 0x0000000089200000, 0x0000000089300000|  0%| F|  |TAMS 0x0000000089200000| PB 0x0000000089200000| Untracked 
| 121|0x0000000089300000, 0x0000000089300000, 0x0000000089400000|  0%| F|  |TAMS 0x0000000089300000| PB 0x0000000089300000| Untracked 
| 122|0x0000000089400000, 0x0000000089400000, 0x0000000089500000|  0%| F|  |TAMS 0x0000000089400000| PB 0x0000000089400000| Untracked 
| 123|0x0000000089500000, 0x0000000089600000, 0x0000000089600000|100%| E|  |TAMS 0x0000000089500000| PB 0x0000000089500000| Complete 
| 124|0x0000000089600000, 0x0000000089700000, 0x0000000089700000|100%| E|CS|TAMS 0x0000000089600000| PB 0x0000000089600000| Complete 
| 125|0x0000000089700000, 0x0000000089800000, 0x0000000089800000|100%| E|  |TAMS 0x0000000089700000| PB 0x0000000089700000| Complete 
| 126|0x0000000089800000, 0x0000000089900000, 0x0000000089900000|100%| E|CS|TAMS 0x0000000089800000| PB 0x0000000089800000| Complete 
| 127|0x0000000089900000, 0x0000000089a00000, 0x0000000089a00000|100%| E|CS|TAMS 0x0000000089900000| PB 0x0000000089900000| Complete 

Card table byte_map: [0x000001a612490000,0x000001a612890000] _byte_map_base: 0x000001a612083000

Marking Bits: (CMBitMap*) 0x000001a67f9141f0
 Bits: [0x000001a612890000, 0x000001a614828000)

Polling page: 0x000001a67db10000

Metaspace:

Usage:
  Non-class:     17.74 MB used.
      Class:      2.33 MB used.
       Both:     20.07 MB used.

Virtual space:
  Non-class space:       64.00 MB reserved,      17.88 MB ( 28%) committed,  1 nodes.
      Class space:        1.00 GB reserved,       2.44 MB ( <1%) committed,  1 nodes.
             Both:        1.06 GB reserved,      20.31 MB (  2%) committed. 

Chunk freelists:
   Non-Class:  13.91 MB
       Class:  13.58 MB
        Both:  27.48 MB

MaxMetaspaceSize: unlimited
CompressedClassSpaceSize: 1.00 GB
Initial GC threshold: 21.00 MB
Current GC threshold: 21.00 MB
CDS: off
 - commit_granule_bytes: 65536.
 - commit_granule_words: 8192.
 - virtual_space_node_default_size: 8388608.
 - enlarge_chunks_in_place: 1.
 - use_allocation_guard: 0.


Internal statistics:

num_allocs_failed_limit: 0.
num_arena_births: 202.
num_arena_deaths: 0.
num_vsnodes_births: 2.
num_vsnodes_deaths: 0.
num_space_committed: 325.
num_space_uncommitted: 0.
num_chunks_returned_to_freelist: 0.
num_chunks_taken_from_freelist: 521.
num_chunk_merges: 0.
num_chunk_splits: 337.
num_chunks_enlarged: 257.
num_inconsistent_stats: 0.

CodeHeap 'non-profiled nmethods': size=120000Kb used=899Kb max_used=899Kb free=119100Kb
 bounds [0x000001a60ab60000, 0x000001a60add0000, 0x000001a612090000]
CodeHeap 'profiled nmethods': size=120000Kb used=3742Kb max_used=3742Kb free=116257Kb
 bounds [0x000001a603090000, 0x000001a603440000, 0x000001a60a5c0000]
CodeHeap 'non-nmethods': size=5760Kb used=1395Kb max_used=1431Kb free=4364Kb
 bounds [0x000001a60a5c0000, 0x000001a60a830000, 0x000001a60ab60000]
CodeCache: size=245760Kb, used=6036Kb, max_used=6072Kb, free=239721Kb
 total_blobs=2515, nmethods=2003, adapters=417, full_count=0
Compilation: enabled, stopped_count=0, restarted_count=0

Compilation events (20 events):
Event: 39.797 Thread 0x000001a617142160 nmethod 1995 0x000001a603432b10 code [0x000001a603432ce0, 0x000001a603432f90]
Event: 39.797 Thread 0x000001a617142160 1996       3       java.util.concurrent.ScheduledThreadPoolExecutor$DelayedWorkQueue::take (5 bytes)
Event: 39.797 Thread 0x000001a617142160 nmethod 1996 0x000001a603433090 code [0x000001a603433240, 0x000001a603433398]
Event: 39.797 Thread 0x000001a617142160 1992       3       org.gradle.internal.logging.sink.GroupingProgressLogEventGenerator::onUpdateNow (54 bytes)
Event: 39.797 Thread 0x000001a617142160 nmethod 1992 0x000001a603433490 code [0x000001a6034336a0, 0x000001a603433cf8]
Event: 39.889 Thread 0x000001a617142160 1997       3       java.util.concurrent.Executors$RunnableAdapter::call (14 bytes)
Event: 39.889 Thread 0x000001a617142160 nmethod 1997 0x000001a603433f10 code [0x000001a6034340c0, 0x000001a6034342a0]
Event: 39.889 Thread 0x000001a617142160 1998   !   3       org.gradle.internal.logging.console.ThrottlingOutputEventListener$1::run (42 bytes)
Event: 39.890 Thread 0x000001a617142160 nmethod 1998 0x000001a603434390 code [0x000001a603434600, 0x000001a603434f20]
Event: 39.890 Thread 0x000001a617142160 1999       3       org.gradle.internal.logging.events.UpdateNowEvent::<init> (10 bytes)
Event: 39.890 Thread 0x000001a617142160 nmethod 1999 0x000001a603435410 code [0x000001a6034355c0, 0x000001a603435788]
Event: 39.890 Thread 0x000001a617142160 2000       3       java.util.concurrent.ScheduledThreadPoolExecutor$ScheduledFutureTask::setNextRunTime (38 bytes)
Event: 39.891 Thread 0x000001a617142160 nmethod 2000 0x000001a603435890 code [0x000001a603435a40, 0x000001a603435c60]
Event: 39.891 Thread 0x000001a617142160 2001       3       java.util.concurrent.ScheduledThreadPoolExecutor::reExecutePeriodic (49 bytes)
Event: 39.891 Thread 0x000001a617142160 nmethod 2001 0x000001a603435d10 code [0x000001a603435f40, 0x000001a603436588]
Event: 39.984 Thread 0x000001a617142160 2002       3       java.util.concurrent.locks.AbstractQueuedSynchronizer$ConditionObject::unlinkCancelledWaiters (91 bytes)
Event: 39.984 Thread 0x000001a617142160 nmethod 2002 0x000001a603436790 code [0x000001a603436960, 0x000001a603436dc0]
Event: 39.984 Thread 0x000001a617142160 2003       3       java.util.concurrent.locks.AbstractQueuedSynchronizer$ConditionObject::enableWait (84 bytes)
Event: 39.985 Thread 0x000001a617142160 nmethod 2003 0x000001a603436f10 code [0x000001a603437140, 0x000001a603437860]
Event: 42.389 Thread 0x000001a617169600 2004       4       java.util.LinkedHashMap$LinkedHashIterator::hasNext (13 bytes)

GC Heap History (4 events):
Event: 0.970 GC heap before
{Heap before GC invocations=0 (full 0):
 garbage-first heap   total 131072K, used 26624K [0x0000000081a00000, 0x0000000100000000)
  region size 1024K, 23 young (23552K), 0 survivors (0K)
 Metaspace       used 8748K, committed 8960K, reserved 1114112K
  class space    used 798K, committed 896K, reserved 1048576K
}
Event: 0.980 GC heap after
{Heap after GC invocations=1 (full 0):
 garbage-first heap   total 131072K, used 9793K [0x0000000081a00000, 0x0000000100000000)
  region size 1024K, 3 young (3072K), 3 survivors (3072K)
 Metaspace       used 8748K, committed 8960K, reserved 1114112K
  class space    used 798K, committed 896K, reserved 1048576K
}
Event: 2.132 GC heap before
{Heap before GC invocations=1 (full 0):
 garbage-first heap   total 131072K, used 40513K [0x0000000081a00000, 0x0000000100000000)
  region size 1024K, 33 young (33792K), 3 survivors (3072K)
 Metaspace       used 18446K, committed 18752K, reserved 1114112K
  class space    used 2162K, committed 2304K, reserved 1048576K
}
Event: 2.142 GC heap after
{Heap after GC invocations=2 (full 0):
 garbage-first heap   total 131072K, used 13749K [0x0000000081a00000, 0x0000000100000000)
  region size 1024K, 4 young (4096K), 4 survivors (4096K)
 Metaspace       used 18446K, committed 18752K, reserved 1114112K
  class space    used 2162K, committed 2304K, reserved 1048576K
}

Dll operation events (3 events):
Event: 0.015 Loaded shared library C:\Program Files\Android\Android Studio1\jbr\bin\java.dll
Event: 0.022 Loaded shared library C:\Program Files\Android\Android Studio1\jbr\bin\zip.dll
Event: 0.237 Loaded shared library C:\Program Files\Android\Android Studio1\jbr\bin\verify.dll

Deoptimization events (20 events):
Event: 4.759 Thread 0x000001a67d4a4900 Uncommon trap: trap_request=0xffffffde fr.pc=0x000001a60abd1e30 relative=0x0000000000000970
Event: 4.759 Thread 0x000001a67d4a4900 Uncommon trap: reason=class_check action=maybe_recompile pc=0x000001a60abd1e30 method=java.util.HashMap.putVal(ILjava/lang/Object;Ljava/lang/Object;ZZ)Ljava/lang/Object; @ 203 c2
Event: 4.759 Thread 0x000001a67d4a4900 DEOPT PACKING pc=0x000001a60abd1e30 sp=0x00000020742fb590
Event: 4.759 Thread 0x000001a67d4a4900 DEOPT UNPACKING pc=0x000001a60a6146a2 sp=0x00000020742fb4b8 mode 2
Event: 4.759 Thread 0x000001a67d4a4900 Uncommon trap: trap_request=0xffffffde fr.pc=0x000001a60abd1e30 relative=0x0000000000000970
Event: 4.759 Thread 0x000001a67d4a4900 Uncommon trap: reason=class_check action=maybe_recompile pc=0x000001a60abd1e30 method=java.util.HashMap.putVal(ILjava/lang/Object;Ljava/lang/Object;ZZ)Ljava/lang/Object; @ 203 c2
Event: 4.759 Thread 0x000001a67d4a4900 DEOPT PACKING pc=0x000001a60abd1e30 sp=0x00000020742fb590
Event: 4.759 Thread 0x000001a67d4a4900 DEOPT UNPACKING pc=0x000001a60a6146a2 sp=0x00000020742fb4b8 mode 2
Event: 4.763 Thread 0x000001a67d4a4900 Uncommon trap: trap_request=0xffffffde fr.pc=0x000001a60abd1e30 relative=0x0000000000000970
Event: 4.763 Thread 0x000001a67d4a4900 Uncommon trap: reason=class_check action=maybe_recompile pc=0x000001a60abd1e30 method=java.util.HashMap.putVal(ILjava/lang/Object;Ljava/lang/Object;ZZ)Ljava/lang/Object; @ 203 c2
Event: 4.763 Thread 0x000001a67d4a4900 DEOPT PACKING pc=0x000001a60abd1e30 sp=0x00000020742fb590
Event: 4.763 Thread 0x000001a67d4a4900 DEOPT UNPACKING pc=0x000001a60a6146a2 sp=0x00000020742fb4b8 mode 2
Event: 4.845 Thread 0x000001a67d4a4900 Uncommon trap: trap_request=0xffffff45 fr.pc=0x000001a60abd2d08 relative=0x00000000000004e8
Event: 4.845 Thread 0x000001a67d4a4900 Uncommon trap: reason=unstable_if action=reinterpret pc=0x000001a60abd2d08 method=java.util.regex.Matcher.match(II)Z @ 76 c2
Event: 4.845 Thread 0x000001a67d4a4900 DEOPT PACKING pc=0x000001a60abd2d08 sp=0x00000020742fcf50
Event: 4.845 Thread 0x000001a67d4a4900 DEOPT UNPACKING pc=0x000001a60a6146a2 sp=0x00000020742fcf08 mode 2
Event: 37.490 Thread 0x000001a617221540 Uncommon trap: trap_request=0xffffff45 fr.pc=0x000001a60ac3e518 relative=0x0000000000000078
Event: 37.491 Thread 0x000001a617221540 Uncommon trap: reason=unstable_if action=reinterpret pc=0x000001a60ac3e518 method=org.gradle.internal.logging.text.AbstractLineChoppingStyledTextOutput$StateContext.hasChar()Z @ 16 c2
Event: 37.491 Thread 0x000001a617221540 DEOPT PACKING pc=0x000001a60ac3e518 sp=0x00000020759fecc0
Event: 37.491 Thread 0x000001a617221540 DEOPT UNPACKING pc=0x000001a60a6146a2 sp=0x00000020759fec58 mode 2

Classes loaded (20 events):
Event: 36.556 Loading class jdk/internal/access/JavaObjectInputStreamReadString
Event: 36.556 Loading class jdk/internal/access/JavaObjectInputStreamReadString done
Event: 36.557 Loading class java/io/ObjectInputStream$BlockDataInputStream
Event: 36.557 Loading class java/io/ObjectInputStream$BlockDataInputStream done
Event: 36.557 Loading class java/io/ObjectInputStream$PeekInputStream
Event: 36.557 Loading class java/io/ObjectInputStream$PeekInputStream done
Event: 36.557 Loading class java/io/ObjectInputStream$HandleTable
Event: 36.558 Loading class java/io/ObjectInputStream$HandleTable done
Event: 36.558 Loading class java/io/ObjectInputStream$HandleTable$HandleList
Event: 36.558 Loading class java/io/ObjectInputStream$HandleTable$HandleList done
Event: 36.558 Loading class java/io/ObjectInputStream$ValidationList
Event: 36.558 Loading class java/io/ObjectInputStream$ValidationList done
Event: 36.558 Loading class java/io/ObjectInputFilter$Config
Event: 36.558 Loading class java/io/ObjectInputFilter$Config done
Event: 36.558 Loading class java/io/ObjectInputFilter
Event: 36.558 Loading class java/io/ObjectInputFilter done
Event: 36.560 Loading class java/io/ObjectInputFilter$Config$BuiltinFilterFactory
Event: 36.560 Loading class java/io/ObjectInputFilter$Config$BuiltinFilterFactory done
Event: 36.560 Loading class jdk/internal/access/JavaObjectInputFilterAccess
Event: 36.560 Loading class jdk/internal/access/JavaObjectInputFilterAccess done

Classes unloaded (0 events):
No events

Classes redefined (0 events):
No events

Internal exceptions (18 events):
Event: 0.461 Thread 0x000001a67d4a4900 Exception <a 'java/lang/NoSuchMethodError'{0x00000000896676d0}: 'void java.lang.invoke.DirectMethodHandle$Holder.invokeSpecial(java.lang.Object, java.lang.Object, java.lang.Object)'> (0x00000000896676d0) 
thrown [s\src\hotspot\share\interpreter\linkResolver.cpp, line 784]
Event: 0.550 Thread 0x000001a67d4a4900 Exception <a 'java/lang/NoSuchMethodError'{0x0000000089591c50}: 'int java.lang.invoke.DirectMethodHandle$Holder.invokeSpecial(java.lang.Object, java.lang.Object, java.lang.Object, java.lang.Object)'> (0x0000000089591c50) 
thrown [s\src\hotspot\share\interpreter\linkResolver.cpp, line 784]
Event: 1.395 Thread 0x000001a67d4a4900 Exception <a 'java/lang/NoSuchMethodError'{0x0000000089105ff8}: 'void java.lang.invoke.DirectMethodHandle$Holder.invokeInterface(java.lang.Object, java.lang.Object, java.lang.Object)'> (0x0000000089105ff8) 
thrown [s\src\hotspot\share\interpreter\linkResolver.cpp, line 784]
Event: 1.409 Thread 0x000001a67d4a4900 Exception <a 'java/lang/NoClassDefFoundError'{0x000000008915af08}: org/slf4j/impl/StaticMarkerBinder> (0x000000008915af08) 
thrown [s\src\hotspot\share\classfile\systemDictionary.cpp, line 301]
Event: 1.422 Thread 0x000001a67d4a4900 Exception <a 'java/lang/NoSuchMethodError'{0x00000000891d04b8}: 'java.lang.Object java.lang.invoke.DirectMethodHandle$Holder.invokeVirtual(java.lang.Object, java.lang.Object, java.lang.Object)'> (0x00000000891d04b8) 
thrown [s\src\hotspot\share\interpreter\linkResolver.cpp, line 784]
Event: 1.537 Thread 0x000001a67d4a4900 Exception <a 'java/lang/NoSuchMethodError'{0x0000000088d86f20}: 'java.lang.Object java.lang.invoke.Invokers$Holder.invokeExact_MT(java.lang.Object, java.lang.Object, java.lang.Object, java.lang.Object, java.lang.Object)'> (0x0000000088d86f20) 
thrown [s\src\hotspot\share\interpreter\linkResolver.cpp, line 784]
Event: 1.544 Thread 0x000001a67d4a4900 Exception <a 'java/lang/NoSuchMethodError'{0x0000000088db6a40}: 'java.lang.Object java.lang.invoke.DirectMethodHandle$Holder.invokeVirtual(java.lang.Object, java.lang.Object, java.lang.Object, java.lang.Object, java.lang.Object, java.lang.Object, java.lang.Object)'> (0x0000000088db6a40) 
thrown [s\src\hotspot\share\interpreter\linkResolver.cpp, line 784]
Event: 1.555 Thread 0x000001a67d4a4900 Exception <a 'java/lang/NoSuchMethodError'{0x0000000088c02c60}: 'java.lang.Object java.lang.invoke.DirectMethodHandle$Holder.invokeVirtual(java.lang.Object, java.lang.Object, java.lang.Object, java.lang.Object)'> (0x0000000088c02c60) 
thrown [s\src\hotspot\share\interpreter\linkResolver.cpp, line 784]
Event: 1.575 Thread 0x000001a67d4a4900 Exception <a 'java/lang/NoSuchMethodError'{0x0000000088ccbea8}: 'java.lang.Object java.lang.invoke.DirectMethodHandle$Holder.invokeVirtual(java.lang.Object, java.lang.Object, java.lang.Object, java.lang.Object, java.lang.Object, java.lang.Object)'> (0x0000000088ccbea8) 
thrown [s\src\hotspot\share\interpreter\linkResolver.cpp, line 784]
Event: 1.622 Thread 0x000001a67d4a4900 Implicit null exception at 0x000001a60abd8b3a to 0x000001a60abd8db8
Event: 1.622 Thread 0x000001a67d4a4900 Implicit null exception at 0x000001a60aba3940 to 0x000001a60aba39c2
Event: 1.722 Thread 0x000001a67d4a4900 Exception <a 'java/lang/NoSuchMethodError'{0x00000000887c01c0}: 'java.lang.Object java.lang.invoke.DirectMethodHandle$Holder.invokeVirtual(java.lang.Object, java.lang.Object, java.lang.Object, java.lang.Object, java.lang.Object)'> (0x00000000887c01c0) 
thrown [s\src\hotspot\share\interpreter\linkResolver.cpp, line 784]
Event: 1.725 Thread 0x000001a67d4a4900 Exception <a 'java/lang/NoSuchMethodError'{0x00000000887d38b8}: 'java.lang.Object java.lang.invoke.Invokers$Holder.invokeExact_MT(java.lang.Object, java.lang.Object, java.lang.Object, java.lang.Object, java.lang.Object, java.lang.Object)'> (0x00000000887d38b8) 
thrown [s\src\hotspot\share\interpreter\linkResolver.cpp, line 784]
Event: 1.738 Thread 0x000001a67d4a4900 Exception <a 'java/lang/NoSuchMethodError'{0x0000000088676000}: 'java.lang.Object java.lang.invoke.DirectMethodHandle$Holder.invokeVirtual(java.lang.Object, java.lang.Object, java.lang.Object, java.lang.Object, java.lang.Object, java.lang.Object, java.lang.Object, java.lang.Object)'> (0x0000000088676000) 
thrown [s\src\hotspot\share\interpreter\linkResolver.cpp, line 784]
Event: 1.843 Thread 0x000001a67d4a4900 Exception <a 'java/lang/NoSuchMethodError'{0x00000000883a9e00}: 'java.lang.Object java.lang.invoke.DirectMethodHandle$Holder.invokeStaticInit(java.lang.Object, java.lang.Object, int, int, int, int)'> (0x00000000883a9e00) 
thrown [s\src\hotspot\share\interpreter\linkResolver.cpp, line 784]
Event: 1.903 Thread 0x000001a67d4a4900 Implicit null exception at 0x000001a60abacba4 to 0x000001a60abad230
Event: 1.905 Thread 0x000001a67d4a4900 Implicit null exception at 0x000001a60abbfea0 to 0x000001a60abc052c
Event: 2.174 Thread 0x000001a6172228f0 Exception <a 'java/lang/NoSuchMethodError'{0x000000008988f068}: 'void java.lang.invoke.DirectMethodHandle$Holder.invokeStatic(java.lang.Object, long)'> (0x000000008988f068) 
thrown [s\src\hotspot\share\interpreter\linkResolver.cpp, line 784]

ZGC Phase Switch (0 events):
No events

VM Operations (20 events):
Event: 4.753 Executing VM operation: Cleanup
Event: 4.753 Executing VM operation: Cleanup done
Event: 5.766 Executing VM operation: Cleanup
Event: 5.766 Executing VM operation: Cleanup done
Event: 9.816 Executing VM operation: Cleanup
Event: 9.816 Executing VM operation: Cleanup done
Event: 16.894 Executing VM operation: Cleanup
Event: 16.894 Executing VM operation: Cleanup done
Event: 20.924 Executing VM operation: Cleanup
Event: 20.924 Executing VM operation: Cleanup done
Event: 26.985 Executing VM operation: Cleanup
Event: 26.985 Executing VM operation: Cleanup done
Event: 27.999 Executing VM operation: Cleanup
Event: 27.999 Executing VM operation: Cleanup done
Event: 30.002 Executing VM operation: Cleanup
Event: 30.002 Executing VM operation: Cleanup done
Event: 37.081 Executing VM operation: Cleanup
Event: 37.082 Executing VM operation: Cleanup done
Event: 40.108 Executing VM operation: Cleanup
Event: 40.109 Executing VM operation: Cleanup done

Memory protections (0 events):
No events

Nmethod flushes (0 events):
No events

Events (20 events):
Event: 0.200 Loaded shared library C:\Program Files\Android\Android Studio1\jbr\bin\nio.dll
Event: 0.221 Loaded shared library C:\Program Files\Android\Android Studio1\jbr\bin\zip.dll
Event: 0.346 Loaded shared library C:\Program Files\Android\Android Studio1\jbr\bin\jimage.dll
Event: 0.696 Thread 0x000001a617142160 Thread added: 0x000001a6175868b0
Event: 0.829 Thread 0x000001a617142160 Thread added: 0x000001a617787f80
Event: 1.457 Loaded shared library C:\Users\91723\.gradle\native\c067742578af261105cb4f569cf0c3c89f3d7b1fecec35dd04571415982c5e48\windows-amd64\native-platform.dll
Event: 1.483 Thread 0x000001a67d4a4900 Thread added: 0x000001a617221540
Event: 1.646 Loaded shared library C:\Program Files\Android\Android Studio1\jbr\bin\management.dll
Event: 1.651 Loaded shared library C:\Program Files\Android\Android Studio1\jbr\bin\management_ext.dll
Event: 1.872 Loaded shared library C:\Program Files\Android\Android Studio1\jbr\bin\extnet.dll
Event: 2.164 Thread 0x000001a67d4a4900 Thread added: 0x000001a6172228f0
Event: 2.182 Thread 0x000001a6172228f0 Thread added: 0x000001a617224330
Event: 2.184 Thread 0x000001a6172228f0 Thread added: 0x000001a617222260
Event: 2.184 Thread 0x000001a617224330 Thread exited: 0x000001a617224330
Event: 3.386 Thread 0x000001a617787f80 Thread exited: 0x000001a617787f80
Event: 4.488 Thread 0x000001a6175868b0 Thread exited: 0x000001a6175868b0
Event: 4.694 Thread 0x000001a6172228f0 Thread exited: 0x000001a6172228f0
Event: 4.694 Thread 0x000001a617222260 Thread exited: 0x000001a617222260
Event: 4.707 Thread 0x000001a617142160 Thread added: 0x000001a6175868b0
Event: 6.187 Thread 0x000001a6175868b0 Thread exited: 0x000001a6175868b0


Dynamic libraries:
0x00007ff7ec690000 - 0x00007ff7ec69a000 	C:\Program Files\Android\Android Studio1\jbr\bin\java.exe
0x00007ffa1c420000 - 0x00007ffa1c687000 	C:\WINDOWS\SYSTEM32\ntdll.dll
0x00007ffa1af90000 - 0x00007ffa1b059000 	C:\WINDOWS\System32\KERNEL32.DLL
0x00007ffa19b80000 - 0x00007ffa19f6f000 	C:\WINDOWS\System32\KERNELBASE.dll
0x00007ffa198c0000 - 0x00007ffa19a0b000 	C:\WINDOWS\System32\ucrtbase.dll
0x00007ffa02550000 - 0x00007ffa02568000 	C:\Program Files\Android\Android Studio1\jbr\bin\jli.dll
0x00007ffa03ff0000 - 0x00007ffa0400b000 	C:\Program Files\Android\Android Studio1\jbr\bin\VCRUNTIME140.dll
0x00007ffa1aba0000 - 0x00007ffa1ad65000 	C:\WINDOWS\System32\USER32.dll
0x00007ffa002a0000 - 0x00007ffa00533000 	C:\WINDOWS\WinSxS\amd64_microsoft.windows.common-controls_6595b64144ccf1df_6.0.26100.7309_none_3e05feeae336a044\COMCTL32.dll
0x00007ffa19a10000 - 0x00007ffa19a37000 	C:\WINDOWS\System32\win32u.dll
0x00007ffa1aee0000 - 0x00007ffa1af89000 	C:\WINDOWS\System32\msvcrt.dll
0x00007ffa1a390000 - 0x00007ffa1a3bb000 	C:\WINDOWS\System32\GDI32.dll
0x00007ffa19790000 - 0x00007ffa198bc000 	C:\WINDOWS\System32\gdi32full.dll
0x00007ffa196e0000 - 0x00007ffa19783000 	C:\WINDOWS\System32\msvcp_win.dll
0x00007ffa1a4e0000 - 0x00007ffa1a511000 	C:\WINDOWS\System32\IMM32.DLL
0x00007ffa03fe0000 - 0x00007ffa03fec000 	C:\Program Files\Android\Android Studio1\jbr\bin\vcruntime140_1.dll
0x00007ff9deda0000 - 0x00007ff9dee2d000 	C:\Program Files\Android\Android Studio1\jbr\bin\msvcp140.dll
0x00007ff9b1120000 - 0x00007ff9b1db6000 	C:\Program Files\Android\Android Studio1\jbr\bin\server\jvm.dll
0x00007ffa1a2d0000 - 0x00007ffa1a384000 	C:\WINDOWS\System32\ADVAPI32.dll
0x00007ffa1a220000 - 0x00007ffa1a2c6000 	C:\WINDOWS\System32\sechost.dll
0x00007ffa1a3c0000 - 0x00007ffa1a4d8000 	C:\WINDOWS\System32\RPCRT4.dll
0x00007ffa1bf00000 - 0x00007ffa1bf74000 	C:\WINDOWS\System32\WS2_32.dll
0x00007ffa193d0000 - 0x00007ffa1942e000 	C:\WINDOWS\SYSTEM32\POWRPROF.dll
0x00007ffa05960000 - 0x00007ffa05995000 	C:\WINDOWS\SYSTEM32\WINMM.dll
0x00007ffa09380000 - 0x00007ffa0938b000 	C:\WINDOWS\SYSTEM32\VERSION.dll
0x00007ffa193b0000 - 0x00007ffa193c4000 	C:\WINDOWS\SYSTEM32\UMPDC.dll
0x00007ffa18320000 - 0x00007ffa1833b000 	C:\WINDOWS\SYSTEM32\kernel.appcore.dll
0x00007ffa03cc0000 - 0x00007ffa03cca000 	C:\Program Files\Android\Android Studio1\jbr\bin\jimage.dll
0x00007ffa169b0000 - 0x00007ffa16bf2000 	C:\WINDOWS\SYSTEM32\DBGHELP.DLL
0x00007ffa1bf80000 - 0x00007ffa1c306000 	C:\WINDOWS\System32\combase.dll
0x00007ffa1a590000 - 0x00007ffa1a666000 	C:\WINDOWS\System32\OLEAUT32.dll
0x00007ff9fcd70000 - 0x00007ff9fcdac000 	C:\WINDOWS\SYSTEM32\dbgcore.DLL
0x00007ffa19ad0000 - 0x00007ffa19b75000 	C:\WINDOWS\System32\bcryptPrimitives.dll
0x00007ffa02410000 - 0x00007ffa02430000 	C:\Program Files\Android\Android Studio1\jbr\bin\java.dll
0x00007ff9fab50000 - 0x00007ff9fab68000 	C:\Program Files\Android\Android Studio1\jbr\bin\zip.dll
0x00007ffa1b700000 - 0x00007ffa1be53000 	C:\WINDOWS\System32\SHELL32.dll
0x00007ffa19570000 - 0x00007ffa196da000 	C:\WINDOWS\System32\wintypes.dll
0x00007ffa17150000 - 0x00007ffa179ae000 	C:\WINDOWS\SYSTEM32\windows.storage.dll
0x00007ffa1b600000 - 0x00007ffa1b6f4000 	C:\WINDOWS\System32\SHCORE.dll
0x00007ffa1a520000 - 0x00007ffa1a586000 	C:\WINDOWS\System32\shlwapi.dll
0x00007ffa19490000 - 0x00007ffa194b9000 	C:\WINDOWS\SYSTEM32\profapi.dll
0x00007ffa00d10000 - 0x00007ffa00d20000 	C:\Program Files\Android\Android Studio1\jbr\bin\net.dll
0x00007ffa091e0000 - 0x00007ffa09308000 	C:\WINDOWS\SYSTEM32\WINHTTP.dll
0x00007ffa18890000 - 0x00007ffa188fb000 	C:\WINDOWS\system32\mswsock.dll
0x00007ff9f9800000 - 0x00007ff9f9816000 	C:\Program Files\Android\Android Studio1\jbr\bin\nio.dll
0x00007ffa00550000 - 0x00007ffa00560000 	C:\Program Files\Android\Android Studio1\jbr\bin\verify.dll
0x00007ff9fe820000 - 0x00007ff9fe847000 	C:\Users\91723\.gradle\native\c067742578af261105cb4f569cf0c3c89f3d7b1fecec35dd04571415982c5e48\windows-amd64\native-platform.dll
0x00007ff9fab40000 - 0x00007ff9fab49000 	C:\Program Files\Android\Android Studio1\jbr\bin\management.dll
0x00007ff9f97f0000 - 0x00007ff9f97fb000 	C:\Program Files\Android\Android Studio1\jbr\bin\management_ext.dll
0x00007ffa1a210000 - 0x00007ffa1a218000 	C:\WINDOWS\System32\PSAPI.DLL
0x00007ffa18b60000 - 0x00007ffa18b7b000 	C:\WINDOWS\SYSTEM32\CRYPTSP.dll
0x00007ffa18280000 - 0x00007ffa182ba000 	C:\WINDOWS\system32\rsaenh.dll
0x00007ffa18940000 - 0x00007ffa1896b000 	C:\WINDOWS\SYSTEM32\USERENV.dll
0x00007ffa19460000 - 0x00007ffa1948a000 	C:\WINDOWS\SYSTEM32\bcrypt.dll
0x00007ffa18b50000 - 0x00007ffa18b5c000 	C:\WINDOWS\SYSTEM32\CRYPTBASE.dll
0x00007ffa17d20000 - 0x00007ffa17d54000 	C:\WINDOWS\SYSTEM32\IPHLPAPI.DLL
0x00007ffa1be60000 - 0x00007ffa1be6a000 	C:\WINDOWS\System32\NSI.dll
0x00007ff9f97e0000 - 0x00007ff9f97e9000 	C:\Program Files\Android\Android Studio1\jbr\bin\extnet.dll
0x00007ff9f42e0000 - 0x00007ff9f42e8000 	C:\WINDOWS\system32\wshunix.dll

JVMTI agents: none

dbghelp: loaded successfully - version: 4.0.5 - missing functions: none
symbol engine: initialized successfully - sym options: 0x614 - pdb path: .;C:\Program Files\Android\Android Studio1\jbr\bin;C:\WINDOWS\SYSTEM32;C:\WINDOWS\WinSxS\amd64_microsoft.windows.common-controls_6595b64144ccf1df_6.0.26100.7309_none_3e05feeae336a044;C:\Program Files\Android\Android Studio1\jbr\bin\server;C:\Users\91723\.gradle\native\c067742578af261105cb4f569cf0c3c89f3d7b1fecec35dd04571415982c5e48\windows-amd64

VM Arguments:
jvm_args: -Dorg.gradle.appname=gradlew 
java_command: org.gradle.wrapper.GradleWrapperMain -q -Ptarget-platform=android-arm,android-arm64,android-x64 -Ptarget=lib\main.dart -Pbase-application-name=android.app.Application -Pdart-defines=RkxVVFRFUl9WRVJTSU9OPTMuMzIuNg==,RkxVVFRFUl9DSEFOTkVMPXN0YWJsZQ==,RkxVVFRFUl9HSVRfVVJMPWh0dHBzOi8vZ2l0aHViLmNvbS9mbHV0dGVyL2ZsdXR0ZXIuZ2l0,RkxVVFRFUl9GUkFNRVdPUktfUkVWSVNJT049MDc3YjRhNGNlMQ==,RkxVVFRFUl9FTkdJTkVfUkVWSVNJT049NzJmMmIxOGJiMA==,RkxVVFRFUl9EQVJUX1ZFUlNJT049My44LjE= -Pdart-obfuscation=false -Ptrack-widget-creation=true -Ptree-shake-icons=true bundleRelease
java_class_path (initial): C:\lifemap\android\\gradle\wrapper\gradle-wrapper.jar
Launcher Type: SUN_STANDARD

[Global flags]
     intx CICompilerCount                          = 4                                         {product} {ergonomic}
     uint ConcGCThreads                            = 2                                         {product} {ergonomic}
     uint G1ConcRefinementThreads                  = 8                                         {product} {ergonomic}
   size_t G1HeapRegionSize                         = 1048576                                   {product} {ergonomic}
    uintx GCDrainStackTargetSize                   = 64                                        {product} {ergonomic}
   size_t InitialHeapSize                          = 134217728                                 {product} {ergonomic}
   size_t MarkStackSize                            = 4194304                                   {product} {ergonomic}
   size_t MaxHeapSize                              = 2120220672                                {product} {ergonomic}
   size_t MaxNewSize                               = 1271922688                                {product} {ergonomic}
   size_t MinHeapDeltaBytes                        = 1048576                                   {product} {ergonomic}
   size_t MinHeapSize                              = 8388608                                   {product} {ergonomic}
    uintx NonNMethodCodeHeapSize                   = 5839372                                {pd product} {ergonomic}
    uintx NonProfiledCodeHeapSize                  = 122909434                              {pd product} {ergonomic}
    uintx ProfiledCodeHeapSize                     = 122909434                              {pd product} {ergonomic}
    uintx ReservedCodeCacheSize                    = 251658240                              {pd product} {ergonomic}
     bool SegmentedCodeCache                       = true                                      {product} {ergonomic}
   size_t SoftMaxHeapSize                          = 2120220672                             {manageable} {ergonomic}
     bool UseCompressedOops                        = true                           {product lp64_product} {ergonomic}
     bool UseG1GC                                  = true                                      {product} {ergonomic}
     bool UseLargePagesIndividualAllocation        = false                                  {pd product} {ergonomic}

Logging:
Log output configuration:
 #0: stdout all=warning uptime,level,tags foldmultilines=false
 #1: stderr all=off uptime,level,tags foldmultilines=false

Environment Variables:
JAVA_HOME=C:\Program Files\Android\Android Studio1\jbr
CLASSPATH=C:\lifemap\android\\gradle\wrapper\gradle-wrapper.jar
PATH=C:\Program Files\Android\Android Studio1\jbr\bin;C:\Python313\Scripts\;C:\Python313\;C:\Program Files\Common Files\Oracle\Java\javapath;C:\Program Files (x86)\Intel\iCLS Client\;C:\Program Files\Intel\iCLS Client\;C:\windows\system32;C:\windows;C:\windows\System32\Wbem;C:\windows\System32\WindowsPowerShell\v1.0\;C:\Program Files (x86)\NVIDIA Corporation\PhysX\Common;C:\Program Files\Intel\WiFi\bin\;C:\Program Files\Common Files\Intel\WirelessCommon\;C:\Program Files (x86)\Intel\Intel(R) Management Engine Components\DAL;C:\Program Files\Intel\Intel(R) Management Engine Components\DAL;C:\Program Files (x86)\Intel\Intel(R) Management Engine Components\IPT;C:\Program Files\Intel\Intel(R) Management Engine Components\IPT;C:\WINDOWS\system32;C:\WINDOWS;C:\WINDOWS\System32\Wbem;C:\WINDOWS\System32\WindowsPowerShell\v1.0\;C:\WINDOWS\System32\OpenSSH\;C:\flutter\flutter_windows_3.22.1-stable\flutter\bin;C:\Program Files\Git\cmd;C:\flutter\bin;C:\Program Files\Java\jdk-24\bin;C:\flutter_windows_3.32.6-stable\flutter\bin;C:\Program Files\nodejs\;C:\ProgramData\chocolatey\bin;C:\Program Files\nodejs;C:\Program Files (x86)\Google\Cloud SDK\google-cloud-sdk\bin;C:\Program Files\OpenSSL-Win64\bin;;C:\Program Files\Docker\Docker\resources\bin;C:\Users\91723\AppData\Local\Microsoft\WindowsApps;C:\Users\91723\AppData\Local\Programs\Microsoft VS Code\bin;C:\Users\91723\AppData\Roaming\npm;C:\Users\91723\AppData\Local\Programs\Antigravity\bin;C:\flutter_windows_3.32.6-stable\flutter\bin\mingit\cmd
USERNAME=91723
OS=Windows_NT
PROCESSOR_IDENTIFIER=Intel64 Family 6 Model 142 Stepping 10, GenuineIntel
TMP=C:\Users\91723\AppData\Local\Temp
TEMP=C:\Users\91723\AppData\Local\Temp




Periodic native trim disabled

JNI global refs:
JNI global refs: 19, weak refs: 0

JNI global refs memory usage: 835, weak refs: 201

Process memory usage:
Resident Set Size: 118000K (1% of 8277212K total physical memory with 641644K free physical memory)

OOME stack traces (most recent first):
Classloader memory used:
Loader bootstrap                                                                       : 14639K
Loader org.gradle.internal.classloader.VisitableURLClassLoader                         : 5396K
Loader java.net.URLClassLoader                                                         : 230K
Loader jdk.internal.loader.ClassLoaders$AppClassLoader                                 : 149K
Loader jdk.internal.loader.ClassLoaders$PlatformClassLoader                            : 136K

Classes loaded by more than one classloader:
Class org.gradle.internal.classloader.ClassLoaderHierarchy                            : loaded 2 times (x 70B)
Class org.gradle.cli.AbstractPropertiesCommandLineConverter                           : loaded 2 times (x 83B)
Class org.gradle.api.internal.classpath.ManifestUtil                                  : loaded 2 times (x 71B)
Class org.gradle.cli.CommandLineParser                                                : loaded 2 times (x 79B)
Class org.gradle.internal.classloader.ClassLoaderVisitor                              : loaded 2 times (x 76B)
Class org.gradle.api.internal.classpath.EffectiveClassPath                            : loaded 2 times (x 90B)
Class org.gradle.internal.service.UnknownServiceException                             : loaded 2 times (x 83B)
Class org.gradle.cli.SystemPropertiesCommandLineConverter                             : loaded 2 times (x 83B)
Class org.gradle.cli.CommandLineArgumentException                                     : loaded 2 times (x 82B)
Class org.gradle.cli.CommandLineParser$KnownOptionParserState                         : loaded 2 times (x 76B)
Class org.gradle.internal.InternalTransformer                                         : loaded 2 times (x 70B)
Class org.gradle.internal.classloader.ClasspathUtil$1                                 : loaded 2 times (x 76B)
Class org.gradle.api.internal.classpath.DefaultModuleRegistry$DefaultModule           : loaded 2 times (x 86B)
Class org.gradle.api.internal.classpath.Module                                        : loaded 2 times (x 70B)
Class org.gradle.api.internal.classpath.UnknownModuleException                        : loaded 2 times (x 82B)
Class org.gradle.internal.classpath.DefaultClassPath$ImmutableUniqueList              : loaded 2 times (x 199B)
Class org.gradle.cli.CommandLineParser$OptionAwareParserState                         : loaded 2 times (x 77B)
Class org.gradle.cli.ParsedCommandLine                                                : loaded 2 times (x 80B)
Class org.gradle.internal.classpath.ClassPath                                         : loaded 2 times (x 70B)
Class org.gradle.cli.CommandLineParser$UnknownOptionParserState                       : loaded 2 times (x 76B)
Class org.gradle.cli.ParsedCommandLineOption                                          : loaded 2 times (x 76B)
Class org.gradle.api.UncheckedIOException                                             : loaded 2 times (x 82B)
Class org.gradle.cli.CommandLineParser$AfterFirstSubCommand                           : loaded 2 times (x 77B)
Class org.gradle.api.internal.classpath.ModuleRegistry                                : loaded 2 times (x 70B)
Class org.gradle.internal.installation.GradleInstallation$1                           : loaded 2 times (x 75B)
Class org.gradle.api.internal.classpath.DefaultModuleRegistry                         : loaded 2 times (x 83B)
Class org.gradle.cli.CommandLineOption                                                : loaded 2 times (x 86B)
Class org.gradle.cli.CommandLineParser$BeforeFirstSubCommand                          : loaded 2 times (x 77B)
Class org.gradle.internal.service.ServiceLookupException                              : loaded 2 times (x 82B)
Class org.gradle.cli.CommandLineParser$OptionParserState                              : loaded 2 times (x 75B)
Class org.gradle.internal.classloader.ClasspathUtil                                   : loaded 2 times (x 71B)
Class org.gradle.api.specs.Spec                                                       : loaded 2 times (x 70B)
Class org.gradle.internal.classpath.DefaultClassPath                                  : loaded 2 times (x 90B)
Class org.gradle.internal.classloader.ClassLoaderSpec                                 : loaded 2 times (x 71B)
Class org.gradle.internal.Cast                                                        : loaded 2 times (x 71B)
Class org.gradle.api.Action                                                           : loaded 2 times (x 70B)
Class org.gradle.internal.classpath.DefaultClassPath$ImmutableUniqueList$Builder      : loaded 2 times (x 75B)
Class org.gradle.cli.AbstractCommandLineConverter                                     : loaded 2 times (x 79B)
Class org.gradle.api.GradleException                                                  : loaded 2 times (x 82B)
Class org.gradle.internal.IoActions                                                   : loaded 2 times (x 71B)
Class org.gradle.internal.classloader.SystemClassLoaderSpec                           : loaded 2 times (x 71B)
Class org.gradle.cli.CommandLineConverter                                             : loaded 2 times (x 70B)
Class org.gradle.cli.CommandLineParser$MissingOptionArgState                          : loaded 2 times (x 77B)
Class org.gradle.cli.CommandLineParser$ParserState                                    : loaded 2 times (x 76B)
Class org.gradle.cli.CommandLineParser$OptionString                                   : loaded 2 times (x 73B)
Class org.gradle.internal.installation.CurrentGradleInstallationLocator               : loaded 2 times (x 71B)
Class org.gradle.internal.installation.CurrentGradleInstallation                      : loaded 2 times (x 73B)
Class org.gradle.util.internal.GUtil                                                  : loaded 2 times (x 71B)
Class org.gradle.cli.CommandLineParser$AfterOptions                                   : loaded 2 times (x 77B)
Class org.gradle.internal.installation.GradleInstallation                             : loaded 2 times (x 75B)

---------------  S Y S T E M  ---------------

OS:
 Windows 11 , 64 bit Build 26100 (10.0.26100.7309)
OS uptime: 0 days 8:29 hours
Hyper-V role detected

CPU: total 8 (initial active 8) (4 cores per cpu, 2 threads per core) family 6 model 142 stepping 10 microcode 0xe0, cx8, cmov, fxsr, ht, mmx, 3dnowpref, sse, sse2, sse3, ssse3, sse4.1, sse4.2, popcnt, lzcnt, tsc, tscinvbit, avx, avx2, aes, erms, clmul, bmi1, bmi2, adx, fma, vzeroupper, clflush, clflushopt, hv, rdtscp, f16c
Processor Information for the first 8 processors :
  Max Mhz: 1800, Current Mhz: 1600, Mhz Limit: 1584

Memory: 4k page, system-wide physical 8083M (626M free)
TotalPageFile size 20974M (AvailPageFile size 146M)
current process WorkingSet (physical memory assigned to process): 115M, peak: 126M
current process commit charge ("private bytes"): 233M, peak: 245M

vm_info: OpenJDK 64-Bit Server VM (21.0.8+-14196175-b1038.72) for windows-amd64 JRE (21.0.8+-14196175-b1038.72), built on 2025-10-01T10:24:33Z by "builder" with MS VC++ 16.10 / 16.11 (VS2019)

END.
