#
# There is insufficient memory for the Java Runtime Environment to continue.
# Native memory allocation (malloc) failed to allocate 2548496 bytes. Error detail: Chunk::new
# Possible reasons:
#   The system is out of physical RAM or swap space
#   This process is running with CompressedOops enabled, and the Java Heap may be blocking the growth of the native heap
# Possible solutions:
#   Reduce memory load on the system
#   Increase physical memory or swap space
#   Check if swap backing store is full
#   Decrease Java heap size (-Xmx/-Xms)
#   Decrease number of Java threads
#   Decrease Java thread stack sizes (-Xss)
#   Set larger code cache with -XX:ReservedCodeCacheSize=
#   JVM is running with Zero Based Compressed Oops mode in which the Java heap is
#     placed in the first 32GB address space. The Java Heap base address is the
#     maximum limit for the native heap growth. Please use -XX:HeapBaseMinAddress
#     to set the Java Heap base and to place the Java Heap above 32GB virtual address.
# This output file may be truncated or incomplete.
#
#  Out of Memory Error (arena.cpp:168), pid=13912, tid=11644
#
# JRE version: OpenJDK Runtime Environment (21.0.8) (build 21.0.8+-14196175-b1038.72)
# Java VM: OpenJDK 64-Bit Server VM (21.0.8+-14196175-b1038.72, mixed mode, tiered, compressed oops, compressed class ptrs, g1 gc, windows-amd64)
# No core dump will be written. Minidumps are not enabled by default on client versions of Windows
#

---------------  S U M M A R Y ------------

Command Line: -XX:MaxMetaspaceSize=1024m -XX:ReservedCodeCacheSize=256m -XX:+HeapDumpOnOutOfMemoryError --add-opens=java.base/java.util=ALL-UNNAMED --add-opens=java.base/java.lang=ALL-UNNAMED --add-opens=java.base/java.lang.invoke=ALL-UNNAMED --add-opens=java.prefs/java.util.prefs=ALL-UNNAMED --add-exports=jdk.compiler/com.sun.tools.javac.api=ALL-UNNAMED --add-exports=jdk.compiler/com.sun.tools.javac.util=ALL-UNNAMED --add-opens=java.base/java.nio.charset=ALL-UNNAMED --add-opens=java.base/java.net=ALL-UNNAMED --add-opens=java.base/java.util.concurrent.atomic=ALL-UNNAMED -Xmx4096m -Dfile.encoding=UTF-8 -Duser.country=IN -Duser.language=en -Duser.variant -javaagent:C:\Users\91723\.gradle\wrapper\dists\gradle-8.9-bin\90cnw93cvbtalezasaz0blq0a\gradle-8.9\lib\agents\gradle-instrumentation-agent-8.9.jar org.gradle.launcher.daemon.bootstrap.GradleDaemon 8.9

Host: Intel(R) Core(TM) i5-8250U CPU @ 1.60GHz, 8 cores, 7G,  Windows 11 , 64 bit Build 26100 (10.0.26100.7309)
Time: Sun Dec  7 02:54:03 2025 India Standard Time elapsed time: 11.242174 seconds (0d 0h 0m 11s)

---------------  T H R E A D  ---------------

Current thread (0x0000016bc63e8cc0):  JavaThread "C2 CompilerThread0" daemon [_thread_in_native, id=11644, stack(0x0000006a8ff00000,0x0000006a90000000) (1024K)]


Current CompileTask:
C2:11242 4704       4       org.objectweb.asm.ClassReader::readCode (5117 bytes)

Stack: [0x0000006a8ff00000,0x0000006a90000000]
Native frames: (J=compiled Java code, j=interpreted, Vv=VM code, C=native code)
V  [jvm.dll+0x6d68d9]
V  [jvm.dll+0x866693]
V  [jvm.dll+0x868c4e]
V  [jvm.dll+0x869333]
V  [jvm.dll+0x280566]
V  [jvm.dll+0xc07cd]
V  [jvm.dll+0xc0d03]
V  [jvm.dll+0x3b961b]
V  [jvm.dll+0x1dfd12]
V  [jvm.dll+0x2493a4]
V  [jvm.dll+0x248821]
V  [jvm.dll+0x1c73a4]
V  [jvm.dll+0x257f9e]
V  [jvm.dll+0x2564e6]
V  [jvm.dll+0x3f4696]
V  [jvm.dll+0x80eac8]
V  [jvm.dll+0x6d512d]
C  [ucrtbase.dll+0x37b0]
C  [KERNEL32.DLL+0x2e8d7]
C  [ntdll.dll+0x8c53c]


---------------  P R O C E S S  ---------------

Threads class SMR info:
_java_thread_list=0x0000016bceb7cc70, length=33, elements={
0x0000016bab351940, 0x0000016bc63ad420, 0x0000016bc63aff50, 0x0000016bc63b1520,
0x0000016bc63ce620, 0x0000016bc63d83e0, 0x0000016bc63da9c0, 0x0000016bc63e43a0,
0x0000016bc63e8cc0, 0x0000016bc63ecc00, 0x0000016bc6726580, 0x0000016bcc1c71e0,
0x0000016bcba4b4c0, 0x0000016bcbf99280, 0x0000016bcc057e80, 0x0000016bcc153470,
0x0000016bcc380620, 0x0000016bcc16e710, 0x0000016bcc171e90, 0x0000016bcc170450,
0x0000016bcc171170, 0x0000016bcc172520, 0x0000016bcc172bb0, 0x0000016bcc16fdc0,
0x0000016bcc170ae0, 0x0000016bcc171800, 0x0000016bce0e6ad0, 0x0000016bce0e5db0,
0x0000016bce0e4370, 0x0000016bce0e7160, 0x0000016bce0e5720, 0x0000016bce0e6440,
0x0000016bc63eb0c0
}

Java Threads: ( => current thread )
  0x0000016bab351940 JavaThread "main"                              [_thread_blocked, id=4920, stack(0x0000006a8f000000,0x0000006a8f100000) (1024K)]
  0x0000016bc63ad420 JavaThread "Common-Cleaner"             daemon [_thread_blocked, id=10872, stack(0x0000006a8f800000,0x0000006a8f900000) (1024K)]
  0x0000016bc63aff50 JavaThread "Reference Handler"          daemon [_thread_blocked, id=14060, stack(0x0000006a8f900000,0x0000006a8fa00000) (1024K)]
  0x0000016bc63b1520 JavaThread "Finalizer"                  daemon [_thread_blocked, id=3688, stack(0x0000006a8fa00000,0x0000006a8fb00000) (1024K)]
  0x0000016bc63ce620 JavaThread "Signal Dispatcher"          daemon [_thread_blocked, id=17916, stack(0x0000006a8fb00000,0x0000006a8fc00000) (1024K)]
  0x0000016bc63d83e0 JavaThread "Attach Listener"            daemon [_thread_blocked, id=10772, stack(0x0000006a8fc00000,0x0000006a8fd00000) (1024K)]
  0x0000016bc63da9c0 JavaThread "Service Thread"             daemon [_thread_blocked, id=5568, stack(0x0000006a8fd00000,0x0000006a8fe00000) (1024K)]
  0x0000016bc63e43a0 JavaThread "Monitor Deflation Thread"   daemon [_thread_blocked, id=7736, stack(0x0000006a8fe00000,0x0000006a8ff00000) (1024K)]
=>0x0000016bc63e8cc0 JavaThread "C2 CompilerThread0"         daemon [_thread_in_native, id=11644, stack(0x0000006a8ff00000,0x0000006a90000000) (1024K)]
  0x0000016bc63ecc00 JavaThread "C1 CompilerThread0"         daemon [_thread_blocked, id=2024, stack(0x0000006a90000000,0x0000006a90100000) (1024K)]
  0x0000016bc6726580 JavaThread "Notification Thread"        daemon [_thread_blocked, id=15512, stack(0x0000006a90100000,0x0000006a90200000) (1024K)]
  0x0000016bcc1c71e0 JavaThread "Daemon health stats"               [_thread_blocked, id=20080, stack(0x0000006a90700000,0x0000006a90800000) (1024K)]
  0x0000016bcba4b4c0 JavaThread "Incoming local TCP Connector on port 63306"        [_thread_in_native, id=14792, stack(0x0000006a90800000,0x0000006a90900000) (1024K)]
  0x0000016bcbf99280 JavaThread "Daemon periodic checks"            [_thread_blocked, id=9316, stack(0x0000006a90c00000,0x0000006a90d00000) (1024K)]
  0x0000016bcc057e80 JavaThread "Daemon"                            [_thread_blocked, id=19912, stack(0x0000006a90d00000,0x0000006a90e00000) (1024K)]
  0x0000016bcc153470 JavaThread "Handler for socket connection from /127.0.0.1:63306 to /127.0.0.1:63307"        [_thread_in_native, id=2704, stack(0x0000006a90e00000,0x0000006a90f00000) (1024K)]
  0x0000016bcc380620 JavaThread "Cancel handler"                    [_thread_blocked, id=16356, stack(0x0000006a90f00000,0x0000006a91000000) (1024K)]
  0x0000016bcc16e710 JavaThread "Daemon worker"                     [_thread_in_native, id=1608, stack(0x0000006a91000000,0x0000006a91100000) (1024K)]
  0x0000016bcc171e90 JavaThread "Asynchronous log dispatcher for DefaultDaemonConnection: socket connection from /127.0.0.1:63306 to /127.0.0.1:63307"        [_thread_blocked, id=576, stack(0x0000006a91100000,0x0000006a91200000) (1024K)]
  0x0000016bcc170450 JavaThread "Stdin handler"                     [_thread_blocked, id=8756, stack(0x0000006a91200000,0x0000006a91300000) (1024K)]
  0x0000016bcc171170 JavaThread "Daemon client event forwarder"        [_thread_blocked, id=17876, stack(0x0000006a91300000,0x0000006a91400000) (1024K)]
  0x0000016bcc172520 JavaThread "Cache worker for journal cache (C:\Users\91723\.gradle\caches\journal-1)"        [_thread_blocked, id=2720, stack(0x0000006a91500000,0x0000006a91600000) (1024K)]
  0x0000016bcc172bb0 JavaThread "File lock request listener"        [_thread_in_native, id=2904, stack(0x0000006a91600000,0x0000006a91700000) (1024K)]
  0x0000016bcc16fdc0 JavaThread "Cache worker for file hash cache (C:\Users\91723\.gradle\caches\8.9\fileHashes)"        [_thread_blocked, id=18992, stack(0x0000006a91700000,0x0000006a91800000) (1024K)]
  0x0000016bcc170ae0 JavaThread "Cache worker for file hash cache (C:\lifemap\android\.gradle\8.9\fileHashes)"        [_thread_blocked, id=12600, stack(0x0000006a91800000,0x0000006a91900000) (1024K)]
  0x0000016bcc171800 JavaThread "Cache worker for Build Output Cleanup Cache (C:\lifemap\android\.gradle\buildOutputCleanup)"        [_thread_blocked, id=14516, stack(0x0000006a91900000,0x0000006a91a00000) (1024K)]
  0x0000016bce0e6ad0 JavaThread "File watcher server"        daemon [_thread_in_native, id=9892, stack(0x0000006a91a00000,0x0000006a91b00000) (1024K)]
  0x0000016bce0e5db0 JavaThread "File watcher consumer"      daemon [_thread_blocked, id=2824, stack(0x0000006a91b00000,0x0000006a91c00000) (1024K)]
  0x0000016bce0e4370 JavaThread "Cache worker for checksums cache (C:\lifemap\android\.gradle\8.9\checksums)"        [_thread_blocked, id=14900, stack(0x0000006a91c00000,0x0000006a91d00000) (1024K)]
  0x0000016bce0e7160 JavaThread "Cache worker for file content cache (C:\Users\91723\.gradle\caches\8.9\fileContent)"        [_thread_blocked, id=15004, stack(0x0000006a91d00000,0x0000006a91e00000) (1024K)]
  0x0000016bce0e5720 JavaThread "Cache worker for cache directory md-rule (C:\Users\91723\.gradle\caches\8.9\md-rule)"        [_thread_blocked, id=17880, stack(0x0000006a91e00000,0x0000006a91f00000) (1024K)]
  0x0000016bce0e6440 JavaThread "Cache worker for cache directory md-supplier (C:\Users\91723\.gradle\caches\8.9\md-supplier)"        [_thread_blocked, id=2564, stack(0x0000006a91f00000,0x0000006a92000000) (1024K)]
  0x0000016bc63eb0c0 JavaThread "C2 CompilerThread1"         daemon [_thread_in_native, id=4484, stack(0x0000006a90200000,0x0000006a90300000) (1024K)]
Total: 33

Other Threads:
  0x0000016bc620dea0 VMThread "VM Thread"                           [id=13524, stack(0x0000006a8f700000,0x0000006a8f800000) (1024K)]
  0x0000016bc61ac5c0 WatcherThread "VM Periodic Task Thread"        [id=13156, stack(0x0000006a8f600000,0x0000006a8f700000) (1024K)]
  0x0000016bab3ba8c0 WorkerThread "GC Thread#0"                     [id=21428, stack(0x0000006a8f100000,0x0000006a8f200000) (1024K)]
  0x0000016bc6c06b20 WorkerThread "GC Thread#1"                     [id=344, stack(0x0000006a90300000,0x0000006a90400000) (1024K)]
  0x0000016bc69ae880 WorkerThread "GC Thread#2"                     [id=6952, stack(0x0000006a90400000,0x0000006a90500000) (1024K)]
  0x0000016bc6dda820 WorkerThread "GC Thread#3"                     [id=5096, stack(0x0000006a90500000,0x0000006a90600000) (1024K)]
  0x0000016bcb436d90 WorkerThread "GC Thread#4"                     [id=6524, stack(0x0000006a90600000,0x0000006a90700000) (1024K)]
  0x0000016bcc3ef250 WorkerThread "GC Thread#5"                     [id=9756, stack(0x0000006a90900000,0x0000006a90a00000) (1024K)]
  0x0000016bcb7488b0 WorkerThread "GC Thread#6"                     [id=13892, stack(0x0000006a90a00000,0x0000006a90b00000) (1024K)]
  0x0000016bcb748c50 WorkerThread "GC Thread#7"                     [id=11336, stack(0x0000006a90b00000,0x0000006a90c00000) (1024K)]
  0x0000016bab3cc5f0 ConcurrentGCThread "G1 Main Marker"            [id=1836, stack(0x0000006a8f200000,0x0000006a8f300000) (1024K)]
  0x0000016bab3cffd0 WorkerThread "G1 Conc#0"                       [id=9524, stack(0x0000006a8f300000,0x0000006a8f400000) (1024K)]
  0x0000016bcc3850e0 WorkerThread "G1 Conc#1"                       [id=21120, stack(0x0000006a91400000,0x0000006a91500000) (1024K)]
  0x0000016bc607e500 ConcurrentGCThread "G1 Refine#0"               [id=20228, stack(0x0000006a8f400000,0x0000006a8f500000) (1024K)]
  0x0000016bc607ee80 ConcurrentGCThread "G1 Service"                [id=10540, stack(0x0000006a8f500000,0x0000006a8f600000) (1024K)]
Total: 15

Threads with active compile tasks:
C2 CompilerThread0  11284 4704       4       org.objectweb.asm.ClassReader::readCode (5117 bytes)
C2 CompilerThread1  11284 4812       4       org.objectweb.asm.MethodVisitor::visitLocalVariable (24 bytes)
Total: 2

VM state: not at safepoint (normal execution)

VM Mutex/Monitor currently owned by a thread: None

Heap address: 0x0000000700000000, size: 4096 MB, Compressed Oops mode: Zero based, Oop shift amount: 3

CDS archive(s) not mapped
Compressed class space mapped at: 0x0000000800000000-0x0000000834000000, reserved size: 872415232
Narrow klass base: 0x0000000800000000, Narrow klass shift: 0, Narrow klass range: 0x34000000

GC Precious Log:
 CardTable entry size: 512
 Card Set container configuration: InlinePtr #cards 4 size 8 Array Of Cards #cards 16 size 48 Howl #buckets 8 coarsen threshold 3686 Howl Bitmap #cards 512 size 80 coarsen threshold 460 Card regions per heap region 1 cards per card region 4096
 CPUs: 8 total, 8 available
 Memory: 8083M
 Large Page Support: Disabled
 NUMA Support: Disabled
 Compressed Oops: Enabled (Zero based)
 Heap Region Size: 2M
 Heap Min Capacity: 8M
 Heap Initial Capacity: 128M
 Heap Max Capacity: 4G
 Pre-touch: Disabled
 Parallel Workers: 8
 Concurrent Workers: 2
 Concurrent Refinement Workers: 8
 Periodic GC: Disabled

Heap:
 garbage-first heap   total 92160K, used 75278K [0x0000000700000000, 0x0000000800000000)
  region size 2048K, 22 young (45056K), 1 survivors (2048K)
 Metaspace       used 47699K, committed 48896K, reserved 917504K
  class space    used 6514K, committed 7104K, reserved 851968K

Heap Regions: E=young(eden), S=young(survivor), O=old, HS=humongous(starts), HC=humongous(continues), CS=collection set, F=free, TAMS=top-at-mark-start, PB=parsable bottom
|   0|0x0000000700000000, 0x0000000700200000, 0x0000000700200000|100%| O|  |TAMS 0x0000000700000000| PB 0x0000000700000000| Untracked 
|   1|0x0000000700200000, 0x0000000700400000, 0x0000000700400000|100%|HS|  |TAMS 0x0000000700200000| PB 0x0000000700200000| Complete 
|   2|0x0000000700400000, 0x0000000700600000, 0x0000000700600000|100%|HC|  |TAMS 0x0000000700400000| PB 0x0000000700400000| Complete 
|   3|0x0000000700600000, 0x0000000700800000, 0x0000000700800000|100%| O|  |TAMS 0x0000000700600000| PB 0x0000000700600000| Untracked 
|   4|0x0000000700800000, 0x0000000700a00000, 0x0000000700a00000|100%| O|  |TAMS 0x0000000700800000| PB 0x0000000700800000| Untracked 
|   5|0x0000000700a00000, 0x0000000700c00000, 0x0000000700c00000|100%| O|  |TAMS 0x0000000700a00000| PB 0x0000000700a00000| Untracked 
|   6|0x0000000700c00000, 0x0000000700e00000, 0x0000000700e00000|100%| O|  |TAMS 0x0000000700c00000| PB 0x0000000700c00000| Untracked 
|   7|0x0000000700e00000, 0x0000000701000000, 0x0000000701000000|100%| O|  |TAMS 0x0000000700e00000| PB 0x0000000700e00000| Untracked 
|   8|0x0000000701000000, 0x0000000701200000, 0x0000000701200000|100%| O|  |TAMS 0x0000000701000000| PB 0x0000000701000000| Untracked 
|   9|0x0000000701200000, 0x0000000701400000, 0x0000000701400000|100%| O|  |TAMS 0x0000000701200000| PB 0x0000000701200000| Untracked 
|  10|0x0000000701400000, 0x0000000701600000, 0x0000000701600000|100%| O|  |TAMS 0x0000000701400000| PB 0x0000000701400000| Untracked 
|  11|0x0000000701600000, 0x0000000701800000, 0x0000000701800000|100%| O|  |TAMS 0x0000000701600000| PB 0x0000000701600000| Untracked 
|  12|0x0000000701800000, 0x0000000701a00000, 0x0000000701a00000|100%| O|  |TAMS 0x0000000701800000| PB 0x0000000701800000| Untracked 
|  13|0x0000000701a00000, 0x0000000701c00000, 0x0000000701c00000|100%| O|  |TAMS 0x0000000701a00000| PB 0x0000000701a00000| Untracked 
|  14|0x0000000701c00000, 0x0000000701e00000, 0x0000000701e00000|100%| O|  |TAMS 0x0000000701c00000| PB 0x0000000701c00000| Untracked 
|  15|0x0000000701e00000, 0x0000000701f83be0, 0x0000000702000000| 75%| O|  |TAMS 0x0000000701e00000| PB 0x0000000701e00000| Untracked 
|  16|0x0000000702000000, 0x0000000702000000, 0x0000000702200000|  0%| F|  |TAMS 0x0000000702000000| PB 0x0000000702000000| Untracked 
|  17|0x0000000702200000, 0x0000000702200000, 0x0000000702400000|  0%| F|  |TAMS 0x0000000702200000| PB 0x0000000702200000| Untracked 
|  18|0x0000000702400000, 0x0000000702400000, 0x0000000702600000|  0%| F|  |TAMS 0x0000000702400000| PB 0x0000000702400000| Untracked 
|  19|0x0000000702600000, 0x0000000702600000, 0x0000000702800000|  0%| F|  |TAMS 0x0000000702600000| PB 0x0000000702600000| Untracked 
|  20|0x0000000702800000, 0x0000000702800000, 0x0000000702a00000|  0%| F|  |TAMS 0x0000000702800000| PB 0x0000000702800000| Untracked 
|  21|0x0000000702a00000, 0x0000000702c00000, 0x0000000702c00000|100%| S|CS|TAMS 0x0000000702a00000| PB 0x0000000702a00000| Complete 
|  22|0x0000000702c00000, 0x0000000702c00000, 0x0000000702e00000|  0%| F|  |TAMS 0x0000000702c00000| PB 0x0000000702c00000| Untracked 
|  23|0x0000000702e00000, 0x0000000702e00000, 0x0000000703000000|  0%| F|  |TAMS 0x0000000702e00000| PB 0x0000000702e00000| Untracked 
|  24|0x0000000703000000, 0x00000007030e31d8, 0x0000000703200000| 44%| E|  |TAMS 0x0000000703000000| PB 0x0000000703000000| Complete 
|  25|0x0000000703200000, 0x0000000703400000, 0x0000000703400000|100%| E|CS|TAMS 0x0000000703200000| PB 0x0000000703200000| Complete 
|  26|0x0000000703400000, 0x0000000703600000, 0x0000000703600000|100%| E|CS|TAMS 0x0000000703400000| PB 0x0000000703400000| Complete 
|  27|0x0000000703600000, 0x0000000703800000, 0x0000000703800000|100%| E|CS|TAMS 0x0000000703600000| PB 0x0000000703600000| Complete 
|  28|0x0000000703800000, 0x0000000703a00000, 0x0000000703a00000|100%| E|CS|TAMS 0x0000000703800000| PB 0x0000000703800000| Complete 
|  29|0x0000000703a00000, 0x0000000703c00000, 0x0000000703c00000|100%| E|CS|TAMS 0x0000000703a00000| PB 0x0000000703a00000| Complete 
|  30|0x0000000703c00000, 0x0000000703e00000, 0x0000000703e00000|100%| E|CS|TAMS 0x0000000703c00000| PB 0x0000000703c00000| Complete 
|  31|0x0000000703e00000, 0x0000000704000000, 0x0000000704000000|100%| E|CS|TAMS 0x0000000703e00000| PB 0x0000000703e00000| Complete 
|  32|0x0000000704000000, 0x0000000704200000, 0x0000000704200000|100%| E|CS|TAMS 0x0000000704000000| PB 0x0000000704000000| Complete 
|  33|0x0000000704200000, 0x0000000704400000, 0x0000000704400000|100%| E|CS|TAMS 0x0000000704200000| PB 0x0000000704200000| Complete 
|  34|0x0000000704400000, 0x0000000704600000, 0x0000000704600000|100%| E|CS|TAMS 0x0000000704400000| PB 0x0000000704400000| Complete 
|  35|0x0000000704600000, 0x0000000704800000, 0x0000000704800000|100%| E|CS|TAMS 0x0000000704600000| PB 0x0000000704600000| Complete 
|  36|0x0000000704800000, 0x0000000704a00000, 0x0000000704a00000|100%| E|CS|TAMS 0x0000000704800000| PB 0x0000000704800000| Complete 
|  37|0x0000000704a00000, 0x0000000704c00000, 0x0000000704c00000|100%| E|CS|TAMS 0x0000000704a00000| PB 0x0000000704a00000| Complete 
|  38|0x0000000704c00000, 0x0000000704e00000, 0x0000000704e00000|100%| E|CS|TAMS 0x0000000704c00000| PB 0x0000000704c00000| Complete 
|  39|0x0000000704e00000, 0x0000000705000000, 0x0000000705000000|100%| E|CS|TAMS 0x0000000704e00000| PB 0x0000000704e00000| Complete 
|  40|0x0000000705000000, 0x0000000705200000, 0x0000000705200000|100%| E|CS|TAMS 0x0000000705000000| PB 0x0000000705000000| Complete 
|  41|0x0000000705200000, 0x0000000705400000, 0x0000000705400000|100%| E|CS|TAMS 0x0000000705200000| PB 0x0000000705200000| Complete 
|  42|0x0000000705400000, 0x0000000705600000, 0x0000000705600000|100%| E|CS|TAMS 0x0000000705400000| PB 0x0000000705400000| Complete 
|  56|0x0000000707000000, 0x0000000707200000, 0x0000000707200000|100%| E|CS|TAMS 0x0000000707000000| PB 0x0000000707000000| Complete 
|  63|0x0000000707e00000, 0x0000000708000000, 0x0000000708000000|100%| E|CS|TAMS 0x0000000707e00000| PB 0x0000000707e00000| Complete 

Card table byte_map: [0x0000016bbefd0000,0x0000016bbf7d0000] _byte_map_base: 0x0000016bbb7d0000

Marking Bits: (CMBitMap*) 0x0000016bab3baed0
 Bits: [0x0000016bbf7d0000, 0x0000016bc37d0000)

Polling page: 0x0000016ba9110000

Metaspace:

Usage:
  Non-class:     40.22 MB used.
      Class:      6.36 MB used.
       Both:     46.58 MB used.

Virtual space:
  Non-class space:       64.00 MB reserved,      40.81 MB ( 64%) committed,  1 nodes.
      Class space:      832.00 MB reserved,       6.94 MB ( <1%) committed,  1 nodes.
             Both:      896.00 MB reserved,      47.75 MB (  5%) committed. 

Chunk freelists:
   Non-Class:  6.67 MB
       Class:  9.09 MB
        Both:  15.77 MB

MaxMetaspaceSize: 1.00 GB
CompressedClassSpaceSize: 832.00 MB
Initial GC threshold: 21.00 MB
Current GC threshold: 59.00 MB
CDS: off
 - commit_granule_bytes: 65536.
 - commit_granule_words: 8192.
 - virtual_space_node_default_size: 8388608.
 - enlarge_chunks_in_place: 1.
 - use_allocation_guard: 0.


Internal statistics:

num_allocs_failed_limit: 6.
num_arena_births: 2202.
num_arena_deaths: 0.
num_vsnodes_births: 2.
num_vsnodes_deaths: 0.
num_space_committed: 764.
num_space_uncommitted: 0.
num_chunks_returned_to_freelist: 6.
num_chunks_taken_from_freelist: 3841.
num_chunk_merges: 6.
num_chunk_splits: 2543.
num_chunks_enlarged: 1622.
num_inconsistent_stats: 0.

CodeHeap 'non-profiled nmethods': size=128192Kb used=2448Kb max_used=2448Kb free=125743Kb
 bounds [0x0000016bb6770000, 0x0000016bb69e0000, 0x0000016bbe4a0000]
CodeHeap 'profiled nmethods': size=128192Kb used=9052Kb max_used=9052Kb free=119139Kb
 bounds [0x0000016bae4a0000, 0x0000016baed80000, 0x0000016bb61d0000]
CodeHeap 'non-nmethods': size=5760Kb used=1894Kb max_used=1949Kb free=3865Kb
 bounds [0x0000016bb61d0000, 0x0000016bb6440000, 0x0000016bb6770000]
CodeCache: size=262144Kb, used=13394Kb, max_used=13449Kb, free=248747Kb
 total_blobs=5186, nmethods=4499, adapters=591, full_count=0
Compilation: enabled, stopped_count=0, restarted_count=0

Compilation events (20 events):
Event: 10.174 Thread 0x0000016bc63ecc00 nmethod 4914 0x0000016baed6d590 code [0x0000016baed6d720, 0x0000016baed6d858]
Event: 10.179 Thread 0x0000016bc63ecc00 4915       2       org.objectweb.asm.MethodVisitor::visitAnnotableParameterCount (17 bytes)
Event: 10.179 Thread 0x0000016bc63ecc00 nmethod 4915 0x0000016baed6d990 code [0x0000016baed6db40, 0x0000016baed6dc80]
Event: 10.193 Thread 0x0000016bc63ecc00 4917       2       org.objectweb.asm.SymbolTable::addConstantLongOrDouble (109 bytes)
Event: 10.194 Thread 0x0000016bc63ecc00 nmethod 4917 0x0000016baed6dd10 code [0x0000016baed6df00, 0x0000016baed6e2c0]
Event: 10.194 Thread 0x0000016bc63ecc00 4918       2       org.objectweb.asm.SymbolTable::hash (14 bytes)
Event: 10.194 Thread 0x0000016bc63ecc00 nmethod 4918 0x0000016baed6e590 code [0x0000016baed6e720, 0x0000016baed6e820]
Event: 10.209 Thread 0x0000016bc63ecc00 4920       2       org.objectweb.asm.ClassReader::readLong (29 bytes)
Event: 10.209 Thread 0x0000016bc63ecc00 nmethod 4920 0x0000016baed6e890 code [0x0000016baed6ea40, 0x0000016baed6ebd8]
Event: 10.209 Thread 0x0000016bc63ecc00 4921       3       java.lang.String::replace (42 bytes)
Event: 10.210 Thread 0x0000016bc63ecc00 nmethod 4921 0x0000016baed6ed10 code [0x0000016baed6eee0, 0x0000016baed6f1f8]
Event: 10.219 Thread 0x0000016bc63ecc00 4923       2       org.objectweb.asm.commons.AnnotationRemapper::mapAnnotationAttributeName (22 bytes)
Event: 10.219 Thread 0x0000016bc63ecc00 nmethod 4923 0x0000016baed6f310 code [0x0000016baed6f4c0, 0x0000016baed6f610]
Event: 10.222 Thread 0x0000016bc63ecc00 4924       2       org.objectweb.asm.commons.ClassRemapper::createAnnotationRemapper (26 bytes)
Event: 10.222 Thread 0x0000016bc63ecc00 nmethod 4924 0x0000016baed6f710 code [0x0000016baed6f8e0, 0x0000016baed6fbc8]
Event: 10.222 Thread 0x0000016bc63ecc00 4925       2       org.objectweb.asm.commons.ClassRemapper::createAnnotationRemapper (18 bytes)
Event: 10.223 Thread 0x0000016bc63ecc00 nmethod 4925 0x0000016baed6fd10 code [0x0000016baed6fec0, 0x0000016baed70108]
Event: 10.225 Thread 0x0000016bc63ecc00 4926       2       org.objectweb.asm.commons.MethodRemapper::visitParameterAnnotation (34 bytes)
Event: 10.225 Thread 0x0000016bc63ecc00 nmethod 4926 0x0000016baed70210 code [0x0000016baed70400, 0x0000016baed70690]
Event: 10.225 Thread 0x0000016bc63ecc00 4928       3       org.objectweb.asm.signature.SignatureReader::parseType (411 bytes)

GC Heap History (20 events):
Event: 3.563 GC heap before
{Heap before GC invocations=3 (full 0):
 garbage-first heap   total 131072K, used 32197K [0x0000000700000000, 0x0000000800000000)
  region size 2048K, 11 young (22528K), 4 survivors (8192K)
 Metaspace       used 21202K, committed 21504K, reserved 917504K
  class space    used 2531K, committed 2688K, reserved 851968K
}
Event: 3.571 GC heap after
{Heap after GC invocations=4 (full 0):
 garbage-first heap   total 131072K, used 21316K [0x0000000700000000, 0x0000000800000000)
  region size 2048K, 1 young (2048K), 1 survivors (2048K)
 Metaspace       used 21202K, committed 21504K, reserved 917504K
  class space    used 2531K, committed 2688K, reserved 851968K
}
Event: 5.428 GC heap before
{Heap before GC invocations=5 (full 0):
 garbage-first heap   total 75776K, used 64324K [0x0000000700000000, 0x0000000800000000)
  region size 2048K, 22 young (45056K), 1 survivors (2048K)
 Metaspace       used 28446K, committed 28928K, reserved 917504K
  class space    used 3695K, committed 3904K, reserved 851968K
}
Event: 5.435 GC heap after
{Heap after GC invocations=6 (full 0):
 garbage-first heap   total 75776K, used 23497K [0x0000000700000000, 0x0000000800000000)
  region size 2048K, 2 young (4096K), 2 survivors (4096K)
 Metaspace       used 28446K, committed 28928K, reserved 917504K
  class space    used 3695K, committed 3904K, reserved 851968K
}
Event: 6.620 GC heap before
{Heap before GC invocations=6 (full 0):
 garbage-first heap   total 75776K, used 60361K [0x0000000700000000, 0x0000000800000000)
  region size 2048K, 20 young (40960K), 2 survivors (4096K)
 Metaspace       used 33687K, committed 34432K, reserved 917504K
  class space    used 4604K, committed 4928K, reserved 851968K
}
Event: 6.627 GC heap after
{Heap after GC invocations=7 (full 0):
 garbage-first heap   total 75776K, used 25588K [0x0000000700000000, 0x0000000800000000)
  region size 2048K, 3 young (6144K), 3 survivors (6144K)
 Metaspace       used 33687K, committed 34432K, reserved 917504K
  class space    used 4604K, committed 4928K, reserved 851968K
}
Event: 6.878 GC heap before
{Heap before GC invocations=7 (full 0):
 garbage-first heap   total 75776K, used 37876K [0x0000000700000000, 0x0000000800000000)
  region size 2048K, 10 young (20480K), 3 survivors (6144K)
 Metaspace       used 35397K, committed 36160K, reserved 917504K
  class space    used 4874K, committed 5248K, reserved 851968K
}
Event: 6.885 GC heap after
{Heap after GC invocations=8 (full 0):
 garbage-first heap   total 75776K, used 26432K [0x0000000700000000, 0x0000000800000000)
  region size 2048K, 2 young (4096K), 2 survivors (4096K)
 Metaspace       used 35397K, committed 36160K, reserved 917504K
  class space    used 4874K, committed 5248K, reserved 851968K
}
Event: 7.788 GC heap before
{Heap before GC invocations=9 (full 0):
 garbage-first heap   total 75776K, used 63296K [0x0000000700000000, 0x0000000800000000)
  region size 2048K, 20 young (40960K), 2 survivors (4096K)
 Metaspace       used 40586K, committed 41664K, reserved 917504K
  class space    used 5735K, committed 6272K, reserved 851968K
}
Event: 7.794 GC heap after
{Heap after GC invocations=10 (full 0):
 garbage-first heap   total 75776K, used 28643K [0x0000000700000000, 0x0000000800000000)
  region size 2048K, 3 young (6144K), 3 survivors (6144K)
 Metaspace       used 40586K, committed 41664K, reserved 917504K
  class space    used 5735K, committed 6272K, reserved 851968K
}
Event: 8.258 GC heap before
{Heap before GC invocations=10 (full 0):
 garbage-first heap   total 75776K, used 59363K [0x0000000700000000, 0x0000000800000000)
  region size 2048K, 19 young (38912K), 3 survivors (6144K)
 Metaspace       used 45567K, committed 46656K, reserved 917504K
  class space    used 6244K, committed 6784K, reserved 851968K
}
Event: 8.266 GC heap after
{Heap after GC invocations=11 (full 0):
 garbage-first heap   total 75776K, used 32085K [0x0000000700000000, 0x0000000800000000)
  region size 2048K, 3 young (6144K), 3 survivors (6144K)
 Metaspace       used 45567K, committed 46656K, reserved 917504K
  class space    used 6244K, committed 6784K, reserved 851968K
}
Event: 8.726 GC heap before
{Heap before GC invocations=11 (full 0):
 garbage-first heap   total 75776K, used 62805K [0x0000000700000000, 0x0000000800000000)
  region size 2048K, 18 young (36864K), 3 survivors (6144K)
 Metaspace       used 46673K, committed 47808K, reserved 917504K
  class space    used 6427K, committed 6976K, reserved 851968K
}
Event: 8.736 GC heap after
{Heap after GC invocations=12 (full 0):
 garbage-first heap   total 75776K, used 34097K [0x0000000700000000, 0x0000000800000000)
  region size 2048K, 1 young (2048K), 1 survivors (2048K)
 Metaspace       used 46673K, committed 47808K, reserved 917504K
  class space    used 6427K, committed 6976K, reserved 851968K
}
Event: 8.944 GC heap before
{Heap before GC invocations=12 (full 0):
 garbage-first heap   total 75776K, used 40241K [0x0000000700000000, 0x0000000800000000)
  region size 2048K, 4 young (8192K), 1 survivors (2048K)
 Metaspace       used 47342K, committed 48512K, reserved 917504K
  class space    used 6511K, committed 7104K, reserved 851968K
}
Event: 8.947 GC heap after
{Heap after GC invocations=13 (full 0):
 garbage-first heap   total 92160K, used 33763K [0x0000000700000000, 0x0000000800000000)
  region size 2048K, 1 young (2048K), 1 survivors (2048K)
 Metaspace       used 47342K, committed 48512K, reserved 917504K
  class space    used 6511K, committed 7104K, reserved 851968K
}
Event: 9.517 GC heap before
{Heap before GC invocations=13 (full 0):
 garbage-first heap   total 92160K, used 84963K [0x0000000700000000, 0x0000000800000000)
  region size 2048K, 24 young (49152K), 1 survivors (2048K)
 Metaspace       used 47639K, committed 48832K, reserved 917504K
  class space    used 6512K, committed 7104K, reserved 851968K
}
Event: 9.519 GC heap after
{Heap after GC invocations=14 (full 0):
 garbage-first heap   total 92160K, used 34147K [0x0000000700000000, 0x0000000800000000)
  region size 2048K, 1 young (2048K), 1 survivors (2048K)
 Metaspace       used 47639K, committed 48832K, reserved 917504K
  class space    used 6512K, committed 7104K, reserved 851968K
}
Event: 9.757 GC heap before
{Heap before GC invocations=14 (full 0):
 garbage-first heap   total 92160K, used 81251K [0x0000000700000000, 0x0000000800000000)
  region size 2048K, 24 young (49152K), 1 survivors (2048K)
 Metaspace       used 47672K, committed 48832K, reserved 917504K
  class space    used 6513K, committed 7104K, reserved 851968K
}
Event: 9.760 GC heap after
{Heap after GC invocations=15 (full 0):
 garbage-first heap   total 92160K, used 34318K [0x0000000700000000, 0x0000000800000000)
  region size 2048K, 1 young (2048K), 1 survivors (2048K)
 Metaspace       used 47672K, committed 48832K, reserved 917504K
  class space    used 6513K, committed 7104K, reserved 851968K
}

Dll operation events (3 events):
Event: 0.023 Loaded shared library C:\Program Files\Android\Android Studio1\jbr\bin\java.dll
Event: 0.030 Loaded shared library C:\Program Files\Android\Android Studio1\jbr\bin\zip.dll
Event: 0.787 Loaded shared library C:\Program Files\Android\Android Studio1\jbr\bin\verify.dll

Deoptimization events (20 events):
Event: 10.205 Thread 0x0000016bcc16e710 DEOPT PACKING pc=0x0000016baed6cf79 sp=0x0000006a910f7660
Event: 10.205 Thread 0x0000016bcc16e710 DEOPT UNPACKING pc=0x0000016bb6224e42 sp=0x0000006a910f6ad0 mode 0
Event: 10.209 Thread 0x0000016bcc16e710 DEOPT PACKING pc=0x0000016baed6cf79 sp=0x0000006a910f7660
Event: 10.209 Thread 0x0000016bcc16e710 DEOPT UNPACKING pc=0x0000016bb6224e42 sp=0x0000006a910f6ad0 mode 0
Event: 10.212 Thread 0x0000016bcc16e710 DEOPT PACKING pc=0x0000016baed6cf79 sp=0x0000006a910f7c60
Event: 10.212 Thread 0x0000016bcc16e710 DEOPT UNPACKING pc=0x0000016bb6224e42 sp=0x0000006a910f70d0 mode 0
Event: 10.217 Thread 0x0000016bcc16e710 DEOPT PACKING pc=0x0000016baed6cf79 sp=0x0000006a910f7c60
Event: 10.217 Thread 0x0000016bcc16e710 DEOPT UNPACKING pc=0x0000016bb6224e42 sp=0x0000006a910f70d0 mode 0
Event: 10.219 Thread 0x0000016bcc16e710 DEOPT PACKING pc=0x0000016baed6cf79 sp=0x0000006a910f7a50
Event: 10.219 Thread 0x0000016bcc16e710 DEOPT UNPACKING pc=0x0000016bb6224e42 sp=0x0000006a910f6ec0 mode 0
Event: 10.222 Thread 0x0000016bcc16e710 DEOPT PACKING pc=0x0000016baed6cf79 sp=0x0000006a910f7a50
Event: 10.222 Thread 0x0000016bcc16e710 DEOPT UNPACKING pc=0x0000016bb6224e42 sp=0x0000006a910f6ec0 mode 0
Event: 10.224 Thread 0x0000016bcc16e710 Uncommon trap: trap_request=0xffffff45 fr.pc=0x0000016bb69ab62c relative=0x000000000000466c
Event: 10.225 Thread 0x0000016bcc16e710 Uncommon trap: reason=unstable_if action=reinterpret pc=0x0000016bb69ab62c method=org.objectweb.asm.signature.SignatureReader.parseType(Ljava/lang/String;ILorg/objectweb/asm/signature/SignatureVisitor;)I @ 14 c2
Event: 10.225 Thread 0x0000016bcc16e710 DEOPT PACKING pc=0x0000016bb69ab62c sp=0x0000006a910f78c0
Event: 10.225 Thread 0x0000016bcc16e710 DEOPT UNPACKING pc=0x0000016bb62246a2 sp=0x0000006a910f78b0 mode 2
Event: 10.228 Thread 0x0000016bcc16e710 DEOPT PACKING pc=0x0000016baed6cf79 sp=0x0000006a910f7a50
Event: 10.229 Thread 0x0000016bcc16e710 DEOPT UNPACKING pc=0x0000016bb6224e42 sp=0x0000006a910f6ec0 mode 0
Event: 10.233 Thread 0x0000016bcc16e710 DEOPT PACKING pc=0x0000016baed6cf79 sp=0x0000006a910f7660
Event: 10.233 Thread 0x0000016bcc16e710 DEOPT UNPACKING pc=0x0000016bb6224e42 sp=0x0000006a910f6ad0 mode 0

Classes loaded (20 events):
Event: 8.426 Loading class java/util/Collections$SynchronizedList done
Event: 8.426 Loading class java/util/Collections$SynchronizedRandomAccessList done
Event: 8.750 Loading class java/nio/channels/Channels
Event: 8.751 Loading class java/nio/channels/Channels done
Event: 8.751 Loading class sun/nio/ch/Streams
Event: 8.751 Loading class sun/nio/ch/Streams done
Event: 8.751 Loading class sun/nio/ch/ChannelOutputStream
Event: 8.751 Loading class sun/nio/ch/ChannelOutputStream done
Event: 8.752 Loading class java/nio/charset/UnsupportedCharsetException
Event: 8.752 Loading class java/nio/charset/UnsupportedCharsetException done
Event: 8.756 Loading class java/util/Collections$UnmodifiableSortedMap
Event: 8.756 Loading class java/util/Collections$UnmodifiableSortedMap done
Event: 8.758 Loading class java/util/zip/Deflater
Event: 8.759 Loading class java/util/zip/Deflater done
Event: 8.760 Loading class java/util/zip/Deflater$DeflaterZStreamRef
Event: 8.761 Loading class java/util/zip/Deflater$DeflaterZStreamRef done
Event: 8.783 Loading class java/util/zip/ZipFile$ZipEntryIterator
Event: 8.783 Loading class java/util/zip/ZipFile$ZipEntryIterator done
Event: 8.869 Loading class java/nio/StringCharBuffer
Event: 8.869 Loading class java/nio/StringCharBuffer done

Classes unloaded (0 events):
No events

Classes redefined (0 events):
No events

Internal exceptions (20 events):
Event: 8.035 Thread 0x0000016bcc16e710 Exception <a 'java/lang/ClassNotFoundException'{0x0000000703f0c0c0}: java/lang/ObjectCustomizer> (0x0000000703f0c0c0) 
thrown [s\src\hotspot\share\classfile\systemDictionary.cpp, line 312]
Event: 8.038 Thread 0x0000016bcc16e710 Exception <a 'java/lang/IncompatibleClassChangeError'{0x0000000703f1a4d0}: Found class java.lang.Object, but interface was expected> (0x0000000703f1a4d0) 
thrown [s\src\hotspot\share\interpreter\linkResolver.cpp, line 851]
Event: 8.041 Thread 0x0000016bcc16e710 Exception <a 'java/lang/ClassNotFoundException'{0x0000000703f343e8}: groovy/lang/MetaClassImplCustomizer> (0x0000000703f343e8) 
thrown [s\src\hotspot\share\classfile\systemDictionary.cpp, line 312]
Event: 8.044 Thread 0x0000016bcc16e710 Exception <a 'java/lang/ClassNotFoundException'{0x0000000703f5c110}: groovy/lang/ExpandoMetaClassCustomizer> (0x0000000703f5c110) 
thrown [s\src\hotspot\share\classfile\systemDictionary.cpp, line 312]
Event: 8.294 Thread 0x0000016bcc16e710 Exception <a 'java/lang/ClassNotFoundException'{0x000000070454fda8}: org/gradle/internal/extensibility/DefaultExtraPropertiesExtensionBeanInfo> (0x000000070454fda8) 
thrown [s\src\hotspot\share\classfile\systemDictionary.cpp, line 312]
Event: 8.295 Thread 0x0000016bcc16e710 Exception <a 'java/lang/ClassNotFoundException'{0x0000000704557f70}: groovy/lang/GroovyObjectSupportBeanInfo> (0x0000000704557f70) 
thrown [s\src\hotspot\share\classfile\systemDictionary.cpp, line 312]
Event: 8.295 Thread 0x0000016bcc16e710 Exception <a 'java/lang/ClassNotFoundException'{0x0000000704560140}: groovy/lang/GroovyObjectSupportCustomizer> (0x0000000704560140) 
thrown [s\src\hotspot\share\classfile\systemDictionary.cpp, line 312]
Event: 8.299 Thread 0x0000016bcc16e710 Exception <a 'java/lang/ClassNotFoundException'{0x0000000704579da0}: org/gradle/internal/extensibility/DefaultExtraPropertiesExtensionCustomizer> (0x0000000704579da0) 
thrown [s\src\hotspot\share\classfile\systemDictionary.cpp, line 312]
Event: 8.303 Thread 0x0000016bcc16e710 Exception <a 'java/lang/IncompatibleClassChangeError'{0x0000000704594f30}: Found class java.lang.Object, but interface was expected> (0x0000000704594f30) 
thrown [s\src\hotspot\share\interpreter\linkResolver.cpp, line 851]
Event: 8.341 Thread 0x0000016bcc16e710 Exception <a 'sun/nio/fs/WindowsException'{0x00000007042693c0}> (0x00000007042693c0) 
thrown [s\src\hotspot\share\prims\jni.cpp, line 537]
Event: 8.348 Thread 0x0000016bcc16e710 Exception <a 'sun/nio/fs/WindowsException'{0x000000070426b068}> (0x000000070426b068) 
thrown [s\src\hotspot\share\prims\jni.cpp, line 537]
Event: 8.352 Thread 0x0000016bcc16e710 Exception <a 'sun/nio/fs/WindowsException'{0x000000070426c588}> (0x000000070426c588) 
thrown [s\src\hotspot\share\prims\jni.cpp, line 537]
Event: 8.354 Thread 0x0000016bcc16e710 Exception <a 'sun/nio/fs/WindowsException'{0x000000070426dab8}> (0x000000070426dab8) 
thrown [s\src\hotspot\share\prims\jni.cpp, line 537]
Event: 8.401 Thread 0x0000016bcc16e710 Exception <a 'java/lang/NoSuchMethodError'{0x0000000704393ea8}: 'java.lang.Object java.lang.invoke.Invokers$Holder.invoker(java.lang.Object, java.lang.Object, java.lang.Object, java.lang.Object, java.lang.Object, java.lang.Object)'> (0x0000000704393ea8) 
thrown [s\src\hotspot\share\interpreter\linkResolver.cpp, line 784]
Event: 8.440 Thread 0x0000016bcc16e710 Exception <a 'java/lang/NoSuchMethodError'{0x000000070406aa20}: 'java.lang.Object java.lang.invoke.Invokers$Holder.invoker(java.lang.Object, java.lang.Object, java.lang.Object, java.lang.Object, java.lang.Object)'> (0x000000070406aa20) 
thrown [s\src\hotspot\share\interpreter\linkResolver.cpp, line 784]
Event: 8.446 Thread 0x0000016bcc16e710 Exception <a 'java/lang/NoSuchMethodError'{0x000000070408a7b8}: 'java.lang.Object java.lang.invoke.Invokers$Holder.invoker(java.lang.Object, java.lang.Object, java.lang.Object, java.lang.Object, java.lang.Object, java.lang.Object, java.lang.Object, java.lang.Object, java.lang.Object, java.lang.Object, java.lang.Object, java.lang.Object, java.lang.Object, java.lang.Object, java.lang.Object, java.lang.Object, java.lang.Object, java.lang.Object, java.lang.Object, java.lang.Object, java.lang.Object, java.lang.
Event: 8.446 Thread 0x0000016bcc16e710 Exception <a 'java/lang/NoSuchMethodError'{0x0000000704090fe8}: 'java.lang.Object java.lang.invoke.DelegatingMethodHandle$Holder.delegate(java.lang.Object, java.lang.Object, java.lang.Object, java.lang.Object, java.lang.Object, java.lang.Object, java.lang.Object, java.lang.Object, java.lang.Object, java.lang.Object, java.lang.Object, java.lang.Object, java.lang.Object, java.lang.Object, java.lang.Object, java.lang.Object, java.lang.Object, java.lang.Object, java.lang.Object, java.lang.Object, java.lang.Obj
Event: 8.724 Thread 0x0000016bcc16e710 Exception <a 'sun/nio/fs/WindowsException'{0x0000000702def2f8}> (0x0000000702def2f8) 
thrown [s\src\hotspot\share\prims\jni.cpp, line 537]
Event: 8.725 Thread 0x0000016bcc16e710 Exception <a 'sun/nio/fs/WindowsException'{0x0000000702df0948}> (0x0000000702df0948) 
thrown [s\src\hotspot\share\prims\jni.cpp, line 537]
Event: 8.785 Thread 0x0000016bcc16e710 Implicit null exception at 0x0000016bb697c776 to 0x0000016bb697d380

ZGC Phase Switch (0 events):
No events

VM Operations (20 events):
Event: 8.116 Executing VM operation: HandshakeAllThreads (Deoptimize) done
Event: 8.186 Executing VM operation: HandshakeAllThreads (Deoptimize)
Event: 8.186 Executing VM operation: HandshakeAllThreads (Deoptimize) done
Event: 8.258 Executing VM operation: G1CollectForAllocation (G1 Evacuation Pause)
Event: 8.266 Executing VM operation: G1CollectForAllocation (G1 Evacuation Pause) done
Event: 8.342 Executing VM operation: HandshakeAllThreads (Deoptimize)
Event: 8.343 Executing VM operation: HandshakeAllThreads (Deoptimize) done
Event: 8.726 Executing VM operation: G1CollectForAllocation (G1 Evacuation Pause)
Event: 8.736 Executing VM operation: G1CollectForAllocation (G1 Evacuation Pause) done
Event: 8.827 Executing VM operation: HandshakeAllThreads (Deoptimize)
Event: 8.827 Executing VM operation: HandshakeAllThreads (Deoptimize) done
Event: 8.870 Executing VM operation: HandshakeAllThreads (Deoptimize)
Event: 8.870 Executing VM operation: HandshakeAllThreads (Deoptimize) done
Event: 8.944 Executing VM operation: G1TryInitiateConcMark (G1 Humongous Allocation)
Event: 8.947 Executing VM operation: G1TryInitiateConcMark (G1 Humongous Allocation) done
Event: 9.516 Executing VM operation: G1CollectForAllocation (G1 Evacuation Pause)
Event: 9.520 Executing VM operation: G1CollectForAllocation (G1 Evacuation Pause) done
Event: 9.757 Executing VM operation: G1CollectForAllocation (G1 Evacuation Pause)
Event: 9.760 Executing VM operation: G1CollectForAllocation (G1 Evacuation Pause) done
Event: 10.763 Executing VM operation: Cleanup

Memory protections (0 events):
No events

Nmethod flushes (20 events):
Event: 6.904 Thread 0x0000016bc620dea0 flushing  nmethod 0x0000016bae513d10
Event: 6.904 Thread 0x0000016bc620dea0 flushing  nmethod 0x0000016bae54ee10
Event: 6.904 Thread 0x0000016bc620dea0 flushing  nmethod 0x0000016bae54f310
Event: 6.904 Thread 0x0000016bc620dea0 flushing  nmethod 0x0000016bae54f890
Event: 6.904 Thread 0x0000016bc620dea0 flushing  nmethod 0x0000016bae554890
Event: 6.904 Thread 0x0000016bc620dea0 flushing  nmethod 0x0000016bae580590
Event: 6.904 Thread 0x0000016bc620dea0 flushing  nmethod 0x0000016bae582b10
Event: 6.904 Thread 0x0000016bc620dea0 flushing  nmethod 0x0000016bae585390
Event: 6.904 Thread 0x0000016bc620dea0 flushing  nmethod 0x0000016bae589f10
Event: 6.904 Thread 0x0000016bc620dea0 flushing  nmethod 0x0000016bae58c410
Event: 6.904 Thread 0x0000016bc620dea0 flushing  nmethod 0x0000016bae58d590
Event: 6.904 Thread 0x0000016bc620dea0 flushing  nmethod 0x0000016bae595110
Event: 6.904 Thread 0x0000016bc620dea0 flushing  nmethod 0x0000016bae611b90
Event: 6.904 Thread 0x0000016bc620dea0 flushing  nmethod 0x0000016bae612790
Event: 6.904 Thread 0x0000016bc620dea0 flushing  nmethod 0x0000016bae612c90
Event: 6.904 Thread 0x0000016bc620dea0 flushing  nmethod 0x0000016bae613190
Event: 6.904 Thread 0x0000016bc620dea0 flushing  nmethod 0x0000016bae614590
Event: 6.904 Thread 0x0000016bc620dea0 flushing  nmethod 0x0000016bae64f110
Event: 6.904 Thread 0x0000016bc620dea0 flushing  nmethod 0x0000016bae71a990
Event: 6.904 Thread 0x0000016bc620dea0 flushing  nmethod 0x0000016bae8acd90

Events (20 events):
Event: 3.450 Thread 0x0000016bcc057e80 Thread added: 0x0000016bcc380620
Event: 3.458 Thread 0x0000016bcc057e80 Thread added: 0x0000016bcc16e710
Event: 3.474 Thread 0x0000016bcc16e710 Thread added: 0x0000016bcc171e90
Event: 3.478 Thread 0x0000016bcc16e710 Thread added: 0x0000016bcc170450
Event: 3.481 Thread 0x0000016bcc16e710 Thread added: 0x0000016bcc171170
Event: 4.272 Thread 0x0000016bcc16e710 Thread added: 0x0000016bcc172520
Event: 4.297 Thread 0x0000016bcc16e710 Thread added: 0x0000016bcc172bb0
Event: 4.506 Thread 0x0000016bcc16e710 Thread added: 0x0000016bcc16fdc0
Event: 4.636 Thread 0x0000016bc63eb0c0 Thread exited: 0x0000016bc63eb0c0
Event: 4.940 Thread 0x0000016bc63ecc00 Thread added: 0x0000016bc63ed9a0
Event: 6.266 Thread 0x0000016bcc16e710 Thread added: 0x0000016bcc170ae0
Event: 6.287 Thread 0x0000016bcc16e710 Thread added: 0x0000016bcc171800
Event: 6.613 Thread 0x0000016bcc16e710 Thread added: 0x0000016bce0e6ad0
Event: 6.620 Thread 0x0000016bcc16e710 Thread added: 0x0000016bce0e5db0
Event: 6.897 Thread 0x0000016bcc16e710 Thread added: 0x0000016bce0e4370
Event: 6.956 Thread 0x0000016bcc16e710 Thread added: 0x0000016bce0e7160
Event: 7.133 Thread 0x0000016bcc16e710 Thread added: 0x0000016bce0e5720
Event: 7.327 Thread 0x0000016bcc16e710 Thread added: 0x0000016bce0e6440
Event: 7.591 Thread 0x0000016bc63ed9a0 Thread exited: 0x0000016bc63ed9a0
Event: 7.748 Thread 0x0000016bc63e8cc0 Thread added: 0x0000016bc63eb0c0


Dynamic libraries:
0x00007ff7ec690000 - 0x00007ff7ec69a000 	C:\Program Files\Android\Android Studio1\jbr\bin\java.exe
0x00007ffa1c420000 - 0x00007ffa1c687000 	C:\WINDOWS\SYSTEM32\ntdll.dll
0x00007ffa1af90000 - 0x00007ffa1b059000 	C:\WINDOWS\System32\KERNEL32.DLL
0x00007ffa19b80000 - 0x00007ffa19f6f000 	C:\WINDOWS\System32\KERNELBASE.dll
0x00007ffa198c0000 - 0x00007ffa19a0b000 	C:\WINDOWS\System32\ucrtbase.dll
0x00007ffa02550000 - 0x00007ffa02568000 	C:\Program Files\Android\Android Studio1\jbr\bin\jli.dll
0x00007ffa1aba0000 - 0x00007ffa1ad65000 	C:\WINDOWS\System32\USER32.dll
0x00007ffa002a0000 - 0x00007ffa00533000 	C:\WINDOWS\WinSxS\amd64_microsoft.windows.common-controls_6595b64144ccf1df_6.0.26100.7309_none_3e05feeae336a044\COMCTL32.dll
0x00007ffa19a10000 - 0x00007ffa19a37000 	C:\WINDOWS\System32\win32u.dll
0x00007ffa1aee0000 - 0x00007ffa1af89000 	C:\WINDOWS\System32\msvcrt.dll
0x00007ffa1a390000 - 0x00007ffa1a3bb000 	C:\WINDOWS\System32\GDI32.dll
0x00007ffa19790000 - 0x00007ffa198bc000 	C:\WINDOWS\System32\gdi32full.dll
0x00007ffa196e0000 - 0x00007ffa19783000 	C:\WINDOWS\System32\msvcp_win.dll
0x00007ffa03ff0000 - 0x00007ffa0400b000 	C:\Program Files\Android\Android Studio1\jbr\bin\VCRUNTIME140.dll
0x00007ffa1a4e0000 - 0x00007ffa1a511000 	C:\WINDOWS\System32\IMM32.DLL
0x00007ffa03fe0000 - 0x00007ffa03fec000 	C:\Program Files\Android\Android Studio1\jbr\bin\vcruntime140_1.dll
0x00007ff9deda0000 - 0x00007ff9dee2d000 	C:\Program Files\Android\Android Studio1\jbr\bin\msvcp140.dll
0x00007ff9b1120000 - 0x00007ff9b1db6000 	C:\Program Files\Android\Android Studio1\jbr\bin\server\jvm.dll
0x00007ffa1a2d0000 - 0x00007ffa1a384000 	C:\WINDOWS\System32\ADVAPI32.dll
0x00007ffa1a220000 - 0x00007ffa1a2c6000 	C:\WINDOWS\System32\sechost.dll
0x00007ffa1a3c0000 - 0x00007ffa1a4d8000 	C:\WINDOWS\System32\RPCRT4.dll
0x00007ffa1bf00000 - 0x00007ffa1bf74000 	C:\WINDOWS\System32\WS2_32.dll
0x00007ffa193d0000 - 0x00007ffa1942e000 	C:\WINDOWS\SYSTEM32\POWRPROF.dll
0x00007ffa05960000 - 0x00007ffa05995000 	C:\WINDOWS\SYSTEM32\WINMM.dll
0x00007ffa09380000 - 0x00007ffa0938b000 	C:\WINDOWS\SYSTEM32\VERSION.dll
0x00007ffa193b0000 - 0x00007ffa193c4000 	C:\WINDOWS\SYSTEM32\UMPDC.dll
0x00007ffa18320000 - 0x00007ffa1833b000 	C:\WINDOWS\SYSTEM32\kernel.appcore.dll
0x00007ffa03cc0000 - 0x00007ffa03cca000 	C:\Program Files\Android\Android Studio1\jbr\bin\jimage.dll
0x00007ffa169b0000 - 0x00007ffa16bf2000 	C:\WINDOWS\SYSTEM32\DBGHELP.DLL
0x00007ffa1bf80000 - 0x00007ffa1c306000 	C:\WINDOWS\System32\combase.dll
0x00007ffa1a590000 - 0x00007ffa1a666000 	C:\WINDOWS\System32\OLEAUT32.dll
0x00007ff9fcd70000 - 0x00007ff9fcdac000 	C:\WINDOWS\SYSTEM32\dbgcore.DLL
0x00007ffa19ad0000 - 0x00007ffa19b75000 	C:\WINDOWS\System32\bcryptPrimitives.dll
0x00007ff9f3d60000 - 0x00007ff9f3d6e000 	C:\Program Files\Android\Android Studio1\jbr\bin\instrument.dll
0x00007ffa02410000 - 0x00007ffa02430000 	C:\Program Files\Android\Android Studio1\jbr\bin\java.dll
0x00007ff9fab50000 - 0x00007ff9fab68000 	C:\Program Files\Android\Android Studio1\jbr\bin\zip.dll
0x00007ffa1b700000 - 0x00007ffa1be53000 	C:\WINDOWS\System32\SHELL32.dll
0x00007ffa19570000 - 0x00007ffa196da000 	C:\WINDOWS\System32\wintypes.dll
0x00007ffa17150000 - 0x00007ffa179ae000 	C:\WINDOWS\SYSTEM32\windows.storage.dll
0x00007ffa1b600000 - 0x00007ffa1b6f4000 	C:\WINDOWS\System32\SHCORE.dll
0x00007ffa1a520000 - 0x00007ffa1a586000 	C:\WINDOWS\System32\shlwapi.dll
0x00007ffa19490000 - 0x00007ffa194b9000 	C:\WINDOWS\SYSTEM32\profapi.dll
0x00007ffa00d10000 - 0x00007ffa00d20000 	C:\Program Files\Android\Android Studio1\jbr\bin\net.dll
0x00007ffa091e0000 - 0x00007ffa09308000 	C:\WINDOWS\SYSTEM32\WINHTTP.dll
0x00007ffa18890000 - 0x00007ffa188fb000 	C:\WINDOWS\system32\mswsock.dll
0x00007ff9f9800000 - 0x00007ff9f9816000 	C:\Program Files\Android\Android Studio1\jbr\bin\nio.dll
0x00007ffa00550000 - 0x00007ffa00560000 	C:\Program Files\Android\Android Studio1\jbr\bin\verify.dll
0x00007ff9fe820000 - 0x00007ff9fe847000 	C:\Users\91723\.gradle\native\c067742578af261105cb4f569cf0c3c89f3d7b1fecec35dd04571415982c5e48\windows-amd64\native-platform.dll
0x00007ff9e35a0000 - 0x00007ff9e36e4000 	C:\Users\91723\.gradle\native\100fb08df4bc3b14c8652ba06237920a3bd2aa13389f12d3474272988ae205f9\windows-amd64\native-platform-file-events.dll
0x00007ff9fab40000 - 0x00007ff9fab49000 	C:\Program Files\Android\Android Studio1\jbr\bin\management.dll
0x00007ff9f97f0000 - 0x00007ff9f97fb000 	C:\Program Files\Android\Android Studio1\jbr\bin\management_ext.dll
0x00007ffa1a210000 - 0x00007ffa1a218000 	C:\WINDOWS\System32\PSAPI.DLL
0x00007ffa18b60000 - 0x00007ffa18b7b000 	C:\WINDOWS\SYSTEM32\CRYPTSP.dll
0x00007ffa18280000 - 0x00007ffa182ba000 	C:\WINDOWS\system32\rsaenh.dll
0x00007ffa18940000 - 0x00007ffa1896b000 	C:\WINDOWS\SYSTEM32\USERENV.dll
0x00007ffa19460000 - 0x00007ffa1948a000 	C:\WINDOWS\SYSTEM32\bcrypt.dll
0x00007ffa18b50000 - 0x00007ffa18b5c000 	C:\WINDOWS\SYSTEM32\CRYPTBASE.dll
0x00007ffa17d20000 - 0x00007ffa17d54000 	C:\WINDOWS\SYSTEM32\IPHLPAPI.DLL
0x00007ffa1be60000 - 0x00007ffa1be6a000 	C:\WINDOWS\System32\NSI.dll
0x00007ff9f97e0000 - 0x00007ff9f97e9000 	C:\Program Files\Android\Android Studio1\jbr\bin\extnet.dll
0x00007ff9f42e0000 - 0x00007ff9f42e8000 	C:\WINDOWS\system32\wshunix.dll

JVMTI agents:
C:\Users\91723\.gradle\wrapper\dists\gradle-8.9-bin\90cnw93cvbtalezasaz0blq0a\gradle-8.9\lib\agents\gradle-instrumentation-agent-8.9.jar path:C:\Program Files\Android\Android Studio1\jbr\bin\instrument.dll, loaded, initialized, instrumentlib options:none

dbghelp: loaded successfully - version: 4.0.5 - missing functions: none
symbol engine: initialized successfully - sym options: 0x614 - pdb path: .;C:\Program Files\Android\Android Studio1\jbr\bin;C:\WINDOWS\SYSTEM32;C:\WINDOWS\WinSxS\amd64_microsoft.windows.common-controls_6595b64144ccf1df_6.0.26100.7309_none_3e05feeae336a044;C:\Program Files\Android\Android Studio1\jbr\bin\server;C:\Users\91723\.gradle\native\c067742578af261105cb4f569cf0c3c89f3d7b1fecec35dd04571415982c5e48\windows-amd64;C:\Users\91723\.gradle\native\100fb08df4bc3b14c8652ba06237920a3bd2aa13389f12d3474272988ae205f9\windows-amd64

VM Arguments:
jvm_args: -XX:MaxMetaspaceSize=1024m -XX:ReservedCodeCacheSize=256m -XX:+HeapDumpOnOutOfMemoryError --add-opens=java.base/java.util=ALL-UNNAMED --add-opens=java.base/java.lang=ALL-UNNAMED --add-opens=java.base/java.lang.invoke=ALL-UNNAMED --add-opens=java.prefs/java.util.prefs=ALL-UNNAMED --add-exports=jdk.compiler/com.sun.tools.javac.api=ALL-UNNAMED --add-exports=jdk.compiler/com.sun.tools.javac.util=ALL-UNNAMED --add-opens=java.base/java.nio.charset=ALL-UNNAMED --add-opens=java.base/java.net=ALL-UNNAMED --add-opens=java.base/java.util.concurrent.atomic=ALL-UNNAMED -Xmx4096m -Dfile.encoding=UTF-8 -Duser.country=IN -Duser.language=en -Duser.variant -javaagent:C:\Users\91723\.gradle\wrapper\dists\gradle-8.9-bin\90cnw93cvbtalezasaz0blq0a\gradle-8.9\lib\agents\gradle-instrumentation-agent-8.9.jar 
java_command: org.gradle.launcher.daemon.bootstrap.GradleDaemon 8.9
java_class_path (initial): C:\Users\91723\.gradle\wrapper\dists\gradle-8.9-bin\90cnw93cvbtalezasaz0blq0a\gradle-8.9\lib\gradle-daemon-main-8.9.jar
Launcher Type: SUN_STANDARD

[Global flags]
     intx CICompilerCount                          = 4                                         {product} {ergonomic}
   size_t CompressedClassSpaceSize                 = 872415232                                 {product} {ergonomic}
     uint ConcGCThreads                            = 2                                         {product} {ergonomic}
     uint G1ConcRefinementThreads                  = 8                                         {product} {ergonomic}
   size_t G1HeapRegionSize                         = 2097152                                   {product} {ergonomic}
    uintx GCDrainStackTargetSize                   = 64                                        {product} {ergonomic}
     bool HeapDumpOnOutOfMemoryError               = true                                   {manageable} {command line}
   size_t InitialHeapSize                          = 134217728                                 {product} {ergonomic}
   size_t MarkStackSize                            = 4194304                                   {product} {ergonomic}
   size_t MaxHeapSize                              = 4294967296                                {product} {command line}
   size_t MaxMetaspaceSize                         = 1073741824                                {product} {command line}
   size_t MaxNewSize                               = 2575302656                                {product} {ergonomic}
   size_t MinHeapDeltaBytes                        = 2097152                                   {product} {ergonomic}
   size_t MinHeapSize                              = 8388608                                   {product} {ergonomic}
    uintx NonNMethodCodeHeapSize                   = 5839372                                {pd product} {ergonomic}
    uintx NonProfiledCodeHeapSize                  = 131298042                              {pd product} {ergonomic}
    uintx ProfiledCodeHeapSize                     = 131298042                              {pd product} {ergonomic}
    uintx ReservedCodeCacheSize                    = 268435456                              {pd product} {command line}
     bool SegmentedCodeCache                       = true                                      {product} {ergonomic}
   size_t SoftMaxHeapSize                          = 4294967296                             {manageable} {ergonomic}
     bool UseCompressedOops                        = true                           {product lp64_product} {ergonomic}
     bool UseG1GC                                  = true                                      {product} {ergonomic}
     bool UseLargePagesIndividualAllocation        = false                                  {pd product} {ergonomic}

Logging:
Log output configuration:
 #0: stdout all=warning uptime,level,tags foldmultilines=false
 #1: stderr all=off uptime,level,tags foldmultilines=false

Environment Variables:
JAVA_HOME=C:\Program Files\Android\Android Studio1\jbr
CLASSPATH=C:\lifemap\android\\gradle\wrapper\gradle-wrapper.jar
PATH=C:\Program Files\Android\Android Studio1\jbr\bin;C:\Python313\Scripts\;C:\Python313\;C:\Program Files\Common Files\Oracle\Java\javapath;C:\Program Files (x86)\Intel\iCLS Client\;C:\Program Files\Intel\iCLS Client\;C:\windows\system32;C:\windows;C:\windows\System32\Wbem;C:\windows\System32\WindowsPowerShell\v1.0\;C:\Program Files (x86)\NVIDIA Corporation\PhysX\Common;C:\Program Files\Intel\WiFi\bin\;C:\Program Files\Common Files\Intel\WirelessCommon\;C:\Program Files (x86)\Intel\Intel(R) Management Engine Components\DAL;C:\Program Files\Intel\Intel(R) Management Engine Components\DAL;C:\Program Files (x86)\Intel\Intel(R) Management Engine Components\IPT;C:\Program Files\Intel\Intel(R) Management Engine Components\IPT;C:\WINDOWS\system32;C:\WINDOWS;C:\WINDOWS\System32\Wbem;C:\WINDOWS\System32\WindowsPowerShell\v1.0\;C:\WINDOWS\System32\OpenSSH\;C:\flutter\flutter_windows_3.22.1-stable\flutter\bin;C:\Program Files\Git\cmd;C:\flutter\bin;C:\Program Files\Java\jdk-24\bin;C:\flutter_windows_3.32.6-stable\flutter\bin;C:\Program Files\nodejs\;C:\ProgramData\chocolatey\bin;C:\Program Files\nodejs;C:\Program Files (x86)\Google\Cloud SDK\google-cloud-sdk\bin;C:\Program Files\OpenSSL-Win64\bin;;C:\Program Files\Docker\Docker\resources\bin;C:\Users\91723\AppData\Local\Microsoft\WindowsApps;C:\Users\91723\AppData\Local\Programs\Microsoft VS Code\bin;C:\Users\91723\AppData\Roaming\npm;C:\Users\91723\AppData\Local\Programs\Antigravity\bin;C:\flutter_windows_3.32.6-stable\flutter\bin\mingit\cmd
USERNAME=91723
OS=Windows_NT
PROCESSOR_IDENTIFIER=Intel64 Family 6 Model 142 Stepping 10, GenuineIntel
TMP=C:\Users\91723\AppData\Local\Temp
TEMP=C:\Users\91723\AppData\Local\Temp




Periodic native trim disabled

JNI global refs:
JNI global refs: 26, weak refs: 24

JNI global refs memory usage: 835, weak refs: 833

Process memory usage:
Resident Set Size: 255608K (3% of 8277212K total physical memory with 543484K free physical memory)

OOME stack traces (most recent first):
Classloader memory used:
Loader org.gradle.internal.classloader.VisitableURLClassLoader                         : 21487K
Loader bootstrap                                                                       : 21265K
Loader org.gradle.initialization.MixInLegacyTypesClassLoader                           : 4191K
Loader jdk.internal.loader.ClassLoaders$PlatformClassLoader                            : 524K
Loader jdk.internal.loader.ClassLoaders$AppClassLoader                                 : 230K

Classes loaded by more than one classloader:
Class org.gradle.internal.classloader.FilteringClassLoader                            : loaded 2 times (x 105B)
Class org.gradle.internal.classloader.ClassLoaderHierarchy                            : loaded 2 times (x 70B)
Class org.gradle.api.internal.classpath.ManifestUtil                                  : loaded 2 times (x 71B)
Class org.gradle.internal.classloader.DefaultClassLoaderFactory                       : loaded 2 times (x 82B)
Class org.gradle.internal.classloader.ClassLoaderVisitor                              : loaded 2 times (x 76B)
Class org.gradle.api.internal.classpath.EffectiveClassPath                            : loaded 2 times (x 90B)
Class org.gradle.api.internal.DefaultClassPathProvider                                : loaded 2 times (x 76B)
Class [Lorg.gradle.api.internal.ClassPathProvider;                                    : loaded 2 times (x 69B)
Class org.gradle.api.internal.ClassPathProvider                                       : loaded 2 times (x 70B)
Class org.gradle.internal.service.UnknownServiceException                             : loaded 2 times (x 83B)
Class org.gradle.internal.classpath.TransformedClassPath                              : loaded 2 times (x 96B)
Class org.gradle.internal.service.ServiceLocator                                      : loaded 2 times (x 70B)
Class org.gradle.internal.InternalTransformer                                         : loaded 2 times (x 70B)
Class org.gradle.internal.classloader.ClasspathUtil$1                                 : loaded 2 times (x 76B)
Class org.gradle.api.internal.classpath.DefaultModuleRegistry$DefaultModule           : loaded 2 times (x 86B)
Class org.gradle.api.internal.classpath.Module                                        : loaded 2 times (x 70B)
Class org.gradle.api.internal.classpath.UnknownModuleException                        : loaded 2 times (x 82B)
Class org.gradle.api.internal.DefaultClassPathRegistry                                : loaded 2 times (x 76B)
Class org.gradle.api.internal.ClassPathRegistry                                       : loaded 2 times (x 70B)
Class org.gradle.internal.classpath.DefaultClassPath$ImmutableUniqueList              : loaded 2 times (x 199B)
Class org.gradle.internal.classpath.ClassPath                                         : loaded 2 times (x 70B)
Class org.gradle.api.UncheckedIOException                                             : loaded 2 times (x 82B)
Class org.gradle.internal.installation.GradleInstallation$1                           : loaded 2 times (x 75B)
Class org.gradle.api.internal.classpath.ModuleRegistry                                : loaded 2 times (x 70B)
Class org.gradle.api.internal.classpath.DefaultModuleRegistry                         : loaded 2 times (x 83B)
Class org.gradle.internal.service.ServiceLookupException                              : loaded 2 times (x 82B)
Class org.gradle.internal.classloader.ClassLoaderFactory                              : loaded 2 times (x 70B)
Class org.gradle.internal.service.CachingServiceLocator                               : loaded 2 times (x 82B)
Class org.gradle.internal.classloader.ClasspathUtil                                   : loaded 2 times (x 71B)
Class org.gradle.api.specs.Spec                                                       : loaded 2 times (x 70B)
Class org.gradle.internal.classloader.VisitableURLClassLoader$InstrumentingVisitableURLClassLoader: loaded 2 times (x 123B)
Class org.gradle.internal.classloader.VisitableURLClassLoader$Spec                    : loaded 2 times (x 74B)
Class org.gradle.internal.classpath.DefaultClassPath                                  : loaded 2 times (x 90B)
Class org.gradle.internal.classloader.ClassLoaderSpec                                 : loaded 2 times (x 71B)
Class org.gradle.internal.classloader.VisitableURLClassLoader                         : loaded 2 times (x 117B)
Class org.gradle.internal.Cast                                                        : loaded 2 times (x 71B)
Class org.gradle.api.Action                                                           : loaded 2 times (x 70B)
Class org.gradle.internal.agents.InstrumentingClassLoader                             : loaded 2 times (x 70B)
Class org.gradle.internal.classpath.DefaultClassPath$ImmutableUniqueList$Builder      : loaded 2 times (x 75B)
Class org.gradle.api.GradleException                                                  : loaded 2 times (x 82B)
Class org.gradle.internal.IoActions                                                   : loaded 2 times (x 71B)
Class org.gradle.internal.classloader.SystemClassLoaderSpec                           : loaded 2 times (x 71B)
Class org.gradle.internal.installation.CurrentGradleInstallationLocator               : loaded 2 times (x 71B)
Class org.gradle.internal.service.DefaultServiceLocator                               : loaded 2 times (x 83B)
Class org.gradle.internal.installation.CurrentGradleInstallation                      : loaded 2 times (x 73B)
Class org.gradle.util.internal.GUtil                                                  : loaded 2 times (x 71B)
Class org.gradle.internal.installation.GradleInstallation                             : loaded 2 times (x 75B)

---------------  S Y S T E M  ---------------

OS:
 Windows 11 , 64 bit Build 26100 (10.0.26100.7309)
OS uptime: 0 days 8:17 hours
Hyper-V role detected

CPU: total 8 (initial active 8) (4 cores per cpu, 2 threads per core) family 6 model 142 stepping 10 microcode 0xe0, cx8, cmov, fxsr, ht, mmx, 3dnowpref, sse, sse2, sse3, ssse3, sse4.1, sse4.2, popcnt, lzcnt, tsc, tscinvbit, avx, avx2, aes, erms, clmul, bmi1, bmi2, adx, fma, vzeroupper, clflush, clflushopt, hv, rdtscp, f16c
Processor Information for the first 8 processors :
  Max Mhz: 1800, Current Mhz: 1600, Mhz Limit: 1584

Memory: 4k page, system-wide physical 8083M (531M free)
TotalPageFile size 20974M (AvailPageFile size 70M)
current process WorkingSet (physical memory assigned to process): 250M, peak: 265M
current process commit charge ("private bytes"): 287M, peak: 300M

vm_info: OpenJDK 64-Bit Server VM (21.0.8+-14196175-b1038.72) for windows-amd64 JRE (21.0.8+-14196175-b1038.72), built on 2025-10-01T10:24:33Z by "builder" with MS VC++ 16.10 / 16.11 (VS2019)

END.
