#
# There is insufficient memory for the Java Runtime Environment to continue.
# Native memory allocation (mmap) failed to map 98566144 bytes. Error detail: G1 virtual space
# Possible reasons:
#   The system is out of physical RAM or swap space
#   This process is running with CompressedOops enabled, and the Java Heap may be blocking the growth of the native heap
# Possible solutions:
#   Reduce memory load on the system
#   Increase physical memory or swap space
#   Check if swap backing store is full
#   Decrease Java heap size (-Xmx/-Xms)
#   Decrease number of Java threads
#   Decrease Java thread stack sizes (-Xss)
#   Set larger code cache with -XX:ReservedCodeCacheSize=
#   JVM is running with Zero Based Compressed Oops mode in which the Java heap is
#     placed in the first 32GB address space. The Java Heap base address is the
#     maximum limit for the native heap growth. Please use -XX:HeapBaseMinAddress
#     to set the Java Heap base and to place the Java Heap above 32GB virtual address.
# This output file may be truncated or incomplete.
#
#  Out of Memory Error (os_windows.cpp:3925), pid=17600, tid=18172
#
# JRE version: OpenJDK Runtime Environment (21.0.8) (build 21.0.8+-14196175-b1038.72)
# Java VM: OpenJDK 64-Bit Server VM (21.0.8+-14196175-b1038.72, mixed mode, tiered, compressed oops, compressed class ptrs, g1 gc, windows-amd64)
# No core dump will be written. Minidumps are not enabled by default on client versions of Windows
#

---------------  S U M M A R Y ------------

Command Line: -XX:MaxMetaspaceSize=1024m -XX:ReservedCodeCacheSize=256m -XX:+HeapDumpOnOutOfMemoryError --add-opens=java.base/java.util=ALL-UNNAMED --add-opens=java.base/java.lang=ALL-UNNAMED --add-opens=java.base/java.lang.invoke=ALL-UNNAMED --add-opens=java.prefs/java.util.prefs=ALL-UNNAMED --add-exports=jdk.compiler/com.sun.tools.javac.api=ALL-UNNAMED --add-exports=jdk.compiler/com.sun.tools.javac.util=ALL-UNNAMED --add-opens=java.base/java.nio.charset=ALL-UNNAMED --add-opens=java.base/java.net=ALL-UNNAMED --add-opens=java.base/java.util.concurrent.atomic=ALL-UNNAMED -Xmx4096m -Dfile.encoding=UTF-8 -Duser.country=IN -Duser.language=en -Duser.variant -javaagent:C:\Users\91723\.gradle\wrapper\dists\gradle-8.9-bin\90cnw93cvbtalezasaz0blq0a\gradle-8.9\lib\agents\gradle-instrumentation-agent-8.9.jar org.gradle.launcher.daemon.bootstrap.GradleDaemon 8.9

Host: Intel(R) Core(TM) i5-8250U CPU @ 1.60GHz, 8 cores, 7G,  Windows 11 , 64 bit Build 26100 (10.0.26100.7309)
Time: Sun Dec  7 02:57:44 2025 India Standard Time elapsed time: 22.860886 seconds (0d 0h 0m 22s)

---------------  T H R E A D  ---------------

Current thread (0x0000016ee6c33e40):  VMThread "VM Thread"          [id=18172, stack(0x0000000d49400000,0x0000000d49500000) (1024K)]

Stack: [0x0000000d49400000,0x0000000d49500000]
Native frames: (J=compiled Java code, j=interpreted, Vv=VM code, C=native code)
V  [jvm.dll+0x6d68d9]
V  [jvm.dll+0x866693]
V  [jvm.dll+0x868c4e]
V  [jvm.dll+0x869333]
V  [jvm.dll+0x280566]
V  [jvm.dll+0x6d3195]
V  [jvm.dll+0x6c69ea]
V  [jvm.dll+0x3586db]
V  [jvm.dll+0x360336]
V  [jvm.dll+0x3b23f6]
V  [jvm.dll+0x3b26c8]
V  [jvm.dll+0x32ae6c]
V  [jvm.dll+0x32aef7]
V  [jvm.dll+0x370d3c]
V  [jvm.dll+0x36f4ee]
V  [jvm.dll+0x32a5c1]
V  [jvm.dll+0x36ebf0]
V  [jvm.dll+0x86f0b8]
V  [jvm.dll+0x870434]
V  [jvm.dll+0x870970]
V  [jvm.dll+0x870c03]
V  [jvm.dll+0x80eac8]
V  [jvm.dll+0x6d512d]
C  [ucrtbase.dll+0x37b0]
C  [KERNEL32.DLL+0x2e8d7]
C  [ntdll.dll+0x8c53c]

VM_Operation (0x0000000d4adf6890): G1CollectForAllocation, mode: safepoint, requested by thread 0x0000016eeccc9120


---------------  P R O C E S S  ---------------

Threads class SMR info:
_java_thread_list=0x0000016ef2575d30, length=34, elements={
0x0000016ecbd825e0, 0x0000016eeb042210, 0x0000016eeb05dd30, 0x0000016eeb069f20,
0x0000016eeb082f90, 0x0000016eeb0839f0, 0x0000016eeb085fd0, 0x0000016eeb06b4f0,
0x0000016eeb06cea0, 0x0000016eeb06fb90, 0x0000016eeb413cf0, 0x0000016eecd0e280,
0x0000016eecbef130, 0x0000016eecb101f0, 0x0000016eed018e10, 0x0000016eecf92040,
0x0000016eecca6830, 0x0000016eeccc9120, 0x0000016eed076240, 0x0000016eed0768d0,
0x0000016eed074170, 0x0000016eed075bb0, 0x0000016eed074e90, 0x0000016eed074800,
0x0000016eed076f60, 0x0000016eed0775f0, 0x0000016eeed64bb0, 0x0000016eeed63800,
0x0000016eeed63e90, 0x0000016eeed63170, 0x0000016eeed65240, 0x0000016eeed65f60,
0x0000016eee20d440, 0x0000016eeb4f0d30
}

Java Threads: ( => current thread )
  0x0000016ecbd825e0 JavaThread "main"                              [_thread_blocked, id=6576, stack(0x0000000d48d00000,0x0000000d48e00000) (1024K)]
  0x0000016eeb042210 JavaThread "Common-Cleaner"             daemon [_thread_blocked, id=2932, stack(0x0000000d49500000,0x0000000d49600000) (1024K)]
  0x0000016eeb05dd30 JavaThread "Reference Handler"          daemon [_thread_blocked, id=3204, stack(0x0000000d49600000,0x0000000d49700000) (1024K)]
  0x0000016eeb069f20 JavaThread "Finalizer"                  daemon [_thread_blocked, id=10396, stack(0x0000000d49700000,0x0000000d49800000) (1024K)]
  0x0000016eeb082f90 JavaThread "Signal Dispatcher"          daemon [_thread_blocked, id=14512, stack(0x0000000d49800000,0x0000000d49900000) (1024K)]
  0x0000016eeb0839f0 JavaThread "Attach Listener"            daemon [_thread_blocked, id=11420, stack(0x0000000d49900000,0x0000000d49a00000) (1024K)]
  0x0000016eeb085fd0 JavaThread "Service Thread"             daemon [_thread_blocked, id=15720, stack(0x0000000d49a00000,0x0000000d49b00000) (1024K)]
  0x0000016eeb06b4f0 JavaThread "Monitor Deflation Thread"   daemon [_thread_blocked, id=16788, stack(0x0000000d49b00000,0x0000000d49c00000) (1024K)]
  0x0000016eeb06cea0 JavaThread "C2 CompilerThread0"         daemon [_thread_blocked, id=12080, stack(0x0000000d49c00000,0x0000000d49d00000) (1024K)]
  0x0000016eeb06fb90 JavaThread "C1 CompilerThread0"         daemon [_thread_blocked, id=2556, stack(0x0000000d49d00000,0x0000000d49e00000) (1024K)]
  0x0000016eeb413cf0 JavaThread "Notification Thread"        daemon [_thread_blocked, id=7568, stack(0x0000000d49e00000,0x0000000d49f00000) (1024K)]
  0x0000016eecd0e280 JavaThread "Daemon health stats"               [_thread_blocked, id=4784, stack(0x0000000d4a400000,0x0000000d4a500000) (1024K)]
  0x0000016eecbef130 JavaThread "Incoming local TCP Connector on port 55267"        [_thread_in_native, id=19508, stack(0x0000000d4a500000,0x0000000d4a600000) (1024K)]
  0x0000016eecb101f0 JavaThread "Daemon periodic checks"            [_thread_blocked, id=12560, stack(0x0000000d4a900000,0x0000000d4aa00000) (1024K)]
  0x0000016eed018e10 JavaThread "Daemon"                            [_thread_blocked, id=6716, stack(0x0000000d4aa00000,0x0000000d4ab00000) (1024K)]
  0x0000016eecf92040 JavaThread "Handler for socket connection from /127.0.0.1:55267 to /127.0.0.1:55268"        [_thread_in_native, id=4600, stack(0x0000000d4ab00000,0x0000000d4ac00000) (1024K)]
  0x0000016eecca6830 JavaThread "Cancel handler"                    [_thread_blocked, id=16860, stack(0x0000000d4ac00000,0x0000000d4ad00000) (1024K)]
  0x0000016eeccc9120 JavaThread "Daemon worker"                     [_thread_blocked, id=16736, stack(0x0000000d4ad00000,0x0000000d4ae00000) (1024K)]
  0x0000016eed076240 JavaThread "Asynchronous log dispatcher for DefaultDaemonConnection: socket connection from /127.0.0.1:55267 to /127.0.0.1:55268"        [_thread_blocked, id=2596, stack(0x0000000d4ae00000,0x0000000d4af00000) (1024K)]
  0x0000016eed0768d0 JavaThread "Stdin handler"                     [_thread_blocked, id=6828, stack(0x0000000d4af00000,0x0000000d4b000000) (1024K)]
  0x0000016eed074170 JavaThread "Daemon client event forwarder"        [_thread_blocked, id=6468, stack(0x0000000d4b000000,0x0000000d4b100000) (1024K)]
  0x0000016eed075bb0 JavaThread "Cache worker for journal cache (C:\Users\91723\.gradle\caches\journal-1)"        [_thread_blocked, id=20096, stack(0x0000000d4b200000,0x0000000d4b300000) (1024K)]
  0x0000016eed074e90 JavaThread "File lock request listener"        [_thread_in_native, id=21244, stack(0x0000000d4b300000,0x0000000d4b400000) (1024K)]
  0x0000016eed074800 JavaThread "Cache worker for file hash cache (C:\Users\91723\.gradle\caches\8.9\fileHashes)"        [_thread_blocked, id=5956, stack(0x0000000d4b400000,0x0000000d4b500000) (1024K)]
  0x0000016eed076f60 JavaThread "Cache worker for file hash cache (C:\lifemap\android\.gradle\8.9\fileHashes)"        [_thread_blocked, id=20448, stack(0x0000000d4b500000,0x0000000d4b600000) (1024K)]
  0x0000016eed0775f0 JavaThread "Cache worker for Build Output Cleanup Cache (C:\lifemap\android\.gradle\buildOutputCleanup)"        [_thread_blocked, id=13024, stack(0x0000000d4b600000,0x0000000d4b700000) (1024K)]
  0x0000016eeed64bb0 JavaThread "File watcher server"        daemon [_thread_in_native, id=18148, stack(0x0000000d4b700000,0x0000000d4b800000) (1024K)]
  0x0000016eeed63800 JavaThread "File watcher consumer"      daemon [_thread_blocked, id=13712, stack(0x0000000d4b800000,0x0000000d4b900000) (1024K)]
  0x0000016eeed63e90 JavaThread "Cache worker for checksums cache (C:\lifemap\android\.gradle\8.9\checksums)"        [_thread_blocked, id=16568, stack(0x0000000d4b900000,0x0000000d4ba00000) (1024K)]
  0x0000016eeed63170 JavaThread "Cache worker for file content cache (C:\Users\91723\.gradle\caches\8.9\fileContent)"        [_thread_blocked, id=18380, stack(0x0000000d4ba00000,0x0000000d4bb00000) (1024K)]
  0x0000016eeed65240 JavaThread "Cache worker for cache directory md-rule (C:\Users\91723\.gradle\caches\8.9\md-rule)"        [_thread_blocked, id=11068, stack(0x0000000d4bb00000,0x0000000d4bc00000) (1024K)]
  0x0000016eeed65f60 JavaThread "Cache worker for cache directory md-supplier (C:\Users\91723\.gradle\caches\8.9\md-supplier)"        [_thread_blocked, id=4292, stack(0x0000000d4bc00000,0x0000000d4bd00000) (1024K)]
  0x0000016eee20d440 JavaThread "C2 CompilerThread1"         daemon [_thread_blocked, id=21400, stack(0x0000000d49f00000,0x0000000d4a000000) (1024K)]
  0x0000016eeb4f0d30 JavaThread "C2 CompilerThread2"         daemon [_thread_blocked, id=18348, stack(0x0000000d4bd00000,0x0000000d4be00000) (1024K)]
Total: 34

Other Threads:
=>0x0000016ee6c33e40 VMThread "VM Thread"                           [id=18172, stack(0x0000000d49400000,0x0000000d49500000) (1024K)]
  0x0000016ee6becec0 WatcherThread "VM Periodic Task Thread"        [id=16132, stack(0x0000000d49300000,0x0000000d49400000) (1024K)]
  0x0000016ecbdea500 WorkerThread "GC Thread#0"                     [id=18552, stack(0x0000000d48e00000,0x0000000d48f00000) (1024K)]
  0x0000016eeb8f8f70 WorkerThread "GC Thread#1"                     [id=16088, stack(0x0000000d4a000000,0x0000000d4a100000) (1024K)]
  0x0000016eeb8c9630 WorkerThread "GC Thread#2"                     [id=3152, stack(0x0000000d4a100000,0x0000000d4a200000) (1024K)]
  0x0000016eeb933980 WorkerThread "GC Thread#3"                     [id=16692, stack(0x0000000d4a200000,0x0000000d4a300000) (1024K)]
  0x0000016eec57e090 WorkerThread "GC Thread#4"                     [id=19800, stack(0x0000000d4a300000,0x0000000d4a400000) (1024K)]
  0x0000016eecf92f20 WorkerThread "GC Thread#5"                     [id=5936, stack(0x0000000d4a600000,0x0000000d4a700000) (1024K)]
  0x0000016eecf6a090 WorkerThread "GC Thread#6"                     [id=14600, stack(0x0000000d4a700000,0x0000000d4a800000) (1024K)]
  0x0000016eed119670 WorkerThread "GC Thread#7"                     [id=8916, stack(0x0000000d4a800000,0x0000000d4a900000) (1024K)]
  0x0000016ecbdfd240 ConcurrentGCThread "G1 Main Marker"            [id=21144, stack(0x0000000d48f00000,0x0000000d49000000) (1024K)]
  0x0000016ecbdffc10 WorkerThread "G1 Conc#0"                       [id=19904, stack(0x0000000d49000000,0x0000000d49100000) (1024K)]
  0x0000016eed118b90 WorkerThread "G1 Conc#1"                       [id=16540, stack(0x0000000d4b100000,0x0000000d4b200000) (1024K)]
  0x0000016ecbe3e660 ConcurrentGCThread "G1 Refine#0"               [id=4252, stack(0x0000000d49100000,0x0000000d49200000) (1024K)]
  0x0000016ee6abdd10 ConcurrentGCThread "G1 Service"                [id=4684, stack(0x0000000d49200000,0x0000000d49300000) (1024K)]
Total: 15

Threads with active compile tasks:
C2 CompilerThread0  22900 5859       4       org.objectweb.asm.ClassReader::readCode (5117 bytes)
C2 CompilerThread1  22900 6046       4       org.objectweb.asm.ClassReader::readParameterAnnotations (106 bytes)
C2 CompilerThread2  22900 6030       4       org.objectweb.asm.MethodWriter::visitLabel (332 bytes)
Total: 3

VM state: at safepoint (normal execution)

VM Mutex/Monitor currently owned by a thread:  ([mutex/lock_event])
[0x00007ff9b1cd85b8] Threads_lock - owner thread: 0x0000016ee6c33e40
[0x00007ff9b1cd86b8] Heap_lock - owner thread: 0x0000016eeccc9120

Heap address: 0x0000000700000000, size: 4096 MB, Compressed Oops mode: Zero based, Oop shift amount: 3

CDS archive(s) not mapped
Compressed class space mapped at: 0x0000000800000000-0x0000000834000000, reserved size: 872415232
Narrow klass base: 0x0000000800000000, Narrow klass shift: 0, Narrow klass range: 0x34000000

GC Precious Log:
 CardTable entry size: 512
 Card Set container configuration: InlinePtr #cards 4 size 8 Array Of Cards #cards 16 size 48 Howl #buckets 8 coarsen threshold 3686 Howl Bitmap #cards 512 size 80 coarsen threshold 460 Card regions per heap region 1 cards per card region 4096
 CPUs: 8 total, 8 available
 Memory: 8083M
 Large Page Support: Disabled
 NUMA Support: Disabled
 Compressed Oops: Enabled (Zero based)
 Heap Region Size: 2M
 Heap Min Capacity: 8M
 Heap Initial Capacity: 128M
 Heap Max Capacity: 4G
 Pre-touch: Disabled
 Parallel Workers: 8
 Concurrent Workers: 2
 Concurrent Refinement Workers: 8
 Periodic GC: Disabled

Heap:
 garbage-first heap   total 477184K, used 62181K [0x0000000700000000, 0x0000000800000000)
  region size 2048K, 5 young (10240K), 5 survivors (10240K)
 Metaspace       used 49796K, committed 51008K, reserved 917504K
  class space    used 6677K, committed 7296K, reserved 851968K

Heap Regions: E=young(eden), S=young(survivor), O=old, HS=humongous(starts), HC=humongous(continues), CS=collection set, F=free, TAMS=top-at-mark-start, PB=parsable bottom
|   0|0x0000000700000000, 0x0000000700200000, 0x0000000700200000|100%| O|  |TAMS 0x0000000700000000| PB 0x0000000700000000| Untracked 
|   1|0x0000000700200000, 0x0000000700400000, 0x0000000700400000|100%|HS|  |TAMS 0x0000000700200000| PB 0x0000000700200000| Complete 
|   2|0x0000000700400000, 0x0000000700600000, 0x0000000700600000|100%|HC|  |TAMS 0x0000000700400000| PB 0x0000000700400000| Complete 
|   3|0x0000000700600000, 0x0000000700800000, 0x0000000700800000|100%| O|  |TAMS 0x0000000700600000| PB 0x0000000700600000| Untracked 
|   4|0x0000000700800000, 0x0000000700a00000, 0x0000000700a00000|100%| O|  |TAMS 0x0000000700800000| PB 0x0000000700800000| Untracked 
|   5|0x0000000700a00000, 0x0000000700c00000, 0x0000000700c00000|100%| O|  |TAMS 0x0000000700a00000| PB 0x0000000700a00000| Untracked 
|   6|0x0000000700c00000, 0x0000000700e00000, 0x0000000700e00000|100%| O|  |TAMS 0x0000000700c00000| PB 0x0000000700c00000| Untracked 
|   7|0x0000000700e00000, 0x0000000701000000, 0x0000000701000000|100%| O|  |TAMS 0x0000000700e00000| PB 0x0000000700e00000| Untracked 
|   8|0x0000000701000000, 0x0000000701200000, 0x0000000701200000|100%| O|  |TAMS 0x0000000701000000| PB 0x0000000701000000| Untracked 
|   9|0x0000000701200000, 0x0000000701400000, 0x0000000701400000|100%| O|  |TAMS 0x0000000701200000| PB 0x0000000701200000| Untracked 
|  10|0x0000000701400000, 0x0000000701600000, 0x0000000701600000|100%| O|  |TAMS 0x0000000701400000| PB 0x0000000701400000| Untracked 
|  11|0x0000000701600000, 0x0000000701800000, 0x0000000701800000|100%| O|  |TAMS 0x0000000701600000| PB 0x0000000701600000| Untracked 
|  12|0x0000000701800000, 0x0000000701a00000, 0x0000000701a00000|100%| O|  |TAMS 0x0000000701800000| PB 0x0000000701800000| Untracked 
|  13|0x0000000701a00000, 0x0000000701c00000, 0x0000000701c00000|100%| O|  |TAMS 0x0000000701a00000| PB 0x0000000701a00000| Untracked 
|  14|0x0000000701c00000, 0x0000000701e00000, 0x0000000701e00000|100%| O|  |TAMS 0x0000000701c00000| PB 0x0000000701c00000| Untracked 
|  15|0x0000000701e00000, 0x0000000702000000, 0x0000000702000000|100%| O|  |TAMS 0x0000000701e00000| PB 0x0000000701e00000| Untracked 
|  16|0x0000000702000000, 0x0000000702200000, 0x0000000702200000|100%| O|  |TAMS 0x0000000702000000| PB 0x0000000702000000| Untracked 
|  17|0x0000000702200000, 0x0000000702400000, 0x0000000702400000|100%| O|  |TAMS 0x0000000702200000| PB 0x0000000702200000| Untracked 
|  18|0x0000000702400000, 0x0000000702600000, 0x0000000702600000|100%| O|  |TAMS 0x0000000702400000| PB 0x0000000702400000| Untracked 
|  19|0x0000000702600000, 0x0000000702800000, 0x0000000702800000|100%| O|  |TAMS 0x0000000702600000| PB 0x0000000702600000| Untracked 
|  20|0x0000000702800000, 0x00000007028dec20, 0x0000000702a00000| 43%| O|  |TAMS 0x0000000702800000| PB 0x0000000702800000| Untracked 
|  21|0x0000000702a00000, 0x0000000702c00000, 0x0000000702c00000|100%|HS|  |TAMS 0x0000000702a00000| PB 0x0000000702a00000| Complete 
|  22|0x0000000702c00000, 0x0000000702e00000, 0x0000000702e00000|100%|HC|  |TAMS 0x0000000702c00000| PB 0x0000000702c00000| Complete 
|  23|0x0000000702e00000, 0x0000000703000000, 0x0000000703000000|100%|HC|  |TAMS 0x0000000702e00000| PB 0x0000000702e00000| Complete 
|  24|0x0000000703000000, 0x0000000703000000, 0x0000000703200000|  0%| F|  |TAMS 0x0000000703000000| PB 0x0000000703000000| Untracked 
|  25|0x0000000703200000, 0x0000000703200000, 0x0000000703400000|  0%| F|  |TAMS 0x0000000703200000| PB 0x0000000703200000| Untracked 
|  26|0x0000000703400000, 0x0000000703400000, 0x0000000703600000|  0%| F|  |TAMS 0x0000000703400000| PB 0x0000000703400000| Untracked 
|  27|0x0000000703600000, 0x0000000703600000, 0x0000000703800000|  0%| F|  |TAMS 0x0000000703600000| PB 0x0000000703600000| Untracked 
|  28|0x0000000703800000, 0x0000000703800000, 0x0000000703a00000|  0%| F|  |TAMS 0x0000000703800000| PB 0x0000000703800000| Untracked 
|  29|0x0000000703a00000, 0x0000000703a00000, 0x0000000703c00000|  0%| F|  |TAMS 0x0000000703a00000| PB 0x0000000703a00000| Untracked 
|  30|0x0000000703c00000, 0x0000000703c00000, 0x0000000703e00000|  0%| F|  |TAMS 0x0000000703c00000| PB 0x0000000703c00000| Untracked 
|  31|0x0000000703e00000, 0x0000000703e00000, 0x0000000704000000|  0%| F|  |TAMS 0x0000000703e00000| PB 0x0000000703e00000| Untracked 
|  32|0x0000000704000000, 0x0000000704000000, 0x0000000704200000|  0%| F|  |TAMS 0x0000000704000000| PB 0x0000000704000000| Untracked 
|  33|0x0000000704200000, 0x0000000704200000, 0x0000000704400000|  0%| F|  |TAMS 0x0000000704200000| PB 0x0000000704200000| Untracked 
|  34|0x0000000704400000, 0x0000000704400000, 0x0000000704600000|  0%| F|  |TAMS 0x0000000704400000| PB 0x0000000704400000| Untracked 
|  35|0x0000000704600000, 0x0000000704600000, 0x0000000704800000|  0%| F|  |TAMS 0x0000000704600000| PB 0x0000000704600000| Untracked 
|  36|0x0000000704800000, 0x0000000704800000, 0x0000000704a00000|  0%| F|  |TAMS 0x0000000704800000| PB 0x0000000704800000| Untracked 
|  37|0x0000000704a00000, 0x0000000704a00000, 0x0000000704c00000|  0%| F|  |TAMS 0x0000000704a00000| PB 0x0000000704a00000| Untracked 
|  38|0x0000000704c00000, 0x0000000704c00000, 0x0000000704e00000|  0%| F|  |TAMS 0x0000000704c00000| PB 0x0000000704c00000| Untracked 
|  39|0x0000000704e00000, 0x0000000704e00000, 0x0000000705000000|  0%| F|  |TAMS 0x0000000704e00000| PB 0x0000000704e00000| Untracked 
|  40|0x0000000705000000, 0x0000000705000000, 0x0000000705200000|  0%| F|  |TAMS 0x0000000705000000| PB 0x0000000705000000| Untracked 
|  41|0x0000000705200000, 0x0000000705200000, 0x0000000705400000|  0%| F|  |TAMS 0x0000000705200000| PB 0x0000000705200000| Untracked 
|  42|0x0000000705400000, 0x0000000705400000, 0x0000000705600000|  0%| F|  |TAMS 0x0000000705400000| PB 0x0000000705400000| Untracked 
|  43|0x0000000705600000, 0x0000000705600000, 0x0000000705800000|  0%| F|  |TAMS 0x0000000705600000| PB 0x0000000705600000| Untracked 
|  44|0x0000000705800000, 0x0000000705800000, 0x0000000705a00000|  0%| F|  |TAMS 0x0000000705800000| PB 0x0000000705800000| Untracked 
|  45|0x0000000705a00000, 0x0000000705a00000, 0x0000000705c00000|  0%| F|  |TAMS 0x0000000705a00000| PB 0x0000000705a00000| Untracked 
|  46|0x0000000705c00000, 0x0000000705c00000, 0x0000000705e00000|  0%| F|  |TAMS 0x0000000705c00000| PB 0x0000000705c00000| Untracked 
|  47|0x0000000705e00000, 0x0000000705e00000, 0x0000000706000000|  0%| F|  |TAMS 0x0000000705e00000| PB 0x0000000705e00000| Untracked 
|  48|0x0000000706000000, 0x0000000706000000, 0x0000000706200000|  0%| F|  |TAMS 0x0000000706000000| PB 0x0000000706000000| Untracked 
|  49|0x0000000706200000, 0x0000000706200000, 0x0000000706400000|  0%| F|  |TAMS 0x0000000706200000| PB 0x0000000706200000| Untracked 
|  50|0x0000000706400000, 0x0000000706400000, 0x0000000706600000|  0%| F|  |TAMS 0x0000000706400000| PB 0x0000000706400000| Untracked 
|  51|0x0000000706600000, 0x0000000706600000, 0x0000000706800000|  0%| F|  |TAMS 0x0000000706600000| PB 0x0000000706600000| Untracked 
|  52|0x0000000706800000, 0x0000000706800000, 0x0000000706a00000|  0%| F|  |TAMS 0x0000000706800000| PB 0x0000000706800000| Untracked 
|  53|0x0000000706a00000, 0x0000000706a00000, 0x0000000706c00000|  0%| F|  |TAMS 0x0000000706a00000| PB 0x0000000706a00000| Untracked 
|  54|0x0000000706c00000, 0x0000000706c00000, 0x0000000706e00000|  0%| F|  |TAMS 0x0000000706c00000| PB 0x0000000706c00000| Untracked 
|  55|0x0000000706e00000, 0x0000000706e00000, 0x0000000707000000|  0%| F|  |TAMS 0x0000000706e00000| PB 0x0000000706e00000| Untracked 
|  56|0x0000000707000000, 0x0000000707000000, 0x0000000707200000|  0%| F|  |TAMS 0x0000000707000000| PB 0x0000000707000000| Untracked 
|  57|0x0000000707200000, 0x0000000707200000, 0x0000000707400000|  0%| F|  |TAMS 0x0000000707200000| PB 0x0000000707200000| Untracked 
|  58|0x0000000707400000, 0x0000000707400000, 0x0000000707600000|  0%| F|  |TAMS 0x0000000707400000| PB 0x0000000707400000| Untracked 
|  59|0x0000000707600000, 0x0000000707600000, 0x0000000707800000|  0%| F|  |TAMS 0x0000000707600000| PB 0x0000000707600000| Untracked 
|  60|0x0000000707800000, 0x0000000707800000, 0x0000000707a00000|  0%| F|  |TAMS 0x0000000707800000| PB 0x0000000707800000| Untracked 
|  61|0x0000000707a00000, 0x0000000707a00000, 0x0000000707c00000|  0%| F|  |TAMS 0x0000000707a00000| PB 0x0000000707a00000| Untracked 
|  62|0x0000000707c00000, 0x0000000707c00000, 0x0000000707e00000|  0%| F|  |TAMS 0x0000000707c00000| PB 0x0000000707c00000| Untracked 
|  63|0x0000000707e00000, 0x0000000707e00000, 0x0000000708000000|  0%| F|  |TAMS 0x0000000707e00000| PB 0x0000000707e00000| Untracked 
|  64|0x0000000708000000, 0x0000000708000000, 0x0000000708200000|  0%| F|  |TAMS 0x0000000708000000| PB 0x0000000708000000| Untracked 
|  65|0x0000000708200000, 0x0000000708200000, 0x0000000708400000|  0%| F|  |TAMS 0x0000000708200000| PB 0x0000000708200000| Untracked 
|  66|0x0000000708400000, 0x0000000708400000, 0x0000000708600000|  0%| F|  |TAMS 0x0000000708400000| PB 0x0000000708400000| Untracked 
|  67|0x0000000708600000, 0x0000000708600000, 0x0000000708800000|  0%| F|  |TAMS 0x0000000708600000| PB 0x0000000708600000| Untracked 
|  68|0x0000000708800000, 0x0000000708800000, 0x0000000708a00000|  0%| F|  |TAMS 0x0000000708800000| PB 0x0000000708800000| Untracked 
|  69|0x0000000708a00000, 0x0000000708a00000, 0x0000000708c00000|  0%| F|  |TAMS 0x0000000708a00000| PB 0x0000000708a00000| Untracked 
|  70|0x0000000708c00000, 0x0000000708c00000, 0x0000000708e00000|  0%| F|  |TAMS 0x0000000708c00000| PB 0x0000000708c00000| Untracked 
|  71|0x0000000708e00000, 0x0000000708e00000, 0x0000000709000000|  0%| F|  |TAMS 0x0000000708e00000| PB 0x0000000708e00000| Untracked 
|  72|0x0000000709000000, 0x0000000709000000, 0x0000000709200000|  0%| F|  |TAMS 0x0000000709000000| PB 0x0000000709000000| Untracked 
|  73|0x0000000709200000, 0x0000000709200000, 0x0000000709400000|  0%| F|  |TAMS 0x0000000709200000| PB 0x0000000709200000| Untracked 
|  74|0x0000000709400000, 0x0000000709400000, 0x0000000709600000|  0%| F|  |TAMS 0x0000000709400000| PB 0x0000000709400000| Untracked 
|  75|0x0000000709600000, 0x0000000709600000, 0x0000000709800000|  0%| F|  |TAMS 0x0000000709600000| PB 0x0000000709600000| Untracked 
|  76|0x0000000709800000, 0x0000000709800000, 0x0000000709a00000|  0%| F|  |TAMS 0x0000000709800000| PB 0x0000000709800000| Untracked 
|  77|0x0000000709a00000, 0x0000000709a00000, 0x0000000709c00000|  0%| F|  |TAMS 0x0000000709a00000| PB 0x0000000709a00000| Untracked 
|  78|0x0000000709c00000, 0x0000000709c00000, 0x0000000709e00000|  0%| F|  |TAMS 0x0000000709c00000| PB 0x0000000709c00000| Untracked 
|  79|0x0000000709e00000, 0x0000000709e00000, 0x000000070a000000|  0%| F|  |TAMS 0x0000000709e00000| PB 0x0000000709e00000| Untracked 
|  80|0x000000070a000000, 0x000000070a000000, 0x000000070a200000|  0%| F|  |TAMS 0x000000070a000000| PB 0x000000070a000000| Untracked 
|  81|0x000000070a200000, 0x000000070a200000, 0x000000070a400000|  0%| F|  |TAMS 0x000000070a200000| PB 0x000000070a200000| Untracked 
|  82|0x000000070a400000, 0x000000070a400000, 0x000000070a600000|  0%| F|  |TAMS 0x000000070a400000| PB 0x000000070a400000| Untracked 
|  83|0x000000070a600000, 0x000000070a600000, 0x000000070a800000|  0%| F|  |TAMS 0x000000070a600000| PB 0x000000070a600000| Untracked 
|  84|0x000000070a800000, 0x000000070a800000, 0x000000070aa00000|  0%| F|  |TAMS 0x000000070a800000| PB 0x000000070a800000| Untracked 
|  85|0x000000070aa00000, 0x000000070aa00000, 0x000000070ac00000|  0%| F|  |TAMS 0x000000070aa00000| PB 0x000000070aa00000| Untracked 
|  86|0x000000070ac00000, 0x000000070ac00000, 0x000000070ae00000|  0%| F|  |TAMS 0x000000070ac00000| PB 0x000000070ac00000| Untracked 
|  87|0x000000070ae00000, 0x000000070afdab28, 0x000000070b000000| 92%| S|CS|TAMS 0x000000070ae00000| PB 0x000000070ae00000| Complete 
|  88|0x000000070b000000, 0x000000070b200000, 0x000000070b200000|100%| S|CS|TAMS 0x000000070b000000| PB 0x000000070b000000| Complete 
|  89|0x000000070b200000, 0x000000070b400000, 0x000000070b400000|100%| S|CS|TAMS 0x000000070b200000| PB 0x000000070b200000| Complete 
|  90|0x000000070b400000, 0x000000070b600000, 0x000000070b600000|100%| S|CS|TAMS 0x000000070b400000| PB 0x000000070b400000| Complete 
|  91|0x000000070b600000, 0x000000070b600000, 0x000000070b800000|  0%| F|  |TAMS 0x000000070b600000| PB 0x000000070b600000| Untracked 
|  92|0x000000070b800000, 0x000000070b800000, 0x000000070ba00000|  0%| F|  |TAMS 0x000000070b800000| PB 0x000000070b800000| Untracked 
|  93|0x000000070ba00000, 0x000000070ba00000, 0x000000070bc00000|  0%| F|  |TAMS 0x000000070ba00000| PB 0x000000070ba00000| Untracked 
|  94|0x000000070bc00000, 0x000000070bc00000, 0x000000070be00000|  0%| F|  |TAMS 0x000000070bc00000| PB 0x000000070bc00000| Untracked 
|  95|0x000000070be00000, 0x000000070be00000, 0x000000070c000000|  0%| F|  |TAMS 0x000000070be00000| PB 0x000000070be00000| Untracked 
|  96|0x000000070c000000, 0x000000070c000000, 0x000000070c200000|  0%| F|  |TAMS 0x000000070c000000| PB 0x000000070c000000| Untracked 
|  97|0x000000070c200000, 0x000000070c200000, 0x000000070c400000|  0%| F|  |TAMS 0x000000070c200000| PB 0x000000070c200000| Untracked 
|  98|0x000000070c400000, 0x000000070c400000, 0x000000070c600000|  0%| F|  |TAMS 0x000000070c400000| PB 0x000000070c400000| Untracked 
|  99|0x000000070c600000, 0x000000070c600000, 0x000000070c800000|  0%| F|  |TAMS 0x000000070c600000| PB 0x000000070c600000| Untracked 
| 100|0x000000070c800000, 0x000000070ca00000, 0x000000070ca00000|100%| S|CS|TAMS 0x000000070c800000| PB 0x000000070c800000| Complete 
| 101|0x000000070ca00000, 0x000000070ca00000, 0x000000070cc00000|  0%| F|  |TAMS 0x000000070ca00000| PB 0x000000070ca00000| Untracked 
| 102|0x000000070cc00000, 0x000000070cc00000, 0x000000070ce00000|  0%| F|  |TAMS 0x000000070cc00000| PB 0x000000070cc00000| Untracked 
| 103|0x000000070ce00000, 0x000000070ce00000, 0x000000070d000000|  0%| F|  |TAMS 0x000000070ce00000| PB 0x000000070ce00000| Untracked 
| 104|0x000000070d000000, 0x000000070d000000, 0x000000070d200000|  0%| F|  |TAMS 0x000000070d000000| PB 0x000000070d000000| Untracked 
| 105|0x000000070d200000, 0x000000070d200000, 0x000000070d400000|  0%| F|  |TAMS 0x000000070d200000| PB 0x000000070d200000| Untracked 
| 106|0x000000070d400000, 0x000000070d400000, 0x000000070d600000|  0%| F|  |TAMS 0x000000070d400000| PB 0x000000070d400000| Untracked 
| 107|0x000000070d600000, 0x000000070d600000, 0x000000070d800000|  0%| F|  |TAMS 0x000000070d600000| PB 0x000000070d600000| Untracked 
| 108|0x000000070d800000, 0x000000070d800000, 0x000000070da00000|  0%| F|  |TAMS 0x000000070d800000| PB 0x000000070d800000| Untracked 
| 109|0x000000070da00000, 0x000000070da00000, 0x000000070dc00000|  0%| F|  |TAMS 0x000000070da00000| PB 0x000000070da00000| Untracked 
| 110|0x000000070dc00000, 0x000000070dc00000, 0x000000070de00000|  0%| F|  |TAMS 0x000000070dc00000| PB 0x000000070dc00000| Untracked 
| 111|0x000000070de00000, 0x000000070de00000, 0x000000070e000000|  0%| F|  |TAMS 0x000000070de00000| PB 0x000000070de00000| Untracked 
| 112|0x000000070e000000, 0x000000070e000000, 0x000000070e200000|  0%| F|  |TAMS 0x000000070e000000| PB 0x000000070e000000| Untracked 
| 113|0x000000070e200000, 0x000000070e200000, 0x000000070e400000|  0%| F|  |TAMS 0x000000070e200000| PB 0x000000070e200000| Untracked 
| 114|0x000000070e400000, 0x000000070e400000, 0x000000070e600000|  0%| F|  |TAMS 0x000000070e400000| PB 0x000000070e400000| Untracked 
| 115|0x000000070e600000, 0x000000070e600000, 0x000000070e800000|  0%| F|  |TAMS 0x000000070e600000| PB 0x000000070e600000| Untracked 
| 116|0x000000070e800000, 0x000000070e800000, 0x000000070ea00000|  0%| F|  |TAMS 0x000000070e800000| PB 0x000000070e800000| Untracked 
| 117|0x000000070ea00000, 0x000000070ea00000, 0x000000070ec00000|  0%| F|  |TAMS 0x000000070ea00000| PB 0x000000070ea00000| Untracked 
| 118|0x000000070ec00000, 0x000000070ec00000, 0x000000070ee00000|  0%| F|  |TAMS 0x000000070ec00000| PB 0x000000070ec00000| Untracked 
| 119|0x000000070ee00000, 0x000000070ee00000, 0x000000070f000000|  0%| F|  |TAMS 0x000000070ee00000| PB 0x000000070ee00000| Untracked 
| 120|0x000000070f000000, 0x000000070f000000, 0x000000070f200000|  0%| F|  |TAMS 0x000000070f000000| PB 0x000000070f000000| Untracked 
| 121|0x000000070f200000, 0x000000070f200000, 0x000000070f400000|  0%| F|  |TAMS 0x000000070f200000| PB 0x000000070f200000| Untracked 
| 122|0x000000070f400000, 0x000000070f400000, 0x000000070f600000|  0%| F|  |TAMS 0x000000070f400000| PB 0x000000070f400000| Untracked 
| 123|0x000000070f600000, 0x000000070f600000, 0x000000070f800000|  0%| F|  |TAMS 0x000000070f600000| PB 0x000000070f600000| Untracked 
| 124|0x000000070f800000, 0x000000070f800000, 0x000000070fa00000|  0%| F|  |TAMS 0x000000070f800000| PB 0x000000070f800000| Untracked 
| 125|0x000000070fa00000, 0x000000070fa00000, 0x000000070fc00000|  0%| F|  |TAMS 0x000000070fa00000| PB 0x000000070fa00000| Untracked 
| 126|0x000000070fc00000, 0x000000070fc00000, 0x000000070fe00000|  0%| F|  |TAMS 0x000000070fc00000| PB 0x000000070fc00000| Untracked 
| 127|0x000000070fe00000, 0x000000070fe00000, 0x0000000710000000|  0%| F|  |TAMS 0x000000070fe00000| PB 0x000000070fe00000| Untracked 
| 128|0x0000000710000000, 0x0000000710000000, 0x0000000710200000|  0%| F|  |TAMS 0x0000000710000000| PB 0x0000000710000000| Untracked 
| 129|0x0000000710200000, 0x0000000710200000, 0x0000000710400000|  0%| F|  |TAMS 0x0000000710200000| PB 0x0000000710200000| Untracked 
| 130|0x0000000710400000, 0x0000000710400000, 0x0000000710600000|  0%| F|  |TAMS 0x0000000710400000| PB 0x0000000710400000| Untracked 
| 131|0x0000000710600000, 0x0000000710600000, 0x0000000710800000|  0%| F|  |TAMS 0x0000000710600000| PB 0x0000000710600000| Untracked 
| 132|0x0000000710800000, 0x0000000710800000, 0x0000000710a00000|  0%| F|  |TAMS 0x0000000710800000| PB 0x0000000710800000| Untracked 
| 133|0x0000000710a00000, 0x0000000710a00000, 0x0000000710c00000|  0%| F|  |TAMS 0x0000000710a00000| PB 0x0000000710a00000| Untracked 
| 134|0x0000000710c00000, 0x0000000710c00000, 0x0000000710e00000|  0%| F|  |TAMS 0x0000000710c00000| PB 0x0000000710c00000| Untracked 
| 135|0x0000000710e00000, 0x0000000710e00000, 0x0000000711000000|  0%| F|  |TAMS 0x0000000710e00000| PB 0x0000000710e00000| Untracked 
| 136|0x0000000711000000, 0x0000000711000000, 0x0000000711200000|  0%| F|  |TAMS 0x0000000711000000| PB 0x0000000711000000| Untracked 
| 137|0x0000000711200000, 0x0000000711200000, 0x0000000711400000|  0%| F|  |TAMS 0x0000000711200000| PB 0x0000000711200000| Untracked 
| 138|0x0000000711400000, 0x0000000711400000, 0x0000000711600000|  0%| F|  |TAMS 0x0000000711400000| PB 0x0000000711400000| Untracked 
| 139|0x0000000711600000, 0x0000000711600000, 0x0000000711800000|  0%| F|  |TAMS 0x0000000711600000| PB 0x0000000711600000| Untracked 
| 140|0x0000000711800000, 0x0000000711800000, 0x0000000711a00000|  0%| F|  |TAMS 0x0000000711800000| PB 0x0000000711800000| Untracked 
| 141|0x0000000711a00000, 0x0000000711a00000, 0x0000000711c00000|  0%| F|  |TAMS 0x0000000711a00000| PB 0x0000000711a00000| Untracked 
| 142|0x0000000711c00000, 0x0000000711c00000, 0x0000000711e00000|  0%| F|  |TAMS 0x0000000711c00000| PB 0x0000000711c00000| Untracked 
| 143|0x0000000711e00000, 0x0000000711e00000, 0x0000000712000000|  0%| F|  |TAMS 0x0000000711e00000| PB 0x0000000711e00000| Untracked 
| 144|0x0000000712000000, 0x0000000712000000, 0x0000000712200000|  0%| F|  |TAMS 0x0000000712000000| PB 0x0000000712000000| Untracked 
| 145|0x0000000712200000, 0x0000000712200000, 0x0000000712400000|  0%| F|  |TAMS 0x0000000712200000| PB 0x0000000712200000| Untracked 
| 146|0x0000000712400000, 0x0000000712400000, 0x0000000712600000|  0%| F|  |TAMS 0x0000000712400000| PB 0x0000000712400000| Untracked 
| 147|0x0000000712600000, 0x0000000712600000, 0x0000000712800000|  0%| F|  |TAMS 0x0000000712600000| PB 0x0000000712600000| Untracked 
| 148|0x0000000712800000, 0x0000000712800000, 0x0000000712a00000|  0%| F|  |TAMS 0x0000000712800000| PB 0x0000000712800000| Untracked 
| 149|0x0000000712a00000, 0x0000000712a00000, 0x0000000712c00000|  0%| F|  |TAMS 0x0000000712a00000| PB 0x0000000712a00000| Untracked 
| 150|0x0000000712c00000, 0x0000000712c00000, 0x0000000712e00000|  0%| F|  |TAMS 0x0000000712c00000| PB 0x0000000712c00000| Untracked 
| 151|0x0000000712e00000, 0x0000000712e00000, 0x0000000713000000|  0%| F|  |TAMS 0x0000000712e00000| PB 0x0000000712e00000| Untracked 
| 152|0x0000000713000000, 0x0000000713000000, 0x0000000713200000|  0%| F|  |TAMS 0x0000000713000000| PB 0x0000000713000000| Untracked 
| 153|0x0000000713200000, 0x0000000713200000, 0x0000000713400000|  0%| F|  |TAMS 0x0000000713200000| PB 0x0000000713200000| Untracked 
| 154|0x0000000713400000, 0x0000000713400000, 0x0000000713600000|  0%| F|  |TAMS 0x0000000713400000| PB 0x0000000713400000| Untracked 
| 155|0x0000000713600000, 0x0000000713600000, 0x0000000713800000|  0%| F|  |TAMS 0x0000000713600000| PB 0x0000000713600000| Untracked 
| 156|0x0000000713800000, 0x0000000713800000, 0x0000000713a00000|  0%| F|  |TAMS 0x0000000713800000| PB 0x0000000713800000| Untracked 
| 157|0x0000000713a00000, 0x0000000713a00000, 0x0000000713c00000|  0%| F|  |TAMS 0x0000000713a00000| PB 0x0000000713a00000| Untracked 
| 158|0x0000000713c00000, 0x0000000713c00000, 0x0000000713e00000|  0%| F|  |TAMS 0x0000000713c00000| PB 0x0000000713c00000| Untracked 
| 159|0x0000000713e00000, 0x0000000713e00000, 0x0000000714000000|  0%| F|  |TAMS 0x0000000713e00000| PB 0x0000000713e00000| Untracked 
| 160|0x0000000714000000, 0x0000000714000000, 0x0000000714200000|  0%| F|  |TAMS 0x0000000714000000| PB 0x0000000714000000| Untracked 
| 161|0x0000000714200000, 0x0000000714200000, 0x0000000714400000|  0%| F|  |TAMS 0x0000000714200000| PB 0x0000000714200000| Untracked 
| 162|0x0000000714400000, 0x0000000714400000, 0x0000000714600000|  0%| F|  |TAMS 0x0000000714400000| PB 0x0000000714400000| Untracked 
| 163|0x0000000714600000, 0x0000000714600000, 0x0000000714800000|  0%| F|  |TAMS 0x0000000714600000| PB 0x0000000714600000| Untracked 
| 164|0x0000000714800000, 0x0000000714800000, 0x0000000714a00000|  0%| F|  |TAMS 0x0000000714800000| PB 0x0000000714800000| Untracked 
| 165|0x0000000714a00000, 0x0000000714a00000, 0x0000000714c00000|  0%| F|  |TAMS 0x0000000714a00000| PB 0x0000000714a00000| Untracked 
| 166|0x0000000714c00000, 0x0000000714c00000, 0x0000000714e00000|  0%| F|  |TAMS 0x0000000714c00000| PB 0x0000000714c00000| Untracked 
| 167|0x0000000714e00000, 0x0000000714e00000, 0x0000000715000000|  0%| F|  |TAMS 0x0000000714e00000| PB 0x0000000714e00000| Untracked 
| 168|0x0000000715000000, 0x0000000715000000, 0x0000000715200000|  0%| F|  |TAMS 0x0000000715000000| PB 0x0000000715000000| Untracked 
| 169|0x0000000715200000, 0x0000000715200000, 0x0000000715400000|  0%| F|  |TAMS 0x0000000715200000| PB 0x0000000715200000| Untracked 
| 170|0x0000000715400000, 0x0000000715400000, 0x0000000715600000|  0%| F|  |TAMS 0x0000000715400000| PB 0x0000000715400000| Untracked 
| 171|0x0000000715600000, 0x0000000715600000, 0x0000000715800000|  0%| F|  |TAMS 0x0000000715600000| PB 0x0000000715600000| Untracked 
| 172|0x0000000715800000, 0x0000000715800000, 0x0000000715a00000|  0%| F|  |TAMS 0x0000000715800000| PB 0x0000000715800000| Untracked 
| 173|0x0000000715a00000, 0x0000000715a00000, 0x0000000715c00000|  0%| F|  |TAMS 0x0000000715a00000| PB 0x0000000715a00000| Untracked 
| 174|0x0000000715c00000, 0x0000000715c00000, 0x0000000715e00000|  0%| F|  |TAMS 0x0000000715c00000| PB 0x0000000715c00000| Untracked 
| 175|0x0000000715e00000, 0x0000000715e00000, 0x0000000716000000|  0%| F|  |TAMS 0x0000000715e00000| PB 0x0000000715e00000| Untracked 
| 176|0x0000000716000000, 0x0000000716000000, 0x0000000716200000|  0%| F|  |TAMS 0x0000000716000000| PB 0x0000000716000000| Untracked 
| 177|0x0000000716200000, 0x0000000716200000, 0x0000000716400000|  0%| F|  |TAMS 0x0000000716200000| PB 0x0000000716200000| Untracked 
| 178|0x0000000716400000, 0x0000000716400000, 0x0000000716600000|  0%| F|  |TAMS 0x0000000716400000| PB 0x0000000716400000| Untracked 
| 179|0x0000000716600000, 0x0000000716600000, 0x0000000716800000|  0%| F|  |TAMS 0x0000000716600000| PB 0x0000000716600000| Untracked 
| 180|0x0000000716800000, 0x0000000716800000, 0x0000000716a00000|  0%| F|  |TAMS 0x0000000716800000| PB 0x0000000716800000| Untracked 
| 181|0x0000000716a00000, 0x0000000716a00000, 0x0000000716c00000|  0%| F|  |TAMS 0x0000000716a00000| PB 0x0000000716a00000| Untracked 
| 182|0x0000000716c00000, 0x0000000716c00000, 0x0000000716e00000|  0%| F|  |TAMS 0x0000000716c00000| PB 0x0000000716c00000| Untracked 
| 183|0x0000000716e00000, 0x0000000716e00000, 0x0000000717000000|  0%| F|  |TAMS 0x0000000716e00000| PB 0x0000000716e00000| Untracked 
| 184|0x0000000717000000, 0x0000000717000000, 0x0000000717200000|  0%| F|  |TAMS 0x0000000717000000| PB 0x0000000717000000| Untracked 
| 185|0x0000000717200000, 0x0000000717200000, 0x0000000717400000|  0%| F|  |TAMS 0x0000000717200000| PB 0x0000000717200000| Untracked 
| 186|0x0000000717400000, 0x0000000717400000, 0x0000000717600000|  0%| F|  |TAMS 0x0000000717400000| PB 0x0000000717400000| Untracked 
| 187|0x0000000717600000, 0x0000000717600000, 0x0000000717800000|  0%| F|  |TAMS 0x0000000717600000| PB 0x0000000717600000| Untracked 
| 188|0x0000000717800000, 0x0000000717800000, 0x0000000717a00000|  0%| F|  |TAMS 0x0000000717800000| PB 0x0000000717800000| Untracked 
| 189|0x0000000717a00000, 0x0000000717a00000, 0x0000000717c00000|  0%| F|  |TAMS 0x0000000717a00000| PB 0x0000000717a00000| Untracked 
| 190|0x0000000717c00000, 0x0000000717c00000, 0x0000000717e00000|  0%| F|  |TAMS 0x0000000717c00000| PB 0x0000000717c00000| Untracked 
| 191|0x0000000717e00000, 0x0000000717e00000, 0x0000000718000000|  0%| F|  |TAMS 0x0000000717e00000| PB 0x0000000717e00000| Untracked 
| 192|0x0000000718000000, 0x0000000718000000, 0x0000000718200000|  0%| F|  |TAMS 0x0000000718000000| PB 0x0000000718000000| Untracked 
| 193|0x0000000718200000, 0x0000000718200000, 0x0000000718400000|  0%| F|  |TAMS 0x0000000718200000| PB 0x0000000718200000| Untracked 
| 194|0x0000000718400000, 0x0000000718400000, 0x0000000718600000|  0%| F|  |TAMS 0x0000000718400000| PB 0x0000000718400000| Untracked 
| 195|0x0000000718600000, 0x0000000718600000, 0x0000000718800000|  0%| F|  |TAMS 0x0000000718600000| PB 0x0000000718600000| Untracked 
| 196|0x0000000718800000, 0x0000000718800000, 0x0000000718a00000|  0%| F|  |TAMS 0x0000000718800000| PB 0x0000000718800000| Untracked 
| 197|0x0000000718a00000, 0x0000000718a00000, 0x0000000718c00000|  0%| F|  |TAMS 0x0000000718a00000| PB 0x0000000718a00000| Untracked 
| 198|0x0000000718c00000, 0x0000000718c00000, 0x0000000718e00000|  0%| F|  |TAMS 0x0000000718c00000| PB 0x0000000718c00000| Untracked 
| 199|0x0000000718e00000, 0x0000000718e00000, 0x0000000719000000|  0%| F|  |TAMS 0x0000000718e00000| PB 0x0000000718e00000| Untracked 
| 200|0x0000000719000000, 0x0000000719000000, 0x0000000719200000|  0%| F|  |TAMS 0x0000000719000000| PB 0x0000000719000000| Untracked 
| 201|0x0000000719200000, 0x0000000719200000, 0x0000000719400000|  0%| F|  |TAMS 0x0000000719200000| PB 0x0000000719200000| Untracked 
| 202|0x0000000719400000, 0x0000000719400000, 0x0000000719600000|  0%| F|  |TAMS 0x0000000719400000| PB 0x0000000719400000| Untracked 
| 203|0x0000000719600000, 0x0000000719600000, 0x0000000719800000|  0%| F|  |TAMS 0x0000000719600000| PB 0x0000000719600000| Untracked 
| 204|0x0000000719800000, 0x0000000719800000, 0x0000000719a00000|  0%| F|  |TAMS 0x0000000719800000| PB 0x0000000719800000| Untracked 
| 205|0x0000000719a00000, 0x0000000719a00000, 0x0000000719c00000|  0%| F|  |TAMS 0x0000000719a00000| PB 0x0000000719a00000| Untracked 
| 206|0x0000000719c00000, 0x0000000719c00000, 0x0000000719e00000|  0%| F|  |TAMS 0x0000000719c00000| PB 0x0000000719c00000| Untracked 
| 207|0x0000000719e00000, 0x0000000719e00000, 0x000000071a000000|  0%| F|  |TAMS 0x0000000719e00000| PB 0x0000000719e00000| Untracked 
| 208|0x000000071a000000, 0x000000071a000000, 0x000000071a200000|  0%| F|  |TAMS 0x000000071a000000| PB 0x000000071a000000| Untracked 
| 209|0x000000071a200000, 0x000000071a200000, 0x000000071a400000|  0%| F|  |TAMS 0x000000071a200000| PB 0x000000071a200000| Untracked 
| 210|0x000000071a400000, 0x000000071a400000, 0x000000071a600000|  0%| F|  |TAMS 0x000000071a400000| PB 0x000000071a400000| Untracked 
| 211|0x000000071a600000, 0x000000071a600000, 0x000000071a800000|  0%| F|  |TAMS 0x000000071a600000| PB 0x000000071a600000| Untracked 
| 212|0x000000071a800000, 0x000000071a800000, 0x000000071aa00000|  0%| F|  |TAMS 0x000000071a800000| PB 0x000000071a800000| Untracked 
| 213|0x000000071aa00000, 0x000000071aa00000, 0x000000071ac00000|  0%| F|  |TAMS 0x000000071aa00000| PB 0x000000071aa00000| Untracked 
| 214|0x000000071ac00000, 0x000000071ac00000, 0x000000071ae00000|  0%| F|  |TAMS 0x000000071ac00000| PB 0x000000071ac00000| Untracked 
| 215|0x000000071ae00000, 0x000000071ae00000, 0x000000071b000000|  0%| F|  |TAMS 0x000000071ae00000| PB 0x000000071ae00000| Untracked 
| 216|0x000000071b000000, 0x000000071b000000, 0x000000071b200000|  0%| F|  |TAMS 0x000000071b000000| PB 0x000000071b000000| Untracked 
| 217|0x000000071b200000, 0x000000071b200000, 0x000000071b400000|  0%| F|  |TAMS 0x000000071b200000| PB 0x000000071b200000| Untracked 
| 218|0x000000071b400000, 0x000000071b400000, 0x000000071b600000|  0%| F|  |TAMS 0x000000071b400000| PB 0x000000071b400000| Untracked 
| 219|0x000000071b600000, 0x000000071b600000, 0x000000071b800000|  0%| F|  |TAMS 0x000000071b600000| PB 0x000000071b600000| Untracked 
| 220|0x000000071b800000, 0x000000071b800000, 0x000000071ba00000|  0%| F|  |TAMS 0x000000071b800000| PB 0x000000071b800000| Untracked 
| 221|0x000000071ba00000, 0x000000071ba00000, 0x000000071bc00000|  0%| F|  |TAMS 0x000000071ba00000| PB 0x000000071ba00000| Untracked 
| 222|0x000000071bc00000, 0x000000071bc00000, 0x000000071be00000|  0%| F|  |TAMS 0x000000071bc00000| PB 0x000000071bc00000| Untracked 
| 223|0x000000071be00000, 0x000000071be00000, 0x000000071c000000|  0%| F|  |TAMS 0x000000071be00000| PB 0x000000071be00000| Untracked 
| 224|0x000000071c000000, 0x000000071c000000, 0x000000071c200000|  0%| F|  |TAMS 0x000000071c000000| PB 0x000000071c000000| Untracked 
| 225|0x000000071c200000, 0x000000071c200000, 0x000000071c400000|  0%| F|  |TAMS 0x000000071c200000| PB 0x000000071c200000| Untracked 
| 226|0x000000071c400000, 0x000000071c400000, 0x000000071c600000|  0%| F|  |TAMS 0x000000071c400000| PB 0x000000071c400000| Untracked 
| 227|0x000000071c600000, 0x000000071c600000, 0x000000071c800000|  0%| F|  |TAMS 0x000000071c600000| PB 0x000000071c600000| Untracked 
| 228|0x000000071c800000, 0x000000071c800000, 0x000000071ca00000|  0%| F|  |TAMS 0x000000071c800000| PB 0x000000071c800000| Untracked 
| 229|0x000000071ca00000, 0x000000071ca00000, 0x000000071cc00000|  0%| F|  |TAMS 0x000000071ca00000| PB 0x000000071ca00000| Untracked 
| 230|0x000000071cc00000, 0x000000071cc00000, 0x000000071ce00000|  0%| F|  |TAMS 0x000000071cc00000| PB 0x000000071cc00000| Untracked 
|2046|0x00000007ffc00000, 0x00000007ffe00000, 0x00000007ffe00000|100%| O|  |TAMS 0x00000007ffc00000| PB 0x00000007ffc00000| Untracked 
|2047|0x00000007ffe00000, 0x0000000800000000, 0x0000000800000000|100%| O|  |TAMS 0x00000007ffe00000| PB 0x00000007ffe00000| Untracked 

Card table byte_map: [0x0000016edfa10000,0x0000016ee0210000] _byte_map_base: 0x0000016edc210000

Marking Bits: (CMBitMap*) 0x0000016ecbdeab10
 Bits: [0x0000016ee0210000, 0x0000016ee4210000)

Polling page: 0x0000016ec9b30000

Metaspace:

Usage:
  Non-class:     42.11 MB used.
      Class:      6.52 MB used.
       Both:     48.63 MB used.

Virtual space:
  Non-class space:       64.00 MB reserved,      42.69 MB ( 67%) committed,  1 nodes.
      Class space:      832.00 MB reserved,       7.12 MB ( <1%) committed,  1 nodes.
             Both:      896.00 MB reserved,      49.81 MB (  6%) committed. 

Chunk freelists:
   Non-Class:  4.91 MB
       Class:  8.92 MB
        Both:  13.83 MB

MaxMetaspaceSize: 1.00 GB
CompressedClassSpaceSize: 832.00 MB
Initial GC threshold: 21.00 MB
Current GC threshold: 59.69 MB
CDS: off
 - commit_granule_bytes: 65536.
 - commit_granule_words: 8192.
 - virtual_space_node_default_size: 8388608.
 - enlarge_chunks_in_place: 1.
 - use_allocation_guard: 0.


Internal statistics:

num_allocs_failed_limit: 9.
num_arena_births: 2210.
num_arena_deaths: 0.
num_vsnodes_births: 2.
num_vsnodes_deaths: 0.
num_space_committed: 797.
num_space_uncommitted: 0.
num_chunks_returned_to_freelist: 9.
num_chunks_taken_from_freelist: 3974.
num_chunk_merges: 9.
num_chunk_splits: 2596.
num_chunks_enlarged: 1638.
num_inconsistent_stats: 0.

CodeHeap 'non-profiled nmethods': size=128192Kb used=6152Kb max_used=6152Kb free=122039Kb
 bounds [0x0000016ed71a0000, 0x0000016ed77b0000, 0x0000016edeed0000]
CodeHeap 'profiled nmethods': size=128192Kb used=12080Kb max_used=12080Kb free=116111Kb
 bounds [0x0000016eceed0000, 0x0000016ecfaa0000, 0x0000016ed6c00000]
CodeHeap 'non-nmethods': size=5760Kb used=1909Kb max_used=2025Kb free=3850Kb
 bounds [0x0000016ed6c00000, 0x0000016ed6e70000, 0x0000016ed71a0000]
CodeCache: size=262144Kb, used=20141Kb, max_used=20257Kb, free=242000Kb
 total_blobs=6303, nmethods=5606, adapters=601, full_count=0
Compilation: enabled, stopped_count=0, restarted_count=0

Compilation events (20 events):
Event: 21.594 Thread 0x0000016eeb06fb90 6068   !   2       kotlinx.metadata.jvm.KotlinClassMetadata$Companion::read (182 bytes)
Event: 21.594 Thread 0x0000016eeb06fb90 nmethod 6068 0x0000016ecfa9a710 code [0x0000016ecfa9aa20, 0x0000016ecfa9b548]
Event: 21.596 Thread 0x0000016eeb06fb90 6069       2       kotlinx.metadata.jvm.KotlinClassHeader::<init> (17 bytes)
Event: 21.596 Thread 0x0000016eeb06fb90 nmethod 6069 0x0000016ecfa9bf10 code [0x0000016ecfa9c0c0, 0x0000016ecfa9c210]
Event: 21.618 Thread 0x0000016eee20d440 nmethod 5979 0x0000016ed778de10 code [0x0000016ed778e440, 0x0000016ed7793118]
Event: 21.618 Thread 0x0000016eee20d440 6046       4       org.objectweb.asm.ClassReader::readParameterAnnotations (106 bytes)
Event: 21.641 Thread 0x0000016eeb4f0d30 nmethod 6053 0x0000016ed7795f10 code [0x0000016ed77966a0, 0x0000016ed779a160]
Event: 21.644 Thread 0x0000016eeb4f0d30 6036       4       org.objectweb.asm.MethodWriter::visitMethodInsn (191 bytes)
Event: 21.680 Thread 0x0000016eeb4f0d30 nmethod 6036 0x0000016ed779ca90 code [0x0000016ed779cdc0, 0x0000016ed779e738]
Event: 21.680 Thread 0x0000016eeb4f0d30 6061       4       org.objectweb.asm.MethodWriter::computeMethodInfoSize (571 bytes)
Event: 21.691 Thread 0x0000016eeb4f0d30 nmethod 6061 0x0000016ed779f990 code [0x0000016ed779fc60, 0x0000016ed77a06e8]
Event: 21.692 Thread 0x0000016eeb4f0d30 6037       4       org.objectweb.asm.MethodVisitor::visitEnd (15 bytes)
Event: 21.692 Thread 0x0000016eeb4f0d30 nmethod 6037 0x0000016ed77a0f10 code [0x0000016ed77a10c0, 0x0000016ed77a11f8]
Event: 21.693 Thread 0x0000016eeb4f0d30 6071       4       org.objectweb.asm.MethodVisitor::visitJumpInsn (17 bytes)
Event: 21.694 Thread 0x0000016eeb4f0d30 nmethod 6071 0x0000016ed77a1310 code [0x0000016ed77a14e0, 0x0000016ed77a1660]
Event: 21.694 Thread 0x0000016eeb4f0d30 6072       4       org.objectweb.asm.MethodVisitor::visitMaxs (17 bytes)
Event: 21.696 Thread 0x0000016eeb4f0d30 nmethod 6072 0x0000016ed77a1790 code [0x0000016ed77a1960, 0x0000016ed77a1b90]
Event: 21.696 Thread 0x0000016eeb4f0d30 6070       4       org.objectweb.asm.MethodVisitor::visitCode (15 bytes)
Event: 21.697 Thread 0x0000016eeb4f0d30 nmethod 6070 0x0000016ed77a1d90 code [0x0000016ed77a1f40, 0x0000016ed77a2078]
Event: 21.697 Thread 0x0000016eeb4f0d30 6030       4       org.objectweb.asm.MethodWriter::visitLabel (332 bytes)

GC Heap History (20 events):
Event: 16.091 GC heap after
{Heap after GC invocations=43 (full 0):
 garbage-first heap   total 329728K, used 51792K [0x0000000700000000, 0x0000000800000000)
  region size 2048K, 6 young (12288K), 6 survivors (12288K)
 Metaspace       used 47759K, committed 48960K, reserved 917504K
  class space    used 6517K, committed 7104K, reserved 851968K
}
Event: 16.383 GC heap before
{Heap before GC invocations=43 (full 0):
 garbage-first heap   total 329728K, used 236112K [0x0000000700000000, 0x0000000800000000)
  region size 2048K, 96 young (196608K), 6 survivors (12288K)
 Metaspace       used 47760K, committed 48960K, reserved 917504K
  class space    used 6517K, committed 7104K, reserved 851968K
}
Event: 16.391 GC heap after
{Heap after GC invocations=44 (full 0):
 garbage-first heap   total 329728K, used 52697K [0x0000000700000000, 0x0000000800000000)
  region size 2048K, 7 young (14336K), 7 survivors (14336K)
 Metaspace       used 47760K, committed 48960K, reserved 917504K
  class space    used 6517K, committed 7104K, reserved 851968K
}
Event: 16.776 GC heap before
{Heap before GC invocations=44 (full 0):
 garbage-first heap   total 329728K, used 234969K [0x0000000700000000, 0x0000000800000000)
  region size 2048K, 96 young (196608K), 7 survivors (14336K)
 Metaspace       used 47762K, committed 48960K, reserved 917504K
  class space    used 6517K, committed 7104K, reserved 851968K
}
Event: 16.785 GC heap after
{Heap after GC invocations=45 (full 0):
 garbage-first heap   total 397312K, used 53967K [0x0000000700000000, 0x0000000800000000)
  region size 2048K, 7 young (14336K), 7 survivors (14336K)
 Metaspace       used 47762K, committed 48960K, reserved 917504K
  class space    used 6517K, committed 7104K, reserved 851968K
}
Event: 17.245 GC heap before
{Heap before GC invocations=45 (full 0):
 garbage-first heap   total 397312K, used 277199K [0x0000000700000000, 0x0000000800000000)
  region size 2048K, 116 young (237568K), 7 survivors (14336K)
 Metaspace       used 47768K, committed 48960K, reserved 917504K
  class space    used 6517K, committed 7104K, reserved 851968K
}
Event: 17.255 GC heap after
{Heap after GC invocations=46 (full 0):
 garbage-first heap   total 397312K, used 55617K [0x0000000700000000, 0x0000000800000000)
  region size 2048K, 7 young (14336K), 7 survivors (14336K)
 Metaspace       used 47768K, committed 48960K, reserved 917504K
  class space    used 6517K, committed 7104K, reserved 851968K
}
Event: 17.814 GC heap before
{Heap before GC invocations=46 (full 0):
 garbage-first heap   total 397312K, used 278849K [0x0000000700000000, 0x0000000800000000)
  region size 2048K, 116 young (237568K), 7 survivors (14336K)
 Metaspace       used 47773K, committed 48960K, reserved 917504K
  class space    used 6517K, committed 7104K, reserved 851968K
}
Event: 17.825 GC heap after
{Heap after GC invocations=47 (full 0):
 garbage-first heap   total 397312K, used 56634K [0x0000000700000000, 0x0000000800000000)
  region size 2048K, 8 young (16384K), 8 survivors (16384K)
 Metaspace       used 47773K, committed 48960K, reserved 917504K
  class space    used 6517K, committed 7104K, reserved 851968K
}
Event: 18.278 GC heap before
{Heap before GC invocations=47 (full 0):
 garbage-first heap   total 397312K, used 277818K [0x0000000700000000, 0x0000000800000000)
  region size 2048K, 116 young (237568K), 8 survivors (16384K)
 Metaspace       used 47775K, committed 48960K, reserved 917504K
  class space    used 6517K, committed 7104K, reserved 851968K
}
Event: 18.287 GC heap after
{Heap after GC invocations=48 (full 0):
 garbage-first heap   total 397312K, used 57543K [0x0000000700000000, 0x0000000800000000)
  region size 2048K, 8 young (16384K), 8 survivors (16384K)
 Metaspace       used 47775K, committed 48960K, reserved 917504K
  class space    used 6517K, committed 7104K, reserved 851968K
}
Event: 18.605 GC heap before
{Heap before GC invocations=48 (full 0):
 garbage-first heap   total 397312K, used 278727K [0x0000000700000000, 0x0000000800000000)
  region size 2048K, 116 young (237568K), 8 survivors (16384K)
 Metaspace       used 47778K, committed 48960K, reserved 917504K
  class space    used 6517K, committed 7104K, reserved 851968K
}
Event: 18.614 GC heap after
{Heap after GC invocations=49 (full 0):
 garbage-first heap   total 477184K, used 59280K [0x0000000700000000, 0x0000000800000000)
  region size 2048K, 8 young (16384K), 8 survivors (16384K)
 Metaspace       used 47778K, committed 48960K, reserved 917504K
  class space    used 6517K, committed 7104K, reserved 851968K
}
Event: 18.957 GC heap before
{Heap before GC invocations=49 (full 0):
 garbage-first heap   total 477184K, used 327568K [0x0000000700000000, 0x0000000800000000)
  region size 2048K, 139 young (284672K), 8 survivors (16384K)
 Metaspace       used 47780K, committed 48960K, reserved 917504K
  class space    used 6517K, committed 7104K, reserved 851968K
}
Event: 18.966 GC heap after
{Heap after GC invocations=50 (full 0):
 garbage-first heap   total 477184K, used 60372K [0x0000000700000000, 0x0000000800000000)
  region size 2048K, 9 young (18432K), 9 survivors (18432K)
 Metaspace       used 47780K, committed 48960K, reserved 917504K
  class space    used 6517K, committed 7104K, reserved 851968K
}
Event: 19.315 GC heap before
{Heap before GC invocations=50 (full 0):
 garbage-first heap   total 477184K, used 326612K [0x0000000700000000, 0x0000000800000000)
  region size 2048K, 139 young (284672K), 9 survivors (18432K)
 Metaspace       used 47789K, committed 48960K, reserved 917504K
  class space    used 6517K, committed 7104K, reserved 851968K
}
Event: 19.325 GC heap after
{Heap after GC invocations=51 (full 0):
 garbage-first heap   total 477184K, used 61775K [0x0000000700000000, 0x0000000800000000)
  region size 2048K, 9 young (18432K), 9 survivors (18432K)
 Metaspace       used 47789K, committed 48960K, reserved 917504K
  class space    used 6517K, committed 7104K, reserved 851968K
}
Event: 19.660 GC heap before
{Heap before GC invocations=51 (full 0):
 garbage-first heap   total 477184K, used 328015K [0x0000000700000000, 0x0000000800000000)
  region size 2048K, 139 young (284672K), 9 survivors (18432K)
 Metaspace       used 47810K, committed 48960K, reserved 917504K
  class space    used 6517K, committed 7104K, reserved 851968K
}
Event: 19.669 GC heap after
{Heap after GC invocations=52 (full 0):
 garbage-first heap   total 477184K, used 62630K [0x0000000700000000, 0x0000000800000000)
  region size 2048K, 9 young (18432K), 9 survivors (18432K)
 Metaspace       used 47810K, committed 48960K, reserved 917504K
  class space    used 6517K, committed 7104K, reserved 851968K
}
Event: 21.724 GC heap before
{Heap before GC invocations=52 (full 0):
 garbage-first heap   total 477184K, used 332966K [0x0000000700000000, 0x0000000800000000)
  region size 2048K, 139 young (284672K), 9 survivors (18432K)
 Metaspace       used 49796K, committed 51008K, reserved 917504K
  class space    used 6677K, committed 7296K, reserved 851968K
}

Dll operation events (3 events):
Event: 0.021 Loaded shared library C:\Program Files\Android\Android Studio1\jbr\bin\java.dll
Event: 0.028 Loaded shared library C:\Program Files\Android\Android Studio1\jbr\bin\zip.dll
Event: 0.657 Loaded shared library C:\Program Files\Android\Android Studio1\jbr\bin\verify.dll

Deoptimization events (20 events):
Event: 21.533 Thread 0x0000016eeccc9120 Uncommon trap: trap_request=0xffffffbe fr.pc=0x0000016ed776a348 relative=0x0000000000005f28
Event: 21.533 Thread 0x0000016eeccc9120 Uncommon trap: reason=profile_predicate action=maybe_recompile pc=0x0000016ed776a348 method=org.objectweb.asm.ClassReader.readField(Lorg/objectweb/asm/ClassVisitor;Lorg/objectweb/asm/Context;I)I @ 439 c2
Event: 21.533 Thread 0x0000016eeccc9120 DEOPT PACKING pc=0x0000016ed776a348 sp=0x0000000d4adf8420
Event: 21.533 Thread 0x0000016eeccc9120 DEOPT UNPACKING pc=0x0000016ed6c546a2 sp=0x0000000d4adf83e8 mode 2
Event: 21.534 Thread 0x0000016eeccc9120 Uncommon trap: trap_request=0xffffffbe fr.pc=0x0000016ed776a348 relative=0x0000000000005f28
Event: 21.534 Thread 0x0000016eeccc9120 Uncommon trap: reason=profile_predicate action=maybe_recompile pc=0x0000016ed776a348 method=org.objectweb.asm.ClassReader.readField(Lorg/objectweb/asm/ClassVisitor;Lorg/objectweb/asm/Context;I)I @ 439 c2
Event: 21.534 Thread 0x0000016eeccc9120 DEOPT PACKING pc=0x0000016ed776a348 sp=0x0000000d4adf8420
Event: 21.534 Thread 0x0000016eeccc9120 DEOPT UNPACKING pc=0x0000016ed6c546a2 sp=0x0000000d4adf83e8 mode 2
Event: 21.535 Thread 0x0000016eeccc9120 Uncommon trap: trap_request=0xffffffbe fr.pc=0x0000016ed776a348 relative=0x0000000000005f28
Event: 21.535 Thread 0x0000016eeccc9120 Uncommon trap: reason=profile_predicate action=maybe_recompile pc=0x0000016ed776a348 method=org.objectweb.asm.ClassReader.readField(Lorg/objectweb/asm/ClassVisitor;Lorg/objectweb/asm/Context;I)I @ 439 c2
Event: 21.535 Thread 0x0000016eeccc9120 DEOPT PACKING pc=0x0000016ed776a348 sp=0x0000000d4adf8420
Event: 21.535 Thread 0x0000016eeccc9120 DEOPT UNPACKING pc=0x0000016ed6c546a2 sp=0x0000000d4adf83e8 mode 2
Event: 21.535 Thread 0x0000016eeccc9120 Uncommon trap: trap_request=0xffffffbe fr.pc=0x0000016ed776a348 relative=0x0000000000005f28
Event: 21.535 Thread 0x0000016eeccc9120 Uncommon trap: reason=profile_predicate action=maybe_recompile pc=0x0000016ed776a348 method=org.objectweb.asm.ClassReader.readField(Lorg/objectweb/asm/ClassVisitor;Lorg/objectweb/asm/Context;I)I @ 439 c2
Event: 21.535 Thread 0x0000016eeccc9120 DEOPT PACKING pc=0x0000016ed776a348 sp=0x0000000d4adf8420
Event: 21.535 Thread 0x0000016eeccc9120 DEOPT UNPACKING pc=0x0000016ed6c546a2 sp=0x0000000d4adf83e8 mode 2
Event: 21.575 Thread 0x0000016eeccc9120 Uncommon trap: trap_request=0x00000019 fr.pc=0x0000016ed7741260 relative=0x0000000000000ac0
Event: 21.575 Thread 0x0000016eeccc9120 Uncommon trap: reason=unloaded action=reinterpret pc=0x0000016ed7741260 method=org.gradle.internal.normalization.java.impl.SortingAnnotationVisitor.visitEnd()V @ 7 c2
Event: 21.575 Thread 0x0000016eeccc9120 DEOPT PACKING pc=0x0000016ed7741260 sp=0x0000000d4adf8040
Event: 21.576 Thread 0x0000016eeccc9120 DEOPT UNPACKING pc=0x0000016ed6c546a2 sp=0x0000000d4adf7f90 mode 2

Classes loaded (20 events):
Event: 5.902 Loading class java/util/zip/Deflater$DeflaterZStreamRef
Event: 5.902 Loading class java/util/zip/Deflater$DeflaterZStreamRef done
Event: 5.910 Loading class java/util/zip/ZipFile$ZipEntryIterator
Event: 5.910 Loading class java/util/zip/ZipFile$ZipEntryIterator done
Event: 5.960 Loading class java/nio/StringCharBuffer
Event: 5.960 Loading class java/nio/StringCharBuffer done
Event: 7.753 Loading class java/lang/foreign/MemorySegment
Event: 7.754 Loading class java/lang/foreign/MemorySegment done
Event: 8.715 Loading class java/util/regex/Pattern$Caret
Event: 8.716 Loading class java/util/regex/Pattern$Caret done
Event: 12.115 Loading class java/util/concurrent/LinkedBlockingDeque$Itr
Event: 12.115 Loading class java/util/concurrent/LinkedBlockingDeque$AbstractItr
Event: 12.115 Loading class java/util/concurrent/LinkedBlockingDeque$AbstractItr done
Event: 12.115 Loading class java/util/concurrent/LinkedBlockingDeque$Itr done
Event: 19.694 Loading class java/nio/file/StandardCopyOption
Event: 19.694 Loading class java/nio/file/StandardCopyOption done
Event: 19.694 Loading class sun/nio/fs/WindowsFileCopy
Event: 19.695 Loading class sun/nio/fs/WindowsFileCopy done
Event: 20.184 Loading class java/nio/charset/CharacterCodingException
Event: 20.184 Loading class java/nio/charset/CharacterCodingException done

Classes unloaded (0 events):
No events

Classes redefined (0 events):
No events

Internal exceptions (20 events):
Event: 20.301 Thread 0x0000016eeccc9120 Implicit null exception at 0x0000016ed7473b00 to 0x0000016ed7473ba1
Event: 20.301 Thread 0x0000016eeccc9120 Implicit null exception at 0x0000016ed7711783 to 0x0000016ed7712364
Event: 20.301 Thread 0x0000016eeccc9120 Implicit null exception at 0x0000016ed745bb91 to 0x0000016ed745eed4
Event: 20.301 Thread 0x0000016eeccc9120 Implicit null exception at 0x0000016ed73fc582 to 0x0000016ed73fca00
Event: 20.301 Thread 0x0000016eeccc9120 Implicit null exception at 0x0000016ed7474ba0 to 0x0000016ed7474d34
Event: 20.301 Thread 0x0000016eeccc9120 Implicit null exception at 0x0000016ed7473180 to 0x0000016ed7473221
Event: 20.301 Thread 0x0000016eeccc9120 Implicit null exception at 0x0000016ed74fb542 to 0x0000016ed74fb804
Event: 20.301 Thread 0x0000016eeccc9120 Implicit null exception at 0x0000016ed7478a51 to 0x0000016ed747addc
Event: 20.301 Thread 0x0000016eeccc9120 Implicit null exception at 0x0000016ed73faaa0 to 0x0000016ed73fab7c
Event: 20.301 Thread 0x0000016eeccc9120 Implicit null exception at 0x0000016ed7473620 to 0x0000016ed7473708
Event: 20.301 Thread 0x0000016eeccc9120 Implicit null exception at 0x0000016ed7589268 to 0x0000016ed7589a74
Event: 20.302 Thread 0x0000016eeccc9120 Implicit null exception at 0x0000016ed74db780 to 0x0000016ed74dffe0
Event: 20.302 Thread 0x0000016eeccc9120 Implicit null exception at 0x0000016ed75ad136 to 0x0000016ed75af72c
Event: 20.302 Thread 0x0000016eeccc9120 Implicit null exception at 0x0000016ed760c2e0 to 0x0000016ed760c318
Event: 20.312 Thread 0x0000016eeccc9120 Implicit null exception at 0x0000016ed7647ce0 to 0x0000016ed7647d18
Event: 20.313 Thread 0x0000016eeccc9120 Implicit null exception at 0x0000016ed7660780 to 0x0000016ed7660851
Event: 20.313 Thread 0x0000016eeccc9120 Implicit null exception at 0x0000016ed76295f0 to 0x0000016ed762f944
Event: 20.314 Thread 0x0000016eeccc9120 Implicit null exception at 0x0000016ed74f4d65 to 0x0000016ed74f517c
Event: 20.432 Thread 0x0000016eeccc9120 Implicit null exception at 0x0000016ed7667d70 to 0x0000016ed7670f3c
Event: 21.443 Thread 0x0000016eeccc9120 Implicit null exception at 0x0000016ed7773877 to 0x0000016ed77771a5

ZGC Phase Switch (0 events):
No events

VM Operations (20 events):
Event: 18.287 Executing VM operation: G1CollectForAllocation (G1 Evacuation Pause) done
Event: 18.605 Executing VM operation: G1CollectForAllocation (G1 Evacuation Pause)
Event: 18.614 Executing VM operation: G1CollectForAllocation (G1 Evacuation Pause) done
Event: 18.957 Executing VM operation: G1CollectForAllocation (G1 Evacuation Pause)
Event: 18.966 Executing VM operation: G1CollectForAllocation (G1 Evacuation Pause) done
Event: 19.315 Executing VM operation: G1CollectForAllocation (G1 Evacuation Pause)
Event: 19.325 Executing VM operation: G1CollectForAllocation (G1 Evacuation Pause) done
Event: 19.660 Executing VM operation: G1CollectForAllocation (G1 Evacuation Pause)
Event: 19.669 Executing VM operation: G1CollectForAllocation (G1 Evacuation Pause) done
Event: 19.725 Executing VM operation: HandshakeAllThreads (Deoptimize)
Event: 19.725 Executing VM operation: HandshakeAllThreads (Deoptimize) done
Event: 19.742 Executing VM operation: HandshakeAllThreads (Deoptimize)
Event: 19.743 Executing VM operation: HandshakeAllThreads (Deoptimize) done
Event: 19.744 Executing VM operation: HandshakeAllThreads (Deoptimize)
Event: 19.744 Executing VM operation: HandshakeAllThreads (Deoptimize) done
Event: 20.415 Executing VM operation: ICBufferFull
Event: 20.415 Executing VM operation: ICBufferFull done
Event: 21.418 Executing VM operation: Cleanup
Event: 21.418 Executing VM operation: Cleanup done
Event: 21.724 Executing VM operation: G1CollectForAllocation (G1 Evacuation Pause)

Memory protections (0 events):
No events

Nmethod flushes (20 events):
Event: 4.014 Thread 0x0000016ee6c33e40 flushing  nmethod 0x0000016ecef7ae90
Event: 4.014 Thread 0x0000016ee6c33e40 flushing  nmethod 0x0000016ecef7bd10
Event: 4.014 Thread 0x0000016ee6c33e40 flushing  nmethod 0x0000016ecef7d810
Event: 4.014 Thread 0x0000016ee6c33e40 flushing  nmethod 0x0000016ecef7f110
Event: 4.014 Thread 0x0000016ee6c33e40 flushing  nmethod 0x0000016ecef7f690
Event: 4.014 Thread 0x0000016ee6c33e40 flushing  nmethod 0x0000016ecefc8910
Event: 4.014 Thread 0x0000016ee6c33e40 flushing  nmethod 0x0000016ecefc9110
Event: 4.014 Thread 0x0000016ee6c33e40 flushing  nmethod 0x0000016ecefc9910
Event: 4.014 Thread 0x0000016ee6c33e40 flushing  nmethod 0x0000016ecefd2310
Event: 4.014 Thread 0x0000016ee6c33e40 flushing  nmethod 0x0000016ecefd2710
Event: 4.014 Thread 0x0000016ee6c33e40 flushing  nmethod 0x0000016ecf008d10
Event: 4.014 Thread 0x0000016ee6c33e40 flushing  nmethod 0x0000016ecf00ac90
Event: 4.014 Thread 0x0000016ee6c33e40 flushing  nmethod 0x0000016ecf02e510
Event: 4.014 Thread 0x0000016ee6c33e40 flushing  nmethod 0x0000016ecf031c10
Event: 4.014 Thread 0x0000016ee6c33e40 flushing  nmethod 0x0000016ecf0bd810
Event: 4.014 Thread 0x0000016ee6c33e40 flushing  nmethod 0x0000016ecf0cb610
Event: 4.014 Thread 0x0000016ee6c33e40 flushing  nmethod 0x0000016ecf0cc190
Event: 4.014 Thread 0x0000016ee6c33e40 flushing  nmethod 0x0000016ecf141210
Event: 4.014 Thread 0x0000016ee6c33e40 flushing  nmethod 0x0000016ecf212490
Event: 4.014 Thread 0x0000016ee6c33e40 flushing  nmethod 0x0000016ecf2b7390

Events (20 events):
Event: 3.379 Thread 0x0000016eeccc9120 Thread added: 0x0000016eed0775f0
Event: 3.652 Thread 0x0000016eeccc9120 Thread added: 0x0000016eeed64bb0
Event: 3.661 Thread 0x0000016eeccc9120 Thread added: 0x0000016eeed63800
Event: 3.922 Thread 0x0000016eeccc9120 Thread added: 0x0000016eeed63e90
Event: 3.984 Thread 0x0000016eeccc9120 Thread added: 0x0000016eeed63170
Event: 4.173 Thread 0x0000016eeccc9120 Thread added: 0x0000016eeed65240
Event: 4.349 Thread 0x0000016eeccc9120 Thread added: 0x0000016eeed65f60
Event: 5.199 Thread 0x0000016eeb06fb90 Thread added: 0x0000016eee20d440
Event: 5.962 Thread 0x0000016eee20d440 Thread exited: 0x0000016eee20d440
Event: 5.963 Thread 0x0000016eeb4125b0 Thread exited: 0x0000016eeb4125b0
Event: 6.169 Thread 0x0000016eeb06fb90 Thread added: 0x0000016eee20d440
Event: 6.184 Thread 0x0000016eeb06fb90 Thread added: 0x0000016eec1900f0
Event: 13.065 Thread 0x0000016eec1900f0 Thread exited: 0x0000016eec1900f0
Event: 16.281 Thread 0x0000016eee20d440 Thread exited: 0x0000016eee20d440
Event: 19.563 Thread 0x0000016eeb06fb90 Thread added: 0x0000016eee20d440
Event: 19.563 Thread 0x0000016eeb06fb90 Thread added: 0x0000016eeeec7d80
Event: 19.691 Thread 0x0000016eeeec7d80 Thread exited: 0x0000016eeeec7d80
Event: 20.181 Thread 0x0000016eee20d440 Thread exited: 0x0000016eee20d440
Event: 20.322 Thread 0x0000016eeb06fb90 Thread added: 0x0000016eee20d440
Event: 20.322 Thread 0x0000016eeb06fb90 Thread added: 0x0000016eeb4f0d30


Dynamic libraries:
0x00007ff7ec690000 - 0x00007ff7ec69a000 	C:\Program Files\Android\Android Studio1\jbr\bin\java.exe
0x00007ffa1c420000 - 0x00007ffa1c687000 	C:\WINDOWS\SYSTEM32\ntdll.dll
0x00007ffa1af90000 - 0x00007ffa1b059000 	C:\WINDOWS\System32\KERNEL32.DLL
0x00007ffa19b80000 - 0x00007ffa19f6f000 	C:\WINDOWS\System32\KERNELBASE.dll
0x00007ffa198c0000 - 0x00007ffa19a0b000 	C:\WINDOWS\System32\ucrtbase.dll
0x00007ffa02550000 - 0x00007ffa02568000 	C:\Program Files\Android\Android Studio1\jbr\bin\jli.dll
0x00007ffa1aba0000 - 0x00007ffa1ad65000 	C:\WINDOWS\System32\USER32.dll
0x00007ffa19a10000 - 0x00007ffa19a37000 	C:\WINDOWS\System32\win32u.dll
0x00007ffa03ff0000 - 0x00007ffa0400b000 	C:\Program Files\Android\Android Studio1\jbr\bin\VCRUNTIME140.dll
0x00007ffa1a390000 - 0x00007ffa1a3bb000 	C:\WINDOWS\System32\GDI32.dll
0x00007ffa002a0000 - 0x00007ffa00533000 	C:\WINDOWS\WinSxS\amd64_microsoft.windows.common-controls_6595b64144ccf1df_6.0.26100.7309_none_3e05feeae336a044\COMCTL32.dll
0x00007ffa19790000 - 0x00007ffa198bc000 	C:\WINDOWS\System32\gdi32full.dll
0x00007ffa196e0000 - 0x00007ffa19783000 	C:\WINDOWS\System32\msvcp_win.dll
0x00007ffa1aee0000 - 0x00007ffa1af89000 	C:\WINDOWS\System32\msvcrt.dll
0x00007ffa1a4e0000 - 0x00007ffa1a511000 	C:\WINDOWS\System32\IMM32.DLL
0x00007ffa03fe0000 - 0x00007ffa03fec000 	C:\Program Files\Android\Android Studio1\jbr\bin\vcruntime140_1.dll
0x00007ff9deda0000 - 0x00007ff9dee2d000 	C:\Program Files\Android\Android Studio1\jbr\bin\msvcp140.dll
0x00007ff9b1120000 - 0x00007ff9b1db6000 	C:\Program Files\Android\Android Studio1\jbr\bin\server\jvm.dll
0x00007ffa1a2d0000 - 0x00007ffa1a384000 	C:\WINDOWS\System32\ADVAPI32.dll
0x00007ffa1a220000 - 0x00007ffa1a2c6000 	C:\WINDOWS\System32\sechost.dll
0x00007ffa1a3c0000 - 0x00007ffa1a4d8000 	C:\WINDOWS\System32\RPCRT4.dll
0x00007ffa1bf00000 - 0x00007ffa1bf74000 	C:\WINDOWS\System32\WS2_32.dll
0x00007ffa193d0000 - 0x00007ffa1942e000 	C:\WINDOWS\SYSTEM32\POWRPROF.dll
0x00007ffa05960000 - 0x00007ffa05995000 	C:\WINDOWS\SYSTEM32\WINMM.dll
0x00007ffa09380000 - 0x00007ffa0938b000 	C:\WINDOWS\SYSTEM32\VERSION.dll
0x00007ffa193b0000 - 0x00007ffa193c4000 	C:\WINDOWS\SYSTEM32\UMPDC.dll
0x00007ffa18320000 - 0x00007ffa1833b000 	C:\WINDOWS\SYSTEM32\kernel.appcore.dll
0x00007ffa03cc0000 - 0x00007ffa03cca000 	C:\Program Files\Android\Android Studio1\jbr\bin\jimage.dll
0x00007ffa169b0000 - 0x00007ffa16bf2000 	C:\WINDOWS\SYSTEM32\DBGHELP.DLL
0x00007ffa1bf80000 - 0x00007ffa1c306000 	C:\WINDOWS\System32\combase.dll
0x00007ffa1a590000 - 0x00007ffa1a666000 	C:\WINDOWS\System32\OLEAUT32.dll
0x00007ff9fcd70000 - 0x00007ff9fcdac000 	C:\WINDOWS\SYSTEM32\dbgcore.DLL
0x00007ffa19ad0000 - 0x00007ffa19b75000 	C:\WINDOWS\System32\bcryptPrimitives.dll
0x00007ff9f3d60000 - 0x00007ff9f3d6e000 	C:\Program Files\Android\Android Studio1\jbr\bin\instrument.dll
0x00007ffa02410000 - 0x00007ffa02430000 	C:\Program Files\Android\Android Studio1\jbr\bin\java.dll
0x00007ff9fab50000 - 0x00007ff9fab68000 	C:\Program Files\Android\Android Studio1\jbr\bin\zip.dll
0x00007ffa1b700000 - 0x00007ffa1be53000 	C:\WINDOWS\System32\SHELL32.dll
0x00007ffa19570000 - 0x00007ffa196da000 	C:\WINDOWS\System32\wintypes.dll
0x00007ffa17150000 - 0x00007ffa179ae000 	C:\WINDOWS\SYSTEM32\windows.storage.dll
0x00007ffa1b600000 - 0x00007ffa1b6f4000 	C:\WINDOWS\System32\SHCORE.dll
0x00007ffa1a520000 - 0x00007ffa1a586000 	C:\WINDOWS\System32\shlwapi.dll
0x00007ffa19490000 - 0x00007ffa194b9000 	C:\WINDOWS\SYSTEM32\profapi.dll
0x00007ffa00d10000 - 0x00007ffa00d20000 	C:\Program Files\Android\Android Studio1\jbr\bin\net.dll
0x00007ffa091e0000 - 0x00007ffa09308000 	C:\WINDOWS\SYSTEM32\WINHTTP.dll
0x00007ffa18890000 - 0x00007ffa188fb000 	C:\WINDOWS\system32\mswsock.dll
0x00007ff9f9800000 - 0x00007ff9f9816000 	C:\Program Files\Android\Android Studio1\jbr\bin\nio.dll
0x00007ffa00550000 - 0x00007ffa00560000 	C:\Program Files\Android\Android Studio1\jbr\bin\verify.dll
0x00007ff9fe820000 - 0x00007ff9fe847000 	C:\Users\91723\.gradle\native\c067742578af261105cb4f569cf0c3c89f3d7b1fecec35dd04571415982c5e48\windows-amd64\native-platform.dll
0x00007ff9de890000 - 0x00007ff9de9d4000 	C:\Users\91723\.gradle\native\100fb08df4bc3b14c8652ba06237920a3bd2aa13389f12d3474272988ae205f9\windows-amd64\native-platform-file-events.dll
0x00007ff9fab40000 - 0x00007ff9fab49000 	C:\Program Files\Android\Android Studio1\jbr\bin\management.dll
0x00007ff9f97f0000 - 0x00007ff9f97fb000 	C:\Program Files\Android\Android Studio1\jbr\bin\management_ext.dll
0x00007ffa1a210000 - 0x00007ffa1a218000 	C:\WINDOWS\System32\PSAPI.DLL
0x00007ffa18b60000 - 0x00007ffa18b7b000 	C:\WINDOWS\SYSTEM32\CRYPTSP.dll
0x00007ffa18280000 - 0x00007ffa182ba000 	C:\WINDOWS\system32\rsaenh.dll
0x00007ffa18940000 - 0x00007ffa1896b000 	C:\WINDOWS\SYSTEM32\USERENV.dll
0x00007ffa19460000 - 0x00007ffa1948a000 	C:\WINDOWS\SYSTEM32\bcrypt.dll
0x00007ffa18b50000 - 0x00007ffa18b5c000 	C:\WINDOWS\SYSTEM32\CRYPTBASE.dll
0x00007ffa17d20000 - 0x00007ffa17d54000 	C:\WINDOWS\SYSTEM32\IPHLPAPI.DLL
0x00007ffa1be60000 - 0x00007ffa1be6a000 	C:\WINDOWS\System32\NSI.dll
0x00007ff9f97e0000 - 0x00007ff9f97e9000 	C:\Program Files\Android\Android Studio1\jbr\bin\extnet.dll
0x00007ff9f42e0000 - 0x00007ff9f42e8000 	C:\WINDOWS\system32\wshunix.dll

JVMTI agents:
C:\Users\91723\.gradle\wrapper\dists\gradle-8.9-bin\90cnw93cvbtalezasaz0blq0a\gradle-8.9\lib\agents\gradle-instrumentation-agent-8.9.jar path:C:\Program Files\Android\Android Studio1\jbr\bin\instrument.dll, loaded, initialized, instrumentlib options:none

dbghelp: loaded successfully - version: 4.0.5 - missing functions: none
symbol engine: initialized successfully - sym options: 0x614 - pdb path: .;C:\Program Files\Android\Android Studio1\jbr\bin;C:\WINDOWS\SYSTEM32;C:\WINDOWS\WinSxS\amd64_microsoft.windows.common-controls_6595b64144ccf1df_6.0.26100.7309_none_3e05feeae336a044;C:\Program Files\Android\Android Studio1\jbr\bin\server;C:\Users\91723\.gradle\native\c067742578af261105cb4f569cf0c3c89f3d7b1fecec35dd04571415982c5e48\windows-amd64;C:\Users\91723\.gradle\native\100fb08df4bc3b14c8652ba06237920a3bd2aa13389f12d3474272988ae205f9\windows-amd64

VM Arguments:
jvm_args: -XX:MaxMetaspaceSize=1024m -XX:ReservedCodeCacheSize=256m -XX:+HeapDumpOnOutOfMemoryError --add-opens=java.base/java.util=ALL-UNNAMED --add-opens=java.base/java.lang=ALL-UNNAMED --add-opens=java.base/java.lang.invoke=ALL-UNNAMED --add-opens=java.prefs/java.util.prefs=ALL-UNNAMED --add-exports=jdk.compiler/com.sun.tools.javac.api=ALL-UNNAMED --add-exports=jdk.compiler/com.sun.tools.javac.util=ALL-UNNAMED --add-opens=java.base/java.nio.charset=ALL-UNNAMED --add-opens=java.base/java.net=ALL-UNNAMED --add-opens=java.base/java.util.concurrent.atomic=ALL-UNNAMED -Xmx4096m -Dfile.encoding=UTF-8 -Duser.country=IN -Duser.language=en -Duser.variant -javaagent:C:\Users\91723\.gradle\wrapper\dists\gradle-8.9-bin\90cnw93cvbtalezasaz0blq0a\gradle-8.9\lib\agents\gradle-instrumentation-agent-8.9.jar 
java_command: org.gradle.launcher.daemon.bootstrap.GradleDaemon 8.9
java_class_path (initial): C:\Users\91723\.gradle\wrapper\dists\gradle-8.9-bin\90cnw93cvbtalezasaz0blq0a\gradle-8.9\lib\gradle-daemon-main-8.9.jar
Launcher Type: SUN_STANDARD

[Global flags]
     intx CICompilerCount                          = 4                                         {product} {ergonomic}
   size_t CompressedClassSpaceSize                 = 872415232                                 {product} {ergonomic}
     uint ConcGCThreads                            = 2                                         {product} {ergonomic}
     uint G1ConcRefinementThreads                  = 8                                         {product} {ergonomic}
   size_t G1HeapRegionSize                         = 2097152                                   {product} {ergonomic}
    uintx GCDrainStackTargetSize                   = 64                                        {product} {ergonomic}
     bool HeapDumpOnOutOfMemoryError               = true                                   {manageable} {command line}
   size_t InitialHeapSize                          = 134217728                                 {product} {ergonomic}
   size_t MarkStackSize                            = 4194304                                   {product} {ergonomic}
   size_t MaxHeapSize                              = 4294967296                                {product} {command line}
   size_t MaxMetaspaceSize                         = 1073741824                                {product} {command line}
   size_t MaxNewSize                               = 2575302656                                {product} {ergonomic}
   size_t MinHeapDeltaBytes                        = 2097152                                   {product} {ergonomic}
   size_t MinHeapSize                              = 8388608                                   {product} {ergonomic}
    uintx NonNMethodCodeHeapSize                   = 5839372                                {pd product} {ergonomic}
    uintx NonProfiledCodeHeapSize                  = 131298042                              {pd product} {ergonomic}
    uintx ProfiledCodeHeapSize                     = 131298042                              {pd product} {ergonomic}
    uintx ReservedCodeCacheSize                    = 268435456                              {pd product} {command line}
     bool SegmentedCodeCache                       = true                                      {product} {ergonomic}
   size_t SoftMaxHeapSize                          = 4294967296                             {manageable} {ergonomic}
     bool UseCompressedOops                        = true                           {product lp64_product} {ergonomic}
     bool UseG1GC                                  = true                                      {product} {ergonomic}
     bool UseLargePagesIndividualAllocation        = false                                  {pd product} {ergonomic}

Logging:
Log output configuration:
 #0: stdout all=warning uptime,level,tags foldmultilines=false
 #1: stderr all=off uptime,level,tags foldmultilines=false

Environment Variables:
JAVA_HOME=C:\Program Files\Android\Android Studio1\jbr
CLASSPATH=C:\lifemap\android\\gradle\wrapper\gradle-wrapper.jar
PATH=C:\Program Files\Android\Android Studio1\jbr\bin;C:\Python313\Scripts\;C:\Python313\;C:\Program Files\Common Files\Oracle\Java\javapath;C:\Program Files (x86)\Intel\iCLS Client\;C:\Program Files\Intel\iCLS Client\;C:\windows\system32;C:\windows;C:\windows\System32\Wbem;C:\windows\System32\WindowsPowerShell\v1.0\;C:\Program Files (x86)\NVIDIA Corporation\PhysX\Common;C:\Program Files\Intel\WiFi\bin\;C:\Program Files\Common Files\Intel\WirelessCommon\;C:\Program Files (x86)\Intel\Intel(R) Management Engine Components\DAL;C:\Program Files\Intel\Intel(R) Management Engine Components\DAL;C:\Program Files (x86)\Intel\Intel(R) Management Engine Components\IPT;C:\Program Files\Intel\Intel(R) Management Engine Components\IPT;C:\WINDOWS\system32;C:\WINDOWS;C:\WINDOWS\System32\Wbem;C:\WINDOWS\System32\WindowsPowerShell\v1.0\;C:\WINDOWS\System32\OpenSSH\;C:\flutter\flutter_windows_3.22.1-stable\flutter\bin;C:\Program Files\Git\cmd;C:\flutter\bin;C:\Program Files\Java\jdk-24\bin;C:\flutter_windows_3.32.6-stable\flutter\bin;C:\Program Files\nodejs\;C:\ProgramData\chocolatey\bin;C:\Program Files\nodejs;C:\Program Files (x86)\Google\Cloud SDK\google-cloud-sdk\bin;C:\Program Files\OpenSSL-Win64\bin;;C:\Program Files\Docker\Docker\resources\bin;C:\Users\91723\AppData\Local\Microsoft\WindowsApps;C:\Users\91723\AppData\Local\Programs\Microsoft VS Code\bin;C:\Users\91723\AppData\Roaming\npm;C:\Users\91723\AppData\Local\Programs\Antigravity\bin;C:\flutter_windows_3.32.6-stable\flutter\bin\mingit\cmd
USERNAME=91723
OS=Windows_NT
PROCESSOR_IDENTIFIER=Intel64 Family 6 Model 142 Stepping 10, GenuineIntel
TMP=C:\Users\91723\AppData\Local\Temp
TEMP=C:\Users\91723\AppData\Local\Temp




Periodic native trim disabled

JNI global refs:
JNI global refs: 28, weak refs: 38

JNI global refs memory usage: 835, weak refs: 833

Process memory usage:
Resident Set Size: 697460K (8% of 8277212K total physical memory with 739444K free physical memory)

OOME stack traces (most recent first):
Classloader memory used:
Loader org.gradle.internal.classloader.VisitableURLClassLoader                         : 23430K
Loader bootstrap                                                                       : 21400K
Loader org.gradle.initialization.MixInLegacyTypesClassLoader                           : 4211K
Loader jdk.internal.loader.ClassLoaders$PlatformClassLoader                            : 522K
Loader jdk.internal.loader.ClassLoaders$AppClassLoader                                 : 230K

Classes loaded by more than one classloader:
Class org.gradle.internal.classloader.FilteringClassLoader                            : loaded 2 times (x 105B)
Class org.gradle.internal.classloader.ClassLoaderHierarchy                            : loaded 2 times (x 70B)
Class org.gradle.api.internal.classpath.ManifestUtil                                  : loaded 2 times (x 71B)
Class org.gradle.internal.classloader.DefaultClassLoaderFactory                       : loaded 2 times (x 82B)
Class org.gradle.internal.classloader.ClassLoaderVisitor                              : loaded 2 times (x 76B)
Class org.gradle.api.internal.classpath.EffectiveClassPath                            : loaded 2 times (x 90B)
Class org.gradle.api.internal.DefaultClassPathProvider                                : loaded 2 times (x 76B)
Class [Lorg.gradle.api.internal.ClassPathProvider;                                    : loaded 2 times (x 69B)
Class org.gradle.api.internal.ClassPathProvider                                       : loaded 2 times (x 70B)
Class org.gradle.internal.service.UnknownServiceException                             : loaded 2 times (x 83B)
Class org.gradle.internal.classpath.TransformedClassPath                              : loaded 2 times (x 96B)
Class org.gradle.internal.service.ServiceLocator                                      : loaded 2 times (x 70B)
Class org.gradle.internal.InternalTransformer                                         : loaded 2 times (x 70B)
Class org.gradle.internal.classloader.ClasspathUtil$1                                 : loaded 2 times (x 76B)
Class org.gradle.api.internal.classpath.DefaultModuleRegistry$DefaultModule           : loaded 2 times (x 86B)
Class org.gradle.api.internal.classpath.Module                                        : loaded 2 times (x 70B)
Class org.gradle.api.internal.classpath.UnknownModuleException                        : loaded 2 times (x 82B)
Class org.gradle.api.internal.DefaultClassPathRegistry                                : loaded 2 times (x 76B)
Class org.gradle.api.internal.ClassPathRegistry                                       : loaded 2 times (x 70B)
Class org.gradle.internal.classpath.DefaultClassPath$ImmutableUniqueList              : loaded 2 times (x 199B)
Class org.gradle.internal.classpath.ClassPath                                         : loaded 2 times (x 70B)
Class org.gradle.api.UncheckedIOException                                             : loaded 2 times (x 82B)
Class org.gradle.internal.installation.GradleInstallation$1                           : loaded 2 times (x 75B)
Class org.gradle.api.internal.classpath.ModuleRegistry                                : loaded 2 times (x 70B)
Class org.gradle.api.internal.classpath.DefaultModuleRegistry                         : loaded 2 times (x 83B)
Class org.gradle.internal.service.ServiceLookupException                              : loaded 2 times (x 82B)
Class org.gradle.internal.classloader.ClassLoaderFactory                              : loaded 2 times (x 70B)
Class org.gradle.internal.service.CachingServiceLocator                               : loaded 2 times (x 82B)
Class org.gradle.internal.classloader.ClasspathUtil                                   : loaded 2 times (x 71B)
Class org.gradle.api.specs.Spec                                                       : loaded 2 times (x 70B)
Class org.gradle.internal.classloader.VisitableURLClassLoader$InstrumentingVisitableURLClassLoader: loaded 2 times (x 123B)
Class org.gradle.internal.classloader.VisitableURLClassLoader$Spec                    : loaded 2 times (x 74B)
Class org.gradle.internal.classpath.DefaultClassPath                                  : loaded 2 times (x 90B)
Class org.gradle.internal.classloader.ClassLoaderSpec                                 : loaded 2 times (x 71B)
Class org.gradle.internal.classloader.VisitableURLClassLoader                         : loaded 2 times (x 117B)
Class org.gradle.internal.Cast                                                        : loaded 2 times (x 71B)
Class org.gradle.api.Action                                                           : loaded 2 times (x 70B)
Class org.gradle.internal.agents.InstrumentingClassLoader                             : loaded 2 times (x 70B)
Class org.gradle.internal.classpath.DefaultClassPath$ImmutableUniqueList$Builder      : loaded 2 times (x 75B)
Class org.gradle.api.GradleException                                                  : loaded 2 times (x 82B)
Class org.gradle.internal.IoActions                                                   : loaded 2 times (x 71B)
Class org.gradle.internal.classloader.SystemClassLoaderSpec                           : loaded 2 times (x 71B)
Class org.gradle.internal.installation.CurrentGradleInstallationLocator               : loaded 2 times (x 71B)
Class org.gradle.internal.service.DefaultServiceLocator                               : loaded 2 times (x 83B)
Class org.gradle.internal.installation.CurrentGradleInstallation                      : loaded 2 times (x 73B)
Class org.gradle.util.internal.GUtil                                                  : loaded 2 times (x 71B)
Class org.gradle.internal.installation.GradleInstallation                             : loaded 2 times (x 75B)

---------------  S Y S T E M  ---------------

OS:
 Windows 11 , 64 bit Build 26100 (10.0.26100.7309)
OS uptime: 0 days 8:20 hours
Hyper-V role detected

CPU: total 8 (initial active 8) (4 cores per cpu, 2 threads per core) family 6 model 142 stepping 10 microcode 0xe0, cx8, cmov, fxsr, ht, mmx, 3dnowpref, sse, sse2, sse3, ssse3, sse4.1, sse4.2, popcnt, lzcnt, tsc, tscinvbit, avx, avx2, aes, erms, clmul, bmi1, bmi2, adx, fma, vzeroupper, clflush, clflushopt, hv, rdtscp, f16c
Processor Information for the first 8 processors :
  Max Mhz: 1800, Current Mhz: 1600, Mhz Limit: 1584

Memory: 4k page, system-wide physical 8083M (722M free)
TotalPageFile size 20974M (AvailPageFile size 94M)
current process WorkingSet (physical memory assigned to process): 681M, peak: 687M
current process commit charge ("private bytes"): 721M, peak: 821M

vm_info: OpenJDK 64-Bit Server VM (21.0.8+-14196175-b1038.72) for windows-amd64 JRE (21.0.8+-14196175-b1038.72), built on 2025-10-01T10:24:33Z by "builder" with MS VC++ 16.10 / 16.11 (VS2019)

END.
