[debug] [2026-04-03T07:35:47.410Z] ----------------------------------------------------------------------
[debug] [2026-04-03T07:35:47.417Z] Command:       C:\Program Files\nodejs\node.exe C:\Users\91723\AppData\Roaming\npm\node_modules\firebase-tools\lib\bin\firebase.js deploy --only hosting --project lifemap-72b21
[debug] [2026-04-03T07:35:47.419Z] CLI Version:   15.5.1
[debug] [2026-04-03T07:35:47.419Z] Platform:      win32
[debug] [2026-04-03T07:35:47.419Z] Node Version:  v22.18.0
[debug] [2026-04-03T07:35:47.420Z] Time:          Fri Apr 03 2026 13:05:47 GMT+0530 (India Standard Time)
[debug] [2026-04-03T07:35:47.421Z] ----------------------------------------------------------------------
[debug] 
[debug] [2026-04-03T07:35:47.425Z] >>> [apiv2][query] GET https://firebase-public.firebaseio.com/cli.json [none]
[debug] [2026-04-03T07:35:52.079Z] > command requires scopes: ["email","openid","https://www.googleapis.com/auth/cloudplatformprojects.readonly","https://www.googleapis.com/auth/firebase","https://www.googleapis.com/auth/cloud-platform"]
[debug] [2026-04-03T07:35:52.080Z] > authorizing via signed-in user (arjun.tanpure@fiinny.com)
[debug] [2026-04-03T07:35:52.080Z] [iam] checking project lifemap-72b21 for permissions ["firebase.projects.get","firebasehosting.sites.update"]
[debug] [2026-04-03T07:35:52.082Z] Checked if tokens are valid: false, expires at: 1775077067385
[debug] [2026-04-03T07:35:52.082Z] Checked if tokens are valid: false, expires at: 1775077067385
[debug] [2026-04-03T07:35:52.082Z] > refreshing access token with scopes: []
[debug] [2026-04-03T07:35:52.084Z] >>> [apiv2][query] POST https://www.googleapis.com/oauth2/v3/token [none]
[debug] [2026-04-03T07:35:52.084Z] >>> [apiv2][body] POST https://www.googleapis.com/oauth2/v3/token [omitted]
[debug] [2026-04-03T07:35:52.291Z] <<< [apiv2][status] POST https://www.googleapis.com/oauth2/v3/token 400
[debug] [2026-04-03T07:35:52.291Z] <<< [apiv2][body] POST https://www.googleapis.com/oauth2/v3/token [omitted]
[error] Authentication Error: Your credentials are no longer valid. Please run firebase login --reauth

For CI servers and headless environments, generate a new token with firebase login:ci
[error] Authentication Error: Your credentials are no longer valid. Please run firebase login --reauth

For CI servers and headless environments, generate a new token with firebase login:ci
[debug] [2026-04-03T07:35:52.292Z] [iam] error while checking permissions, command may fail: Authentication Error: Your credentials are no longer valid. Please run firebase login --reauth

For CI servers and headless environments, generate a new token with firebase login:ci
[debug] [2026-04-03T07:35:52.293Z] Checked if tokens are valid: false, expires at: 1775077067385
[debug] [2026-04-03T07:35:52.293Z] Checked if tokens are valid: false, expires at: 1775077067385
[debug] [2026-04-03T07:35:52.293Z] > refreshing access token with scopes: []
[debug] [2026-04-03T07:35:52.294Z] >>> [apiv2][query] POST https://www.googleapis.com/oauth2/v3/token [none]
[debug] [2026-04-03T07:35:52.294Z] >>> [apiv2][body] POST https://www.googleapis.com/oauth2/v3/token [omitted]
[debug] [2026-04-03T07:35:52.391Z] <<< [apiv2][status] POST https://www.googleapis.com/oauth2/v3/token 400
[debug] [2026-04-03T07:35:52.392Z] <<< [apiv2][body] POST https://www.googleapis.com/oauth2/v3/token [omitted]
[error] Authentication Error: Your credentials are no longer valid. Please run firebase login --reauth

For CI servers and headless environments, generate a new token with firebase login:ci
[error] Authentication Error: Your credentials are no longer valid. Please run firebase login --reauth

For CI servers and headless environments, generate a new token with firebase login:ci
[debug] [2026-04-03T07:35:52.392Z] Authentication Error: Your credentials are no longer valid. Please run firebase login --reauth

For CI servers and headless environments, generate a new token with firebase login:ci
[error] 
[error] Error: Assertion failed: resolving hosting target of a site with no site name or target name. This should have caused an error earlier
[debug] [2026-04-03T07:35:52.695Z] <<< [apiv2][status] GET https://firebase-public.firebaseio.com/cli.json 200
[debug] [2026-04-03T07:35:52.696Z] <<< [apiv2][body] GET https://firebase-public.firebaseio.com/cli.json {"cloudBuildErrorAfter":1594252800000,"cloudBuildWarnAfter":1590019200000,"defaultNode10After":1594252800000,"minVersion":"3.0.5","node8DeploysDisabledAfter":1613390400000,"node8RuntimeDisabledAfter":1615809600000,"node8WarnAfter":1600128000000}
